Log file open, 04/23/15 17:45:00
LogInit:Display: Running engine for game: BlindPersonShooter
LogInit: Version: 4.7.6-2513093+++depot+UE4-Releases+4.7
LogInit: API Version: 2455222
LogInit: Compiled (64-bit): Apr 15 2015 12:09:54
LogInit: Compiled with Visual C++: 18.00.21005.01
LogInit: Build Configuration: Development
LogInit: Branch Name: ++depot+UE4-Releases+4.7
LogInit: Command line: 
LogInit: Base directory: C:/Program Files/Epic Games/4.7/Engine/Binaries/Win64/
LogInit: Rocket: 1
[2015.04.23-15.45.00:626][  0]LogTaskGraph: Started task graph with 3 named threads and 6 total threads.
[2015.04.23-15.45.00:691][  0]LogOnline:Warning: No default platform service specified for OnlineSubsystem
[2015.04.23-15.45.00:711][  0]LogInit: Presizing for 0 objects not considered by GC, pre-allocating 0 bytes.
[2015.04.23-15.45.00:719][  0]LogInit: Object subsystem initialized
[2015.04.23-15.45.00:720][  0]LogConsoleResponse:Warning: Skipping Unknown console variable: 'TranslucentSortAxis = (X=0.000000,Y=-1.000000,Z=0.000000)'
[2015.04.23-15.45.00:720][  0]LogConsoleResponse:Warning:   Found in ini file 'C:/Users/Wouter/Documents/Unreal Projects/BlindPersonShooter/Saved/Config/Windows/Engine.ini', in section '[/Script/Engine.RendererSettings]'
[2015.04.23-15.45.00:720][  0]LogConsoleResponse:Warning: Skipping Unknown console variable: 'UIScaleRule = ShortestSide'
[2015.04.23-15.45.00:720][  0]LogConsoleResponse:Warning:   Found in ini file 'C:/Users/Wouter/Documents/Unreal Projects/BlindPersonShooter/Saved/Config/Windows/Engine.ini', in section '[/Script/Engine.RendererSettings]'
[2015.04.23-15.45.00:720][  0]LogConsoleResponse:Warning: Skipping Unknown console variable: 'UIScaleCurve = (EditorCurveData=(Keys=),ExternalCurve=None)'
[2015.04.23-15.45.00:720][  0]LogConsoleResponse:Warning:   Found in ini file 'C:/Users/Wouter/Documents/Unreal Projects/BlindPersonShooter/Saved/Config/Windows/Engine.ini', in section '[/Script/Engine.RendererSettings]'
[2015.04.23-15.45.00:721][  0]LogInit: Selected Device Profile: [Windows]
[2015.04.23-15.45.00:721][  0]LogInit: Applying CVar settings loaded from the selected device profile: [Windows]
[2015.04.23-15.45.00:730][  0]LogInit: Computer: WOUTER-PC
[2015.04.23-15.45.00:730][  0]LogInit: User: Wouter
[2015.04.23-15.45.00:730][  0]LogInit: CPU Page size=4096, Cores=4
[2015.04.23-15.45.00:730][  0]LogInit: High frequency timer resolution =3.222695 MHz
[2015.04.23-15.45.00:730][  0]LogMemory: Memory total: Physical=8.0GB (8GB approx) Virtual=131072.0GB
[2015.04.23-15.45.00:730][  0]LogMemory: Platform Memory Stats for Windows
[2015.04.23-15.45.00:730][  0]LogMemory: Process Physical Memory: 46.20 MB used, 46.20 MB peak
[2015.04.23-15.45.00:730][  0]LogMemory: Process Virtual Memory: 24.62 MB used, 24.62 MB peak
[2015.04.23-15.45.00:730][  0]LogMemory: Physical Memory: 3632.50 MB used, 8167.08 MB total
[2015.04.23-15.45.00:730][  0]LogMemory: Virtual Memory: 295.67 MB used, 134217728.00 MB total
[2015.04.23-15.45.00:746][  0]LogD3D11RHI: Found D3D11 adapter 0: AMD Radeon HD 6900 Series (Feature Level 11_0)
[2015.04.23-15.45.00:746][  0]LogD3D11RHI: Adapter has 2032MB of dedicated video memory, 0MB of dedicated system memory, and 3840MB of shared system memory, 2 output[s]
[2015.04.23-15.45.00:748][  0]LogD3D11RHI: Found D3D11 adapter 1: Microsoft Basic Render Driver (Feature Level 11_0)
[2015.04.23-15.45.00:748][  0]LogD3D11RHI: Adapter has 0MB of dedicated video memory, 0MB of dedicated system memory, and 256MB of shared system memory, 0 output[s]
[2015.04.23-15.45.00:748][  0]LogD3D11RHI: Chosen D3D11 Adapter Id = 0
[2015.04.23-15.45.00:751][  0]LogRHI: Texture pool is 1361 MB (70% of 1945 MB)
[2015.04.23-15.45.00:756][  0]LogD3D11RHI: Async texture creation disabled: no driver support
[2015.04.23-15.45.00:829][  0]LogTextLocalizationManager: The requested culture ('en_US') has no localization data; parent culture's ('en') localization data will be used.
[2015.04.23-15.45.00:875][  0]LogTextLocalizationManager:Warning: Loading localization resources contain conflicting entries for (Namespace:UICommands, Key:Save_ToolTip):
Resource: (C:/Program Files/Epic Games/4.7/Engine/Content/Localization/Editor/en/Editor.locres) Hash: (-29098895) String: (Saves the current level to disk)
Resource: (C:/Program Files/Epic Games/4.7/Engine/Content/Localization/Engine/en/Engine.locres) Hash: (-1280300587) String: (Save selected data to vlog file)
[2015.04.23-15.45.00:876][  0]LogTextLocalizationManager:Warning: Loading localization resources contain conflicting entries for (Namespace:ContentBrowser, Key:ImportAssetToolTip):
Resource: (C:/Program Files/Epic Games/4.7/Engine/Content/Localization/Editor/en/Editor.locres) Hash: (-630476809) String: (Import to {0}...)
Resource: (C:/Program Files/Epic Games/4.7/Engine/Content/Localization/Editor/en/Editor.locres) Hash: (1271782899) String: (Imports an asset from file to this folder.)
[2015.04.23-15.45.00:936][  0]LogContentStreaming: Texture pool size is 0.000000MB
[2015.04.23-15.45.03:088][  0]LogTargetPlatformManager:Display: Building Assets For Windows
[2015.04.23-15.45.03:729][  0]LogTargetPlatformManager:Display: Building Assets For Windows
[2015.04.23-15.45.03:815][  0]LogDerivedDataCache:Display: Max Cache Size: 512 MB
[2015.04.23-15.45.03:848][  0]LogDerivedDataCache: Loaded boot cache 0.03s 39MB C:/Users/Wouter/AppData/Local/UnrealEngine/4.7/DerivedDataCache/Boot.ddc.
[2015.04.23-15.45.03:848][  0]LogDerivedDataCache:Display: Loaded Boot cache: C:/Users/Wouter/AppData/Local/UnrealEngine/4.7/DerivedDataCache/Boot.ddc
[2015.04.23-15.45.03:848][  0]LogDerivedDataCache: FDerivedDataBackendGraph:  Pak pak cache file ../../../../../../Users/Wouter/Documents/Unreal Projects/BlindPersonShooter/DerivedDataCache/DDC.ddp not found, will not use a pak cache.
[2015.04.23-15.45.03:848][  0]LogDerivedDataCache: Unable to find inner node Pak for hierarchical cache Hierarchy.
[2015.04.23-15.45.03:944][  0]LogDerivedDataCache:Display: Pak cache opened for reading ../../../Engine/DerivedDataCache/Compressed.ddp.
[2015.04.23-15.45.03:956][  0]LogDerivedDataCache: Using Local data cache path C:/Users/Wouter/AppData/Local/UnrealEngine/Common/DerivedDataCache: Writable
[2015.04.23-15.45.04:283][  0]LogMeshUtilities: No automatic mesh reduction module available
[2015.04.23-15.45.04:283][  0]LogMeshUtilities: No automatic mesh merging module available
[2015.04.23-15.45.04:692][  0]LogInit: WinSock: version 1.1 (2.2), MaxSocks=32767, MaxUdp=65467
[2015.04.23-15.45.04:824][  0]LogSlate:Warning: Failed to load font data from '../../../Engine/Content/Slate/Fonts/Roboto-Italic.ttf'
[2015.04.23-15.45.05:887][  0]UdpMessaging: Initializing bridge on interface 0.0.0.0:0 to multicast group 230.0.0.1:6666.
[2015.04.23-15.45.06:234][  0]SourceControl: Info Source control is disabled
[2015.04.23-15.45.06:234][  0]SourceControl: Info Source control is disabled
[2015.04.23-15.45.06:234][  0]SourceControl: Info Source control is disabled
[2015.04.23-15.45.06:234][  0]LogSourceControl: RunCommandInternalRaw: 'git version'
[2015.04.23-15.45.06:234][  0]LogSourceControl: RunCommandInternalRaw: ExecProcess ReturnCode=2 OutResults=''
[2015.04.23-15.45.06:251][  0]SourceControl: Info Source control is disabled
[2015.04.23-15.45.06:551][  0]LogObj: 24232 objects as part of root set at end of initial load.
[2015.04.23-15.45.06:551][  0]LogUObjectAllocator: 5137176 out of 0 bytes used by permanent object pool.
[2015.04.23-15.45.06:641][  0]LogEngine: Initializing Engine...
[2015.04.23-15.45.08:795][  0]LogInit: XAudio2 using 'Speakers (Realtek High Definition Audio)' : 2 channels at 48 kHz using 32 bits per sample (channel mask 0x3)
[2015.04.23-15.45.08:802][  0]LogInit: FAudioDevice initialized.
[2015.04.23-15.45.08:862][  0]LogAIModule: Creating AISystem for world NewWorld
[2015.04.23-15.45.08:878][  0]LogDerivedDataCache: Saved boot cache 0.02s 39MB C:/Users/Wouter/AppData/Local/UnrealEngine/4.7/DerivedDataCache/Boot.ddc.
[2015.04.23-15.45.08:882][  0]LogInit: Texture streaming: Enabled
[2015.04.23-15.45.08:997][  0]LogAnalytics: Creating configured Analytics provider AnalyticsET
[2015.04.23-15.45.08:997][  0]LogAnalytics: ET APIKey = Rocket.Release. APIServer = http://et2.epicgames.com/ET2/. AppVersion = 4.7.6-2513093+++depot+UE4-Releases+4.7
[2015.04.23-15.45.08:997][  0]LogAnalytics: ET APIKey = Rocket.Release. DataRouterUploadURL = https://datarouter-public-service-gamedev.ol.epicgames.net/datarouter/api/v1/public/data. AppVersion = 4.7.6-2513093+++depot+UE4-Releases+4.7
[2015.04.23-15.45.08:997][  0]LogAnalytics: SetUserId 7b6bbb2b4b1c643f97d6798f1001496e|f307042b1d2f4c46a4ba52bf0d9fc354|b90fe644-cef2-4d5d-81b9-41cf3ecc3bcd
[2015.04.23-15.45.08:997][  0]LogAnalytics: AnalyticsET::StartSession [Rocket.Release]
[2015.04.23-15.45.09:042][  0]LogInit: Transaction tracking system initialized
[2015.04.23-15.45.09:302][  0]BlueprintLog: New page: Editor Load
[2015.04.23-15.45.09:351][  0]LogAssetRegistry: FAssetRegistry took 0.0104 seconds to start up
[2015.04.23-15.45.09:351][  0]LogDirectoryWatcher:Warning: Failed to begin reading directory changes for ../../../Engine/Plugins/Experimental/CharacterAI/Content/. Error: 0
[2015.04.23-15.45.10:001][  0]LogTargetPlatformManager:Display: Building Assets For Windows
[2015.04.23-15.45.10:384][  0]LogTargetPlatformManager:Display: Building Assets For Windows
[2015.04.23-15.45.10:804][  0]LogSlate:Warning: Failed to load font data from '../../../Engine/Content/Editor/Slate/Fonts/Roboto-Regular.ttf'
[2015.04.23-15.45.10:805][  0]LogSlate:Warning: Failed to load font data from '../../../Engine/Content/Editor/Slate/Fonts/Roboto-Bold.ttf'
[2015.04.23-15.45.10:811][  0]LogConsoleResponse:Display: 
[2015.04.23-15.45.10:968][  0]LogCook:Display: Done creating registry. It took  0.00s.
[2015.04.23-15.45.11:195][  0]SourceControl: Info Source control is disabled
[2015.04.23-15.45.21:116][  0]Cmd: MAP LOAD FILE="../../../../../../Users/Wouter/Documents/Unreal Projects/BlindPersonShooter/Content/FirstPersonBP/Maps/FirstPersonExampleMap.umap" TEMPLATE=0 SHOWPROGRESS=1 FEATURELEVEL=3
[2015.04.23-15.45.21:117][  0]LightingResults: New page: Lighting Build
[2015.04.23-15.45.21:139][  0]MapCheck: New page: Map Check
[2015.04.23-15.45.21:139][  0]LightingResults: New page: Lighting Build
[2015.04.23-15.45.21:146][  0]LogParticles: Destroying 0 GPU particle simulations for FXSystem 0x000000174F7EA980
[2015.04.23-15.45.21:156][  0]LogLinker:Warning: Asset '../../../Engine/Content/EngineMeshes/Humanoid.uasset' has been saved with empty engine version. The asset will be loaded but may be incompatible.
[2015.04.23-15.45.23:127][  0]LogBlueprint:Warning: [compiler] Warning Node  Unknown  is not referencing a valid level actor
[2015.04.23-15.45.23:128][  0]LogBlueprint:Error: [compiler] Error Couldn't find object for bound event node  OnActorEndOverlap (None) 
[2015.04.23-15.45.23:128][  0]LogBlueprint:Error: [compiler] Error Couldn't find object for bound event node  OnActorBeginOverlap (None) 
[2015.04.23-15.45.23:152][  0]LogBlueprint:Warning: [compiler] Warning [0023.68] Compile of FirstPersonExampleMap failed. 2 Fatal Issue(s) 1 Warning(s) [in 79 ms]
[2015.04.23-15.45.23:152][  0]LogBlueprint:Warning: [compiler] Warning [0023.68] Compile of FirstPersonExampleMap failed. 2 Fatal Issue(s) 2 Warning(s) [in 0 ms]
[2015.04.23-15.45.23:152][  0]LogBlueprint:Warning: [compiler] Warning [0023.68] Compile of FirstPersonExampleMap failed. 2 Fatal Issue(s) 3 Warning(s) [in 0 ms]
[2015.04.23-15.45.23:152][  0]LogBlueprint:Warning: [compiler] Warning [0023.68] Compile of FirstPersonExampleMap failed. 2 Fatal Issue(s) 4 Warning(s) [in 0 ms]
[2015.04.23-15.45.23:374][  0]LogEditorServer: Finished looking for orphan Actors (0.000 secs)
[2015.04.23-15.45.24:115][  0]LogAIModule: Creating AISystem for world FirstPersonExampleMap
[2015.04.23-15.45.24:116][  0]Cmd: MAP CHECKDEP
[2015.04.23-15.45.24:116][  0]MapCheck: New page: FirstPersonExampleMap - Apr 23, 2015, 7:45:24 PM
[2015.04.23-15.45.24:303][  0]MapCheck: Info Map check complete: 0 Error(s), 0 Warning(s), took 187.289ms to complete.
[2015.04.23-15.45.24:303][  0]LogFileHelpers: Loading map 'FirstPersonExampleMap' took 3.188
[2015.04.23-15.45.24:419][  0]LogStats:Warning: MetaData mismatch. Did you assign a stat to two groups? New //STATGROUP_Threads//SplashScreenThread///Thread_146c_0///////STATCAT_Advanced//// old //STATGROUP_Threads//SplashScreenThread///Thread_39d8_0///////STATCAT_Advanced////
[2015.04.23-15.45.24:419][  0]LogCollectionManager: Loaded 0 collections in 0.002277 seconds
[2015.04.23-15.45.24:430][  0]LogContentBrowser: Native class hierarchy populated in 0.0113 seconds. Added 1696 classes and 261 folders.
[2015.04.23-15.45.24:497][  0]LogContentBrowser: Native class hierarchy updated for 'SceneOutliner' in 0.0050 seconds. Added 1 classes and 2 folders.
[2015.04.23-15.45.24:575][  0]LogCrashTracker: Crashtracker disabled due to settings.
[2015.04.23-15.45.24:576][  0]LogSlate:Warning: Failed to load font data from 'Veranda'
[2015.04.23-15.45.24:583][  0]LogUObjectGlobals:Warning: Failed to find object 'Class None.'
[2015.04.23-15.45.24:613][  0]LogLoad: Full Startup: 25.14 seconds (BP compile: 1.02 seconds)
[2015.04.23-15.45.24:648][  0]LogContentBrowser:Verbose: The content browser source was changed by the sources view to '/Game/FirstPersonBP/Materials'
[2015.04.23-15.45.24:765][  0]LogRenderer:Warning: Reallocating scene render targets to support 32x32 (Frame:2).
[2015.04.23-15.45.24:864][  0]LogRenderer:Warning: Reallocating scene render targets to support 1208x496 (Frame:3).
[2015.04.23-15.45.25:132][  3]LogAssetRegistry: Asset discovery search completed in 15.7915 seconds
[2015.04.23-15.45.28:902][331]LogMaterial: Missing cached shader map for material ScanPP, compiling. 
[2015.04.23-15.45.28:921][331]LogActorComponent: UnregisterComponent: (/Engine/Transient.SkeletalMeshComponent_0) Not registered. Aborting.
[2015.04.23-15.45.28:969][331]LogActorComponent: UnregisterComponent: (/Engine/Transient.SkeletalMeshComponent_0) Not registered. Aborting.
[2015.04.23-15.45.28:969][331]LogActorComponent: RegisterComponentWithWorld: (/Engine/Transient.MaterialEditorMeshComponent_0) Already registered. Aborting.
[2015.04.23-15.45.28:969][331]LogActorComponent: UnregisterComponent: (/Engine/Transient.SkeletalMeshComponent_0) Not registered. Aborting.
[2015.04.23-15.45.28:969][331]LogActorComponent: RegisterComponentWithWorld: (/Engine/Transient.MaterialEditorMeshComponent_0) Already registered. Aborting.
[2015.04.23-15.45.29:008][331]LogMaterial: Missing cached shader map for material ScanPP, compiling. 
[2015.04.23-15.45.29:009][331]LogMaterial: 0.000018 seconds spent updating 1 materials, 1 interfaces, 0 instances, 0 with static permutations.
[2015.04.23-15.45.29:034][331]LogMaterial: Missing cached shader map for material FMatExpressionPreview MaterialExpressionVectorParameter_5, compiling. 
[2015.04.23-15.45.29:036][331]LogMaterial: Missing cached shader map for material FMatExpressionPreview MaterialExpressionVectorParameter_6, compiling. 
[2015.04.23-15.45.29:038][331]LogMaterial: Missing cached shader map for material FMatExpressionPreview MaterialExpressionVectorParameter_7, compiling. 
[2015.04.23-15.45.29:076][331]LogMaterial: Missing cached shader map for material MAT_SCAN, compiling. 
[2015.04.23-15.45.29:088][331]LogActorComponent: UnregisterComponent: (/Engine/Transient.SkeletalMeshComponent_1) Not registered. Aborting.
[2015.04.23-15.45.29:135][331]LogActorComponent: UnregisterComponent: (/Engine/Transient.SkeletalMeshComponent_1) Not registered. Aborting.
[2015.04.23-15.45.29:135][331]LogActorComponent: RegisterComponentWithWorld: (/Engine/Transient.MaterialEditorMeshComponent_1) Already registered. Aborting.
[2015.04.23-15.45.29:136][331]LogActorComponent: UnregisterComponent: (/Engine/Transient.SkeletalMeshComponent_1) Not registered. Aborting.
[2015.04.23-15.45.29:136][331]LogActorComponent: RegisterComponentWithWorld: (/Engine/Transient.MaterialEditorMeshComponent_1) Already registered. Aborting.
[2015.04.23-15.45.29:152][331]LogMaterial: Missing cached shader map for material MAT_SCAN, compiling. 
[2015.04.23-15.45.29:154][331]LogMaterial: 0.000027 seconds spent updating 1 materials, 1 interfaces, 0 instances, 0 with static permutations.
[2015.04.23-15.45.29:179][331]LogMaterial: Missing cached shader map for material FMatExpressionPreview MaterialExpressionVectorParameter_0, compiling. 
[2015.04.23-15.45.29:181][331]LogMaterial: Missing cached shader map for material FMatExpressionPreview MaterialExpressionCustom_1, compiling. 
[2015.04.23-15.45.29:182][331]LogMaterial: Missing cached shader map for material FMatExpressionPreview MaterialExpressionCustom_2, compiling. 
[2015.04.23-15.45.29:183][331]LogMaterial: Missing cached shader map for material FMatExpressionPreview MaterialExpressionCustom_3, compiling. 
[2015.04.23-15.45.29:185][331]LogLinker:Warning: Can't resolve asset name
[2015.04.23-15.45.29:919][391]MaterialEditorStats: Info Base pass shader without light map: 73 instructions
[2015.04.23-15.45.29:919][391]MaterialEditorStats: Info Vertex shader: 31 instructions
[2015.04.23-15.45.29:919][391]MaterialEditorStats: Info Texture samplers: 4/16
[2015.04.23-15.45.30:427][450]MaterialEditorStats: Info Base pass shader without light map: 57 instructions
[2015.04.23-15.45.30:427][450]MaterialEditorStats: Info Vertex shader: 31 instructions
[2015.04.23-15.45.30:427][450]MaterialEditorStats: Info Texture samplers: 1/16
[2015.04.23-15.45.41:191][616]LogEditorViewport: Clicking on Actor (LMB): StaticMeshActor (Cube01)
[2015.04.23-15.45.43:624][855]LogEditorViewport: Clicking on Actor (LMB): StaticMeshActor (Cube07)
[2015.04.23-15.45.58:196][313]LogEditorViewport: Clicking on Component (LMB): StaticMeshComponent (StaticMeshComponent0)
[2015.04.23-15.46.01:754][638]LogEditorViewport: Clicking on Component (LMB): DestructibleComponent (Destructible)
[2015.04.23-15.46.07:689][273]Cmd: DELETE
[2015.04.23-15.46.07:689][273]Cmd: ACTOR DELETE
[2015.04.23-15.46.07:706][273]LogEditorActor: Deleted 1 Components (0.017 secs)
[2015.04.23-15.46.29:350][594]Cmd: TRANSACTION UNDO
[2015.04.23-15.46.29:350][594]LogEditorTransaction: Undo Move Components
[2015.04.23-15.46.29:416][594]LogMaterial: Missing cached shader map for material ScanPP, compiling. 
[2015.04.23-15.46.29:417][594]LogMaterial: 0.000041 seconds spent updating 1 materials, 1 interfaces, 0 instances, 0 with static permutations.
[2015.04.23-15.46.29:432][594]LogMaterial: Missing cached shader map for material MAT_SCAN, compiling. 
[2015.04.23-15.46.29:433][594]LogMaterial: 0.000060 seconds spent updating 1 materials, 1 interfaces, 0 instances, 0 with static permutations.
[2015.04.23-15.46.30:500][679]MaterialEditorStats: Info Base pass shader without light map: 73 instructions
[2015.04.23-15.46.30:500][679]MaterialEditorStats: Info Vertex shader: 31 instructions
[2015.04.23-15.46.30:500][679]MaterialEditorStats: Info Texture samplers: 4/16
[2015.04.23-15.46.30:842][716]MaterialEditorStats: Info Base pass shader without light map: 57 instructions
[2015.04.23-15.46.30:842][716]MaterialEditorStats: Info Vertex shader: 31 instructions
[2015.04.23-15.46.30:842][716]MaterialEditorStats: Info Texture samplers: 1/16
[2015.04.23-15.46.35:195][199]LogEditorViewport: Clicking on Component (LMB): StaticMeshComponent (StaticMeshComponent0)
[2015.04.23-15.46.36:666][360]LogEditorViewport: Clicking on Component (LMB): DestructibleComponent (Destructible1)
[2015.04.23-15.46.38:731][585]LogEditorViewport: Clicking on Component (LMB): StaticMeshComponent (StaticMeshComponent0)
[2015.04.23-15.46.47:951][565]Cmd: TRANSACTION UNDO
[2015.04.23-15.46.47:951][565]LogEditorTransaction: Undo Move Components
[2015.04.23-15.46.48:013][565]LogMaterial: Missing cached shader map for material ScanPP, compiling. 
[2015.04.23-15.46.48:015][565]LogMaterial: 0.000042 seconds spent updating 1 materials, 1 interfaces, 0 instances, 0 with static permutations.
[2015.04.23-15.46.48:016][565]LogMaterial: Missing cached shader map for material MAT_SCAN, compiling. 
[2015.04.23-15.46.48:018][565]LogMaterial: 0.000040 seconds spent updating 1 materials, 1 interfaces, 0 instances, 0 with static permutations.
[2015.04.23-15.46.48:391][582]MaterialEditorStats: Info Base pass shader without light map: 73 instructions
[2015.04.23-15.46.48:391][582]MaterialEditorStats: Info Vertex shader: 31 instructions
[2015.04.23-15.46.48:391][582]MaterialEditorStats: Info Texture samplers: 4/16
[2015.04.23-15.46.48:431][583]MaterialEditorStats: Info Base pass shader without light map: 57 instructions
[2015.04.23-15.46.48:431][583]MaterialEditorStats: Info Vertex shader: 31 instructions
[2015.04.23-15.46.48:431][583]MaterialEditorStats: Info Texture samplers: 1/16
[2015.04.23-15.46.48:593][592]Cmd: TRANSACTION UNDO
[2015.04.23-15.46.48:593][592]LogEditorTransaction: Undo Clicking on Components
[2015.04.23-15.46.48:642][592]LogMaterial: Missing cached shader map for material ScanPP, compiling. 
[2015.04.23-15.46.48:644][592]LogMaterial: 0.000051 seconds spent updating 1 materials, 1 interfaces, 0 instances, 0 with static permutations.
[2015.04.23-15.46.48:645][592]LogMaterial: Missing cached shader map for material MAT_SCAN, compiling. 
[2015.04.23-15.46.48:647][592]LogMaterial: 0.000053 seconds spent updating 1 materials, 1 interfaces, 0 instances, 0 with static permutations.
[2015.04.23-15.46.49:065][630]MaterialEditorStats: Info Base pass shader without light map: 73 instructions
[2015.04.23-15.46.49:066][630]MaterialEditorStats: Info Vertex shader: 31 instructions
[2015.04.23-15.46.49:066][630]MaterialEditorStats: Info Texture samplers: 4/16
[2015.04.23-15.46.49:220][646]MaterialEditorStats: Info Base pass shader without light map: 57 instructions
[2015.04.23-15.46.49:220][646]MaterialEditorStats: Info Vertex shader: 31 instructions
[2015.04.23-15.46.49:220][646]MaterialEditorStats: Info Texture samplers: 1/16
[2015.04.23-15.46.49:305][656]Cmd: TRANSACTION UNDO
[2015.04.23-15.46.49:305][656]LogEditorTransaction: Undo Clicking on Components
[2015.04.23-15.46.49:345][656]LogMaterial: Missing cached shader map for material ScanPP, compiling. 
[2015.04.23-15.46.49:347][656]LogMaterial: 0.000043 seconds spent updating 1 materials, 1 interfaces, 0 instances, 0 with static permutations.
[2015.04.23-15.46.49:348][656]LogMaterial: Missing cached shader map for material MAT_SCAN, compiling. 
[2015.04.23-15.46.49:350][656]LogMaterial: 0.000030 seconds spent updating 1 materials, 1 interfaces, 0 instances, 0 with static permutations.
[2015.04.23-15.46.49:861][709]MaterialEditorStats: Info Base pass shader without light map: 73 instructions
[2015.04.23-15.46.49:861][709]MaterialEditorStats: Info Vertex shader: 31 instructions
[2015.04.23-15.46.49:861][709]MaterialEditorStats: Info Texture samplers: 4/16
[2015.04.23-15.46.50:013][724]MaterialEditorStats: Info Base pass shader without light map: 57 instructions
[2015.04.23-15.46.50:013][724]MaterialEditorStats: Info Vertex shader: 31 instructions
[2015.04.23-15.46.50:013][724]MaterialEditorStats: Info Texture samplers: 1/16
[2015.04.23-15.46.50:038][727]Cmd: TRANSACTION UNDO
[2015.04.23-15.46.50:038][727]LogEditorTransaction: Undo Clicking on Components
[2015.04.23-15.46.50:089][727]LogMaterial: Missing cached shader map for material ScanPP, compiling. 
[2015.04.23-15.46.50:090][727]LogMaterial: 0.000044 seconds spent updating 1 materials, 1 interfaces, 0 instances, 0 with static permutations.
[2015.04.23-15.46.50:091][727]LogMaterial: Missing cached shader map for material MAT_SCAN, compiling. 
[2015.04.23-15.46.50:093][727]LogMaterial: 0.000036 seconds spent updating 1 materials, 1 interfaces, 0 instances, 0 with static permutations.
[2015.04.23-15.46.50:421][760]Cmd: TRANSACTION UNDO
[2015.04.23-15.46.50:421][760]LogEditorTransaction: Undo Move Components
[2015.04.23-15.46.50:480][760]LogMaterial: Missing cached shader map for material ScanPP, compiling. 
[2015.04.23-15.46.50:481][760]LogMaterial: 0.000033 seconds spent updating 1 materials, 1 interfaces, 0 instances, 0 with static permutations.
[2015.04.23-15.46.50:483][760]LogMaterial: Missing cached shader map for material MAT_SCAN, compiling. 
[2015.04.23-15.46.50:484][760]LogMaterial: 0.000028 seconds spent updating 1 materials, 1 interfaces, 0 instances, 0 with static permutations.
[2015.04.23-15.46.50:533][762]MaterialEditorStats: Info Base pass shader without light map: 73 instructions
[2015.04.23-15.46.50:533][762]MaterialEditorStats: Info Vertex shader: 31 instructions
[2015.04.23-15.46.50:533][762]MaterialEditorStats: Info Texture samplers: 4/16
[2015.04.23-15.46.51:192][832]MaterialEditorStats: Info Base pass shader without light map: 57 instructions
[2015.04.23-15.46.51:192][832]MaterialEditorStats: Info Vertex shader: 31 instructions
[2015.04.23-15.46.51:192][832]MaterialEditorStats: Info Texture samplers: 1/16
[2015.04.23-15.46.53:414][ 76]BlueprintLog: New page: Pre-PIE auto-recompile
[2015.04.23-15.46.53:414][ 76]LogPlayLevel: [PIE] Compiling FirstPersonExampleMap before PIE...
[2015.04.23-15.46.53:473][ 76]LogBlueprint:Warning: [compiler] Warning Node  Unknown  is not referencing a valid level actor
[2015.04.23-15.46.53:473][ 76]LogBlueprint:Error: [compiler] Error Couldn't find object for bound event node  OnActorEndOverlap (None) 
[2015.04.23-15.46.53:473][ 76]LogBlueprint:Error: [compiler] Error Couldn't find object for bound event node  OnActorBeginOverlap (None) 
[2015.04.23-15.46.53:547][ 76]LogBlueprint:Warning: [compiler] Warning [0114.07] Compile of FirstPersonExampleMap failed. 2 Fatal Issue(s) 1 Warning(s) [in 129 ms]
[2015.04.23-15.46.53:548][ 76]LogBlueprint:Warning: [compiler] Warning [0114.07] Compile of FirstPersonExampleMap failed. 2 Fatal Issue(s) 2 Warning(s) [in 0 ms]
[2015.04.23-15.46.53:548][ 76]LogBlueprint:Warning: [compiler] Warning [0114.08] Compile of FirstPersonExampleMap failed. 2 Fatal Issue(s) 3 Warning(s) [in 0 ms]
[2015.04.23-15.46.53:548][ 76]LogBlueprint:Warning: [compiler] Warning [0114.08] Compile of FirstPersonExampleMap failed. 2 Fatal Issue(s) 4 Warning(s) [in 0 ms]
[2015.04.23-15.46.53:548][ 76]LogBlueprint:Warning: [compiler] Warning [0114.08] Compile of FirstPersonExampleMap failed. 2 Fatal Issue(s) 5 Warning(s) [in 0 ms]
[2015.04.23-15.46.53:549][ 76]LogBlueprint:Warning: [compiler] Warning [0114.08] Compile of FirstPersonExampleMap failed. 2 Fatal Issue(s) 6 Warning(s) [in 0 ms]
[2015.04.23-15.46.53:568][ 76]LogPlayLevel: PIE:  Blueprint regeneration took 154 ms (1 blueprints)
[2015.04.23-15.46.55:494][ 76]BlueprintLog: Info Blueprint FirstPersonExampleMap failed to compile
[2015.04.23-15.47.04:585][897]LogActorComponent: UnregisterComponent: (/Engine/Transient.CharMoveComp) Not registered. Aborting.
[2015.04.23-15.47.04:586][897]LogActorComponent: UnregisterComponent: (/Engine/Transient.ProjectileMovementComponent_40__A6522401) Not registered. Aborting.
[2015.04.23-15.47.06:725][897]LogSavePackage: Save=1837.214844ms
[2015.04.23-15.47.06:725][897]LogSavePackage: Moving '../../../../../../Users/Wouter/Documents/Unreal Projects/BlindPersonShooter/Saved/FirstPersonExampleMap651778014B95E0C7352BC6B4D8DBE653.tmp' to '../../../../../../Users/Wouter/Documents/Unreal Projects/BlindPersonShooter/Content/FirstPersonBP/Maps/FirstPersonExampleMap.umap'
[2015.04.23-15.47.06:760][897]LogFileHelpers: Saving map 'FirstPersonExampleMap' took 2.114
[2015.04.23-15.47.09:531][201]BlueprintLog: New page: Pre-PIE auto-recompile
[2015.04.23-15.47.09:536][201]LogPlayLevel: [PIE] Compiling FirstPersonExampleMap before PIE...
[2015.04.23-15.47.09:615][201]LogPlayLevel: PIE:  Blueprint regeneration took 84 ms (1 blueprints)
[2015.04.23-15.47.09:616][201]PIE: New page: SIE session: FirstPersonExampleMap (Apr 23, 2015, 7:47:09 PM)
[2015.04.23-15.47.09:635][201]LogBlueprint:Warning: FMemberReference::ResolveMember (AddComponent) bSelfContext == true, but no scope supplied!
[2015.04.23-15.47.09:638][201]LogPlayLevel: PIE: StaticDuplicateObject took: (0.021882s)
[2015.04.23-15.47.09:638][201]LogPlayLevel: PIE: World Init took: (0.000598s)
[2015.04.23-15.47.09:639][201]LogPlayLevel: PIE: Created PIE world by copying editor world from /Game/FirstPersonBP/Maps/FirstPersonExampleMap.FirstPersonExampleMap to /Game/FirstPersonBP/Maps/UEDPIE_0_FirstPersonExampleMap.FirstPersonExampleMap (0.022651s)
[2015.04.23-15.47.09:639][201]LogSelection:Warning: PIE object was selected: "StaticMeshActor /Game/FirstPersonBP/Maps/UEDPIE_0_FirstPersonExampleMap.FirstPersonExampleMap:PersistentLevel.Cube07"
[2015.04.23-15.47.09:707][201]LogWorld: Game class is 'FirstPersonGameMode_C'
[2015.04.23-15.47.09:709][201]LogAIModule: Creating AISystem for world FirstPersonExampleMap
[2015.04.23-15.47.09:736][201]LogWorld: Bringing World /Game/FirstPersonBP/Maps/UEDPIE_0_FirstPersonExampleMap.FirstPersonExampleMap up for play (max tick rate 0) at 2015.04.23-17.47.09
[2015.04.23-15.47.09:737][201]LogWorld: Bringing up level for play took: 0.028227
[2015.04.23-15.47.09:740][201]PIE: Info Play in editor start time for /Game/FirstPersonBP/Maps/UEDPIE_0_FirstPersonExampleMap -0.307
[2015.04.23-15.47.09:769][201]LogSelection:Warning: PIE object was selected: "StaticMeshActor /Game/FirstPersonBP/Maps/UEDPIE_0_FirstPersonExampleMap.FirstPersonExampleMap:PersistentLevel.Cube07"
[2015.04.23-15.47.13:598][462]LogParticles: Destroying 0 GPU particle simulations for FXSystem 0x00000017624E60C0
[2015.04.23-15.47.19:511][ 52]BlueprintLog: New page: Pre-PIE auto-recompile
[2015.04.23-15.47.19:515][ 52]LogPlayLevel: [PIE] Compiling FirstPersonExampleMap before PIE...
[2015.04.23-15.47.19:591][ 52]LogPlayLevel: PIE:  Blueprint regeneration took 79 ms (1 blueprints)
[2015.04.23-15.47.19:591][ 52]PIE: New page: SIE session: FirstPersonExampleMap (Apr 23, 2015, 7:47:19 PM)
[2015.04.23-15.47.19:610][ 52]LogBlueprint:Warning: FMemberReference::ResolveMember (AddComponent) bSelfContext == true, but no scope supplied!
[2015.04.23-15.47.19:613][ 52]LogPlayLevel: PIE: StaticDuplicateObject took: (0.021956s)
[2015.04.23-15.47.19:614][ 52]LogPlayLevel: PIE: World Init took: (0.001071s)
[2015.04.23-15.47.19:614][ 52]LogPlayLevel: PIE: Created PIE world by copying editor world from /Game/FirstPersonBP/Maps/FirstPersonExampleMap.FirstPersonExampleMap to /Game/FirstPersonBP/Maps/UEDPIE_0_FirstPersonExampleMap.FirstPersonExampleMap (0.023218s)
[2015.04.23-15.47.19:615][ 52]LogSelection:Warning: PIE object was selected: "StaticMeshActor /Game/FirstPersonBP/Maps/UEDPIE_0_FirstPersonExampleMap.FirstPersonExampleMap:PersistentLevel.Cube07"
[2015.04.23-15.47.19:647][ 52]LogWorld: Game class is 'FirstPersonGameMode_C'
[2015.04.23-15.47.19:649][ 52]LogAIModule: Creating AISystem for world FirstPersonExampleMap
[2015.04.23-15.47.19:660][ 52]LogWorld: Bringing World /Game/FirstPersonBP/Maps/UEDPIE_0_FirstPersonExampleMap.FirstPersonExampleMap up for play (max tick rate 0) at 2015.04.23-17.47.19
[2015.04.23-15.47.19:661][ 52]LogWorld: Bringing up level for play took: 0.011523
[2015.04.23-15.47.19:663][ 52]PIE: Info Play in editor start time for /Game/FirstPersonBP/Maps/UEDPIE_0_FirstPersonExampleMap -0.383
[2015.04.23-15.47.19:680][ 52]LogSelection:Warning: PIE object was selected: "StaticMeshActor /Game/FirstPersonBP/Maps/UEDPIE_0_FirstPersonExampleMap.FirstPersonExampleMap:PersistentLevel.Cube07"
[2015.04.23-15.47.30:090][667]LogParticles: Destroying 0 GPU particle simulations for FXSystem 0x000000171312AFC0
[2015.04.23-15.47.47:392][432]BlueprintLog: New page: Pre-PIE auto-recompile
[2015.04.23-15.47.47:396][432]LogPlayLevel: [PIE] Compiling FirstPersonExampleMap before PIE...
[2015.04.23-15.47.47:474][432]LogPlayLevel: PIE:  Blueprint regeneration took 81 ms (1 blueprints)
[2015.04.23-15.47.47:474][432]PIE: New page: SIE session: FirstPersonExampleMap (Apr 23, 2015, 7:47:47 PM)
[2015.04.23-15.47.47:494][432]LogBlueprint:Warning: FMemberReference::ResolveMember (AddComponent) bSelfContext == true, but no scope supplied!
[2015.04.23-15.47.47:497][432]LogPlayLevel: PIE: StaticDuplicateObject took: (0.022739s)
[2015.04.23-15.47.47:498][432]LogPlayLevel: PIE: World Init took: (0.000623s)
[2015.04.23-15.47.47:498][432]LogPlayLevel: PIE: Created PIE world by copying editor world from /Game/FirstPersonBP/Maps/FirstPersonExampleMap.FirstPersonExampleMap to /Game/FirstPersonBP/Maps/UEDPIE_0_FirstPersonExampleMap.FirstPersonExampleMap (0.023541s)
[2015.04.23-15.47.47:499][432]LogSelection:Warning: PIE object was selected: "PostProcessVolume /Game/FirstPersonBP/Maps/UEDPIE_0_FirstPersonExampleMap.FirstPersonExampleMap:PersistentLevel.GLOBALPostProcess"
[2015.04.23-15.47.47:543][432]LogWorld: Game class is 'FirstPersonGameMode_C'
[2015.04.23-15.47.47:545][432]LogAIModule: Creating AISystem for world FirstPersonExampleMap
[2015.04.23-15.47.47:556][432]LogWorld: Bringing World /Game/FirstPersonBP/Maps/UEDPIE_0_FirstPersonExampleMap.FirstPersonExampleMap up for play (max tick rate 0) at 2015.04.23-17.47.47
[2015.04.23-15.47.47:557][432]LogWorld: Bringing up level for play took: 0.011334
[2015.04.23-15.47.47:559][432]PIE: Info Play in editor start time for /Game/FirstPersonBP/Maps/UEDPIE_0_FirstPersonExampleMap -0.488
[2015.04.23-15.47.47:581][432]LogSelection:Warning: PIE object was selected: "PostProcessVolume /Game/FirstPersonBP/Maps/UEDPIE_0_FirstPersonExampleMap.FirstPersonExampleMap:PersistentLevel.GLOBALPostProcess"
[2015.04.23-15.48.12:685][266]LogParticles: Destroying 0 GPU particle simulations for FXSystem 0x000000171312A700
[2015.04.23-15.48.13:319][334]BlueprintLog: New page: Pre-PIE auto-recompile
[2015.04.23-15.48.13:323][334]LogPlayLevel: [PIE] Compiling FirstPersonExampleMap before PIE...
[2015.04.23-15.48.13:399][334]LogPlayLevel: PIE:  Blueprint regeneration took 80 ms (1 blueprints)
[2015.04.23-15.48.13:399][334]PIE: New page: SIE session: FirstPersonExampleMap (Apr 23, 2015, 7:48:13 PM)
[2015.04.23-15.48.13:420][334]LogBlueprint:Warning: FMemberReference::ResolveMember (AddComponent) bSelfContext == true, but no scope supplied!
[2015.04.23-15.48.13:424][334]LogPlayLevel: PIE: StaticDuplicateObject took: (0.024951s)
[2015.04.23-15.48.13:425][334]LogPlayLevel: PIE: World Init took: (0.000635s)
[2015.04.23-15.48.13:425][334]LogPlayLevel: PIE: Created PIE world by copying editor world from /Game/FirstPersonBP/Maps/FirstPersonExampleMap.FirstPersonExampleMap to /Game/FirstPersonBP/Maps/UEDPIE_0_FirstPersonExampleMap.FirstPersonExampleMap (0.025742s)
[2015.04.23-15.48.13:425][334]LogSelection:Warning: PIE object was selected: "PostProcessVolume /Game/FirstPersonBP/Maps/UEDPIE_0_FirstPersonExampleMap.FirstPersonExampleMap:PersistentLevel.GLOBALPostProcess"
[2015.04.23-15.48.13:460][334]LogWorld: Game class is 'FirstPersonGameMode_C'
[2015.04.23-15.48.13:462][334]LogAIModule: Creating AISystem for world FirstPersonExampleMap
[2015.04.23-15.48.13:474][334]LogWorld: Bringing World /Game/FirstPersonBP/Maps/UEDPIE_0_FirstPersonExampleMap.FirstPersonExampleMap up for play (max tick rate 0) at 2015.04.23-17.48.13
[2015.04.23-15.48.13:475][334]LogWorld: Bringing up level for play took: 0.012587
[2015.04.23-15.48.13:477][334]PIE: Info Play in editor start time for /Game/FirstPersonBP/Maps/UEDPIE_0_FirstPersonExampleMap -0.569
[2015.04.23-15.48.13:500][334]LogSelection:Warning: PIE object was selected: "PostProcessVolume /Game/FirstPersonBP/Maps/UEDPIE_0_FirstPersonExampleMap.FirstPersonExampleMap:PersistentLevel.GLOBALPostProcess"
[2015.04.23-15.48.21:145][969]LogParticles: Destroying 0 GPU particle simulations for FXSystem 0x0000001713129A80
[2015.04.23-15.48.45:435][767]BlueprintLog: New page: Pre-PIE auto-recompile
[2015.04.23-15.48.45:439][767]LogPlayLevel: [PIE] Compiling FirstPersonExampleMap before PIE...
[2015.04.23-15.48.45:516][767]LogPlayLevel: PIE:  Blueprint regeneration took 80 ms (1 blueprints)
[2015.04.23-15.48.45:516][767]PIE: New page: SIE session: FirstPersonExampleMap (Apr 23, 2015, 7:48:45 PM)
[2015.04.23-15.48.45:536][767]LogBlueprint:Warning: FMemberReference::ResolveMember (AddComponent) bSelfContext == true, but no scope supplied!
[2015.04.23-15.48.45:539][767]LogPlayLevel: PIE: StaticDuplicateObject took: (0.022526s)
[2015.04.23-15.48.45:541][767]LogPlayLevel: PIE: World Init took: (0.001629s)
[2015.04.23-15.48.45:541][767]LogPlayLevel: PIE: Created PIE world by copying editor world from /Game/FirstPersonBP/Maps/FirstPersonExampleMap.FirstPersonExampleMap to /Game/FirstPersonBP/Maps/UEDPIE_0_FirstPersonExampleMap.FirstPersonExampleMap (0.024376s)
[2015.04.23-15.48.45:542][767]LogSelection:Warning: PIE object was selected: "PostProcessVolume /Game/FirstPersonBP/Maps/UEDPIE_0_FirstPersonExampleMap.FirstPersonExampleMap:PersistentLevel.GLOBALPostProcess"
[2015.04.23-15.48.45:578][767]LogWorld: Game class is 'FirstPersonGameMode_C'
[2015.04.23-15.48.45:580][767]LogAIModule: Creating AISystem for world FirstPersonExampleMap
[2015.04.23-15.48.45:591][767]LogWorld: Bringing World /Game/FirstPersonBP/Maps/UEDPIE_0_FirstPersonExampleMap.FirstPersonExampleMap up for play (max tick rate 0) at 2015.04.23-17.48.45
[2015.04.23-15.48.45:592][767]LogWorld: Bringing up level for play took: 0.011745
[2015.04.23-15.48.45:594][767]PIE: Info Play in editor start time for /Game/FirstPersonBP/Maps/UEDPIE_0_FirstPersonExampleMap -0.452
[2015.04.23-15.48.45:616][767]LogSelection:Warning: PIE object was selected: "PostProcessVolume /Game/FirstPersonBP/Maps/UEDPIE_0_FirstPersonExampleMap.FirstPersonExampleMap:PersistentLevel.GLOBALPostProcess"
[2015.04.23-15.48.50:853][237]Cmd: stat fps
[2015.04.23-15.48.56:503][733]LogParticles: Destroying 0 GPU particle simulations for FXSystem 0x000000171284BC40
[2015.04.23-15.48.57:819][882]BlueprintLog: New page: Pre-PIE auto-recompile
[2015.04.23-15.48.57:823][882]LogPlayLevel: [PIE] Compiling FirstPersonExampleMap before PIE...
[2015.04.23-15.48.57:899][882]LogPlayLevel: PIE:  Blueprint regeneration took 80 ms (1 blueprints)
[2015.04.23-15.48.57:899][882]PIE: New page: PIE session: FirstPersonExampleMap (Apr 23, 2015, 7:48:57 PM)
[2015.04.23-15.48.57:919][882]LogBlueprint:Warning: FMemberReference::ResolveMember (AddComponent) bSelfContext == true, but no scope supplied!
[2015.04.23-15.48.57:923][882]LogPlayLevel: PIE: StaticDuplicateObject took: (0.023606s)
[2015.04.23-15.48.57:924][882]LogPlayLevel: PIE: World Init took: (0.000700s)
[2015.04.23-15.48.57:924][882]LogPlayLevel: PIE: Created PIE world by copying editor world from /Game/FirstPersonBP/Maps/FirstPersonExampleMap.FirstPersonExampleMap to /Game/FirstPersonBP/Maps/UEDPIE_0_FirstPersonExampleMap.FirstPersonExampleMap (0.024495s)
[2015.04.23-15.48.57:958][882]LogWorld: Game class is 'FirstPersonGameMode_C'
[2015.04.23-15.48.57:960][882]LogAIModule: Creating AISystem for world FirstPersonExampleMap
[2015.04.23-15.48.57:971][882]LogWorld: Bringing World /Game/FirstPersonBP/Maps/UEDPIE_0_FirstPersonExampleMap.FirstPersonExampleMap up for play (max tick rate 0) at 2015.04.23-17.48.57
[2015.04.23-15.48.57:972][882]LogWorld: Bringing up level for play took: 0.011535
[2015.04.23-15.48.57:974][882]PIE: Info Play in editor start time for /Game/FirstPersonBP/Maps/UEDPIE_0_FirstPersonExampleMap -0.073
[2015.04.23-15.49.02:854][463]Cmd: stat fps
[2015.04.23-15.49.11:291][460]LogParticles: Destroying 0 GPU particle simulations for FXSystem 0x0000001760281EE0
[2015.04.23-15.49.29:339][366]LogMaterial: Missing cached shader map for material TriggerScan, compiling. 
[2015.04.23-15.49.29:355][366]LogActorComponent: UnregisterComponent: (/Engine/Transient.SkeletalMeshComponent_2) Not registered. Aborting.
[2015.04.23-15.49.29:401][366]LogActorComponent: UnregisterComponent: (/Engine/Transient.SkeletalMeshComponent_2) Not registered. Aborting.
[2015.04.23-15.49.29:401][366]LogActorComponent: RegisterComponentWithWorld: (/Engine/Transient.MaterialEditorMeshComponent_2) Already registered. Aborting.
[2015.04.23-15.49.29:402][366]LogActorComponent: UnregisterComponent: (/Engine/Transient.SkeletalMeshComponent_2) Not registered. Aborting.
[2015.04.23-15.49.29:402][366]LogActorComponent: RegisterComponentWithWorld: (/Engine/Transient.MaterialEditorMeshComponent_2) Already registered. Aborting.
[2015.04.23-15.49.29:417][366]LogMaterial: Missing cached shader map for material TriggerScan, compiling. 
[2015.04.23-15.49.29:419][366]LogMaterial: 0.000075 seconds spent updating 1 materials, 1 interfaces, 0 instances, 0 with static permutations.
[2015.04.23-15.49.29:447][366]LogMaterial: Missing cached shader map for material FMatExpressionPreview MaterialExpressionVectorParameter_0, compiling. 
[2015.04.23-15.49.29:449][366]LogMaterial: Missing cached shader map for material FMatExpressionPreview MaterialExpressionCustom_1, compiling. 
[2015.04.23-15.49.29:450][366]LogMaterial: Missing cached shader map for material FMatExpressionPreview MaterialExpressionCustom_2, compiling. 
[2015.04.23-15.49.29:451][366]LogMaterial: Missing cached shader map for material FMatExpressionPreview MaterialExpressionCustom_3, compiling. 
[2015.04.23-15.49.30:205][441]MaterialEditorStats: Info Base pass shader without light map: 54 instructions
[2015.04.23-15.49.30:205][441]MaterialEditorStats: Info Vertex shader: 31 instructions
[2015.04.23-15.49.30:205][441]MaterialEditorStats: Info Texture samplers: 1/16
[2015.04.23-15.49.52:636][ 97]BlueprintLog: New page: Pre-PIE auto-recompile
[2015.04.23-15.49.52:640][ 97]LogPlayLevel: [PIE] Compiling FirstPersonExampleMap before PIE...
[2015.04.23-15.49.52:718][ 97]LogPlayLevel: PIE:  Blueprint regeneration took 82 ms (1 blueprints)
[2015.04.23-15.49.52:718][ 97]PIE: New page: PIE session: FirstPersonExampleMap (Apr 23, 2015, 7:49:52 PM)
[2015.04.23-15.49.52:738][ 97]LogBlueprint:Warning: FMemberReference::ResolveMember (AddComponent) bSelfContext == true, but no scope supplied!
[2015.04.23-15.49.52:743][ 97]LogPlayLevel: PIE: StaticDuplicateObject took: (0.024303s)
[2015.04.23-15.49.52:744][ 97]LogPlayLevel: PIE: World Init took: (0.000778s)
[2015.04.23-15.49.52:744][ 97]LogPlayLevel: PIE: Created PIE world by copying editor world from /Game/FirstPersonBP/Maps/FirstPersonExampleMap.FirstPersonExampleMap to /Game/FirstPersonBP/Maps/UEDPIE_0_FirstPersonExampleMap.FirstPersonExampleMap (0.025276s)
[2015.04.23-15.49.52:782][ 97]LogWorld: Game class is 'FirstPersonGameMode_C'
[2015.04.23-15.49.52:784][ 97]LogAIModule: Creating AISystem for world FirstPersonExampleMap
[2015.04.23-15.49.52:795][ 97]LogWorld: Bringing World /Game/FirstPersonBP/Maps/UEDPIE_0_FirstPersonExampleMap.FirstPersonExampleMap up for play (max tick rate 0) at 2015.04.23-17.49.52
[2015.04.23-15.49.52:796][ 97]LogWorld: Bringing up level for play took: 0.011665
[2015.04.23-15.49.52:798][ 97]PIE: Info Play in editor start time for /Game/FirstPersonBP/Maps/UEDPIE_0_FirstPersonExampleMap 0.751
[2015.04.23-15.49.56:902][436]LogParticles: Destroying 0 GPU particle simulations for FXSystem 0x0000001760283100
[2015.04.23-15.49.58:914][570]LogEditorViewport: Clicking on Actor (LMB): StaticMeshActor (Cube07)
[2015.04.23-15.50.56:552][416]LogMaterial: Missing cached shader map for material TriggerScanPP, compiling. 
[2015.04.23-15.50.59:955][585]LogMaterial: Missing cached shader map for material TriggerScanPP, compiling. 
[2015.04.23-15.50.59:970][585]LogActorComponent: UnregisterComponent: (/Engine/Transient.SkeletalMeshComponent_3) Not registered. Aborting.
[2015.04.23-15.51.00:021][585]LogActorComponent: UnregisterComponent: (/Engine/Transient.SkeletalMeshComponent_3) Not registered. Aborting.
[2015.04.23-15.51.00:021][585]LogActorComponent: RegisterComponentWithWorld: (/Engine/Transient.MaterialEditorMeshComponent_3) Already registered. Aborting.
[2015.04.23-15.51.00:021][585]LogActorComponent: UnregisterComponent: (/Engine/Transient.SkeletalMeshComponent_3) Not registered. Aborting.
[2015.04.23-15.51.00:021][585]LogActorComponent: RegisterComponentWithWorld: (/Engine/Transient.MaterialEditorMeshComponent_3) Already registered. Aborting.
[2015.04.23-15.51.00:058][585]LogMaterial: Missing cached shader map for material TriggerScanPP, compiling. 
[2015.04.23-15.51.00:060][585]LogMaterial: 0.000110 seconds spent updating 1 materials, 1 interfaces, 0 instances, 0 with static permutations.
[2015.04.23-15.51.00:084][585]LogMaterial: Missing cached shader map for material FMatExpressionPreview MaterialExpressionVectorParameter_5, compiling. 
[2015.04.23-15.51.00:086][585]LogMaterial: Missing cached shader map for material FMatExpressionPreview MaterialExpressionVectorParameter_6, compiling. 
[2015.04.23-15.51.00:088][585]LogMaterial: Missing cached shader map for material FMatExpressionPreview MaterialExpressionVectorParameter_7, compiling. 
[2015.04.23-15.51.00:860][639]MaterialEditorStats: Info Base pass shader without light map: 73 instructions
[2015.04.23-15.51.00:860][639]MaterialEditorStats: Info Vertex shader: 31 instructions
[2015.04.23-15.51.00:860][639]MaterialEditorStats: Info Texture samplers: 4/16
[2015.04.23-15.51.12:800][460]LogMaterial: Missing cached shader map for material TriggerScanPP, compiling. 
[2015.04.23-15.51.12:802][460]LogMaterial: 0.000065 seconds spent updating 1 materials, 1 interfaces, 0 instances, 0 with static permutations.
[2015.04.23-15.51.13:039][474]MaterialEditorStats: Info Base pass shader without light map: 73 instructions
[2015.04.23-15.51.13:039][474]MaterialEditorStats: Info Vertex shader: 31 instructions
[2015.04.23-15.51.13:039][474]MaterialEditorStats: Info Texture samplers: 4/16
[2015.04.23-15.56.09:396][330]LogContentBrowser:Verbose: The content browser source was changed by the sources view to '/Game/FirstPersonBP/Materials'
[2015.04.23-15.56.13:413][529]LogMaterial: Missing cached shader map for material TestMat, compiling. 
[2015.04.23-15.56.13:441][529]LogActorComponent: UnregisterComponent: (/Engine/Transient.SkeletalMeshComponent_4) Not registered. Aborting.
[2015.04.23-15.56.13:492][529]LogActorComponent: UnregisterComponent: (/Engine/Transient.SkeletalMeshComponent_4) Not registered. Aborting.
[2015.04.23-15.56.13:492][529]LogActorComponent: RegisterComponentWithWorld: (/Engine/Transient.MaterialEditorMeshComponent_4) Already registered. Aborting.
[2015.04.23-15.56.13:492][529]LogActorComponent: UnregisterComponent: (/Engine/Transient.SkeletalMeshComponent_4) Not registered. Aborting.
[2015.04.23-15.56.13:492][529]LogActorComponent: RegisterComponentWithWorld: (/Engine/Transient.MaterialEditorMeshComponent_4) Already registered. Aborting.
[2015.04.23-15.56.13:495][529]LogMaterial: Missing cached shader map for material TestMat, compiling. 
[2015.04.23-15.56.13:499][529]LogMaterial: 0.000078 seconds spent updating 1 materials, 1 interfaces, 0 instances, 0 with static permutations.
[2015.04.23-15.56.15:028][638]MaterialEditorStats: Info Base pass shader with only dynamic lighting: 29 instructions
[2015.04.23-15.56.15:028][638]MaterialEditorStats: Info Vertex shader: 31 instructions
[2015.04.23-15.56.15:028][638]MaterialEditorStats: Info Texture samplers: 0/16
[2015.04.23-15.56.20:073][ 32]LogMaterial: Missing cached shader map for material TestMat, compiling. 
[2015.04.23-15.56.20:076][ 32]LogMaterial: Missing cached shader map for material TestMat, compiling. 
[2015.04.23-15.56.20:077][ 32]LogMaterial: 0.000061 seconds spent updating 1 materials, 1 interfaces, 0 instances, 0 with static permutations.
[2015.04.23-15.56.20:237][ 44]MaterialEditorStats: Info Base pass shader without light map: 18 instructions
[2015.04.23-15.56.20:237][ 44]MaterialEditorStats: Info Vertex shader: 31 instructions
[2015.04.23-15.56.20:237][ 44]MaterialEditorStats: Info Texture samplers: 0/16
[2015.04.23-15.56.25:184][453]LogUObjectGlobals:Warning: Failed to find object 'Object None.'
[2015.04.23-15.56.25:184][453]LogUObjectGlobals:Warning: Failed to find object 'Object None.'
[2015.04.23-15.56.25:184][453]LogUObjectGlobals:Warning: Failed to find object 'Object None.'
[2015.04.23-15.56.25:184][453]LogUObjectGlobals:Warning: Failed to find object 'Object None.'
[2015.04.23-15.56.25:184][453]LogUObjectGlobals:Warning: Failed to find object 'Object None.'
[2015.04.23-15.56.25:184][453]LogUObjectGlobals:Warning: Failed to find object 'Object None.'
[2015.04.23-15.56.25:185][453]LogUObjectGlobals:Warning: Failed to find object 'Object None.'
[2015.04.23-15.56.25:185][453]LogUObjectGlobals:Warning: Failed to find object 'Object None.'
[2015.04.23-15.56.25:185][453]LogUObjectGlobals:Warning: Failed to find object 'Object None.'
[2015.04.23-15.56.25:185][453]LogUObjectGlobals:Warning: Failed to find object 'Object None.'
[2015.04.23-15.56.25:185][453]LogUObjectGlobals:Warning: Failed to find object 'Object None.'
[2015.04.23-15.56.25:185][453]LogUObjectGlobals:Warning: Failed to find object 'Object None.'
[2015.04.23-15.56.25:185][453]LogUObjectGlobals:Warning: Failed to find object 'Object None.'
[2015.04.23-15.56.25:185][453]LogUObjectGlobals:Warning: Failed to find object 'Object None.'
[2015.04.23-15.56.25:185][453]LogUObjectGlobals:Warning: Failed to find object 'Object None.'
[2015.04.23-15.56.25:185][453]LogUObjectGlobals:Warning: Failed to find object 'Object None.'
[2015.04.23-15.56.25:185][453]LogUObjectGlobals:Warning: Failed to find object 'Object None.'
[2015.04.23-15.56.25:186][453]LogUObjectGlobals:Warning: Failed to find object 'Object None.'
[2015.04.23-15.56.25:186][453]LogUObjectGlobals:Warning: Failed to find object 'Object None.'
[2015.04.23-15.56.25:186][453]LogUObjectGlobals:Warning: Failed to find object 'Object None.'
[2015.04.23-15.56.25:186][453]LogUObjectGlobals:Warning: Failed to find object 'Object None.'
[2015.04.23-15.56.25:186][453]LogUObjectGlobals:Warning: Failed to find object 'Object None.'
[2015.04.23-15.56.25:188][453]LogUObjectHash:Warning: Ambiguous search, could be MaterialGraphNode /Engine/Transient.TestMat:MaterialGraph_4.MaterialGraphNode_93 or MaterialGraphNode /Engine/Transient.TriggerScan:MaterialGraph_2.MaterialGraphNode_93
[2015.04.23-15.56.25:188][453]LogUObjectHash:Warning: Ambiguous search, could be MaterialGraphNode /Engine/Transient.TestMat:MaterialGraph_4.MaterialGraphNode_105 or MaterialGraphNode /Engine/Transient.TriggerScan:MaterialGraph_2.MaterialGraphNode_105
[2015.04.23-15.56.25:189][453]LogUObjectHash:Warning: Ambiguous search, could be MaterialGraphNode /Engine/Transient.TestMat:MaterialGraph_4.MaterialGraphNode_105 or MaterialGraphNode /Engine/Transient.TriggerScan:MaterialGraph_2.MaterialGraphNode_105
[2015.04.23-15.56.25:189][453]LogProperty:Warning: ObjectProperty /Script/Engine.MaterialExpression:ExpressionInput.Expression: unresolved reference to 'MaterialExpressionLinearInterpolate'MaterialGraphNode_105.MaterialExpressionLinearInterpolate_24')'
[2015.04.23-15.56.25:189][453]LogUObjectHash:Warning: Ambiguous search, could be MaterialGraphNode /Engine/Transient.TestMat:MaterialGraph_4.MaterialGraphNode_93 or MaterialGraphNode /Engine/Transient.TriggerScan:MaterialGraph_2.MaterialGraphNode_93
[2015.04.23-15.56.25:189][453]LogProperty:Warning: ObjectProperty /Script/Engine.MaterialExpression:ExpressionInput.Expression: unresolved reference to 'MaterialExpressionCustom'MaterialGraphNode_93.MaterialExpressionCustom_72')'
[2015.04.23-15.56.25:190][453]LogUObjectHash:Warning: Ambiguous search, could be MaterialGraphNode /Engine/Transient.TestMat:MaterialGraph_4.MaterialGraphNode_93 or MaterialGraphNode /Engine/Transient.TriggerScan:MaterialGraph_2.MaterialGraphNode_93
[2015.04.23-15.56.25:190][453]LogUObjectHash:Warning: Ambiguous search, could be MaterialGraphNode /Engine/Transient.TestMat:MaterialGraph_4.MaterialGraphNode_96 or MaterialGraphNode /Engine/Transient.TriggerScan:MaterialGraph_2.MaterialGraphNode_96
[2015.04.23-15.56.25:193][453]LogUObjectHash:Warning: Ambiguous search, could be MaterialGraphNode /Engine/Transient.TestMat:MaterialGraph_4.MaterialGraphNode_93 or MaterialGraphNode /Engine/Transient.TriggerScan:MaterialGraph_2.MaterialGraphNode_93
[2015.04.23-15.56.25:195][453]LogUObjectHash:Warning: Ambiguous search, could be MaterialGraphNode /Engine/Transient.TestMat:MaterialGraph_4.MaterialGraphNode_93 or MaterialGraphNode /Engine/Transient.TriggerScan:MaterialGraph_2.MaterialGraphNode_93
[2015.04.23-15.56.25:195][453]LogUObjectHash:Warning: Ambiguous search, could be MaterialGraphNode /Engine/Transient.TestMat:MaterialGraph_4.MaterialGraphNode_96 or MaterialGraphNode /Engine/Transient.TriggerScan:MaterialGraph_2.MaterialGraphNode_96
[2015.04.23-15.56.25:197][453]LogUObjectHash:Warning: Ambiguous search, could be MaterialGraphNode /Engine/Transient.TestMat:MaterialGraph_4.MaterialGraphNode_93 or MaterialGraphNode /Engine/Transient.TriggerScan:MaterialGraph_2.MaterialGraphNode_93
[2015.04.23-15.56.25:197][453]LogUObjectHash:Warning: Ambiguous search, could be MaterialGraphNode /Engine/Transient.TestMat:MaterialGraph_4.MaterialGraphNode_96 or MaterialGraphNode /Engine/Transient.TriggerScan:MaterialGraph_2.MaterialGraphNode_96
[2015.04.23-15.56.25:199][453]LogUObjectHash:Warning: Ambiguous search, could be MaterialGraphNode /Engine/Transient.TestMat:MaterialGraph_4.MaterialGraphNode_93 or MaterialGraphNode /Engine/Transient.TriggerScan:MaterialGraph_2.MaterialGraphNode_93
[2015.04.23-15.56.25:199][453]LogUObjectHash:Warning: Ambiguous search, could be MaterialGraphNode /Engine/Transient.TestMat:MaterialGraph_4.MaterialGraphNode_96 or MaterialGraphNode /Engine/Transient.TriggerScan:MaterialGraph_2.MaterialGraphNode_96
[2015.04.23-15.56.25:202][453]LogUObjectHash:Warning: Ambiguous search, could be MaterialGraphNode /Engine/Transient.TestMat:MaterialGraph_4.MaterialGraphNode_95 or MaterialGraphNode /Engine/Transient.TriggerScan:MaterialGraph_2.MaterialGraphNode_95
[2015.04.23-15.56.25:203][453]LogUObjectHash:Warning: Ambiguous search, could be MaterialGraphNode /Engine/Transient.TestMat:MaterialGraph_4.MaterialGraphNode_95 or MaterialGraphNode /Engine/Transient.TriggerScan:MaterialGraph_2.MaterialGraphNode_95
[2015.04.23-15.56.25:208][453]LogUObjectHash:Warning: Ambiguous search, could be MaterialGraphNode /Engine/Transient.TestMat:MaterialGraph_4.MaterialGraphNode_101 or MaterialGraphNode /Engine/Transient.TriggerScan:MaterialGraph_2.MaterialGraphNode_101
[2015.04.23-15.56.25:208][453]LogUObjectHash:Warning: Ambiguous search, could be MaterialGraphNode /Engine/Transient.TestMat:MaterialGraph_4.MaterialGraphNode_105 or MaterialGraphNode /Engine/Transient.TriggerScan:MaterialGraph_2.MaterialGraphNode_105
[2015.04.23-15.56.25:208][453]LogUObjectHash:Warning: Ambiguous search, could be MaterialGraphNode /Engine/Transient.TestMat:MaterialGraph_4.MaterialGraphNode_95 or MaterialGraphNode /Engine/Transient.TriggerScan:MaterialGraph_2.MaterialGraphNode_95
[2015.04.23-15.56.25:208][453]LogUObjectHash:Warning: Ambiguous search, could be MaterialGraphNode /Engine/Transient.TestMat:MaterialGraph_4.MaterialGraphNode_94 or MaterialGraphNode /Engine/Transient.TriggerScan:MaterialGraph_2.MaterialGraphNode_94
[2015.04.23-15.56.25:210][453]LogUObjectHash:Warning: Ambiguous search, could be MaterialGraphNode /Engine/Transient.TestMat:MaterialGraph_4.MaterialGraphNode_107 or MaterialGraphNode /Engine/Transient.TriggerScan:MaterialGraph_2.MaterialGraphNode_107
[2015.04.23-15.56.25:210][453]LogUObjectHash:Warning: Ambiguous search, could be MaterialGraphNode /Engine/Transient.TestMat:MaterialGraph_4.MaterialGraphNode_106 or MaterialGraphNode /Engine/Transient.TriggerScan:MaterialGraph_2.MaterialGraphNode_106
[2015.04.23-15.56.25:210][453]LogUObjectHash:Warning: Ambiguous search, could be MaterialGraphNode /Engine/Transient.TestMat:MaterialGraph_4.MaterialGraphNode_106 or MaterialGraphNode /Engine/Transient.TriggerScan:MaterialGraph_2.MaterialGraphNode_106
[2015.04.23-15.56.25:210][453]LogProperty:Warning: ObjectProperty /Script/Engine.MaterialExpression:ExpressionInput.Expression: unresolved reference to 'MaterialExpressionActorPositionWS'MaterialGraphNode_106.MaterialExpressionActorPositionWS_29'))'
[2015.04.23-15.56.25:210][453]LogUObjectHash:Warning: Ambiguous search, could be MaterialGraphNode /Engine/Transient.TestMat:MaterialGraph_4.MaterialGraphNode_107 or MaterialGraphNode /Engine/Transient.TriggerScan:MaterialGraph_2.MaterialGraphNode_107
[2015.04.23-15.56.25:210][453]LogProperty:Warning: ObjectProperty /Script/Engine.MaterialExpression:ExpressionInput.Expression: unresolved reference to 'MaterialExpressionActorPositionWS'MaterialGraphNode_107.MaterialExpressionActorPositionWS_30'))'
[2015.04.23-15.56.25:210][453]LogUObjectHash:Warning: Ambiguous search, could be MaterialGraphNode /Engine/Transient.TestMat:MaterialGraph_4.MaterialGraphNode_87 or MaterialGraphNode /Engine/Transient.TriggerScan:MaterialGraph_2.MaterialGraphNode_87
[2015.04.23-15.56.25:210][453]LogProperty:Warning: ObjectProperty /Script/Engine.MaterialExpression:ExpressionInput.Expression: unresolved reference to 'MaterialExpressionWorldPosition'MaterialGraphNode_87.MaterialExpressionWorldPosition_24'))'
[2015.04.23-15.56.25:210][453]LogUObjectHash:Warning: Ambiguous search, could be MaterialGraphNode /Engine/Transient.TestMat:MaterialGraph_4.MaterialGraphNode_88 or MaterialGraphNode /Engine/Transient.TriggerScan:MaterialGraph_2.MaterialGraphNode_88
[2015.04.23-15.56.25:211][453]LogProperty:Warning: ObjectProperty /Script/Engine.MaterialExpression:ExpressionInput.Expression: unresolved reference to 'MaterialExpressionSceneTexture'MaterialGraphNode_88.MaterialExpressionSceneTexture_48',Mask=1,MaskR=1,MaskG=1,MaskB=1,MaskA=1))'
[2015.04.23-15.56.25:211][453]LogUObjectHash:Warning: Ambiguous search, could be MaterialGraphNode /Engine/Transient.TestMat:MaterialGraph_4.MaterialGraphNode_89 or MaterialGraphNode /Engine/Transient.TriggerScan:MaterialGraph_2.MaterialGraphNode_89
[2015.04.23-15.56.25:211][453]LogProperty:Warning: ObjectProperty /Script/Engine.MaterialExpression:ExpressionInput.Expression: unresolved reference to 'MaterialExpressionVertexNormalWS'MaterialGraphNode_89.MaterialExpressionVertexNormalWS_24'))'
[2015.04.23-15.56.25:211][453]LogUObjectHash:Warning: Ambiguous search, could be MaterialGraphNode /Engine/Transient.TestMat:MaterialGraph_4.MaterialGraphNode_90 or MaterialGraphNode /Engine/Transient.TriggerScan:MaterialGraph_2.MaterialGraphNode_90
[2015.04.23-15.56.25:211][453]LogProperty:Warning: ObjectProperty /Script/Engine.MaterialExpression:ExpressionInput.Expression: unresolved reference to 'MaterialExpressionScalarParameter'MaterialGraphNode_90.MaterialExpressionScalarParameter_72'))'
[2015.04.23-15.56.25:211][453]LogUObjectHash:Warning: Ambiguous search, could be MaterialGraphNode /Engine/Transient.TestMat:MaterialGraph_4.MaterialGraphNode_91 or MaterialGraphNode /Engine/Transient.TriggerScan:MaterialGraph_2.MaterialGraphNode_91
[2015.04.23-15.56.25:211][453]LogProperty:Warning: ObjectProperty /Script/Engine.MaterialExpression:ExpressionInput.Expression: unresolved reference to 'MaterialExpressionTime'MaterialGraphNode_91.MaterialExpressionTime_24'))'
[2015.04.23-15.56.25:211][453]LogUObjectHash:Warning: Ambiguous search, could be MaterialGraphNode /Engine/Transient.TestMat:MaterialGraph_4.MaterialGraphNode_94 or MaterialGraphNode /Engine/Transient.TriggerScan:MaterialGraph_2.MaterialGraphNode_94
[2015.04.23-15.56.25:211][453]LogProperty:Warning: ObjectProperty /Script/Engine.MaterialExpression:ExpressionInput.Expression: unresolved reference to 'MaterialExpressionScalarParameter'MaterialGraphNode_94.MaterialExpressionScalarParameter_73'))'
[2015.04.23-15.56.25:211][453]LogUObjectHash:Warning: Ambiguous search, could be MaterialGraphNode /Engine/Transient.TestMat:MaterialGraph_4.MaterialGraphNode_95 or MaterialGraphNode /Engine/Transient.TriggerScan:MaterialGraph_2.MaterialGraphNode_95
[2015.04.23-15.56.25:211][453]LogProperty:Warning: ObjectProperty /Script/Engine.MaterialExpression:ExpressionInput.Expression: unresolved reference to 'MaterialExpressionMultiply'MaterialGraphNode_95.MaterialExpressionMultiply_24'))'
[2015.04.23-15.56.25:213][453]LogUObjectHash:Warning: Ambiguous search, could be MaterialGraphNode /Engine/Transient.TestMat:MaterialGraph_4.MaterialGraphNode_96 or MaterialGraphNode /Engine/Transient.TriggerScan:MaterialGraph_2.MaterialGraphNode_96
[2015.04.23-15.56.25:216][453]LogUObjectHash:Warning: Ambiguous search, could be MaterialGraphNode /Engine/Transient.TestMat:MaterialGraph_4.MaterialGraphNode_96 or MaterialGraphNode /Engine/Transient.TriggerScan:MaterialGraph_2.MaterialGraphNode_96
[2015.04.23-15.56.25:217][453]LogUObjectHash:Warning: Ambiguous search, could be MaterialGraphNode /Engine/Transient.TestMat:MaterialGraph_4.MaterialGraphNode_92 or MaterialGraphNode /Engine/Transient.TriggerScan:MaterialGraph_2.MaterialGraphNode_92
[2015.04.23-15.56.25:217][453]LogProperty:Warning: ObjectProperty /Script/Engine.MaterialExpression:ExpressionInput.Expression: unresolved reference to 'MaterialExpressionVectorParameter'MaterialGraphNode_92.MaterialExpressionVectorParameter_24',Mask=1,MaskR=1,MaskG=1,MaskB=1)'
[2015.04.23-15.56.25:217][453]LogUObjectHash:Warning: Ambiguous search, could be MaterialGraphNode /Engine/Transient.TestMat:MaterialGraph_4.MaterialGraphNode_92 or MaterialGraphNode /Engine/Transient.TriggerScan:MaterialGraph_2.MaterialGraphNode_92
[2015.04.23-15.56.25:217][453]LogProperty:Warning: ObjectProperty /Script/Engine.MaterialExpression:ExpressionInput.Expression: unresolved reference to 'MaterialExpressionVectorParameter'MaterialGraphNode_92.MaterialExpressionVectorParameter_24',OutputIndex=4,Mask=1,MaskA=1)'
[2015.04.23-15.56.25:222][453]LogUObjectHash:Warning: Ambiguous search, could be MaterialGraphNode /Engine/Transient.TestMat:MaterialGraph_4.MaterialGraphNode_105 or MaterialGraphNode /Engine/Transient.TriggerScan:MaterialGraph_2.MaterialGraphNode_105
[2015.04.23-15.56.25:223][453]LogUObjectHash:Warning: Ambiguous search, could be MaterialGraphNode /Engine/Transient.TestMat:MaterialGraph_4.MaterialGraphNode_97 or MaterialGraphNode /Engine/Transient.TriggerScan:MaterialGraph_2.MaterialGraphNode_97
[2015.04.23-15.56.25:224][453]LogUObjectHash:Warning: Ambiguous search, could be MaterialGraphNode /Engine/Transient.TestMat:MaterialGraph_4.MaterialGraphNode_107 or MaterialGraphNode /Engine/Transient.TriggerScan:MaterialGraph_2.MaterialGraphNode_107
[2015.04.23-15.56.25:224][453]LogUObjectHash:Warning: Ambiguous search, could be MaterialGraphNode /Engine/Transient.TestMat:MaterialGraph_4.MaterialGraphNode_106 or MaterialGraphNode /Engine/Transient.TriggerScan:MaterialGraph_2.MaterialGraphNode_106
[2015.04.23-15.56.25:224][453]LogUObjectHash:Warning: Ambiguous search, could be MaterialGraphNode /Engine/Transient.TestMat:MaterialGraph_4.MaterialGraphNode_106 or MaterialGraphNode /Engine/Transient.TriggerScan:MaterialGraph_2.MaterialGraphNode_106
[2015.04.23-15.56.25:224][453]LogProperty:Warning: ObjectProperty /Script/Engine.MaterialExpression:ExpressionInput.Expression: unresolved reference to 'MaterialExpressionActorPositionWS'MaterialGraphNode_106.MaterialExpressionActorPositionWS_29'))'
[2015.04.23-15.56.25:224][453]LogUObjectHash:Warning: Ambiguous search, could be MaterialGraphNode /Engine/Transient.TestMat:MaterialGraph_4.MaterialGraphNode_107 or MaterialGraphNode /Engine/Transient.TriggerScan:MaterialGraph_2.MaterialGraphNode_107
[2015.04.23-15.56.25:224][453]LogProperty:Warning: ObjectProperty /Script/Engine.MaterialExpression:ExpressionInput.Expression: unresolved reference to 'MaterialExpressionActorPositionWS'MaterialGraphNode_107.MaterialExpressionActorPositionWS_30'))'
[2015.04.23-15.56.25:224][453]LogUObjectHash:Warning: Ambiguous search, could be MaterialGraphNode /Engine/Transient.TestMat:MaterialGraph_4.MaterialGraphNode_87 or MaterialGraphNode /Engine/Transient.TriggerScan:MaterialGraph_2.MaterialGraphNode_87
[2015.04.23-15.56.25:224][453]LogProperty:Warning: ObjectProperty /Script/Engine.MaterialExpression:ExpressionInput.Expression: unresolved reference to 'MaterialExpressionWorldPosition'MaterialGraphNode_87.MaterialExpressionWorldPosition_24'))'
[2015.04.23-15.56.25:224][453]LogUObjectHash:Warning: Ambiguous search, could be MaterialGraphNode /Engine/Transient.TestMat:MaterialGraph_4.MaterialGraphNode_97 or MaterialGraphNode /Engine/Transient.TriggerScan:MaterialGraph_2.MaterialGraphNode_97
[2015.04.23-15.56.25:224][453]LogProperty:Warning: ObjectProperty /Script/Engine.MaterialExpression:ExpressionInput.Expression: unresolved reference to 'MaterialExpressionSceneTexture'MaterialGraphNode_97.MaterialExpressionSceneTexture_49',Mask=1,MaskR=1,MaskG=1,MaskB=1,MaskA=1))'
[2015.04.23-15.56.25:224][453]LogUObjectHash:Warning: Ambiguous search, could be MaterialGraphNode /Engine/Transient.TestMat:MaterialGraph_4.MaterialGraphNode_89 or MaterialGraphNode /Engine/Transient.TriggerScan:MaterialGraph_2.MaterialGraphNode_89
[2015.04.23-15.56.25:225][453]LogProperty:Warning: ObjectProperty /Script/Engine.MaterialExpression:ExpressionInput.Expression: unresolved reference to 'MaterialExpressionVertexNormalWS'MaterialGraphNode_89.MaterialExpressionVertexNormalWS_24'))'
[2015.04.23-15.56.25:225][453]LogUObjectHash:Warning: Ambiguous search, could be MaterialGraphNode /Engine/Transient.TestMat:MaterialGraph_4.MaterialGraphNode_90 or MaterialGraphNode /Engine/Transient.TriggerScan:MaterialGraph_2.MaterialGraphNode_90
[2015.04.23-15.56.25:225][453]LogProperty:Warning: ObjectProperty /Script/Engine.MaterialExpression:ExpressionInput.Expression: unresolved reference to 'MaterialExpressionScalarParameter'MaterialGraphNode_90.MaterialExpressionScalarParameter_72'))'
[2015.04.23-15.56.25:225][453]LogUObjectHash:Warning: Ambiguous search, could be MaterialGraphNode /Engine/Transient.TestMat:MaterialGraph_4.MaterialGraphNode_91 or MaterialGraphNode /Engine/Transient.TriggerScan:MaterialGraph_2.MaterialGraphNode_91
[2015.04.23-15.56.25:225][453]LogProperty:Warning: ObjectProperty /Script/Engine.MaterialExpression:ExpressionInput.Expression: unresolved reference to 'MaterialExpressionTime'MaterialGraphNode_91.MaterialExpressionTime_24'))'
[2015.04.23-15.56.25:225][453]LogUObjectHash:Warning: Ambiguous search, could be MaterialGraphNode /Engine/Transient.TestMat:MaterialGraph_4.MaterialGraphNode_94 or MaterialGraphNode /Engine/Transient.TriggerScan:MaterialGraph_2.MaterialGraphNode_94
[2015.04.23-15.56.25:225][453]LogProperty:Warning: ObjectProperty /Script/Engine.MaterialExpression:ExpressionInput.Expression: unresolved reference to 'MaterialExpressionScalarParameter'MaterialGraphNode_94.MaterialExpressionScalarParameter_73'))'
[2015.04.23-15.56.25:225][453]LogUObjectHash:Warning: Ambiguous search, could be MaterialGraphNode /Engine/Transient.TestMat:MaterialGraph_4.MaterialGraphNode_95 or MaterialGraphNode /Engine/Transient.TriggerScan:MaterialGraph_2.MaterialGraphNode_95
[2015.04.23-15.56.25:225][453]LogProperty:Warning: ObjectProperty /Script/Engine.MaterialExpression:ExpressionInput.Expression: unresolved reference to 'MaterialExpressionMultiply'MaterialGraphNode_95.MaterialExpressionMultiply_24'))'
[2015.04.23-15.56.25:228][453]LogUObjectHash:Warning: Ambiguous search, could be MaterialGraphNode /Engine/Transient.TestMat:MaterialGraph_4.MaterialGraphNode_98 or MaterialGraphNode /Engine/Transient.TriggerScan:MaterialGraph_2.MaterialGraphNode_98
[2015.04.23-15.56.25:229][453]LogUObjectHash:Warning: Ambiguous search, could be MaterialGraphNode /Engine/Transient.TestMat:MaterialGraph_4.MaterialGraphNode_98 or MaterialGraphNode /Engine/Transient.TriggerScan:MaterialGraph_2.MaterialGraphNode_98
[2015.04.23-15.56.25:229][453]LogProperty:Warning: ObjectProperty /Script/Engine.MaterialExpression:ExpressionInput.Expression: unresolved reference to 'MaterialExpressionCustom'MaterialGraphNode_98.MaterialExpressionCustom_74')'
[2015.04.23-15.56.25:231][453]LogUObjectHash:Warning: Ambiguous search, could be MaterialGraphNode /Engine/Transient.TestMat:MaterialGraph_4.MaterialGraphNode_99 or MaterialGraphNode /Engine/Transient.TriggerScan:MaterialGraph_2.MaterialGraphNode_99
[2015.04.23-15.56.25:231][453]LogUObjectHash:Warning: Ambiguous search, could be MaterialGraphNode /Engine/Transient.TestMat:MaterialGraph_4.MaterialGraphNode_99 or MaterialGraphNode /Engine/Transient.TriggerScan:MaterialGraph_2.MaterialGraphNode_99
[2015.04.23-15.56.25:231][453]LogProperty:Warning: ObjectProperty /Script/Engine.MaterialExpression:ExpressionInput.Expression: unresolved reference to 'MaterialExpressionComponentMask'MaterialGraphNode_99.MaterialExpressionComponentMask_24'))'
[2015.04.23-15.56.25:233][453]LogUObjectHash:Warning: Ambiguous search, could be MaterialGraphNode /Engine/Transient.TestMat:MaterialGraph_4.MaterialGraphNode_100 or MaterialGraphNode /Engine/Transient.TriggerScan:MaterialGraph_2.MaterialGraphNode_100
[2015.04.23-15.56.25:233][453]LogUObjectHash:Warning: Ambiguous search, could be MaterialGraphNode /Engine/Transient.TestMat:MaterialGraph_4.MaterialGraphNode_100 or MaterialGraphNode /Engine/Transient.TriggerScan:MaterialGraph_2.MaterialGraphNode_100
[2015.04.23-15.56.25:233][453]LogProperty:Warning: ObjectProperty /Script/Engine.MaterialExpression:ExpressionInput.Expression: unresolved reference to 'MaterialExpressionTextureCoordinate'MaterialGraphNode_100.MaterialExpressionTextureCoordinate_24')'
[2015.04.23-15.56.25:237][453]LogUObjectHash:Warning: Ambiguous search, could be MaterialGraphNode /Engine/Transient.TestMat:MaterialGraph_4.MaterialGraphNode_102 or MaterialGraphNode /Engine/Transient.TriggerScan:MaterialGraph_2.MaterialGraphNode_102
[2015.04.23-15.56.25:238][453]LogUObjectHash:Warning: Ambiguous search, could be MaterialGraphNode /Engine/Transient.TestMat:MaterialGraph_4.MaterialGraphNode_93 or MaterialGraphNode /Engine/Transient.TriggerScan:MaterialGraph_2.MaterialGraphNode_93
[2015.04.23-15.56.25:238][453]LogProperty:Warning: ObjectProperty /Script/Engine.MaterialExpression:ExpressionInput.Expression: unresolved reference to 'MaterialExpressionCustom'MaterialGraphNode_93.MaterialExpressionCustom_72')'
[2015.04.23-15.56.25:240][453]LogUObjectHash:Warning: Ambiguous search, could be MaterialGraphNode /Engine/Transient.TestMat:MaterialGraph_4.MaterialGraphNode_104 or MaterialGraphNode /Engine/Transient.TriggerScan:MaterialGraph_2.MaterialGraphNode_104
[2015.04.23-15.56.25:240][453]LogUObjectHash:Warning: Ambiguous search, could be MaterialGraphNode /Engine/Transient.TestMat:MaterialGraph_4.MaterialGraphNode_103 or MaterialGraphNode /Engine/Transient.TriggerScan:MaterialGraph_2.MaterialGraphNode_103
[2015.04.23-15.56.25:241][453]LogUObjectHash:Warning: Ambiguous search, could be MaterialGraphNode /Engine/Transient.TestMat:MaterialGraph_4.MaterialGraphNode_101 or MaterialGraphNode /Engine/Transient.TriggerScan:MaterialGraph_2.MaterialGraphNode_101
[2015.04.23-15.56.25:241][453]LogProperty:Warning: ObjectProperty /Script/Engine.MaterialExpression:ExpressionInput.Expression: unresolved reference to 'MaterialExpressionDesaturation'MaterialGraphNode_101.MaterialExpressionDesaturation_24')'
[2015.04.23-15.56.25:241][453]LogUObjectHash:Warning: Ambiguous search, could be MaterialGraphNode /Engine/Transient.TestMat:MaterialGraph_4.MaterialGraphNode_103 or MaterialGraphNode /Engine/Transient.TriggerScan:MaterialGraph_2.MaterialGraphNode_103
[2015.04.23-15.56.25:241][453]LogProperty:Warning: ObjectProperty /Script/Engine.MaterialExpression:ExpressionInput.Expression: unresolved reference to 'MaterialExpressionScalarParameter'MaterialGraphNode_103.MaterialExpressionScalarParameter_74')'
[2015.04.23-15.56.25:245][453]LogUObjectHash:Warning: Ambiguous search, could be MaterialGraphNode /Engine/Transient.TestMat:MaterialGraph_4.MaterialGraphNode_105 or MaterialGraphNode /Engine/Transient.TriggerScan:MaterialGraph_2.MaterialGraphNode_105
[2015.04.23-15.56.25:246][453]LogUObjectHash:Warning: Ambiguous search, could be MaterialGraphNode /Engine/Transient.TestMat:MaterialGraph_4.MaterialGraphNode_102 or MaterialGraphNode /Engine/Transient.TriggerScan:MaterialGraph_2.MaterialGraphNode_102
[2015.04.23-15.56.25:246][453]LogProperty:Warning: ObjectProperty /Script/Engine.MaterialExpression:ExpressionInput.Expression: unresolved reference to 'MaterialExpressionPower'MaterialGraphNode_102.MaterialExpressionPower_24')'
[2015.04.23-15.56.25:249][453]LogUObjectHash:Warning: Ambiguous search, could be MaterialGraphNode /Engine/Transient.TestMat:MaterialGraph_4.MaterialGraphNode_93 or MaterialGraphNode /Engine/Transient.TriggerScan:MaterialGraph_2.MaterialGraphNode_93
[2015.04.23-15.56.25:250][453]LogProperty:Warning: ObjectProperty /Script/Engine.MaterialExpression:ExpressionInput.Expression: unresolved reference to 'MaterialExpressionCustom'MaterialGraphNode_93.MaterialExpressionCustom_72')'
[2015.04.23-15.56.25:250][453]LogUObjectHash:Warning: Ambiguous search, could be MaterialGraphNode /Engine/Transient.TestMat:MaterialGraph_4.MaterialGraphNode_96 or MaterialGraphNode /Engine/Transient.TriggerScan:MaterialGraph_2.MaterialGraphNode_96
[2015.04.23-15.56.25:250][453]LogProperty:Warning: ObjectProperty /Script/Engine.MaterialExpression:ExpressionInput.Expression: unresolved reference to 'MaterialExpressionCustom'MaterialGraphNode_96.MaterialExpressionCustom_73')'
[2015.04.23-15.56.25:250][453]LogUObjectHash:Warning: Ambiguous search, could be MaterialGraphNode /Engine/Transient.TestMat:MaterialGraph_4.MaterialGraphNode_104 or MaterialGraphNode /Engine/Transient.TriggerScan:MaterialGraph_2.MaterialGraphNode_104
[2015.04.23-15.56.25:250][453]LogProperty:Warning: ObjectProperty /Script/Engine.MaterialExpression:ExpressionInput.Expression: unresolved reference to 'MaterialExpressionClamp'MaterialGraphNode_104.MaterialExpressionClamp_24')'
[2015.04.23-15.56.25:251][453]Error: BEGIN OBJECT: No base template named MaterialExpressionActorVectorWS_29 found in parent class MaterialGraphNode_Base:    Begin Object Name="MaterialExpressionActorVectorWS_29"
[2015.04.23-15.56.25:252][453]LogCrashTracker: 


[2015.04.23-15.56.32:851][453]LogCrashTracker: 


[2015.04.23-15.56.32:851][453]LogWindows: === Critical error: ===
Fatal error!

Unhandled Exception: EXCEPTION_ACCESS_VIOLATION reading address 0x00000010

UE4Editor-UnrealEd.dll!UMaterialGraphNode::CanPasteHere() (0x00007ffc6b2df3f9) + 15 bytes [d:\buildfarm\buildmachine_++depot+ue4-releases+4.7\engine\source\editor\unrealed\private\materialgraphnode.cpp:140]
UE4Editor-UnrealEd.dll!FGraphObjectTextFactory::ProcessConstructedObject() (0x00007ffc6b11b721) + 16 bytes [d:\buildfarm\buildmachine_++depot+ue4-releases+4.7\engine\source\editor\unrealed\private\edgraphutilities.cpp:54]
UE4Editor-UnrealEd.dll!FCustomizableTextObjectFactory::ProcessBuffer() (0x00007ffc6b8457c5) + 0 bytes [d:\buildfarm\buildmachine_++depot+ue4-releases+4.7\engine\source\editor\unrealed\private\factories\editorfactories.cpp:5393]
UE4Editor-UnrealEd.dll!FEdGraphUtilities::ImportNodesFromText() (0x00007ffc6b10f177) + 0 bytes [d:\buildfarm\buildmachine_++depot+ue4-releases+4.7\engine\source\editor\unrealed\private\edgraphutilities.cpp:305]
UE4Editor-MaterialEditor.dll!FMaterialEditor::PasteNodesHere() (0x00007ffc82c2e02f) + 28 bytes [d:\buildfarm\buildmachine_++depot+ue4-releases+4.7\engine\source\editor\materialeditor\private\materialeditor.cpp:3251]
UE4Editor-MaterialEditor.dll!FMaterialEditor::PasteNodes() (0x00007ffc82c2decc) + 0 bytes [d:\buildfarm\buildmachine_++depot+ue4-releases+4.7\engine\source\editor\materialeditor\private\materialeditor.cpp:3233]
UE4Editor-MaterialEditor.dll!TBaseSPMethodDelegateInstance<0,FMaterialEditor,0,TTypeWrapper<void> __cdecl(void)>::Execute() (0x00007ffc82bece51) + 32 bytes [d:\buildfarm\buildmachine_++depot+ue4-releases+4.7\engine\source\runtime\core\public\delegates\delegateinstancesimpl_variadics.inl:282]
UE4Editor-MaterialEditor.dll!TBaseSPMethodDelegateInstance<0,FMaterialEditor,0,void __cdecl(void)>::ExecuteIfSafe() (0x00007ffc82bef4c6) + 8 bytes [d:\buildfarm\buildmachine_++depot+ue4-releases+4.7\engine\source\runtime\core\public\delegates\delegateinstancesimpl_variadics.inl:388]
UE4Editor-Slate.dll!FUICommandList::ConditionalProcessCommandBindings() (0x00007ffc6c5566d6) + 8 bytes [d:\buildfarm\buildmachine_++depot+ue4-releases+4.7\engine\source\runtime\slate\private\framework\commands\uicommandlist.cpp:192]
UE4Editor-Slate.dll!FUICommandList::ProcessCommandBindings() (0x00007ffc6c5a317c) + 0 bytes [d:\buildfarm\buildmachine_++depot+ue4-releases+4.7\engine\source\runtime\slate\private\framework\commands\uicommandlist.cpp:136]
UE4Editor-GraphEditor.dll!SGraphEditorImpl::OnKeyDown() (0x00007ffc68aff6bf) + 74 bytes [d:\buildfarm\buildmachine_++depot+ue4-releases+4.7\engine\source\editor\grapheditor\private\sgrapheditorimpl.cpp:66]
UE4Editor-Slate.dll!<lambda_01b95f45d99b75c93c453dee9d82570e>::operator()() (0x00007ffc6c53c872) + 38 bytes [d:\buildfarm\buildmachine_++depot+ue4-releases+4.7\engine\source\runtime\slate\private\framework\application\slateapplication.cpp:3581]
UE4Editor-Slate.dll!FEventRouter::Route<FReply,FEventRouter::FBubblePolicy,FKeyEvent,<lambda_01b95f45d99b75c93c453dee9d82570e> >() (0x00007ffc6c4f6e4d) + 21 bytes [d:\buildfarm\buildmachine_++depot+ue4-releases+4.7\engine\source\runtime\slate\private\framework\application\slateapplication.cpp:202]
UE4Editor-Slate.dll!FEventRouter::RouteAlongFocusPath<FEventRouter::FBubblePolicy,<lambda_01b95f45d99b75c93c453dee9d82570e>,FKeyEvent>() (0x00007ffc6c4f894a) + 52 bytes [d:\buildfarm\buildmachine_++depot+ue4-releases+4.7\engine\source\runtime\slate\private\framework\application\slateapplication.cpp:184]
UE4Editor-Slate.dll!FSlateApplication::ProcessKeyDownEvent() (0x00007ffc6c5a3e6d) + 93 bytes [d:\buildfarm\buildmachine_++depot+ue4-releases+4.7\engine\source\runtime\slate\private\framework\application\slateapplication.cpp:3582]
UE4Editor-Slate.dll!FSlateApplication::OnKeyDown() (0x00007ffc6c593798) + 14 bytes [d:\buildfarm\buildmachine_++depot+ue4-releases+4.7\engine\source\runtime\slate\private\framework\application\slateapplication.cpp:3517]
UE4Editor-Core.dll!FWindowsApplication::ProcessDeferredMessage() (0x00007ffc6f4d3650) + 0 bytes [d:\buildfarm\buildmachine_++depot+ue4-releases+4.7\engine\source\runtime\core\private\windows\windowsapplication.cpp:1229]
UE4Editor-Core.dll!FWindowsApplication::DeferMessage() (0x00007ffc6f4c5d2e) + 74 bytes [d:\buildfarm\buildmachine_++depot+ue4-releases+4.7\engine\source\runtime\core\private\windows\windowsapplication.cpp:1669]
UE4Editor-Core.dll!FWindowsApplication::ProcessMessage() (0x00007ffc6f4d4d50) + 41 bytes [d:\buildfarm\buildmachine_++depot+ue4-releases+4.7\engine\source\runtime\core\private\windows\windowsapplication.cpp:742]
UE4Editor-Core.dll!FWindowsApplication::AppWndProc() (0x00007ffc6f4c3192) + 0 bytes [d:\buildfarm\buildmachine_++depot+ue4-releases+4.7\engine\source\runtime\core\private\windows\windowsapplication.cpp:604]
USER32.dll!UnknownFunction (0x00007ffc9d04250d) + 0 bytes [UnknownFile:0]
USER32.dll!UnknownFunction (0x00007ffc9d042367) + 0 bytes [UnknownFile:0]
UE4Editor-Core.dll!FWindowsPlatformMisc::PumpMessages() (0x00007ffc6f573ec6) + 48 bytes [d:\buildfarm\buildmachine_++depot+ue4-releases+4.7\engine\source\runtime\core\private\windows\windowsplatformmisc.cpp:774]
UE4Editor.exe!FEngineLoop::Tick() (0x00007ff6632c00a9) + 8 bytes [d:\buildfarm\buildmachine_++depot+ue4-releases+4.7\engine\source\runtime\launch\private\launchengineloop.cpp:2233]
UE4Editor.exe!GuardedMain() (0x00007ff6632b267c) + 0 bytes [d:\buildfarm\buildmachine_++depot+ue4-releases+4.7\engine\source\runtime\launch\private\launch.cpp:142]
UE4Editor.exe!GuardedMainWrapper() (0x00007ff6632b26ea) + 5 bytes [d:\buildfarm\buildmachine_++depot+ue4-releases+4.7\engine\source\runtime\launch\private\windows\launchwindows.cpp:126]
UE4Editor.exe!WinMain() (0x00007ff6632c2219) + 17 bytes [d:\buildfarm\buildmachine_++depot+ue4-releases+4.7\engine\source\runtime\launch\private\windows\launchwindows.cpp:202]
UE4Editor.exe!__tmainCRTStartup() (0x00007ff6632c3159) + 21 bytes [f:\dd\vctools\crt\crtw32\dllstuff\crtexe.c:618]
KERNEL32.DLL!UnknownFunction (0x00007ffc9dc213d2) + 0 bytes [UnknownFile:0]
ntdll.dll!UnknownFunction (0x00007ffc9f3e5444) + 0 bytes [UnknownFile:0]
ntdll.dll!UnknownFunction (0x00007ffc9f3e5444) + 0 bytes [UnknownFile:0]


[2015.04.23-15.56.32:936][453]LogExit: Executing StaticShutdownAfterError
[2015.04.23-15.56.32:951][453]LogWindows: FPlatformMisc::RequestExit(1)
[2015.04.23-15.56.32:951][453]Log file closed, 04/23/15 17:56:32
