Log file open, 04/23/15 22:35:31
LogInit:Display: Running engine for game: BlindPersonShooter
LogInit: Version: 4.7.6-2513093+++depot+UE4-Releases+4.7
LogInit: API Version: 2455222
LogInit: Compiled (64-bit): Apr 15 2015 12:09:54
LogInit: Compiled with Visual C++: 18.00.21005.01
LogInit: Build Configuration: Development
LogInit: Branch Name: ++depot+UE4-Releases+4.7
LogInit: Command line: 
LogInit: Base directory: C:/Program Files/Epic Games/4.7/Engine/Binaries/Win64/
LogInit: Rocket: 1
[2015.04.23-20.35.31:690][  0]LogTaskGraph: Started task graph with 3 named threads and 6 total threads.
[2015.04.23-20.35.31:752][  0]LogOnline:Warning: No default platform service specified for OnlineSubsystem
[2015.04.23-20.35.31:772][  0]LogInit: Presizing for 0 objects not considered by GC, pre-allocating 0 bytes.
[2015.04.23-20.35.31:780][  0]LogInit: Object subsystem initialized
[2015.04.23-20.35.31:781][  0]LogConsoleResponse:Warning: Skipping Unknown console variable: 'TranslucentSortAxis = (X=0.000000,Y=-1.000000,Z=0.000000)'
[2015.04.23-20.35.31:781][  0]LogConsoleResponse:Warning:   Found in ini file 'C:/Users/Wouter/Documents/Unreal Projects/BlindPersonShooter/Saved/Config/Windows/Engine.ini', in section '[/Script/Engine.RendererSettings]'
[2015.04.23-20.35.31:781][  0]LogConsoleResponse:Warning: Skipping Unknown console variable: 'UIScaleRule = ShortestSide'
[2015.04.23-20.35.31:781][  0]LogConsoleResponse:Warning:   Found in ini file 'C:/Users/Wouter/Documents/Unreal Projects/BlindPersonShooter/Saved/Config/Windows/Engine.ini', in section '[/Script/Engine.RendererSettings]'
[2015.04.23-20.35.31:781][  0]LogConsoleResponse:Warning: Skipping Unknown console variable: 'UIScaleCurve = (EditorCurveData=(Keys=),ExternalCurve=None)'
[2015.04.23-20.35.31:781][  0]LogConsoleResponse:Warning:   Found in ini file 'C:/Users/Wouter/Documents/Unreal Projects/BlindPersonShooter/Saved/Config/Windows/Engine.ini', in section '[/Script/Engine.RendererSettings]'
[2015.04.23-20.35.31:782][  0]LogInit: Selected Device Profile: [Windows]
[2015.04.23-20.35.31:782][  0]LogInit: Applying CVar settings loaded from the selected device profile: [Windows]
[2015.04.23-20.35.31:790][  0]LogInit: Computer: WOUTER-PC
[2015.04.23-20.35.31:790][  0]LogInit: User: Wouter
[2015.04.23-20.35.31:790][  0]LogInit: CPU Page size=4096, Cores=4
[2015.04.23-20.35.31:790][  0]LogInit: High frequency timer resolution =3.222690 MHz
[2015.04.23-20.35.31:790][  0]LogMemory: Memory total: Physical=8.0GB (8GB approx) Virtual=131072.0GB
[2015.04.23-20.35.31:790][  0]LogMemory: Platform Memory Stats for Windows
[2015.04.23-20.35.31:790][  0]LogMemory: Process Physical Memory: 46.60 MB used, 46.60 MB peak
[2015.04.23-20.35.31:790][  0]LogMemory: Process Virtual Memory: 24.71 MB used, 24.71 MB peak
[2015.04.23-20.35.31:790][  0]LogMemory: Physical Memory: 3404.73 MB used, 8167.08 MB total
[2015.04.23-20.35.31:790][  0]LogMemory: Virtual Memory: 288.43 MB used, 134217728.00 MB total
[2015.04.23-20.35.31:824][  0]LogD3D11RHI: Found D3D11 adapter 0: AMD Radeon HD 6900 Series (Feature Level 11_0)
[2015.04.23-20.35.31:824][  0]LogD3D11RHI: Adapter has 2032MB of dedicated video memory, 0MB of dedicated system memory, and 3840MB of shared system memory, 2 output[s]
[2015.04.23-20.35.31:826][  0]LogD3D11RHI: Found D3D11 adapter 1: Microsoft Basic Render Driver (Feature Level 11_0)
[2015.04.23-20.35.31:826][  0]LogD3D11RHI: Adapter has 0MB of dedicated video memory, 0MB of dedicated system memory, and 256MB of shared system memory, 0 output[s]
[2015.04.23-20.35.31:826][  0]LogD3D11RHI: Chosen D3D11 Adapter Id = 0
[2015.04.23-20.35.31:837][  0]LogRHI: Texture pool is 1361 MB (70% of 1945 MB)
[2015.04.23-20.35.31:852][  0]LogD3D11RHI: Async texture creation disabled: no driver support
[2015.04.23-20.35.31:924][  0]LogTextLocalizationManager: The requested culture ('en_US') has no localization data; parent culture's ('en') localization data will be used.
[2015.04.23-20.35.31:970][  0]LogTextLocalizationManager:Warning: Loading localization resources contain conflicting entries for (Namespace:UICommands, Key:Save_ToolTip):
Resource: (C:/Program Files/Epic Games/4.7/Engine/Content/Localization/Editor/en/Editor.locres) Hash: (-29098895) String: (Saves the current level to disk)
Resource: (C:/Program Files/Epic Games/4.7/Engine/Content/Localization/Engine/en/Engine.locres) Hash: (-1280300587) String: (Save selected data to vlog file)
[2015.04.23-20.35.31:970][  0]LogTextLocalizationManager:Warning: Loading localization resources contain conflicting entries for (Namespace:ContentBrowser, Key:ImportAssetToolTip):
Resource: (C:/Program Files/Epic Games/4.7/Engine/Content/Localization/Editor/en/Editor.locres) Hash: (-630476809) String: (Import to {0}...)
Resource: (C:/Program Files/Epic Games/4.7/Engine/Content/Localization/Editor/en/Editor.locres) Hash: (1271782899) String: (Imports an asset from file to this folder.)
[2015.04.23-20.35.32:031][  0]LogContentStreaming: Texture pool size is 0.000000MB
[2015.04.23-20.35.34:205][  0]LogTargetPlatformManager:Display: Building Assets For Windows
[2015.04.23-20.35.34:833][  0]LogTargetPlatformManager:Display: Building Assets For Windows
[2015.04.23-20.35.34:919][  0]LogDerivedDataCache:Display: Max Cache Size: 512 MB
[2015.04.23-20.35.34:950][  0]LogDerivedDataCache: Loaded boot cache 0.03s 39MB C:/Users/Wouter/AppData/Local/UnrealEngine/4.7/DerivedDataCache/Boot.ddc.
[2015.04.23-20.35.34:951][  0]LogDerivedDataCache:Display: Loaded Boot cache: C:/Users/Wouter/AppData/Local/UnrealEngine/4.7/DerivedDataCache/Boot.ddc
[2015.04.23-20.35.34:951][  0]LogDerivedDataCache: FDerivedDataBackendGraph:  Pak pak cache file ../../../../../../Users/Wouter/Documents/Unreal Projects/BlindPersonShooter/DerivedDataCache/DDC.ddp not found, will not use a pak cache.
[2015.04.23-20.35.34:951][  0]LogDerivedDataCache: Unable to find inner node Pak for hierarchical cache Hierarchy.
[2015.04.23-20.35.35:047][  0]LogDerivedDataCache:Display: Pak cache opened for reading ../../../Engine/DerivedDataCache/Compressed.ddp.
[2015.04.23-20.35.35:059][  0]LogDerivedDataCache: Using Local data cache path C:/Users/Wouter/AppData/Local/UnrealEngine/Common/DerivedDataCache: Writable
[2015.04.23-20.35.35:369][  0]LogMeshUtilities: No automatic mesh reduction module available
[2015.04.23-20.35.35:369][  0]LogMeshUtilities: No automatic mesh merging module available
[2015.04.23-20.35.35:770][  0]LogInit: WinSock: version 1.1 (2.2), MaxSocks=32767, MaxUdp=65467
[2015.04.23-20.35.35:900][  0]LogSlate:Warning: Failed to load font data from '../../../Engine/Content/Slate/Fonts/Roboto-Italic.ttf'
[2015.04.23-20.35.36:968][  0]UdpMessaging: Initializing bridge on interface 0.0.0.0:0 to multicast group 230.0.0.1:6666.
[2015.04.23-20.35.37:278][  0]SourceControl: Info Source control is disabled
[2015.04.23-20.35.37:278][  0]SourceControl: Info Source control is disabled
[2015.04.23-20.35.37:278][  0]SourceControl: Info Source control is disabled
[2015.04.23-20.35.37:278][  0]LogSourceControl: RunCommandInternalRaw: 'git version'
[2015.04.23-20.35.37:278][  0]LogSourceControl: RunCommandInternalRaw: ExecProcess ReturnCode=2 OutResults=''
[2015.04.23-20.35.37:294][  0]SourceControl: Info Source control is disabled
[2015.04.23-20.35.37:585][  0]LogObj: 24232 objects as part of root set at end of initial load.
[2015.04.23-20.35.37:585][  0]LogUObjectAllocator: 5137176 out of 0 bytes used by permanent object pool.
[2015.04.23-20.35.37:675][  0]LogEngine: Initializing Engine...
[2015.04.23-20.35.37:677][  0]LogHMD:Warning: HMD Oculus Rift DK2, Monitor , res = 1920 x 1080, windowPos = {0, 0}
[2015.04.23-20.35.37:678][  0]LogHMD: Oculus plugin initialized. Version: 4.7.6-2513093+++depot+UE4-Releases+4.7, LibOVR: 0.4.4, built Apr 15 2015, 12:16:04
[2015.04.23-20.35.37:819][  0]LogInit: XAudio2 using 'Speakers (Realtek High Definition Audio)' : 2 channels at 48 kHz using 32 bits per sample (channel mask 0x3)
[2015.04.23-20.35.37:835][  0]LogInit: FAudioDevice initialized.
[2015.04.23-20.35.37:894][  0]LogAIModule: Creating AISystem for world NewWorld
[2015.04.23-20.35.37:910][  0]LogDerivedDataCache: Saved boot cache 0.02s 39MB C:/Users/Wouter/AppData/Local/UnrealEngine/4.7/DerivedDataCache/Boot.ddc.
[2015.04.23-20.35.37:916][  0]LogInit: Texture streaming: Enabled
[2015.04.23-20.35.38:032][  0]LogAnalytics: Creating configured Analytics provider AnalyticsET
[2015.04.23-20.35.38:032][  0]LogAnalytics: ET APIKey = Rocket.Release. APIServer = http://et2.epicgames.com/ET2/. AppVersion = 4.7.6-2513093+++depot+UE4-Releases+4.7
[2015.04.23-20.35.38:032][  0]LogAnalytics: ET APIKey = Rocket.Release. DataRouterUploadURL = https://datarouter-public-service-gamedev.ol.epicgames.net/datarouter/api/v1/public/data. AppVersion = 4.7.6-2513093+++depot+UE4-Releases+4.7
[2015.04.23-20.35.38:032][  0]LogAnalytics: SetUserId 7b6bbb2b4b1c643f97d6798f1001496e|f307042b1d2f4c46a4ba52bf0d9fc354|b90fe644-cef2-4d5d-81b9-41cf3ecc3bcd
[2015.04.23-20.35.38:032][  0]LogAnalytics: AnalyticsET::StartSession [Rocket.Release]
[2015.04.23-20.35.38:073][  0]LogInit: Transaction tracking system initialized
[2015.04.23-20.35.38:324][  0]BlueprintLog: New page: Editor Load
[2015.04.23-20.35.38:374][  0]LogAssetRegistry: FAssetRegistry took 0.0103 seconds to start up
[2015.04.23-20.35.38:374][  0]LogDirectoryWatcher:Warning: Failed to begin reading directory changes for ../../../Engine/Plugins/Experimental/CharacterAI/Content/. Error: 0
[2015.04.23-20.35.39:011][  0]LogTargetPlatformManager:Display: Building Assets For Windows
[2015.04.23-20.35.39:385][  0]LogTargetPlatformManager:Display: Building Assets For Windows
[2015.04.23-20.35.39:783][  0]LogSlate:Warning: Failed to load font data from '../../../Engine/Content/Editor/Slate/Fonts/Roboto-Regular.ttf'
[2015.04.23-20.35.39:784][  0]LogSlate:Warning: Failed to load font data from '../../../Engine/Content/Editor/Slate/Fonts/Roboto-Bold.ttf'
[2015.04.23-20.35.39:789][  0]LogConsoleResponse:Display: 
[2015.04.23-20.35.39:944][  0]LogCook:Display: Done creating registry. It took  0.00s.
[2015.04.23-20.35.40:158][  0]SourceControl: Info Source control is disabled
[2015.04.23-20.35.40:158][  0]Cmd: MAP LOAD FILE="../../../../../../Users/Wouter/Documents/Unreal Projects/BlindPersonShooter/Content/FirstPersonBP/Maps/FirstPersonExampleMap.umap" TEMPLATE=0 SHOWPROGRESS=1 FEATURELEVEL=3
[2015.04.23-20.35.40:159][  0]LightingResults: New page: Lighting Build
[2015.04.23-20.35.40:178][  0]MapCheck: New page: Map Check
[2015.04.23-20.35.40:178][  0]LightingResults: New page: Lighting Build
[2015.04.23-20.35.40:184][  0]LogParticles: Destroying 0 GPU particle simulations for FXSystem 0x0000009902406980
[2015.04.23-20.35.40:197][  0]LogLinker:Warning: Asset '../../../Engine/Content/EngineMeshes/Humanoid.uasset' has been saved with empty engine version. The asset will be loaded but may be incompatible.
[2015.04.23-20.35.42:389][  0]LogEditorServer: Finished looking for orphan Actors (0.000 secs)
[2015.04.23-20.35.43:122][  0]LogAIModule: Creating AISystem for world FirstPersonExampleMap
[2015.04.23-20.35.43:123][  0]Cmd: MAP CHECKDEP
[2015.04.23-20.35.43:123][  0]MapCheck: New page: FirstPersonExampleMap - Apr 24, 2015, 12:35:43 AM
[2015.04.23-20.35.43:307][  0]MapCheck: Info Map check complete: 0 Error(s), 0 Warning(s), took 183.587ms to complete.
[2015.04.23-20.35.43:307][  0]LogFileHelpers: Loading map 'FirstPersonExampleMap' took 3.149
[2015.04.23-20.35.43:502][  0]LogCollectionManager: Loaded 0 collections in 0.002128 seconds
[2015.04.23-20.35.43:514][  0]LogContentBrowser: Native class hierarchy populated in 0.0110 seconds. Added 1696 classes and 261 folders.
[2015.04.23-20.35.43:581][  0]LogContentBrowser: Native class hierarchy updated for 'SceneOutliner' in 0.0053 seconds. Added 1 classes and 2 folders.
[2015.04.23-20.35.43:662][  0]LogCrashTracker: Crashtracker disabled due to settings.
[2015.04.23-20.35.43:663][  0]LogSlate:Warning: Failed to load font data from 'Veranda'
[2015.04.23-20.35.43:669][  0]LogUObjectGlobals:Warning: Failed to find object 'Class None.'
[2015.04.23-20.35.43:698][  0]LogLoad: Full Startup: 13.13 seconds (BP compile: 1.00 seconds)
[2015.04.23-20.35.43:732][  0]LogContentBrowser:Verbose: The content browser source was changed by the sources view to '/Game/FirstPersonBP/Audio'
[2015.04.23-20.35.43:856][  0]LogRenderer:Warning: Reallocating scene render targets to support 32x32 (Frame:2).
[2015.04.23-20.35.43:985][  0]LogRenderer:Warning: Reallocating scene render targets to support 1208x496 (Frame:4).
[2015.04.23-20.35.44:246][  3]LogAssetRegistry: Asset discovery search completed in 5.8837 seconds
[2015.04.23-20.35.44:535][ 28]OCULUS: [From Service] [ExternalCamera] Skipped 1 frames
[2015.04.23-20.35.48:710][418]BlueprintLog: New page: Pre-PIE auto-recompile
[2015.04.23-20.35.48:710][418]LogPlayLevel: [PIE] Compiling FirstPersonExampleMap before PIE...
[2015.04.23-20.35.48:794][418]LogPlayLevel: PIE:  Blueprint regeneration took 84 ms (1 blueprints)
[2015.04.23-20.35.48:794][418]PIE: New page: PIE session: FirstPersonExampleMap (Apr 24, 2015, 12:35:48 AM)
[2015.04.23-20.35.48:813][418]LogBlueprint:Warning: FMemberReference::ResolveMember (AddComponent) bSelfContext == true, but no scope supplied!
[2015.04.23-20.35.48:817][418]LogPlayLevel: PIE: StaticDuplicateObject took: (0.022625s)
[2015.04.23-20.35.48:819][418]LogPlayLevel: PIE: World Init took: (0.001172s)
[2015.04.23-20.35.48:819][418]LogPlayLevel: PIE: Created PIE world by copying editor world from /Game/FirstPersonBP/Maps/FirstPersonExampleMap.FirstPersonExampleMap to /Game/FirstPersonBP/Maps/UEDPIE_0_FirstPersonExampleMap.FirstPersonExampleMap (0.023986s)
[2015.04.23-20.35.48:969][418]LogWorld: Game class is 'FirstPersonGameMode_C'
[2015.04.23-20.35.48:971][418]LogAIModule: Creating AISystem for world FirstPersonExampleMap
[2015.04.23-20.35.48:983][418]LogWorld: Bringing World /Game/FirstPersonBP/Maps/UEDPIE_0_FirstPersonExampleMap.FirstPersonExampleMap up for play (max tick rate 0) at 2015.04.23-22.35.48
[2015.04.23-20.35.48:984][418]LogWorld: Bringing up level for play took: 0.012380
[2015.04.23-20.35.48:986][418]PIE: Info Play in editor start time for /Game/FirstPersonBP/Maps/UEDPIE_0_FirstPersonExampleMap 0.94
[2015.04.23-20.36.17:175][752]LogParticles: Destroying 0 GPU particle simulations for FXSystem 0x0000009979263BA0
[2015.04.23-20.36.21:424][  2]LogSavePackage: Save=1803.668945ms
[2015.04.23-20.36.21:424][  2]LogSavePackage: Moving '../../../../../../Users/Wouter/Documents/Unreal Projects/BlindPersonShooter/Saved/FirstPersonExampleMap1AD2F1EC4CCAB22C065C35AC98E66140.tmp' to '../../../../../../Users/Wouter/Documents/Unreal Projects/BlindPersonShooter/Content/FirstPersonBP/Maps/FirstPersonExampleMap.umap'
[2015.04.23-20.36.32:760][935]LogSavePackage: Save=1795.769653ms
[2015.04.23-20.36.32:760][935]LogSavePackage: Moving '../../../../../../Users/Wouter/Documents/Unreal Projects/BlindPersonShooter/Saved/UEDPCFirstPersonExampleMap201B8F0242B98105486565B7CA03CA50.tmp' to '../../../../../../Users/Wouter/Documents/Unreal Projects/BlindPersonShooter/Saved/Autosaves/Game/FirstPersonBP/Maps/UEDPCFirstPersonExampleMap.umap'
[2015.04.23-20.36.42:051][214]OCULUS: [From Service] [TrackedHMD] cameraToHMDoffset: -2, was 0
[2015.04.23-20.36.42:051][214]OCULUS: [From Service] [TrackedHMD] Ransac failed
[2015.04.23-20.36.42:051][214]OCULUS: [From Service] 
Camera Aligned with Gravity: change 27.7 deg, 89 mm, conf 0.0709
[2015.04.23-20.36.42:051][214]OCULUS: [From Service]   Camera Position (-78.9, -39.4, 12.4)
[2015.04.23-20.36.42:051][214]OCULUS: [From Service]   Up in Camera Frame (0.456, 0.886, -0.087)

[2015.04.23-20.36.43:045][217]OCULUS: [From Service] 
Camera Aligned with Gravity: change 15.6 deg, 44 mm, conf 0.37
[2015.04.23-20.36.43:046][217]OCULUS: [From Service]   Camera Position (-75.7, 4.8, 14.0)
[2015.04.23-20.36.43:046][217]OCULUS: [From Service]   Up in Camera Frame (0.210, 0.977, -0.021)

[2015.04.23-20.36.43:711][219]OCULUS: [From Service] 
Camera Aligned with Gravity: change 12.5 deg, 57 mm, conf 0.571
[2015.04.23-20.36.43:712][219]OCULUS: [From Service]   Camera Position (-48.9, 54.7, 5.6)
[2015.04.23-20.36.43:712][219]OCULUS: [From Service]   Up in Camera Frame (0.003, 0.999, 0.041)

[2015.04.23-20.36.43:712][219]OCULUS: [From Service] [TrackedHMD] Initial camera latency: 1.02 frames
[2015.04.23-20.36.48:712][234]OCULUS: [From Service] 
Camera Aligned with Gravity: change 1.8 deg, 15 mm, conf 0.751
[2015.04.23-20.36.48:712][234]OCULUS: [From Service]   Camera Position (-49.5, 69.5, 5.6)
[2015.04.23-20.36.48:712][234]OCULUS: [From Service]   Up in Camera Frame (-0.018, 0.998, 0.065)

[2015.04.23-20.36.57:529][266]OCULUS: [From Service] [FrameCounterSync] Unable to find time for frame 12152, last was 12151
[2015.04.23-20.36.57:529][266]OCULUS: [From Service] [TrackedHMD] GetVisionPrediction failed: Capture time -1.0000
[2015.04.23-20.36.57:860][267]OCULUS: [From Service] [TrackedHMD] Modulation sequence decoding failed
[2015.04.23-20.36.57:860][267]OCULUS: [From Service] Lost 13 IMU samples: 2124 2 15
[2015.04.23-20.36.57:860][267]OCULUS: [From Service] {ERR-017} [HMD] WARNING: LED state change unverified!
[2015.04.23-20.36.57:860][267]OCULUS: [From Service] {ERR-017} [HMD] WARNING: LED state change unverified!
[2015.04.23-20.36.57:860][267]OCULUS: [From Service] {ERR-017} [HMD] WARNING: LED state change unverified!
[2015.04.23-20.36.57:860][267]OCULUS: [From Service] {ERR-017} [HMD] WARNING: LED state change unverified!
[2015.04.23-20.36.57:860][267]OCULUS: [From Service] {ERR-017} [HMD] WARNING: LED state change unverified!
[2015.04.23-20.36.57:860][267]OCULUS: [From Service] {ERR-017} [HMD] WARNING: LED state change unverified!
[2015.04.23-20.36.57:861][267]OCULUS: [From Service] {ERR-017} [HMD] WARNING: LED state change unverified!
[2015.04.23-20.36.57:861][267]OCULUS: [From Service] {ERR-017} [HMD] WARNING: LED state change unverified!
[2015.04.23-20.36.57:861][267]OCULUS: [From Service] {ERR-017} [HMD] WARNING: LED state change unverified!
[2015.04.23-20.36.57:861][267]OCULUS: [From Service] {ERR-017} [HMD] WARNING: LED state change unverified!
[2015.04.23-20.36.57:861][267]OCULUS: [From Service] {ERR-017} [HMD] WARNING: LED state change unverified!
[2015.04.23-20.36.57:861][267]OCULUS: [From Service] {ERR-017} [HMD] WARNING: LED state change unverified!
[2015.04.23-20.36.57:861][267]OCULUS: [From Service] {ERR-017} [HMD] WARNING: LED state change unverified!
[2015.04.23-20.36.57:861][267]OCULUS: [From Service] {ERR-017} [HMD] WARNING: LED state change unverified!
[2015.04.23-20.36.57:861][267]OCULUS: [From Service] {ERR-017} [HMD] WARNING: LED state change unverified!
[2015.04.23-20.36.57:861][267]OCULUS: [From Service] {ERR-017} [HMD] WARNING: LED state change unverified!
[2015.04.23-20.36.57:861][267]OCULUS: [From Service] {ERR-017} [HMD] WARNING: LED state change unverified!
[2015.04.23-20.36.58:195][268]OCULUS: [From Service] {ERR-017} [HMD] WARNING: LED state change unverified!
[2015.04.23-20.36.58:195][268]OCULUS: [From Service] {ERR-017} [HMD] WARNING: LED state change unverified!
[2015.04.23-20.36.58:195][268]OCULUS: [From Service] {ERR-017} [HMD] WARNING: LED state change unverified!
[2015.04.23-20.36.58:195][268]OCULUS: [From Service] {ERR-017} [HMD] WARNING: LED state change unverified!
[2015.04.23-20.36.58:195][268]OCULUS: [From Service] {ERR-017} [HMD] WARNING: LED state change unverified!
[2015.04.23-20.36.58:195][268]OCULUS: [From Service] {ERR-017} [HMD] WARNING: LED state change unverified!
[2015.04.23-20.36.58:195][268]OCULUS: [From Service] {ERR-017} [HMD] WARNING: LED state change unverified!
[2015.04.23-20.36.58:195][268]OCULUS: [From Service] {ERR-017} [HMD] WARNING: LED state change unverified!
[2015.04.23-20.36.58:195][268]OCULUS: [From Service] {ERR-017} [HMD] WARNING: LED state change unverified!
[2015.04.23-20.36.58:195][268]OCULUS: [From Service] {ERR-017} [HMD] WARNING: LED state change unverified!
[2015.04.23-20.36.58:195][268]OCULUS: [From Service] {ERR-017} [HMD] WARNING: LED state change unverified!
[2015.04.23-20.36.58:195][268]OCULUS: [From Service] {ERR-017} [HMD] WARNING: LED state change unverified!
[2015.04.23-20.36.58:195][268]OCULUS: [From Service] {ERR-017} [HMD] WARNING: LED state change unverified!
[2015.04.23-20.36.58:195][268]OCULUS: [From Service] {ERR-017} [HMD] WARNING: LED state change unverified!
[2015.04.23-20.36.58:195][268]OCULUS: [From Service] {ERR-017} [HMD] WARNING: LED state change unverified!
[2015.04.23-20.36.58:195][268]OCULUS: [From Service] {ERR-017} [HMD] WARNING: LED state change unverified!
[2015.04.23-20.36.58:195][268]OCULUS: [From Service] {ERR-017} [HMD] WARNING: LED state change unverified!
[2015.04.23-20.36.58:195][268]OCULUS: [From Service] {ERR-017} [HMD] WARNING: LED state change unverified!
[2015.04.23-20.36.58:195][268]OCULUS: [From Service] {ERR-017} [HMD] WARNING: LED state change unverified!
[2015.04.23-20.36.58:195][268]OCULUS: [From Service] {ERR-017} [HMD] WARNING: LED state change unverified!
[2015.04.23-20.36.58:527][269]OCULUS: [From Service] {ERR-017} [HMD] WARNING: LED state change unverified!
[2015.04.23-20.36.58:527][269]OCULUS: [From Service] {ERR-017} [HMD] WARNING: LED state change unverified!
[2015.04.23-20.36.58:527][269]OCULUS: [From Service] {ERR-017} [HMD] WARNING: LED state change unverified!
[2015.04.23-20.36.58:527][269]OCULUS: [From Service] {ERR-017} [HMD] WARNING: LED state change unverified!
[2015.04.23-20.36.58:527][269]OCULUS: [From Service] {ERR-017} [HMD] WARNING: LED state change unverified!
[2015.04.23-20.36.58:527][269]OCULUS: [From Service] {ERR-017} [HMD] WARNING: LED state change unverified!
[2015.04.23-20.36.58:527][269]OCULUS: [From Service] {ERR-017} [HMD] WARNING: LED state change unverified!
[2015.04.23-20.36.58:527][269]OCULUS: [From Service] Lost 2 IMU samples: 3998 2 4
[2015.04.23-20.36.58:527][269]OCULUS: [From Service] {ERR-017} [HMD] WARNING: LED state change unverified!
[2015.04.23-20.36.58:527][269]OCULUS: [From Service] {ERR-017} [HMD] WARNING: LED state change unverified!
[2015.04.23-20.36.58:527][269]OCULUS: [From Service] {ERR-017} [HMD] WARNING: LED state change unverified!
[2015.04.23-20.36.58:527][269]OCULUS: [From Service] {ERR-017} [HMD] WARNING: LED state change unverified!
[2015.04.23-20.36.58:527][269]OCULUS: [From Service] {ERR-017} [HMD] WARNING: LED state change unverified!
[2015.04.23-20.36.58:527][269]OCULUS: [From Service] {ERR-017} [HMD] WARNING: LED state change unverified!
[2015.04.23-20.36.58:527][269]OCULUS: [From Service] {ERR-017} [HMD] WARNING: LED state change unverified!
[2015.04.23-20.36.58:527][269]OCULUS: [From Service] {ERR-017} [HMD] WARNING: LED state change unverified!
[2015.04.23-20.36.58:527][269]OCULUS: [From Service] {ERR-017} [HMD] WARNING: LED state change unverified!
[2015.04.23-20.36.58:527][269]OCULUS: [From Service] {ERR-017} [HMD] WARNING: LED state change unverified!
[2015.04.23-20.36.58:861][270]OCULUS: [From Service] Lost 2 IMU samples: 1998 2 4
[2015.04.23-20.38.06:771][473]OCULUS: [From Service] [FrameCounterSync] Unable to find time for frame 16301, last was 16300
[2015.04.23-20.38.06:771][473]OCULUS: [From Service] [TrackedHMD] GetVisionPrediction failed: Capture time -1.0000
[2015.04.23-20.38.06:771][473]OCULUS: [From Service] [ExternalCamera] Skipped 12 frames
[2015.04.23-20.38.07:172][473]OCULUS: [From Service] [TrackedHMD] Modulation sequence decoding failed
[2015.04.23-20.38.07:172][473]OCULUS: [From Service] [ExternalCamera] Skipped 9 frames
[2015.04.23-20.38.07:172][473]OCULUS: [From Service] [TrackedHMD] Modulation sequence decoding failed
[2015.04.23-20.38.07:172][473]OCULUS: [From Service] [FrameCounterSync] Unable to find time for frame 16336, last was 16322
[2015.04.23-20.38.07:172][473]OCULUS: [From Service] [FrameCounterSync] Unable to find time for frame 16337, last was 16322
[2015.04.23-20.38.07:172][473]OCULUS: [From Service] Lost 20 IMU samples: 21985 2 22
[2015.04.23-20.38.07:172][473]OCULUS: [From Service] [FrameCounterSync] Unable to find time for frame 16338, last was 16335
[2015.04.23-20.38.07:172][473]OCULUS: [From Service] [TrackedHMD] Ransac failed
[2015.04.23-20.38.07:318][473]OCULUS: [From Service] [FrameCounterSync] Unable to find time for frame 16341, last was 16340
[2015.04.23-20.38.07:318][473]OCULUS: [From Service] [TrackedHMD] GetVisionPrediction failed: Capture time -1.0000
[2015.04.23-20.38.07:397][474]OCULUS: [From Service] [TrackedHMD] Modulation sequence decoding failed
[2015.04.23-20.38.07:397][474]OCULUS: [From Service] [TrackedHMD] Modulation sequence decoding failed
[2015.04.23-20.38.07:696][475]OCULUS: [From Service] [FrameCounterSync] Unable to find time for frame 16356, last was 16355
[2015.04.23-20.38.07:696][475]OCULUS: [From Service] [TrackedHMD] GetVisionPrediction failed: Capture time -1.0000
[2015.04.23-20.38.07:696][475]OCULUS: [From Service] [ExternalCamera] Skipped 13 frames
[2015.04.23-20.38.07:696][475]OCULUS: [From Service] Lost 10 IMU samples: 11992 2 12
[2015.04.23-20.38.08:122][476]OCULUS: [From Service] [TrackedHMD] Modulation sequence decoding failed
[2015.04.23-20.38.08:122][476]OCULUS: [From Service] [TrackedHMD] Modulation sequence decoding failed
[2015.04.23-20.38.08:122][476]OCULUS: [From Service] Lost 3 IMU samples: 1999 2 5
[2015.04.23-20.38.08:122][476]OCULUS: [From Service] [ExternalCamera] Skipped 12 frames
[2015.04.23-20.38.08:122][476]OCULUS: [From Service] [TrackedHMD] GetVisionPrediction failed: Capture time 626.0286
[2015.04.23-20.38.08:336][476]OCULUS: [From Service] [FrameCounterSync] Unable to find time for frame 16402, last was 16401
[2015.04.23-20.38.08:336][476]OCULUS: [From Service] [TrackedHMD] Modulation sequence decoding failed
[2015.04.23-20.38.08:336][476]OCULUS: [From Service] [TrackedHMD] Modulation sequence decoding failed
[2015.04.23-20.38.24:663][526]OCULUS: [From Service] [FrameCounterSync] Unable to find time for frame 17371, last was 17370
[2015.04.23-20.38.24:663][526]OCULUS: [From Service] [TrackedHMD] GetVisionPrediction failed: Capture time -1.0000
[2015.04.23-20.38.24:663][526]OCULUS: [From Service] [TrackedHMD] Modulation sequence decoding failed
[2015.04.23-20.38.24:663][526]OCULUS: [From Service] Lost 13 IMU samples: 1998 2 15
[2015.04.23-20.38.24:663][526]OCULUS: [From Service] {ERR-017} [HMD] WARNING: LED state change unverified!
[2015.04.23-20.38.24:663][526]OCULUS: [From Service] {ERR-017} [HMD] WARNING: LED state change unverified!
[2015.04.23-20.38.24:663][526]OCULUS: [From Service] {ERR-017} [HMD] WARNING: LED state change unverified!
[2015.04.23-20.38.24:663][526]OCULUS: [From Service] {ERR-017} [HMD] WARNING: LED state change unverified!
[2015.04.23-20.38.24:663][526]OCULUS: [From Service] {ERR-017} [HMD] WARNING: LED state change unverified!
[2015.04.23-20.38.24:663][526]OCULUS: [From Service] {ERR-017} [HMD] WARNING: LED state change unverified!
[2015.04.23-20.38.24:996][527]OCULUS: [From Service] {ERR-017} [HMD] WARNING: LED state change unverified!
[2015.04.23-20.38.24:996][527]OCULUS: [From Service] {ERR-017} [HMD] WARNING: LED state change unverified!
[2015.04.23-20.38.24:996][527]OCULUS: [From Service] {ERR-017} [HMD] WARNING: LED state change unverified!
[2015.04.23-20.38.24:996][527]OCULUS: [From Service] {ERR-017} [HMD] WARNING: LED state change unverified!
[2015.04.23-20.38.24:996][527]OCULUS: [From Service] {ERR-017} [HMD] WARNING: LED state change unverified!
[2015.04.23-20.38.24:996][527]OCULUS: [From Service] {ERR-017} [HMD] WARNING: LED state change unverified!
[2015.04.23-20.38.24:996][527]OCULUS: [From Service] {ERR-017} [HMD] WARNING: LED state change unverified!
[2015.04.23-20.38.24:996][527]OCULUS: [From Service] {ERR-017} [HMD] WARNING: LED state change unverified!
[2015.04.23-20.38.24:996][527]OCULUS: [From Service] {ERR-017} [HMD] WARNING: LED state change unverified!
[2015.04.23-20.38.24:996][527]OCULUS: [From Service] {ERR-017} [HMD] WARNING: LED state change unverified!
[2015.04.23-20.38.24:996][527]OCULUS: [From Service] {ERR-017} [HMD] WARNING: LED state change unverified!
[2015.04.23-20.38.24:996][527]OCULUS: [From Service] Lost 2 IMU samples: 3997 2 4
[2015.04.23-20.38.24:996][527]OCULUS: [From Service] {ERR-017} [HMD] WARNING: LED state change unverified!
[2015.04.23-20.38.24:996][527]OCULUS: [From Service] {ERR-017} [HMD] WARNING: LED state change unverified!
[2015.04.23-20.38.24:996][527]OCULUS: [From Service] {ERR-017} [HMD] WARNING: LED state change unverified!
[2015.04.23-20.38.24:996][527]OCULUS: [From Service] {ERR-017} [HMD] WARNING: LED state change unverified!
[2015.04.23-20.38.24:996][527]OCULUS: [From Service] {ERR-017} [HMD] WARNING: LED state change unverified!
[2015.04.23-20.38.24:996][527]OCULUS: [From Service] {ERR-017} [HMD] WARNING: LED state change unverified!
[2015.04.23-20.38.24:996][527]OCULUS: [From Service] {ERR-017} [HMD] WARNING: LED state change unverified!
[2015.04.23-20.38.24:996][527]OCULUS: [From Service] {ERR-017} [HMD] WARNING: LED state change unverified!
[2015.04.23-20.38.24:996][527]OCULUS: [From Service] {ERR-017} [HMD] WARNING: LED state change unverified!
[2015.04.23-20.38.24:996][527]OCULUS: [From Service] {ERR-017} [HMD] WARNING: LED state change unverified!
[2015.04.23-20.38.25:329][528]OCULUS: [From Service] {ERR-017} [HMD] WARNING: LED state change unverified!
[2015.04.23-20.38.25:329][528]OCULUS: [From Service] {ERR-017} [HMD] WARNING: LED state change unverified!
[2015.04.23-20.38.25:329][528]OCULUS: [From Service] {ERR-017} [HMD] WARNING: LED state change unverified!
[2015.04.23-20.38.25:329][528]OCULUS: [From Service] {ERR-017} [HMD] WARNING: LED state change unverified!
[2015.04.23-20.38.25:329][528]OCULUS: [From Service] {ERR-017} [HMD] WARNING: LED state change unverified!
[2015.04.23-20.38.25:329][528]OCULUS: [From Service] {ERR-017} [HMD] WARNING: LED state change unverified!
[2015.04.23-20.38.25:329][528]OCULUS: [From Service] {ERR-017} [HMD] WARNING: LED state change unverified!
[2015.04.23-20.38.25:329][528]OCULUS: [From Service] {ERR-017} [HMD] WARNING: LED state change unverified!
[2015.04.23-20.38.25:329][528]OCULUS: [From Service] {ERR-017} [HMD] WARNING: LED state change unverified!
[2015.04.23-20.38.25:329][528]OCULUS: [From Service] {ERR-017} [HMD] WARNING: LED state change unverified!
[2015.04.23-20.38.25:329][528]OCULUS: [From Service] {ERR-017} [HMD] WARNING: LED state change unverified!
[2015.04.23-20.38.25:329][528]OCULUS: [From Service] {ERR-017} [HMD] WARNING: LED state change unverified!
[2015.04.23-20.38.25:329][528]OCULUS: [From Service] {ERR-017} [HMD] WARNING: LED state change unverified!
[2015.04.23-20.38.25:329][528]OCULUS: [From Service] {ERR-017} [HMD] WARNING: LED state change unverified!
[2015.04.23-20.38.25:329][528]OCULUS: [From Service] {ERR-017} [HMD] WARNING: LED state change unverified!
[2015.04.23-20.38.25:329][528]OCULUS: [From Service] {ERR-017} [HMD] WARNING: LED state change unverified!
[2015.04.23-20.38.25:329][528]OCULUS: [From Service] {ERR-017} [HMD] WARNING: LED state change unverified!
[2015.04.23-20.38.25:329][528]OCULUS: [From Service] {ERR-017} [HMD] WARNING: LED state change unverified!
[2015.04.23-20.38.25:329][528]OCULUS: [From Service] {ERR-017} [HMD] WARNING: LED state change unverified!
[2015.04.23-20.38.25:329][528]OCULUS: [From Service] {ERR-017} [HMD] WARNING: LED state change unverified!
[2015.04.23-20.38.25:662][529]OCULUS: [From Service] {ERR-017} [HMD] WARNING: LED state change unverified!
[2015.04.23-20.38.25:662][529]OCULUS: [From Service] {ERR-017} [HMD] WARNING: LED state change unverified!
[2015.04.23-20.38.25:662][529]OCULUS: [From Service] {ERR-017} [HMD] WARNING: LED state change unverified!
[2015.04.23-20.38.25:662][529]OCULUS: [From Service] {ERR-017} [HMD] WARNING: LED state change unverified!
[2015.04.23-20.38.25:662][529]OCULUS: [From Service] {ERR-017} [HMD] WARNING: LED state change unverified!
[2015.04.23-20.38.25:662][529]OCULUS: [From Service] {ERR-017} [HMD] WARNING: LED state change unverified!
[2015.04.23-20.38.25:662][529]OCULUS: [From Service] {ERR-017} [HMD] WARNING: LED state change unverified!
[2015.04.23-20.38.25:662][529]OCULUS: [From Service] Lost 2 IMU samples: 1999 2 4
[2015.04.23-20.38.35:330][558]OCULUS: [From Service] Lost 4 IMU samples: 1999 2 6
[2015.04.23-20.38.36:154][560]OCULUS: [From Service] [FrameCounterSync] Unable to find time for frame 18065, l