Log file open, 04/19/15 13:39:22
LogInit:Display: Running engine for game: BlindPersonShooter
LogInit: Version: 4.7.4-2497108+++depot+UE4-Releases+4.7
LogInit: API Version: 2455222
LogInit: Compiled (64-bit): Mar 31 2015 09:40:25
LogInit: Compiled with Visual C++: 18.00.21005.01
LogInit: Build Configuration: Development
LogInit: Branch Name: ++depot+UE4-Releases+4.7
LogInit: Command line: 
LogInit: Base directory: C:/Program Files/Epic Games/4.7/Engine/Binaries/Win64/
LogInit: Rocket: 1
[2015.04.19-11.39.22:788][  0]LogTaskGraph: Started task graph with 3 named threads and 6 total threads.
[2015.04.19-11.39.22:865][  0]LogOnline:Warning: No default platform service specified for OnlineSubsystem
[2015.04.19-11.39.22:885][  0]LogInit: Presizing for 0 objects not considered by GC, pre-allocating 0 bytes.
[2015.04.19-11.39.22:893][  0]LogInit: Object subsystem initialized
[2015.04.19-11.39.22:894][  0]LogConsoleResponse:Warning: Skipping Unknown console variable: 'TranslucentSortAxis = (X=0.000000,Y=-1.000000,Z=0.000000)'
[2015.04.19-11.39.22:894][  0]LogConsoleResponse:Warning:   Found in ini file 'C:/Users/Wouter/Documents/Unreal Projects/BlindPersonShooter/Saved/Config/Windows/Engine.ini', in section '[/Script/Engine.RendererSettings]'
[2015.04.19-11.39.22:894][  0]LogConsoleResponse:Warning: Skipping Unknown console variable: 'UIScaleRule = ShortestSide'
[2015.04.19-11.39.22:894][  0]LogConsoleResponse:Warning:   Found in ini file 'C:/Users/Wouter/Documents/Unreal Projects/BlindPersonShooter/Saved/Config/Windows/Engine.ini', in section '[/Script/Engine.RendererSettings]'
[2015.04.19-11.39.22:894][  0]LogConsoleResponse:Warning: Skipping Unknown console variable: 'UIScaleCurve = (EditorCurveData=(Keys=),ExternalCurve=None)'
[2015.04.19-11.39.22:894][  0]LogConsoleResponse:Warning:   Found in ini file 'C:/Users/Wouter/Documents/Unreal Projects/BlindPersonShooter/Saved/Config/Windows/Engine.ini', in section '[/Script/Engine.RendererSettings]'
[2015.04.19-11.39.22:894][  0]LogInit: Selected Device Profile: [Windows]
[2015.04.19-11.39.22:894][  0]LogInit: Applying CVar settings loaded from the selected device profile: [Windows]
[2015.04.19-11.39.22:902][  0]LogInit: Computer: WOUTER-PC
[2015.04.19-11.39.22:902][  0]LogInit: User: Wouter
[2015.04.19-11.39.22:902][  0]LogInit: CPU Page size=4096, Cores=4
[2015.04.19-11.39.22:902][  0]LogInit: High frequency timer resolution =3.222694 MHz
[2015.04.19-11.39.22:902][  0]LogMemory: Memory total: Physical=8.0GB (8GB approx) Virtual=131072.0GB
[2015.04.19-11.39.22:902][  0]LogMemory: Platform Memory Stats for Windows
[2015.04.19-11.39.22:902][  0]LogMemory: Process Physical Memory: 45.79 MB used, 45.79 MB peak
[2015.04.19-11.39.22:902][  0]LogMemory: Process Virtual Memory: 26.35 MB used, 26.35 MB peak
[2015.04.19-11.39.22:902][  0]LogMemory: Physical Memory: 4594.26 MB used, 8167.08 MB total
[2015.04.19-11.39.22:902][  0]LogMemory: Virtual Memory: 286.91 MB used, 134217728.00 MB total
[2015.04.19-11.39.22:918][  0]LogD3D11RHI: Found D3D11 adapter 0: AMD Radeon HD 6900 Series (Feature Level 11_0)
[2015.04.19-11.39.22:918][  0]LogD3D11RHI: Adapter has 2032MB of dedicated video memory, 0MB of dedicated system memory, and 3840MB of shared system memory, 3 output[s]
[2015.04.19-11.39.22:920][  0]LogD3D11RHI: Found D3D11 adapter 1: Microsoft Basic Render Driver (Feature Level 11_0)
[2015.04.19-11.39.22:920][  0]LogD3D11RHI: Adapter has 0MB of dedicated video memory, 0MB of dedicated system memory, and 256MB of shared system memory, 0 output[s]
[2015.04.19-11.39.22:920][  0]LogD3D11RHI: Chosen D3D11 Adapter Id = 0
[2015.04.19-11.39.22:924][  0]LogRHI: Texture pool is 1361 MB (70% of 1945 MB)
[2015.04.19-11.39.22:931][  0]LogD3D11RHI: Async texture creation disabled: no driver support
[2015.04.19-11.39.23:003][  0]LogTextLocalizationManager: The requested culture ('en_US') has no localization data; parent culture's ('en') localization data will be used.
[2015.04.19-11.39.23:049][  0]LogTextLocalizationManager:Warning: Loading localization resources contain conflicting entries for (Namespace:UICommands, Key:Save_ToolTip):
Resource: (C:/Program Files/Epic Games/4.7/Engine/Content/Localization/Editor/en/Editor.locres) Hash: (-29098895) String: (Saves the current level to disk)
Resource: (C:/Program Files/Epic Games/4.7/Engine/Content/Localization/Engine/en/Engine.locres) Hash: (-1280300587) String: (Save selected data to vlog file)
[2015.04.19-11.39.23:049][  0]LogTextLocalizationManager:Warning: Loading localization resources contain conflicting entries for (Namespace:ContentBrowser, Key:ImportAssetToolTip):
Resource: (C:/Program Files/Epic Games/4.7/Engine/Content/Localization/Editor/en/Editor.locres) Hash: (-630476809) String: (Import to {0}...)
Resource: (C:/Program Files/Epic Games/4.7/Engine/Content/Localization/Editor/en/Editor.locres) Hash: (1271782899) String: (Imports an asset from file to this folder.)
[2015.04.19-11.39.23:110][  0]LogContentStreaming: Texture pool size is 0.000000MB
[2015.04.19-11.39.25:341][  0]LogTargetPlatformManager:Display: Building Assets For Windows
[2015.04.19-11.39.25:984][  0]LogTargetPlatformManager:Display: Building Assets For Windows
[2015.04.19-11.39.26:069][  0]LogDerivedDataCache:Display: Max Cache Size: 512 MB
[2015.04.19-11.39.26:101][  0]LogDerivedDataCache: Loaded boot cache 0.03s 39MB C:/Users/Wouter/AppData/Local/UnrealEngine/4.7/DerivedDataCache/Boot.ddc.
[2015.04.19-11.39.26:101][  0]LogDerivedDataCache:Display: Loaded Boot cache: C:/Users/Wouter/AppData/Local/UnrealEngine/4.7/DerivedDataCache/Boot.ddc
[2015.04.19-11.39.26:101][  0]LogDerivedDataCache: FDerivedDataBackendGraph:  Pak pak cache file ../../../../../../Users/Wouter/Documents/Unreal Projects/BlindPersonShooter/DerivedDataCache/DDC.ddp not found, will not use a pak cache.
[2015.04.19-11.39.26:101][  0]LogDerivedDataCache: Unable to find inner node Pak for hierarchical cache Hierarchy.
[2015.04.19-11.39.26:196][  0]LogDerivedDataCache:Display: Pak cache opened for reading ../../../Engine/DerivedDataCache/Compressed.ddp.
[2015.04.19-11.39.26:208][  0]LogDerivedDataCache: Using Local data cache path C:/Users/Wouter/AppData/Local/UnrealEngine/Common/DerivedDataCache: Writable
[2015.04.19-11.39.26:530][  0]LogMeshUtilities: No automatic mesh reduction module available
[2015.04.19-11.39.26:530][  0]LogMeshUtilities: No automatic mesh merging module available
[2015.04.19-11.39.26:963][  0]LogInit: WinSock: version 1.1 (2.2), MaxSocks=32767, MaxUdp=65467
[2015.04.19-11.39.27:093][  0]LogSlate:Warning: Failed to load font data from '../../../Engine/Content/Slate/Fonts/Roboto-Italic.ttf'
[2015.04.19-11.39.28:195][  0]UdpMessaging: Initializing bridge on interface 0.0.0.0:0 to multicast group 230.0.0.1:6666.
[2015.04.19-11.39.28:531][  0]SourceControl: Info Source control is disabled
[2015.04.19-11.39.28:531][  0]SourceControl: Info Source control is disabled
[2015.04.19-11.39.28:531][  0]SourceControl: Info Source control is disabled
[2015.04.19-11.39.28:531][  0]LogSourceControl: RunCommandInternalRaw: 'git version'
[2015.04.19-11.39.28:531][  0]LogSourceControl: RunCommandInternalRaw: ExecProcess ReturnCode=2 OutResults=''
[2015.04.19-11.39.28:548][  0]SourceControl: Info Source control is disabled
[2015.04.19-11.39.28:847][  0]LogObj: 24232 objects as part of root set at end of initial load.
[2015.04.19-11.39.28:847][  0]LogUObjectAllocator: 5137176 out of 0 bytes used by permanent object pool.
[2015.04.19-11.39.28:938][  0]LogEngine: Initializing Engine...
[2015.04.19-11.39.31:095][  0]LogInit: XAudio2 using 'Speakers (Realtek High Definition Audio)' : 2 channels at 48 kHz using 32 bits per sample (channel mask 0x3)
[2015.04.19-11.39.31:100][  0]LogInit: FAudioDevice initialized.
[2015.04.19-11.39.31:159][  0]LogAIModule: Creating AISystem for world NewWorld
[2015.04.19-11.39.31:176][  0]LogDerivedDataCache: Saved boot cache 0.02s 39MB C:/Users/Wouter/AppData/Local/UnrealEngine/4.7/DerivedDataCache/Boot.ddc.
[2015.04.19-11.39.31:181][  0]LogInit: Texture streaming: Enabled
[2015.04.19-11.39.31:295][  0]LogAnalytics: Creating configured Analytics provider AnalyticsET
[2015.04.19-11.39.31:296][  0]LogAnalytics: ET APIKey = Rocket.Release. APIServer = http://et2.epicgames.com/ET2/. AppVersion = 4.7.4-2497108+++depot+UE4-Releases+4.7
[2015.04.19-11.39.31:296][  0]LogAnalytics: ET APIKey = Rocket.Release. DataRouterUploadURL = https://datarouter-public-service-gamedev.ol.epicgames.net/datarouter/api/v1/public/data. AppVersion = 4.7.4-2497108+++depot+UE4-Releases+4.7
[2015.04.19-11.39.31:296][  0]LogAnalytics: SetUserId 7b6bbb2b4b1c643f97d6798f1001496e|f307042b1d2f4c46a4ba52bf0d9fc354|b90fe644-cef2-4d5d-81b9-41cf3ecc3bcd
[2015.04.19-11.39.31:296][  0]LogAnalytics: AnalyticsET::StartSession [Rocket.Release]
[2015.04.19-11.39.31:343][  0]LogInit: Transaction tracking system initialized
[2015.04.19-11.39.31:597][  0]BlueprintLog: New page: Editor Load
[2015.04.19-11.39.31:647][  0]LogAssetRegistry: FAssetRegistry took 0.0106 seconds to start up
[2015.04.19-11.39.31:647][  0]LogDirectoryWatcher:Warning: Failed to begin reading directory changes for ../../../Engine/Plugins/Experimental/CharacterAI/Content/. Error: 0
[2015.04.19-11.39.32:271][  0]LogTargetPlatformManager:Display: Building Assets For Windows
[2015.04.19-11.39.32:643][  0]LogTargetPlatformManager:Display: Building Assets For Windows
[2015.04.19-11.39.33:063][  0]LogSlate:Warning: Failed to load font data from '../../../Engine/Content/Editor/Slate/Fonts/Roboto-Regular.ttf'
[2015.04.19-11.39.33:064][  0]LogSlate:Warning: Failed to load font data from '../../../Engine/Content/Editor/Slate/Fonts/Roboto-Bold.ttf'
[2015.04.19-11.39.33:070][  0]LogConsoleResponse:Display: 
[2015.04.19-11.39.33:268][  0]LogCook:Display: Done creating registry. It took  0.00s.
[2015.04.19-11.39.33:535][  0]SourceControl: Info Source control is disabled
[2015.04.19-11.39.33:535][  0]Cmd: MAP LOAD FILE="../../../../../../Users/Wouter/Documents/Unreal Projects/BlindPersonShooter/Content/FirstPersonBP/Maps/FirstPersonExampleMap.umap" TEMPLATE=0 SHOWPROGRESS=1 FEATURELEVEL=3
[2015.04.19-11.39.33:537][  0]LightingResults: New page: Lighting Build
[2015.04.19-11.39.33:558][  0]MapCheck: New page: Map Check
[2015.04.19-11.39.33:558][  0]LightingResults: New page: Lighting Build
[2015.04.19-11.39.33:565][  0]LogParticles: Destroying 0 GPU particle simulations for FXSystem 0x000000DD0E132980
[2015.04.19-11.39.33:580][  0]LogLinker:Warning: Asset '../../../Engine/Content/EngineMeshes/Humanoid.uasset' has been saved with empty engine version. The asset will be loaded but may be incompatible.
[2015.04.19-11.39.36:111][  0]LogEditorServer: Finished looking for orphan Actors (0.000 secs)
[2015.04.19-11.39.36:929][  0]LogAIModule: Creating AISystem for world FirstPersonExampleMap
[2015.04.19-11.39.36:930][  0]Cmd: MAP CHECKDEP
[2015.04.19-11.39.36:930][  0]MapCheck: New page: FirstPersonExampleMap - Apr 19, 2015, 3:39:36 PM
[2015.04.19-11.39.37:133][  0]MapCheck: Info Map check complete: 0 Error(s), 0 Warning(s), took 201.738ms to complete.
[2015.04.19-11.39.37:133][  0]LogFileHelpers: Loading map 'FirstPersonExampleMap' took 3.598
[2015.04.19-11.39.37:351][  0]LogCollectionManager: Loaded 0 collections in 0.002274 seconds
[2015.04.19-11.39.37:364][  0]LogContentBrowser: Native class hierarchy populated in 0.0125 seconds. Added 1696 classes and 261 folders.
[2015.04.19-11.39.37:454][  0]LogContentBrowser: Native class hierarchy updated for 'SceneOutliner' in 0.0065 seconds. Added 1 classes and 2 folders.
[2015.04.19-11.39.37:547][  0]LogCrashTracker: Crashtracker disabled due to settings.
[2015.04.19-11.39.37:549][  0]LogSlate:Warning: Failed to load font data from 'Veranda'
[2015.04.19-11.39.37:556][  0]LogUObjectGlobals:Warning: Failed to find object 'Class None.'
[2015.04.19-11.39.37:585][  0]LogLoad: Full Startup: 16.91 seconds (BP compile: 1.22 seconds)
[2015.04.19-11.39.37:628][  0]LogContentBrowser:Verbose: The content browser source was changed by the sources view to '/Game/FirstPersonBP/Materials'
[2015.04.19-11.39.37:756][  0]LogRenderer:Warning: Reallocating scene render targets to support 32x32 (Frame:2).
[2015.04.19-11.39.37:890][  0]LogRenderer:Warning: Reallocating scene render targets to support 1208x496 (Frame:4).
[2015.04.19-11.39.38:197][  3]LogAssetRegistry: Asset discovery search completed in 6.5617 seconds
[2015.04.19-11.39.52:510][553]BlueprintLog: New page: Pre-PIE auto-recompile
[2015.04.19-11.39.52:510][553]LogPlayLevel: [PIE] Compiling FirstPersonExampleMap before PIE...
[2015.04.19-11.39.52:588][553]LogPlayLevel: PIE:  Blueprint regeneration took 78 ms (1 blueprints)
[2015.04.19-11.39.52:588][553]PIE: New page: SIE session: FirstPersonExampleMap (Apr 19, 2015, 3:39:52 PM)
[2015.04.19-11.39.52:608][553]LogPlayLevel: PIE: StaticDuplicateObject took: (0.019205s)
[2015.04.19-11.39.52:610][553]LogPlayLevel: PIE: World Init took: (0.002211s)
[2015.04.19-11.39.52:610][553]LogPlayLevel: PIE: Created PIE world by copying editor world from /Game/FirstPersonBP/Maps/FirstPersonExampleMap.FirstPersonExampleMap to /Game/FirstPersonBP/Maps/UEDPIE_0_FirstPersonExampleMap.FirstPersonExampleMap (0.021625s)
[2015.04.19-11.39.52:758][553]LogWorld: Game class is 'FirstPersonGameMode_C'
[2015.04.19-11.39.52:761][553]LogAIModule: Creating AISystem for world FirstPersonExampleMap
[2015.04.19-11.39.52:774][553]LogWorld: Bringing World /Game/FirstPersonBP/Maps/UEDPIE_0_FirstPersonExampleMap.FirstPersonExampleMap up for play (max tick rate 0) at 2015.04.19-13.39.52
[2015.04.19-11.39.52:775][553]LogWorld: Bringing up level for play took: 0.013478
[2015.04.19-11.39.52:778][553]PIE: Info Play in editor start time for /Game/FirstPersonBP/Maps/UEDPIE_0_FirstPersonExampleMap 1.079
[2015.04.19-11.40.02:444][255]LogParticles: Destroying 0 GPU particle simulations for FXSystem 0x000000DD0866CFE0
[2015.04.19-11.40.05:201][547]BlueprintLog: New page: Pre-PIE auto-recompile
[2015.04.19-11.40.05:201][547]LogPlayLevel: [PIE] Compiling FirstPersonExampleMap before PIE...
[2015.04.19-11.40.05:262][547]LogPlayLevel: PIE:  Blueprint regeneration took 61 ms (1 blueprints)
[2015.04.19-11.40.05:262][547]PIE: New page: PIE session: FirstPersonExampleMap (Apr 19, 2015, 3:40:05 PM)
[2015.04.19-11.40.05:282][547]LogPlayLevel: PIE: StaticDuplicateObject took: (0.018355s)
[2015.04.19-11.40.05:282][547]LogPlayLevel: PIE: World Init took: (0.000817s)
[2015.04.19-11.40.05:283][547]LogPlayLevel: PIE: Created PIE world by copying editor world from /Game/FirstPersonBP/Maps/FirstPersonExampleMap.FirstPersonExampleMap to /Game/FirstPersonBP/Maps/UEDPIE_0_FirstPersonExampleMap.FirstPersonExampleMap (0.019432s)
[2015.04.19-11.40.05:317][547]LogWorld: Game class is 'FirstPersonGameMode_C'
[2015.04.19-11.40.05:319][547]LogAIModule: Creating AISystem for world FirstPersonExampleMap
[2015.04.19-11.40.05:331][547]LogWorld: Bringing World /Game/FirstPersonBP/Maps/UEDPIE_0_FirstPersonExampleMap.FirstPersonExampleMap up for play (max tick rate 0) at 2015.04.19-13.40.05
[2015.04.19-11.40.05:332][547]LogWorld: Bringing up level for play took: 0.013610
[2015.04.19-11.40.05:334][547]PIE: Info Play in editor start time for /Game/FirstPersonBP/Maps/UEDPIE_0_FirstPersonExampleMap -0.363
[2015.04.19-11.40.24:966][890]LogParticles: Destroying 0 GPU particle simulations for FXSystem 0x000000DD3BECB100
[2015.04.19-11.40.47:083][988]BlueprintLog: New page: Pre-PIE auto-recompile
[2015.04.19-11.40.47:090][988]LogPlayLevel: [PIE] Compiling FirstPersonExampleMap before PIE...
[2015.04.19-11.40.47:166][988]LogPlayLevel: PIE:  Blueprint regeneration took 83 ms (1 blueprints)
[2015.04.19-11.40.47:167][988]PIE: New page: PIE session: FirstPersonExampleMap (Apr 19, 2015, 3:40:47 PM)
[2015.04.19-11.40.47:189][988]LogPlayLevel: PIE: StaticDuplicateObject took: (0.021833s)
[2015.04.19-11.40.47:190][988]LogPlayLevel: PIE: World Init took: (0.001328s)
[2015.04.19-11.40.47:190][988]LogPlayLevel: PIE: Created PIE world by copying editor world from /Game/FirstPersonBP/Maps/FirstPersonExampleMap.FirstPersonExampleMap to /Game/FirstPersonBP/Maps/UEDPIE_0_FirstPersonExampleMap.FirstPersonExampleMap (0.023393s)
[2015.04.19-11.40.47:227][988]LogWorld: Game class is 'FirstPersonGameMode_C'
[2015.04.19-11.40.47:229][988]LogAIModule: Creating AISystem for world FirstPersonExampleMap
[2015.04.19-11.40.47:241][988]LogWorld: Bringing World /Game/FirstPersonBP/Maps/UEDPIE_0_FirstPersonExampleMap.FirstPersonExampleMap up for play (max tick rate 0) at 2015.04.19-13.40.47
[2015.04.19-11.40.47:242][988]LogWorld: Bringing up level for play took: 0.013207
[2015.04.19-11.40.47:244][988]PIE: Info Play in editor start time for /Game/FirstPersonBP/Maps/UEDPIE_0_FirstPersonExampleMap -0.454
[2015.04.19-11.41.47:404][906]LogParticles: Destroying 0 GPU particle simulations for FXSystem 0x000000DD080D7D80
[2015.04.19-11.41.51:085][279]BlueprintLog: New page: Pre-PIE auto-recompile
[2015.04.19-11.41.51:091][279]LogPlayLevel: [PIE] Compiling FirstPersonExampleMap before PIE...
[2015.04.19-11.41.51:169][279]LogPlayLevel: PIE:  Blueprint regeneration took 83 ms (1 blueprints)
[2015.04.19-11.41.51:169][279]PIE: New page: PIE session: FirstPersonExampleMap (Apr 19, 2015, 3:41:51 PM)
[2015.04.19-11.41.51:195][279]LogPlayLevel: PIE: StaticDuplicateObject took: (0.025260s)
[2015.04.19-11.41.51:196][279]LogPlayLevel: PIE: World Init took: (0.001168s)
[2015.04.19-11.41.51:196][279]LogPlayLevel: PIE: Created PIE world by copying editor world from /Game/FirstPersonBP/Maps/FirstPersonExampleMap.FirstPersonExampleMap to /Game/FirstPersonBP/Maps/UEDPIE_0_FirstPersonExampleMap.FirstPersonExampleMap (0.026664s)
[2015.04.19-11.41.51:233][279]LogWorld: Game class is 'FirstPersonGameMode_C'
[2015.04.19-11.41.51:235][279]LogAIModule: Creating AISystem for world FirstPersonExampleMap
[2015.04.19-11.41.51:249][279]LogWorld: Bringing World /Game/FirstPersonBP/Maps/UEDPIE_0_FirstPersonExampleMap.FirstPersonExampleMap up for play (max tick rate 0) at 2015.04.19-13.41.51
[2015.04.19-11.41.51:250][279]LogWorld: Bringing up level for play took: 0.014193
[2015.04.19-11.41.51:251][279]PIE: Info Play in editor start time for /Game/FirstPersonBP/Maps/UEDPIE_0_FirstPersonExampleMap -0.446
[2015.04.19-11.42.06:275][938]LogParticles: Destroying 0 GPU particle simulations for FXSystem 0x000000DD3EFD5800
[2015.04.19-11.42.10:997][276]LogContentBrowser:Verbose: The content browser source was changed by the sources view to '/Game/FirstPersonBP/Meshes'
[2015.04.19-11.42.20:903][832]LogContentBrowser: Native class hierarchy updated for 'DestructibleMeshEditor' in 0.0062 seconds. Added 1 classes and 2 folders.
[2015.04.19-11.42.20:909][832]LogDestructible:Warning: MainMesh Tris: 12
[2015.04.19-11.42.20:912][832]LogApexDestructibleAssetImport:Warning: Using default materials for material slot
[2015.04.19-11.42.20:912][832]LogApexDestructibleAssetImport:Warning: Bones digested - 2  Depth of hierarchy - 2
[2015.04.19-11.42.20:979][832]LogSkeletalMesh: Chunk 0: 24 rigid vertices, 0 soft vertices, 1 active bones
[2015.04.19-11.42.20:981][832]LogSkeletalMesh: Section 0: Material=0, Chunk=0, 12 triangles
[2015.04.19-11.42.21:078][832]LogMaterial:Warning: Material /Game/FirstPersonBP/Meshes/CubeMaterial.CubeMaterial needed to have new flag set bUsedWithSkeletalMesh !
[2015.04.19-11.42.21:081][832]LogMaterial: Missing cached shader map for material CubeMaterial, compiling. 
[2015.04.19-11.42.21:129][832]LogMaterial: 0.000159 seconds spent updating 1 materials, 1 interfaces, 0 instances, 0 with static permutations.
[2015.04.19-11.42.21:164][832]LogContentBrowser:Verbose: The content browser source was changed by the sources view to 'None'
[2015.04.19-11.42.21:164][832]LogContentBrowser:Verbose: The content browser source was changed by the sources view to '/Game/FirstPersonBP/Meshes'
[2015.04.19-11.42.24:050][  8]LogRenderer:Warning: Reallocating scene render targets to support 1208x928 (Frame:18346).
[2015.04.19-11.43.12:265][470]LogDestructible:Warning: MainMesh Tris: 12
[2015.04.19-11.43.12:314][470]LogApexDestructibleAssetImport:Warning: Using default materials for material slot
[2015.04.19-11.43.12:314][470]LogApexDestructibleAssetImport:Warning: Bones digested - 42  Depth of hierarchy - 2
[2015.04.19-11.43.12:384][470]LogSkeletalMesh: Chunk 0: 398 rigid vertices, 0 soft vertices, 33 active bones
[2015.04.19-11.43.12:385][470]LogSkeletalMesh: Chunk 1: 1824 rigid vertices, 0 soft vertices, 40 active bones
[2015.04.19-11.43.12:387][470]LogSkeletalMesh: Section 0: Material=0, Chunk=0, 256 triangles
[2015.04.19-11.43.12:387][470]LogSkeletalMesh: Section 1: Material=1, Chunk=1, 1076 triangles
[2015.04.19-11.43.23:704][752]LogSavePackage: Save=248.745621ms
[2015.04.19-11.43.23:704][752]LogSavePackage: Moving '../../../../../../Users/Wouter/Documents/Unreal Projects/BlindPersonShooter/Saved/CubeMesh_DM0560BCEA4AC2A5C9F4D492A7D5CDFE0B.tmp' to '../../../../../../Users/Wouter/Documents/Unreal Projects/BlindPersonShooter/Content/FirstPersonBP/Meshes/CubeMesh_DM.uasset'
[2015.04.19-11.44.11:356][975]BlueprintLog: New page: Pre-PIE auto-recompile
[2015.04.19-11.44.11:361][975]LogPlayLevel: [PIE] Compiling FirstPersonExampleMap before PIE...
[2015.04.19-11.44.11:438][975]LogParticles: Destroying 0 GPU particle simulations for FXSystem 0x000000DD3A9F3920
[2015.04.19-11.44.11:438][975]LogPlayLevel: PIE:  Blueprint regeneration took 81 ms (1 blueprints)
[2015.04.19-11.44.11:438][975]PIE: New page: PIE session: FirstPersonExampleMap (Apr 19, 2015, 3:44:11 PM)
[2015.04.19-11.44.11:461][975]LogPlayLevel: PIE: StaticDuplicateObject took: (0.023193s)
[2015.04.19-11.44.11:463][975]LogPlayLevel: PIE: World Init took: (0.001595s)
[2015.04.19-11.44.11:463][975]LogPlayLevel: PIE: Created PIE world by copying editor world from /Game/FirstPersonBP/Maps/FirstPersonExampleMap.FirstPersonExampleMap to /Game/FirstPersonBP/Maps/UEDPIE_0_FirstPersonExampleMap.FirstPersonExampleMap (0.024986s)
[2015.04.19-11.44.11:495][975]LogWorld: Game class is 'FirstPersonGameMode_C'
[2015.04.19-11.44.11:497][975]LogAIModule: Creating AISystem for world FirstPersonExampleMap
[2015.04.19-11.44.11:523][975]LogWorld: Bringing World /Game/FirstPersonBP/Maps/UEDPIE_0_FirstPersonExampleMap.FirstPersonExampleMap up for play (max tick rate 0) at 2015.04.19-13.44.11
[2015.04.19-11.44.11:524][975]LogWorld: Bringing up level for play took: 0.026387
[2015.04.19-11.44.11:526][975]PIE: Info Play in editor start time for /Game/FirstPersonBP/Maps/UEDPIE_0_FirstPersonExampleMap -0.172
[2015.04.19-11.44.16:390][478]LogParticles: Destroying 0 GPU particle simulations for FXSystem 0x000000DD0866EB60
[2015.04.19-11.44.26:588][374]BlueprintLog: New page: Pre-PIE auto-recompile
[2015.04.19-11.44.26:593][374]LogPlayLevel: [PIE] Compiling FirstPersonExampleMap before PIE...
[2015.04.19-11.44.26:669][374]LogPlayLevel: PIE:  Blueprint regeneration took 80 ms (1 blueprints)
[2015.04.19-11.44.26:669][374]PIE: New page: PIE session: FirstPersonExampleMap (Apr 19, 2015, 3:44:26 PM)
[2015.04.19-11.44.26:693][374]LogPlayLevel: PIE: StaticDuplicateObject took: (0.023416s)
[2015.04.19-11.44.26:694][374]LogPlayLevel: PIE: World Init took: (0.001098s)
[2015.04.19-11.44.26:695][374]LogPlayLevel: PIE: Created PIE world by copying editor world from /Game/FirstPersonBP/Maps/FirstPersonExampleMap.FirstPersonExampleMap to /Game/FirstPersonBP/Maps/UEDPIE_0_FirstPersonExampleMap.FirstPersonExampleMap (0.024707s)
[2015.04.19-11.44.26:727][374]LogWorld: Game class is 'FirstPersonGameMode_C'
[2015.04.19-11.44.26:730][374]LogAIModule: Creating AISystem for world FirstPersonExampleMap
[2015.04.19-11.44.26:743][374]LogWorld: Bringing World /Game/FirstPersonBP/Maps/UEDPIE_0_FirstPersonExampleMap.FirstPersonExampleMap up for play (max tick rate 0) at 2015.04.19-13.44.26
[2015.04.19-11.44.26:744][374]LogWorld: Bringing up level for play took: 0.013675
[2015.04.19-11.44.26:745][374]LogGameMode: Warning - PATHS NOT DEFINED or NO PLAYERSTART with positive rating
[2015.04.19-11.44.26:746][374]PIE: Info Play in editor start time for /Game/FirstPersonBP/Maps/UEDPIE_0_FirstPersonExampleMap 1.048
[2015.04.19-11.44.30:313][742]LogParticles: Destroying 0 GPU particle simulations for FXSystem 0x000000DD37D79760
[2015.04.19-11.45.00:633][560]BlueprintLog: New page: Pre-PIE auto-recompile
[2015.04.19-11.45.00:637][560]LogPlayLevel: [PIE] Compiling FirstPersonExampleMap before PIE...
[2015.04.19-11.45.00:714][560]LogParticles: Destroying 0 GPU particle simulations for FXSystem 0x000000DD3A9F3420
[2015.04.19-11.45.00:714][560]LogPlayLevel: PIE:  Blueprint regeneration took 81 ms (1 blueprints)
[2015.04.19-11.45.00:715][560]PIE: New page: PIE session: FirstPersonExampleMap (Apr 19, 2015, 3:45:00 PM)
[2015.04.19-11.45.00:738][560]LogPlayLevel: PIE: StaticDuplicateObject took: (0.022122s)
[2015.04.19-11.45.00:739][560]LogPlayLevel: PIE: World Init took: (0.001209s)
[2015.04.19-11.45.00:739][560]LogPlayLevel: PIE: Created PIE world by copying editor world from /Game/FirstPersonBP/Maps/FirstPersonExampleMap.FirstPersonExampleMap to /Game/FirstPersonBP/Maps/UEDPIE_0_FirstPersonExampleMap.FirstPersonExampleMap (0.023520s)
[2015.04.19-11.45.00:771][560]LogWorld: Game class is 'FirstPersonGameMode_C'
[2015.04.19-11.45.00:773][560]LogAIModule: Creating AISystem for world FirstPersonExampleMap
[2015.04.19-11.45.00:785][560]LogWorld: Bringing World /Game/FirstPersonBP/Maps/UEDPIE_0_FirstPersonExampleMap.FirstPersonExampleMap up for play (max tick rate 0) at 2015.04.19-13.45.00
[2015.04.19-11.45.00:786][560]LogWorld: Bringing up level for play took: 0.013864
[2015.04.19-11.45.00:788][560]LogGameMode: Warning - PATHS NOT DEFINED or NO PLAYERSTART with positive rating
[2015.04.19-11.45.00:788][560]PIE: Info Play in editor start time for /Game/FirstPersonBP/Maps/UEDPIE_0_FirstPersonExampleMap 1.091
[2015.04.19-11.45.13:709][932]LogParticles: Destroying 0 GPU particle simulations for FXSystem 0x000000DD44EDB880
[2015.04.19-11.45.17:507][ 74]LogSavePackage: Save=1807.269287ms
[2015.04.19-11.45.17:507][ 74]LogSavePackage: Moving '../../../../../../Users/Wouter/Documents/Unreal Projects/BlindPersonShooter/Saved/FirstPersonExampleMapAB0B01FC4BE6ED901885FAA546E1F6F5.tmp' to '../../../../../../Users/Wouter/Documents/Unreal Projects/BlindPersonShooter/Content/FirstPersonBP/Maps/FirstPersonExampleMap.umap'
[2015.04.19-11.45.17:550][ 74]LogFileHelpers: Saving map 'FirstPersonExampleMap' took 2.102
[2015.04.19-11.45.17:864][ 74]LogSavePackage: Save=282.077057ms
[2015.04.19-11.45.17:864][ 74]LogSavePackage: Moving '../../../../../../Users/Wouter/Documents/Unreal Projects/BlindPersonShooter/Saved/CubeMaterial4597E926432A5F588A20B29390F6AE12.tmp' to '../../../../../../Users/Wouter/Documents/Unreal Projects/BlindPersonShooter/Content/FirstPersonBP/Meshes/CubeMaterial.uasset'
[2015.04.19-11.45.53:931][ 98]Cmd: QUIT_EDITOR
[2015.04.19-11.45.54:120][ 98]LogExit: Preparing to exit.
[2015.04.19-11.45.54:348][ 98]LogExit: Editor shut down
[2015.04.19-11.45.54:349][ 98]LogExit: Transaction tracking system shut down
[2015.04.19-11.45.54:352][ 98]LogParticles: Destroying 0 GPU particle simulations for FXSystem 0x000000DD06A1D940
[2015.04.19-11.45.54:353][ 98]LogParticles: Destroying 0 GPU particle simulations for FXSystem 0x000000DD38151F80
[2015.04.19-11.45.54:353][ 98]LogParticles: Destroying 0 GPU particle simulations for FXSystem 0x000000DD39622480
[2015.04.19-11.45.54:353][ 98]LogParticles: Destroying 0 GPU particle simulations for FXSystem 0x000000DD396222A0
[2015.04.19-11.45.54:357][ 98]LogParticles: Destroying 0 GPU particle simulations for FXSystem 0x000000DD07E61F80
[2015.04.19-11.45.54:357][ 98]LogParticles: Destroying 0 GPU particle simulations for FXSystem 0x000000DD4A4DB740
[2015.04.19-11.45.54:357][ 98]LogParticles: Destroying 0 GPU particle simulations for FXSystem 0x000000DD37D7AA20
[2015.04.19-11.45.54:475][ 98]LogExit: Object subsystem successfully closed.
[2015.04.19-11.45.54:559][ 98]LogModuleManager: Shutting down and abandoning module DestructibleMeshEditor (178)
[2015.04.19-11.45.54:559][ 98]LogModuleManager: Shutting down and abandoning module CrashTracker (177)
[2015.04.19-11.45.54:559][ 98]LogModuleManager: Shutting down and abandoning module SuperSearch (176)
[2015.04.19-11.45.54:559][ 98]LogModuleManager: Shutting down and abandoning module SceneOutliner (175)
[2015.04.19-11.45.54:559][ 98]LogModuleManager: Shutting down and abandoning module EditorWidgets (174)
[2015.04.19-11.45.54:559][ 98]LogModuleManager: Shutting down and abandoning module CollectionManager (173)
[2015.04.19-11.45.54:559][ 98]LogModuleManager: Shutting down and abandoning module StatsViewer (172)
[2015.04.19-11.45.54:559][ 98]LogModuleManager: Shutting down and abandoning module FoliageEdit (171)
[2015.04.19-11.45.54:559][ 98]LogModuleManager: Shutting down and abandoning module LandscapeEditor (170)
[2015.04.19-11.45.54:559][ 98]LogModuleManager: Shutting down and abandoning module MeshPaint (169)
[2015.04.19-11.45.54:559][ 98]LogModuleManager: Shutting down and abandoning module ActorPickerMode (168)
[2015.04.19-11.45.54:559][ 98]LogModuleManager: Shutting down and abandoning module GeometryMode (167)
[2015.04.19-11.45.54:559][ 98]LogModuleManager: Shutting down and abandoning module TextureAlignMode (166)
[2015.04.19-11.45.54:559][ 98]LogModuleManager: Shutting down and abandoning module BspMode (165)
[2015.04.19-11.45.54:559][ 98]LogModuleManager: Shutting down and abandoning module PlacementMode (164)
[2015.04.19-11.45.54:559][ 98]LogModuleManager: Shutting down and abandoning module AutomationWorker (163)
[2015.04.19-11.45.54:559][ 98]LogModuleManager: Shutting down and abandoning module CharacterAI (162)
[2015.04.19-11.45.54:559][ 98]LogModuleManager: Shutting down and abandoning module SmartSnapping (161)
[2015.04.19-11.45.54:559][ 98]LogModuleManager: Shutting down and abandoning module ViewportSnapping (160)
[2015.04.19-11.45.54:559][ 98]LogModuleManager: Shutting down and abandoning module LogVisualizer (159)
[2015.04.19-11.45.54:559][ 98]LogModuleManager: Shutting down and abandoning module GameProjectGeneration (158)
[2015.04.19-11.45.54:559][ 98]LogModuleManager: Shutting down and abandoning module IntroTutorials (157)
[2015.04.19-11.45.54:560][ 98]LogModuleManager: Shutting down and abandoning module EditorLiveStreaming (156)
[2015.04.19-11.45.54:560][ 98]LogModuleManager: Shutting down and abandoning module HardwareTargeting (155)
[2015.04.19-11.45.54:560][ 98]LogModuleManager: Shutting down and abandoning module DeviceProfileEditor (154)
[2015.04.19-11.45.54:560][ 98]LogModuleManager: Shutting down and abandoning module UndoHistory (153)
[2015.04.19-11.45.54:560][ 98]LogModuleManager: Shutting down and abandoning module GameplayTagsEditor (152)
[2015.04.19-11.45.54:560][ 98]LogModuleManager: Shutting down and abandoning module UserFeedback (151)
[2015.04.19-11.45.54:560][ 98]LogModuleManager: Shutting down and abandoning module XmlParser (150)
[2015.04.19-11.45.54:560][ 98]LogModuleManager: Shutting down and abandoning module Blutility (149)
[2015.04.19-11.45.54:560][ 98]LogModuleManager: Shutting down and abandoning module IOSPlatformEditor (148)
[2015.04.19-11.45.54:560][ 98]LogModuleManager: Shutting down and abandoning module IOSRuntimeSettings (147)
[2015.04.19-11.45.54:560][ 98]LogModuleManager: Shutting down and abandoning module AndroidDeviceDetection (146)
[2015.04.19-11.45.54:800][ 98]LogModuleManager: Shutting down and abandoning module AndroidPlatformEditor (145)
[2015.04.19-11.45.54:800][ 98]LogModuleManager: Shutting down and abandoning module AndroidRuntimeSettings (144)
[2015.04.19-11.45.54:800][ 98]LogModuleManager: Shutting down and abandoning module ProjectTargetPlatformEditor (143)
[2015.04.19-11.45.54:800][ 98]LogModuleManager: Shutting down and abandoning module ProjectSettingsViewer (142)
[2015.04.19-11.45.54:800][ 98]LogModuleManager: Shutting down and abandoning module InputBindingEditor (141)
[2015.04.19-11.45.54:800][ 98]LogModuleManager: Shutting down and abandoning module EditorSettingsViewer (140)
[2015.04.19-11.45.54:800][ 98]LogModuleManager: Shutting down and abandoning module SettingsEditor (139)
[2015.04.19-11.45.54:800][ 98]LogModuleManager: Shutting down and abandoning module ProjectLauncher (138)
[2015.04.19-11.45.54:800][ 98]LogModuleManager: Shutting down and abandoning module SessionFrontend (137)
[2015.04.19-11.45.54:800][ 98]LogModuleManager: Shutting down and abandoning module ProfilerClient (136)
[2015.04.19-11.45.54:800][ 98]LogModuleManager: Shutting down and abandoning module TargetDeviceServices (135)
[2015.04.19-11.45.54:800][ 98]LogModuleManager: Shutting down and abandoning module DeviceManager (134)
[2015.04.19-11.45.54:800][ 98]LogModuleManager: Shutting down and abandoning module AutomationController (133)
[2015.04.19-11.45.54:800][ 98]LogModuleManager: Shutting down and abandoning module AutomationWindow (132)
[2015.04.19-11.45.54:800][ 98]LogModuleManager: Shutting down and abandoning module Layers (131)
[2015.04.19-11.45.54:800][ 98]LogModuleManager: Shutting down and abandoning module ComponentVisualizers (130)
[2015.04.19-11.45.54:800][ 98]LogModuleManager: Shutting down and abandoning module DetailCustomizations (129)
[2015.04.19-11.45.54:800][ 98]LogModuleManager: Shutting down and abandoning module PackagesDialog (128)
[2015.04.19-11.45.54:800][ 98]LogModuleManager: Shutting down and abandoning module AssetRegistry (127)
[2015.04.19-11.45.54:893][ 98]LogModuleManager: Shutting down and abandoning module Persona (126)
[2015.04.19-11.45.54:893][ 98]LogModuleManager: Shutting down and abandoning module SlateReflector (125)
[2015.04.19-11.45.54:893][ 98]LogModuleManager: Shutting down and abandoning module LevelEditor (124)
[2015.04.19-11.45.54:893][ 98]LogModuleManager: Shutting down and abandoning module Kismet (123)
[2015.04.19-11.45.54:893][ 98]LogModuleManager: Shutting down and abandoning module GraphEditor (122)
[2015.04.19-11.45.54:894][ 98]LogModuleManager: Shutting down and abandoning module ClassViewer (121)
[2015.04.19-11.45.54:894][ 98]LogModuleManager: Shutting down and abandoning module Toolbox (120)
[2015.04.19-11.45.54:894][ 98]LogModuleManager: Shutting down and abandoning module ModuleUI (119)
[2015.04.19-11.45.54:894][ 98]LogModuleManager: Shutting down and abandoning module MovieSceneTools (118)
[2015.04.19-11.45.54:894][ 98]LogModuleManager: Shutting down and abandoning module OutputLog (117)
[2015.04.19-11.45.54:894][ 98]LogModuleManager: Shutting down and abandoning module GammaUI (116)
[2015.04.19-11.45.54:894][ 98]LogModuleManager: Shutting down and abandoning module Documentation (115)
[2015.04.19-11.45.54:894][ 98]LogModuleManager: Shutting down and abandoning module GameLiveStreaming (114)
[2015.04.19-11.45.54:894][ 98]LogModuleManager: Shutting down and abandoning module StreamingPauseRendering (113)
[2015.04.19-11.45.54:894][ 98]LogModuleManager: Shutting down and abandoning module HTTP (112)
[2015.04.19-11.45.54:894][ 98]LogModuleManager: Shutting down and abandoning module AnalyticsET (111)
[2015.04.19-11.45.54:894][ 98]LogModuleManager: Shutting down and abandoning module Analytics (110)
[2015.04.19-11.45.54:894][ 98]LogModuleManager: Shutting down and abandoning module AITestSuite (109)
[2015.04.19-11.45.54:894][ 98]LogModuleManager: Shutting down and abandoning module GameplayDebugger (108)
[2015.04.19-11.45.54:894][ 98]LogModuleManager: Shutting down and abandoning module AIModule (107)
[2015.04.19-11.45.54:894][ 98]LogModuleManager: Shutting down and abandoning module ProfilerService (106)
[2015.04.19-11.45.55:081][ 98]LogModuleManager: Shutting down and abandoning module TaskGraph (105)
[2015.04.19-11.45.55:081][ 98]LogModuleManager: Shutting down and abandoning module SlateRemote (104)
[2015.04.19-11.45.55:081][ 98]LogModuleManager: Shutting down and abandoning module ScriptEditorPlugin (103)
[2015.04.19-11.45.55:081][ 98]LogModuleManager: Shutting down and abandoning module CustomMeshComponent (102)
[2015.04.19-11.45.55:081][ 98]LogModuleManager: Shutting down and abandoning module CableComponent (101)
[2015.04.19-11.45.55:081][ 98]LogModuleManager: Shutting down and abandoning module MessagingDebugger (100)
[2015.04.19-11.45.55:081][ 98]LogModuleManager: Shutting down and abandoning module MediaPlayerEditor (99)
[2015.04.19-11.45.55:081][ 98]LogModuleManager: Shutting down and abandoning module SpeedTreeImporter (98)
[2015.04.19-11.45.55:081][ 98]LogModuleManager: Shutting down and abandoning module PluginsEditor (97)
[2015.04.19-11.45.55:081][ 98]LogModuleManager: Shutting down and abandoning module MainFrame (96)
[2015.04.19-11.45.55:081][ 98]LogModuleManager: Shutting down and abandoning module EpicSurvey (95)
[2015.04.19-11.45.55:082][ 98]LogModuleManager: Shutting down and abandoning module DesktopPlatform (94)
[2015.04.19-11.45.55:082][ 98]LogModuleManager: Shutting down and abandoning module DirectoryWatcher (93)
[2015.04.19-11.45.55:082][ 98]LogModuleManager: Shutting down and abandoning module HotReload (92)
[2015.04.19-11.45.55:082][ 98]LogModuleManager: Shutting down and abandoning module VisualStudioSourceCodeAccess (91)
[2015.04.19-11.45.55:082][ 98]LogModuleManager: Shutting down and abandoning module UObjectPlugin (90)
[2015.04.19-11.45.55:082][ 98]LogModuleManager: Shutting down and abandoning module SubversionSourceControl (89)
[2015.04.19-11.45.55:082][ 98]LogModuleManager: Shutting down and abandoning module PerforceSourceControl (88)
[2015.04.19-11.45.55:082][ 98]LogModuleManager: Shutting down and abandoning module SourceControl (87)
[2015.04.19-11.45.55:082][ 98]LogModuleManager: Shutting down and abandoning module GitSourceControl (86)
[2015.04.19-11.45.55:082][ 98]LogModuleManager: Shutting down and abandoning module BlankPlugin (85)
[2015.04.19-11.45.55:082][ 98]LogModuleManager: Shutting down and abandoning module PaperTiledImporter (84)
[2015.04.19-11.45.55:082][ 98]LogModuleManager: Shutting down and abandoning module PaperJsonImporter (83)
[2015.04.19-11.45.55:082][ 98]LogModuleManager: Shutting down and abandoning module ContentBrowser (82)
[2015.04.19-11.45.55:084][ 98]LogModuleManager: Shutting down and abandoning module Paper2DEditor (81)
[2015.04.19-11.45.55:084][ 98]LogModuleManager: Shutting down and abandoning module ScriptPlugin (80)
[2015.04.19-11.45.55:084][ 98]LogModuleManager: Shutting down and abandoning module UdpMessaging (79)
[2015.04.19-11.45.55:185][ 98]LogModuleManager: Shutting down and abandoning module Paper2D (78)
[2015.04.19-11.45.55:185][ 98]LogModuleManager: Shutting down and abandoning module WindowsMoviePlayer (77)
[2015.04.19-11.45.55:189][ 98]LogModuleManager: Shutting down and abandoning module Media (76)
[2015.04.19-11.45.55:189][ 98]LogModuleManager: Shutting down and abandoning module WmfMedia (75)
[2015.04.19-11.45.55:189][ 98]LogModuleManager: Shutting down and abandoning module OnlineBlueprintSupport (74)
[2015.04.19-11.45.55:189][ 98]LogModuleManager: Shutting down and abandoning module PropertyEditor (73)
[2015.04.19-11.45.55:189][ 98]LogModuleManager: Shutting down and abandoning module BehaviorTreeEditor (72)
[2015.04.19-11.45.55:189][ 98]LogModuleManager: Shutting down and abandoning module FunctionalTesting (71)
[2015.04.19-11.45.55:189][ 98]LogModuleManager: Shutting down and abandoning module CollisionAnalyzer (70)
[2015.04.19-11.45.55:189][ 98]LogModuleManager: Shutting down and abandoning module WorkspaceMenuStructure (69)
[2015.04.19-11.45.55:189][ 98]LogModuleManager: Shutting down and abandoning module MessageLog (68)
[2015.04.19-11.45.55:189][ 98]LogModuleManager: Shutting down and abandoning module Sequencer (67)
[2015.04.19-11.45.55:189][ 98]LogModuleManager: Shutting down and abandoning module AssetTools (66)
[2015.04.19-11.45.55:189][ 98]LogModuleManager: Shutting down and abandoning module UMGEditor (65)
[2015.04.19-11.45.55:189][ 98]LogModuleManager: Shutting down and abandoning module UMG (64)
[2015.04.19-11.45.55:189][ 98]LogModuleManager: Shutting down and abandoning module Slate (63)
[2015.04.19-11.45.55:189][ 98]LogModuleManager: Shutting down and abandoning module EditorStyle (62)
[2015.04.19-11.45.55:196][ 98]LogModuleManager: Shutting down and abandoning module SessionServices (61)
[2015.04.19-11.45.55:196][ 98]LogModuleManager: Shutting down and abandoning module SourceCodeAccess (60)
[2015.04.19-11.45.55:196][ 98]LogModuleManager: Shutting down and abandoning module HeadMountedDisplay (59)
[2015.04.19-11.45.55:196][ 98]LogModuleManager: Shutting down and abandoning module XAudio2 (58)
[2015.04.19-11.45.55:196][ 98]LogModuleManager: Shutting down and abandoning module Networking (56)
[2015.04.19-11.45.55:196][ 98]LogModuleManager: Shutting down and abandoning module Core (55)
[2015.04.19-11.45.55:196][ 98]LogModuleManager: Shutting down and abandoning module KismetCompiler (54)
[2015.04.19-11.45.55:196][ 98]LogModuleManager: Shutting down and abandoning module PhysXFormats (53)
[2015.04.19-11.45.55:196][ 98]LogModuleManager: Shutting down and abandoning module MeshUtilities (52)
[2015.04.19-11.45.55:196][ 98]LogModuleManager: Shutting down and abandoning module DerivedDataCache (51)
[2015.04.19-11.45.55:260][ 98]LogDerivedDataCache: Shutdown
[2015.04.19-11.45.55:260][ 98]LogModuleManager: Shutting down and abandoning module ShaderFormatOpenGL (50)
[2015.04.19-11.45.55:260][ 98]LogModuleManager: Shutting down and abandoning module ShaderFormatD3D (49)
[2015.04.19-11.45.55:260][ 98]LogModuleManager: Shutting down and abandoning module MetalShaderFormat (48)
[2015.04.19-11.45.55:260][ 98]LogModuleManager: Shutting down and abandoning module TextureFormatUncompressed (47)
[2015.04.19-11.45.55:260][ 98]LogModuleManager: Shutting down and abandoning module TextureFormatPVR (46)
[2015.04.19-11.45.55:260][ 98]LogModuleManager: Shutting down and abandoning module TextureFormatIntelISPCTexComp (45)
[2015.04.19-11.45.55:260][ 98]LogModuleManager: Shutting down and abandoning module TextureFormatDXT (44)
[2015.04.19-11.45.55:260][ 98]LogModuleManager: Shutting down and abandoning module ImageWrapper (43)
[2015.04.19-11.45.55:260][ 98]LogModuleManager: Shutting down and abandoning module TextureFormatASTC (42)
[2015.04.19-11.45.55:260][ 98]LogModuleManager: Shutting down and abandoning module TextureFormatAndroid (41)
[2015.04.19-11.45.55:260][ 98]LogModuleManager: Shutting down and abandoning module AudioFormatOpus (40)
[2015.04.19-11.45.55:260][ 98]LogModuleManager: Shutting down and abandoning module AudioFormatOgg (39)
[2015.04.19-11.45.55:260][ 98]LogModuleManager: Shutting down and abandoning module AudioFormatADPCM (38)
[2015.04.19-11.45.55:260][ 98]LogModuleManager: Shutting down and abandoning module LinuxTargetPlatform (37)
[2015.04.19-11.45.55:260][ 98]LogModuleManager: Shutting down and abandoning module LinuxServerTargetPlatform (36)
[2015.04.19-11.45.55:260][ 98]LogModuleManager: Shutting down and abandoning module LinuxNoEditorTargetPlatform (35)
[2015.04.19-11.45.55:260][ 98]LogModuleManager: Shutting down and abandoning module Messaging (34)
[2015.04.19-11.45.55:260][ 98]LogModuleManager: Shutting down and abandoning module IOSTargetPlatform (33)
[2015.04.19-11.45.55:260][ 98]LogModuleManager: Shutting down and abandoning module HTML5TargetPlatform (32)
[2015.04.19-11.45.55:260][ 98]LogModuleManager: Shutting down and abandoning module Android_PVRTCTargetPlatform (31)
[2015.04.19-11.45.55:260][ 98]LogModuleManager: Shutting down and abandoning module Android_ETC2TargetPlatform (30)
[2015.04.19-11.45.55:260][ 98]LogModuleManager: Shutting down and abandoning module Android_ETC1TargetPlatform (29)
[2015.04.19-11.45.55:260][ 98]LogModuleManager: Shutting down and abandoning module Android_ES31TargetPlatform (28)
[2015.04.19-11.45.55:260][ 98]LogModuleManager: Shutting down and abandoning module Android_DXTTargetPlatform (27)
[2015.04.19-11.45.55:260][ 98]LogModuleManager: Shutting down and abandoning module Android_ATCTargetPlatform (26)
[2015.04.19-11.45.55:260][ 98]LogModuleManager: Shutting down and abandoning module AndroidTargetPlatform (25)
[2015.04.19-11.45.55:260][ 98]LogModuleManager: Shutting down and abandoning module WindowsTargetPlatform (24)
[2015.04.19-11.45.55:260][ 98]LogModuleManager: Shutting down and abandoning module WindowsServerTargetPlatform (23)
[2015.04.19-11.45.55:260][ 98]LogModuleManager: Shutting down and abandoning module WindowsNoEditorTargetPlatform (22)
[2015.04.19-11.45.55:260][ 98]LogModuleManager: Shutting down and abandoning module WindowsClientTargetPlatform (21)
[2015.04.19-11.45.55:260][ 98]LogModuleManager: Shutting down and abandoning module TargetPlatform (20)
[2015.04.19-11.45.55:260][ 98]LogModuleManager: Shutting down and abandoning module InputCore (19)
[2015.04.19-11.45.55:260][ 98]LogModuleManager: Shutting down and abandoning module Settings (18)
[2015.04.19-11.45.55:260][ 98]LogModuleManager: Shutting down and abandoning module OnlineSubsystem (16)
[2015.04.19-11.45.55:260][ 98]LogModuleManager: Shutting down and abandoning module OculusRift (15)
[2015.04.19-11.45.55:260][ 98]LogModuleManager: Shutting down and abandoning module ExampleDeviceProfileSelector (14)
[2015.04.19-11.45.55:260][ 98]LogModuleManager: Shutting down and abandoning module TextureCompressor (13)
[2015.04.19-11.45.55:260][ 98]LogModuleManager: Shutting down and abandoning module ShaderCore (12)
[2015.04.19-11.45.55:260][ 98]LogModuleManager: Shutting down and abandoning module Landscape (11)
[2015.04.19-11.45.55:260][ 98]LogModuleManager: Shutting down and abandoning module SlateRHIRenderer (10)
[2015.04.19-11.45.55:263][ 98]LogModuleManager: Shutting down and abandoning module OpenGLDrv (9)
[2015.04.19-11.45.55:263][ 98]LogModuleManager: Shutting down and abandoning module D3D11RHI (8)
[2015.04.19-11.45.55:263][ 98]LogModuleManager: Shutting down and abandoning module Renderer (7)
[2015.04.19-11.45.55:263][ 98]LogModuleManager: Shutting down and abandoning module Engine (6)
[2015.04.19-11.45.55:263][ 98]LogModuleManager: Shutting down and abandoning module CoreUObject (5)
[2015.04.19-11.45.55:263][ 98]LogModuleManager: Shutting down and abandoning module NetworkFile (4)
[2015.04.19-11.45.55:263][ 98]LogModuleManager: Shutting down and abandoning module StreamingFile (3)
[2015.04.19-11.45.55:263][ 98]LogModuleManager: Shutting down and abandoning module SandboxFile (2)
[2015.04.19-11.45.55:263][ 98]LogModuleManager: Shutting down and abandoning module PakFile (1)
[2015.04.19-11.45.55:264][ 98]LogExit: Exiting.
[2015.04.19-11.45.55:268][ 98]Log file closed, 04/19/15 13:45:55
