Log file open, 04/22/15 23:52:46
LogInit:Display: Running engine for game: BlindPersonShooter
LogInit: Version: 4.7.6-2513093+++depot+UE4-Releases+4.7
LogInit: API Version: 2455222
LogInit: Compiled (64-bit): Apr 15 2015 12:09:54
LogInit: Compiled with Visual C++: 18.00.21005.01
LogInit: Build Configuration: Development
LogInit: Branch Name: ++depot+UE4-Releases+4.7
LogInit: Command line:  
LogInit: Base directory: C:/Program Files/Epic Games/4.7/Engine/Binaries/Win64/
LogInit: Rocket: 1
[2015.04.22-21.52.46:498][  0]LogTaskGraph: Started task graph with 3 named threads and 6 total threads.
[2015.04.22-21.52.46:577][  0]LogOnline:Warning: No default platform service specified for OnlineSubsystem
[2015.04.22-21.52.46:612][  0]LogInit: Presizing for 0 objects not considered by GC, pre-allocating 0 bytes.
[2015.04.22-21.52.46:619][  0]LogInit: Object subsystem initialized
[2015.04.22-21.52.46:620][  0]LogConsoleResponse:Warning: Skipping Unknown console variable: 'TranslucentSortAxis = (X=0.000000,Y=-1.000000,Z=0.000000)'
[2015.04.22-21.52.46:620][  0]LogConsoleResponse:Warning:   Found in ini file 'C:/Users/Wouter/Documents/Unreal Projects/BlindPersonShooter/Saved/Config/Windows/Engine.ini', in section '[/Script/Engine.RendererSettings]'
[2015.04.22-21.52.46:621][  0]LogConsoleResponse:Warning: Skipping Unknown console variable: 'UIScaleRule = ShortestSide'
[2015.04.22-21.52.46:621][  0]LogConsoleResponse:Warning:   Found in ini file 'C:/Users/Wouter/Documents/Unreal Projects/BlindPersonShooter/Saved/Config/Windows/Engine.ini', in section '[/Script/Engine.RendererSettings]'
[2015.04.22-21.52.46:621][  0]LogConsoleResponse:Warning: Skipping Unknown console variable: 'UIScaleCurve = (EditorCurveData=(Keys=),ExternalCurve=None)'
[2015.04.22-21.52.46:621][  0]LogConsoleResponse:Warning:   Found in ini file 'C:/Users/Wouter/Documents/Unreal Projects/BlindPersonShooter/Saved/Config/Windows/Engine.ini', in section '[/Script/Engine.RendererSettings]'
[2015.04.22-21.52.46:621][  0]LogInit: Selected Device Profile: [Windows]
[2015.04.22-21.52.46:621][  0]LogInit: Applying CVar settings loaded from the selected device profile: [Windows]
[2015.04.22-21.52.46:630][  0]LogInit: Computer: WOUTER-PC
[2015.04.22-21.52.46:630][  0]LogInit: User: Wouter
[2015.04.22-21.52.46:630][  0]LogInit: CPU Page size=4096, Cores=4
[2015.04.22-21.52.46:630][  0]LogInit: High frequency timer resolution =3.222694 MHz
[2015.04.22-21.52.46:630][  0]LogMemory: Memory total: Physical=8.0GB (8GB approx) Virtual=131072.0GB
[2015.04.22-21.52.46:630][  0]LogMemory: Platform Memory Stats for Windows
[2015.04.22-21.52.46:630][  0]LogMemory: Process Physical Memory: 46.21 MB used, 46.21 MB peak
[2015.04.22-21.52.46:630][  0]LogMemory: Process Virtual Memory: 24.51 MB used, 24.51 MB peak
[2015.04.22-21.52.46:630][  0]LogMemory: Physical Memory: 4190.91 MB used, 8167.08 MB total
[2015.04.22-21.52.46:630][  0]LogMemory: Virtual Memory: 285.24 MB used, 134217728.00 MB total
[2015.04.22-21.52.46:677][  0]LogD3D11RHI: Found D3D11 adapter 0: AMD Radeon HD 6900 Series (Feature Level 11_0)
[2015.04.22-21.52.46:677][  0]LogD3D11RHI: Adapter has 2032MB of dedicated video memory, 0MB of dedicated system memory, and 3840MB of shared system memory, 3 output[s]
[2015.04.22-21.52.46:679][  0]LogD3D11RHI: Found D3D11 adapter 1: Microsoft Basic Render Driver (Feature Level 11_0)
[2015.04.22-21.52.46:679][  0]LogD3D11RHI: Adapter has 0MB of dedicated video memory, 0MB of dedicated system memory, and 256MB of shared system memory, 0 output[s]
[2015.04.22-21.52.46:679][  0]LogD3D11RHI: Chosen D3D11 Adapter Id = 0
[2015.04.22-21.52.46:687][  0]LogRHI: Texture pool is 1361 MB (70% of 1945 MB)
[2015.04.22-21.52.46:692][  0]LogD3D11RHI: Async texture creation disabled: no driver support
[2015.04.22-21.52.46:863][  0]LogTextLocalizationManager: The requested culture ('en_US') has no localization data; parent culture's ('en') localization data will be used.
[2015.04.22-21.52.46:911][  0]LogTextLocalizationManager:Warning: Loading localization resources contain conflicting entries for (Namespace:UICommands, Key:Save_ToolTip):
Resource: (C:/Program Files/Epic Games/4.7/Engine/Content/Localization/Editor/en/Editor.locres) Hash: (-29098895) String: (Saves the current level to disk)
Resource: (C:/Program Files/Epic Games/4.7/Engine/Content/Localization/Engine/en/Engine.locres) Hash: (-1280300587) String: (Save selected data to vlog file)
[2015.04.22-21.52.46:911][  0]LogTextLocalizationManager:Warning: Loading localization resources contain conflicting entries for (Namespace:ContentBrowser, Key:ImportAssetToolTip):
Resource: (C:/Program Files/Epic Games/4.7/Engine/Content/Localization/Editor/en/Editor.locres) Hash: (-630476809) String: (Import to {0}...)
Resource: (C:/Program Files/Epic Games/4.7/Engine/Content/Localization/Editor/en/Editor.locres) Hash: (1271782899) String: (Imports an asset from file to this folder.)
[2015.04.22-21.52.46:972][  0]LogContentStreaming: Texture pool size is 0.000000MB
[2015.04.22-21.52.49:638][  0]LogTargetPlatformManager:Display: Building Assets For Windows
[2015.04.22-21.52.50:373][  0]LogTargetPlatformManager:Display: Building Assets For Windows
[2015.04.22-21.52.50:462][  0]LogDerivedDataCache:Display: Max Cache Size: 512 MB
[2015.04.22-21.52.50:494][  0]LogDerivedDataCache: Loaded boot cache 0.03s 39MB C:/Users/Wouter/AppData/Local/UnrealEngine/4.7/DerivedDataCache/Boot.ddc.
[2015.04.22-21.52.50:494][  0]LogDerivedDataCache:Display: Loaded Boot cache: C:/Users/Wouter/AppData/Local/UnrealEngine/4.7/DerivedDataCache/Boot.ddc
[2015.04.22-21.52.50:494][  0]LogDerivedDataCache: FDerivedDataBackendGraph:  Pak pak cache file ../../../../../../Users/Wouter/Documents/Unreal Projects/BlindPersonShooter/DerivedDataCache/DDC.ddp not found, will not use a pak cache.
[2015.04.22-21.52.50:494][  0]LogDerivedDataCache: Unable to find inner node Pak for hierarchical cache Hierarchy.
[2015.04.22-21.52.50:590][  0]LogDerivedDataCache:Display: Pak cache opened for reading ../../../Engine/DerivedDataCache/Compressed.ddp.
[2015.04.22-21.52.50:603][  0]LogDerivedDataCache: Using Local data cache path C:/Users/Wouter/AppData/Local/UnrealEngine/Common/DerivedDataCache: Writable
[2015.04.22-21.52.50:931][  0]LogMeshUtilities: No automatic mesh reduction module available
[2015.04.22-21.52.50:931][  0]LogMeshUtilities: No automatic mesh merging module available
[2015.04.22-21.52.51:362][  0]LogInit: WinSock: version 1.1 (2.2), MaxSocks=32767, MaxUdp=65467
[2015.04.22-21.52.51:510][  0]LogSlate:Warning: Failed to load font data from '../../../Engine/Content/Slate/Fonts/Roboto-Italic.ttf'
[2015.04.22-21.52.52:785][  0]UdpMessaging: Initializing bridge on interface 0.0.0.0:0 to multicast group 230.0.0.1:6666.
[2015.04.22-21.52.53:162][  0]SourceControl: Info Source control is disabled
[2015.04.22-21.52.53:162][  0]SourceControl: Info Source control is disabled
[2015.04.22-21.52.53:162][  0]SourceControl: Info Source control is disabled
[2015.04.22-21.52.53:162][  0]LogSourceControl: RunCommandInternalRaw: 'git version'
[2015.04.22-21.52.53:162][  0]LogSourceControl: RunCommandInternalRaw: ExecProcess ReturnCode=2 OutResults=''
[2015.04.22-21.52.53:178][  0]SourceControl: Info Source control is disabled
[2015.04.22-21.52.53:552][  0]LogObj: 24232 objects as part of root set at end of initial load.
[2015.04.22-21.52.53:552][  0]LogUObjectAllocator: 5137176 out of 0 bytes used by permanent object pool.
[2015.04.22-21.52.53:657][  0]LogEngine: Initializing Engine...
[2015.04.22-21.52.55:822][  0]LogInit: XAudio2 using 'Speakers (Realtek High Definition Audio)' : 2 channels at 48 kHz using 32 bits per sample (channel mask 0x3)
[2015.04.22-21.52.55:830][  0]LogInit: FAudioDevice initialized.
[2015.04.22-21.52.55:893][  0]LogAIModule: Creating AISystem for world NewWorld
[2015.04.22-21.52.55:909][  0]LogDerivedDataCache: Saved boot cache 0.02s 39MB C:/Users/Wouter/AppData/Local/UnrealEngine/4.7/DerivedDataCache/Boot.ddc.
[2015.04.22-21.52.55:914][  0]LogInit: Texture streaming: Enabled
[2015.04.22-21.52.56:034][  0]LogAnalytics: Creating configured Analytics provider AnalyticsET
[2015.04.22-21.52.56:034][  0]LogAnalytics: ET APIKey = Rocket.Release. APIServer = http://et2.epicgames.com/ET2/. AppVersion = 4.7.6-2513093+++depot+UE4-Releases+4.7
[2015.04.22-21.52.56:034][  0]LogAnalytics: ET APIKey = Rocket.Release. DataRouterUploadURL = https://datarouter-public-service-gamedev.ol.epicgames.net/datarouter/api/v1/public/data. AppVersion = 4.7.6-2513093+++depot+UE4-Releases+4.7
[2015.04.22-21.52.56:035][  0]LogAnalytics: SetUserId 7b6bbb2b4b1c643f97d6798f1001496e|f307042b1d2f4c46a4ba52bf0d9fc354|b90fe644-cef2-4d5d-81b9-41cf3ecc3bcd
[2015.04.22-21.52.56:035][  0]LogAnalytics: AnalyticsET::StartSession [Rocket.Release]
[2015.04.22-21.52.56:364][  0]LogInit: Transaction tracking system initialized
[2015.04.22-21.52.56:712][  0]BlueprintLog: New page: Editor Load
[2015.04.22-21.52.56:770][  0]LogAssetRegistry: FAssetRegistry took 0.0111 seconds to start up
[2015.04.22-21.52.56:771][  0]LogDirectoryWatcher:Warning: Failed to begin reading directory changes for ../../../Engine/Plugins/Experimental/CharacterAI/Content/. Error: 0
[2015.04.22-21.52.57:520][  0]LogTargetPlatformManager:Display: Building Assets For Windows
[2015.04.22-21.52.57:914][  0]LogTargetPlatformManager:Display: Building Assets For Windows
[2015.04.22-21.52.58:413][  0]LogSlate:Warning: Failed to load font data from '../../../Engine/Content/Editor/Slate/Fonts/Roboto-Regular.ttf'
[2015.04.22-21.52.58:414][  0]LogSlate:Warning: Failed to load font data from '../../../Engine/Content/Editor/Slate/Fonts/Roboto-Bold.ttf'
[2015.04.22-21.52.58:420][  0]LogConsoleResponse:Display: 
[2015.04.22-21.52.58:581][  0]LogCook:Display: Done creating registry. It took  0.00s.
[2015.04.22-21.52.58:863][  0]SourceControl: Info Source control is disabled
[2015.04.22-21.52.58:864][  0]Cmd: MAP LOAD FILE="../../../../../../Users/Wouter/Documents/Unreal Projects/BlindPersonShooter/Content/FirstPersonBP/Maps/FirstPersonExampleMap.umap" TEMPLATE=0 SHOWPROGRESS=1 FEATURELEVEL=3
[2015.04.22-21.52.58:864][  0]LightingResults: New page: Lighting Build
[2015.04.22-21.52.58:884][  0]MapCheck: New page: Map Check
[2015.04.22-21.52.58:884][  0]LightingResults: New page: Lighting Build
[2015.04.22-21.52.58:889][  0]LogParticles: Destroying 0 GPU particle simulations for FXSystem 0x00000002B57E2980
[2015.04.22-21.52.58:898][  0]LogLinker:Warning: Asset '../../../Engine/Content/EngineMeshes/Humanoid.uasset' has been saved with empty engine version. The asset will be loaded but may be incompatible.
[2015.04.22-21.53.01:068][  0]LogEditorServer: Finished looking for orphan Actors (0.000 secs)
[2015.04.22-21.53.01:795][  0]LogAIModule: Creating AISystem for world FirstPersonExampleMap
[2015.04.22-21.53.01:796][  0]Cmd: MAP CHECKDEP
[2015.04.22-21.53.01:796][  0]MapCheck: New page: FirstPersonExampleMap - Apr 23, 2015, 1:53:01 AM
[2015.04.22-21.53.01:988][  0]MapCheck: Info Map check complete: 0 Error(s), 0 Warning(s), took 191.745ms to complete.
[2015.04.22-21.53.01:988][  0]LogFileHelpers: Loading map 'FirstPersonExampleMap' took 3.124
[2015.04.22-21.53.02:178][  0]LogCollectionManager: Loaded 0 collections in 0.002222 seconds
[2015.04.22-21.53.02:189][  0]LogContentBrowser: Native class hierarchy populated in 0.0111 seconds. Added 1696 classes and 261 folders.
[2015.04.22-21.53.02:265][  0]LogContentBrowser: Native class hierarchy updated for 'SceneOutliner' in 0.0051 seconds. Added 1 classes and 2 folders.
[2015.04.22-21.53.02:353][  0]LogCrashTracker: Crashtracker disabled due to settings.
[2015.04.22-21.53.02:355][  0]LogSlate:Warning: Failed to load font data from 'Veranda'
[2015.04.22-21.53.02:360][  0]LogUObjectGlobals:Warning: Failed to find object 'Class None.'
[2015.04.22-21.53.02:388][  0]LogLoad: Full Startup: 18.10 seconds (BP compile: 1.05 seconds)
[2015.04.22-21.53.02:816][  0]LogContentBrowser:Verbose: The content browser source was changed by the sources view to '/Game/FirstPersonBP/Materials'
[2015.04.22-21.53.02:931][  0]LogRenderer:Warning: Reallocating scene render targets to support 32x32 (Frame:2).
[2015.04.22-21.53.03:020][  0]LogRenderer:Warning: Reallocating scene render targets to support 1208x496 (Frame:3).
[2015.04.22-21.53.04:744][  6]LogAssetRegistry: Asset discovery search completed in 7.9857 seconds
[2015.04.22-21.53.07:855][127]LogMaterial: Missing cached shader map for material TriggerScan, compiling. 
[2015.04.22-21.53.07:876][127]LogActorComponent: UnregisterComponent: (/Engine/Transient.SkeletalMeshComponent_0) Not registered. Aborting.
[2015.04.22-21.53.07:924][127]LogActorComponent: UnregisterComponent: (/Engine/Transient.SkeletalMeshComponent_0) Not registered. Aborting.
[2015.04.22-21.53.07:924][127]LogActorComponent: RegisterComponentWithWorld: (/Engine/Transient.MaterialEditorMeshComponent_0) Already registered. Aborting.
[2015.04.22-21.53.07:924][127]LogActorComponent: UnregisterComponent: (/Engine/Transient.SkeletalMeshComponent_0) Not registered. Aborting.
[2015.04.22-21.53.07:924][127]LogActorComponent: RegisterComponentWithWorld: (/Engine/Transient.MaterialEditorMeshComponent_0) Already registered. Aborting.
[2015.04.22-21.53.07:940][127]LogMaterial: Missing cached shader map for material TriggerScan, compiling. 
[2015.04.22-21.53.07:941][127]LogMaterial: 0.000049 seconds spent updating 1 materials, 1 interfaces, 0 instances, 0 with static permutations.
[2015.04.22-21.53.07:964][127]LogMaterial: Missing cached shader map for material FMatExpressionPreview MaterialExpressionVectorParameter_0, compiling. 
[2015.04.22-21.53.07:966][127]LogMaterial: Missing cached shader map for material FMatExpressionPreview MaterialExpressionCustom_1, compiling. 
[2015.04.22-21.53.07:967][127]LogMaterial: Missing cached shader map for material FMatExpressionPreview MaterialExpressionCustom_2, compiling. 
[2015.04.22-21.53.07:968][127]LogMaterial: Missing cached shader map for material FMatExpressionPreview MaterialExpressionCustom_3, compiling. 
[2015.04.22-21.53.08:026][127]LogMaterial: Missing cached shader map for material MAT_SCAN, compiling. 
[2015.04.22-21.53.08:043][127]LogActorComponent: UnregisterComponent: (/Engine/Transient.SkeletalMeshComponent_1) Not registered. Aborting.
[2015.04.22-21.53.08:090][127]LogActorComponent: UnregisterComponent: (/Engine/Transient.SkeletalMeshComponent_1) Not registered. Aborting.
[2015.04.22-21.53.08:090][127]LogActorComponent: RegisterComponentWithWorld: (/Engine/Transient.MaterialEditorMeshComponent_1) Already registered. Aborting.
[2015.04.22-21.53.08:090][127]LogActorComponent: UnregisterComponent: (/Engine/Transient.SkeletalMeshComponent_1) Not registered. Aborting.
[2015.04.22-21.53.08:090][127]LogActorComponent: RegisterComponentWithWorld: (/Engine/Transient.MaterialEditorMeshComponent_1) Already registered. Aborting.
[2015.04.22-21.53.08:107][127]LogMaterial: Missing cached shader map for material MAT_SCAN, compiling. 
[2015.04.22-21.53.08:108][127]LogMaterial: 0.000027 seconds spent updating 1 materials, 1 interfaces, 0 instances, 0 with static permutations.
[2015.04.22-21.53.08:134][127]LogMaterial: Missing cached shader map for material FMatExpressionPreview MaterialExpressionVectorParameter_0, compiling. 
[2015.04.22-21.53.08:136][127]LogMaterial: Missing cached shader map for material FMatExpressionPreview MaterialExpressionCustom_1, compiling. 
[2015.04.22-21.53.08:137][127]LogMaterial: Missing cached shader map for material FMatExpressionPreview MaterialExpressionCustom_2, compiling. 
[2015.04.22-21.53.08:138][127]LogMaterial: Missing cached shader map for material FMatExpressionPreview MaterialExpressionCustom_3, compiling. 
[2015.04.22-21.53.08:140][127]LogLinker:Warning: Can't resolve asset name
[2015.04.22-21.53.08:848][183]MaterialEditorStats: Info Base pass shader without light map: 55 instructions
[2015.04.22-21.53.08:848][183]MaterialEditorStats: Info Vertex shader: 31 instructions
[2015.04.22-21.53.08:848][183]MaterialEditorStats: Info Texture samplers: 1/16
[2015.04.22-21.53.09:222][215]MaterialEditorStats: Info Base pass shader without light map: 57 instructions
[2015.04.22-21.53.09:222][215]MaterialEditorStats: Info Vertex shader: 31 instructions
[2015.04.22-21.53.09:222][215]MaterialEditorStats: Info Texture samplers: 1/16
[2015.04.22-21.53.28:446][426]LogMaterial: Missing cached shader map for material TriggerScan, compiling. 
[2015.04.22-21.53.28:448][426]LogMaterial: 0.000053 seconds spent updating 1 materials, 1 interfaces, 0 instances, 0 with static permutations.
[2015.04.22-21.53.28:654][450]MaterialEditorStats: Info Base pass shader without light map: 55 instructions
[2015.04.22-21.53.28:654][450]MaterialEditorStats: Info Vertex shader: 31 instructions
[2015.04.22-21.53.28:654][450]MaterialEditorStats: Info Texture samplers: 1/16
[2015.04.22-21.53.30:397][653]LogMaterialEditor: Saving and Compiling material TriggerScan
[2015.04.22-21.53.31:631][653]LogMaterial: Missing cached shader map for material TriggerScan, compiling. 
[2015.04.22-21.53.31:636][653]LogMaterial: 0.000093 seconds spent updating 1 materials, 1 interfaces, 0 instances, 0 with static permutations.
[2015.04.22-21.53.31:703][653]LogMaterial: Missing cached shader map for material TriggerScan, compiling. 
[2015.04.22-21.53.31:711][653]LogMaterial: Missing cached shader map for material TriggerScan, compiling. 
[2015.04.22-21.53.31:715][653]LogMaterial: 0.001604 seconds spent updating 1 materials, 1 interfaces, 1 instances, 0 with static permutations.
[2015.04.22-21.53.32:405][653]LogSavePackage: Save=276.547821ms
[2015.04.22-21.53.32:405][653]LogSavePackage: Moving '../../../../../../Users/Wouter/Documents/Unreal Projects/BlindPersonShooter/Saved/TriggerScanBF0D9D594218C3B172FB59844FD96281.tmp' to '../../../../../../Users/Wouter/Documents/Unreal Projects/BlindPersonShooter/Content/FirstPersonBP/Materials/TriggerScan.uasset'
[2015.04.22-21.53.32:416][653]MaterialEditorStats: Info Base pass shader without light map: 79 instructions
[2015.04.22-21.53.32:416][653]MaterialEditorStats: Info Vertex shader: 31 instructions
[2015.04.22-21.53.32:416][653]MaterialEditorStats: Info Texture samplers: 2/16
[2015.04.22-21.53.44:533][928]MapCheck: New page: Map Check
[2015.04.22-21.53.44:569][928]Cmd: MAP REBUILD ALLVISIBLE
[2015.04.22-21.53.44:569][928]LogEditorServer: Rebuildmap Clear paths rebuilt
[2015.04.22-21.53.44:606][928]LightingResults: New page: Lighting Build - Apr 23, 2015, 1:53:44 AM
[2015.04.22-21.53.48:216][928]LogStaticLightingSystem: Running Lightmass w/ ImmediateImport mode ENABLED
[2015.04.22-21.53.48:216][928]LogStaticLightingSystem: Running Lightmass w/ ImmediateProcess mode ENABLED
[2015.04.22-21.53.48:216][928]LogStaticLightingSystem: Running Lightmass w/ Sorting mode ENABLED
[2015.04.22-21.53.48:216][928]LogStaticLightingSystem: Running Lightmass w/ Mapping paddings ENABLED
[2015.04.22-21.53.48:216][928]LogStaticLightingSystem: Running Lightmass w/ Mapping debug paddings DISABLED
[2015.04.22-21.53.48:475][928]LogEditorBuildUtils: Build time 0:00:03
[2015.04.22-21.53.54:251][348]Job has failed! Job is closed while Tasks are still PENDING
[2015.04.22-21.54.11:346][ 52]LogEditorViewport: Clicking on Actor (LMB): StaticMeshActor (Cube07)
[2015.04.22-21.54.34:053][453]LogMaterialEditor: Saving and Compiling material TriggerScan
[2015.04.22-21.54.35:279][453]LogMaterial: Missing cached shader map for material TriggerScan, compiling. 
[2015.04.22-21.54.35:283][453]LogMaterial: 0.000055 seconds spent updating 1 materials, 1 interfaces, 0 instances, 0 with static permutations.
[2015.04.22-21.54.35:349][453]LogMaterial: Missing cached shader map for material TriggerScan, compiling. 
[2015.04.22-21.54.35:354][453]LogMaterial: Missing cached shader map for material TriggerScan, compiling. 
[2015.04.22-21.54.35:358][453]LogMaterial: 0.001515 seconds spent updating 1 materials, 1 interfaces, 1 instances, 0 with static permutations.
[2015.04.22-21.54.36:496][453]LogSavePackage: Save=276.142578ms
[2015.04.22-21.54.36:496][453]LogSavePackage: Moving '../../../../../../Users/Wouter/Documents/Unreal Projects/BlindPersonShooter/Saved/TriggerScan82DC3A03408F864C757DE285DA5623ED.tmp' to '../../../../../../Users/Wouter/Documents/Unreal Projects/BlindPersonShooter/Content/FirstPersonBP/Materials/TriggerScan.uasset'
[2015.04.22-21.54.45:741][249]BlueprintLog: New page: Pre-PIE auto-recompile
[2015.04.22-21.54.45:741][249]LogPlayLevel: [PIE] Compiling FirstPersonExampleMap before PIE...
[2015.04.22-21.54.45:828][249]LogPlayLevel: PIE:  Blueprint regeneration took 86 ms (1 blueprints)
[2015.04.22-21.54.45:828][249]PIE: New page: PIE session: FirstPersonExampleMap (Apr 23, 2015, 1:54:45 AM)
[2015.04.22-21.54.45:850][249]LogBlueprint:Warning: FMemberReference::ResolveMember (AddComponent) bSelfContext == true, but no scope supplied!
[2015.04.22-21.54.45:854][249]LogPlayLevel: PIE: StaticDuplicateObject took: (0.025834s)
[2015.04.22-21.54.45:855][249]LogPlayLevel: PIE: World Init took: (0.000692s)
[2015.04.22-21.54.45:855][249]LogPlayLevel: PIE: Created PIE world by copying editor world from /Game/FirstPersonBP/Maps/FirstPersonExampleMap.FirstPersonExampleMap to /Game/FirstPersonBP/Maps/UEDPIE_0_FirstPersonExampleMap.FirstPersonExampleMap (0.026695s)
[2015.04.22-21.54.46:001][249]LogWorld: Game class is 'FirstPersonGameMode_C'
[2015.04.22-21.54.46:004][249]LogAIModule: Creating AISystem for world FirstPersonExampleMap
[2015.04.22-21.54.46:016][249]LogWorld: Bringing World /Game/FirstPersonBP/Maps/UEDPIE_0_FirstPersonExampleMap.FirstPersonExampleMap up for play (max tick rate 0) at 2015.04.22-23.54.46
[2015.04.22-21.54.46:017][249]LogWorld: Bringing up level for play took: 0.012640
[2015.04.22-21.54.46:019][249]PIE: Info Play in editor start time for /Game/FirstPersonBP/Maps/UEDPIE_0_FirstPersonExampleMap -0.414
[2015.04.22-21.54.55:325][337]LogParticles: Destroying 0 GPU particle simulations for FXSystem 0x00000002B2687C40
[2015.04.22-21.54.56:884][503]Cmd: SELECT NONE
[2015.04.22-21.55.04:408][342]Cmd: SELECT NONE
[2015.04.22-21.55.08:800][767]LogEditorViewport: Clicking on Actor (LMB): StaticMeshActor (Cube07)
[2015.04.22-21.57.37:189][121]BlueprintLog: New page: Pre-PIE auto-recompile
[2015.04.22-21.57.37:189][121]LogPlayLevel: [PIE] Compiling FirstPersonExampleMap before PIE...
[2015.04.22-21.57.37:281][121]LogPlayLevel: PIE:  Blueprint regeneration took 92 ms (1 blueprints)
[2015.04.22-21.57.37:281][121]PIE: New page: PIE session: FirstPersonExampleMap (Apr 23, 2015, 1:57:37 AM)
[2015.04.22-21.57.37:304][121]LogBlueprint:Warning: FMemberReference::ResolveMember (AddComponent) bSelfContext == true, but no scope supplied!
[2015.04.22-21.57.37:308][121]LogPlayLevel: PIE: StaticDuplicateObject took: (0.026808s)
[2015.04.22-21.57.37:309][121]LogPlayLevel: PIE: World Init took: (0.000629s)
[2015.04.22-21.57.37:309][121]LogPlayLevel: PIE: Created PIE world by copying editor world from /Game/FirstPersonBP/Maps/FirstPersonExampleMap.FirstPersonExampleMap to /Game/FirstPersonBP/Maps/UEDPIE_0_FirstPersonExampleMap.FirstPersonExampleMap (0.027591s)
[2015.04.22-21.57.37:341][121]LogWorld: Game class is 'FirstPersonGameMode_C'
[2015.04.22-21.57.37:343][121]LogAIModule: Creating AISystem for world FirstPersonExampleMap
[2015.04.22-21.57.37:355][121]LogWorld: Bringing World /Game/FirstPersonBP/Maps/UEDPIE_0_FirstPersonExampleMap.FirstPersonExampleMap up for play (max tick rate 0) at 2015.04.22-23.57.37
[2015.04.22-21.57.37:356][121]LogWorld: Bringing up level for play took: 0.012662
[2015.04.22-21.57.37:358][121]PIE: Info Play in editor start time for /Game/FirstPersonBP/Maps/UEDPIE_0_FirstPersonExampleMap 0.925
[2015.04.22-21.57.39:224][333]LogParticles: Destroying 0 GPU particle simulations for FXSystem 0x00000002AF8D6520
[2015.04.22-21.57.58:798][657]BlueprintLog: New page: Pre-PIE auto-recompile
[2015.04.22-21.57.58:798][657]LogPlayLevel: [PIE] Compiling FirstPersonExampleMap before PIE...
[2015.04.22-21.57.58:885][657]LogPlayLevel: PIE:  Blueprint regeneration took 86 ms (1 blueprints)
[2015.04.22-21.57.58:885][657]PIE: New page: PIE session: FirstPersonExampleMap (Apr 23, 2015, 1:57:58 AM)
[2015.04.22-21.57.58:907][657]LogBlueprint:Warning: FMemberReference::ResolveMember (AddComponent) bSelfContext == true, but no scope supplied!
[2015.04.22-21.57.58:910][657]LogPlayLevel: PIE: StaticDuplicateObject took: (0.024713s)
[2015.04.22-21.57.58:911][657]LogPlayLevel: PIE: World Init took: (0.000596s)
[2015.04.22-21.57.58:911][657]LogPlayLevel: PIE: Created PIE world by copying editor world from /Game/FirstPersonBP/Maps/FirstPersonExampleMap.FirstPersonExampleMap to /Game/FirstPersonBP/Maps/UEDPIE_0_FirstPersonExampleMap.FirstPersonExampleMap (0.025458s)
[2015.04.22-21.57.58:970][657]LogWorld: Game class is 'FirstPersonGameMode_C'
[2015.04.22-21.57.58:972][657]LogAIModule: Creating AISystem for world FirstPersonExampleMap
[2015.04.22-21.57.58:984][657]LogWorld: Bringing World /Game/FirstPersonBP/Maps/UEDPIE_0_FirstPersonExampleMap.FirstPersonExampleMap up for play (max tick rate 0) at 2015.04.22-23.57.58
[2015.04.22-21.57.58:985][657]LogWorld: Bringing up level for play took: 0.012444
[2015.04.22-21.57.58:987][657]PIE: Info Play in editor start time for /Game/FirstPersonBP/Maps/UEDPIE_0_FirstPersonExampleMap 0.555
[2015.04.22-21.58.02:893][111]LogParticles: Destroying 0 GPU particle simulations for FXSystem 0x00000002B257C400
[2015.04.22-21.58.13:516][899]Cmd: TRANSACTION UNDO
[2015.04.22-21.58.13:516][899]LogEditorTransaction: Undo Move Actors
[2015.04.22-21.58.13:551][899]LogMaterial: Missing cached shader map for material TriggerScan, compiling. 
[2015.04.22-21.58.13:553][899]LogMaterial: 0.000036 seconds spent updating 1 materials, 1 interfaces, 0 instances, 0 with static permutations.
[2015.04.22-21.58.13:562][899]LogMaterial: Missing cached shader map for material MAT_SCAN, compiling. 
[2015.04.22-21.58.13:563][899]LogMaterial: 0.000043 seconds spent updating 1 materials, 1 interfaces, 0 instances, 0 with static permutations.
[2015.04.22-21.58.14:570][953]MaterialEditorStats: Info Base pass shader without light map: 55 instructions
[2015.04.22-21.58.14:570][953]MaterialEditorStats: Info Vertex shader: 31 instructions
[2015.04.22-21.58.14:570][953]MaterialEditorStats: Info Texture samplers: 1/16
[2015.04.22-21.58.14:699][963]MaterialEditorStats: Info Base pass shader without light map: 57 instructions
[2015.04.22-21.58.14:699][963]MaterialEditorStats: Info Vertex shader: 31 instructions
[2015.04.22-21.58.14:699][963]MaterialEditorStats: Info Texture samplers: 1/16
[2015.04.22-21.58.39:307][827]LogEditorViewport: Clicking on Actor (LMB): StaticMeshActor (Floor2)
[2015.04.22-21.58.39:848][879]LogEditorViewport: Clicking on Actor (LMB): StaticMeshActor (Cube07)
[2015.04.22-21.59.58:803][722]LogMaterial: Missing cached shader map for material TriggerScan, compiling. 
[2015.04.22-21.59.58:803][722]LogMaterial:Warning: Failed to compile Material /Engine/Transient.TriggerScan for platform PCD3D_SM5, Default Material will be used in game.
[2015.04.22-21.59.58:803][722]LogMaterial:Warning: 	(Node Custom) Custom material DynamicScanFX missing input 1 (Camera_Vector)
[2015.04.22-21.59.58:803][722]LogMaterial: 0.000077 seconds spent updating 1 materials, 1 interfaces, 0 instances, 0 with static permutations.
[2015.04.22-21.59.58:857][722]LogMaterial: Missing cached shader map for material FMatExpressionPreview MaterialExpressionCustom_1, compiling. 
[2015.04.22-21.59.58:858][722]LogMaterial: Missing cached shader map for material FMatExpressionPreview MaterialExpressionCustom_2, compiling. 
[2015.04.22-21.59.58:859][722]MaterialEditorStats:Error: Error [SM5] (Node Custom) Custom material DynamicScanFX missing input 1 (Camera_Vector)
[2015.04.22-22.00.05:777][474]LogMaterial: Missing cached shader map for material TriggerScan, compiling. 
[2015.04.22-22.00.05:778][474]LogMaterial: 0.000041 seconds spent updating 1 materials, 1 interfaces, 0 instances, 0 with static permutations.
[2015.04.22-22.00.05:808][474]LogMaterial: Missing cached shader map for material FMatExpressionPreview MaterialExpressionCustom_1, compiling. 
[2015.04.22-22.00.06:806][584]MaterialEditorStats: Info Base pass shader without light map: 54 instructions
[2015.04.22-22.00.06:806][584]MaterialEditorStats: Info Vertex shader: 31 instructions
[2015.04.22-22.00.06:806][584]MaterialEditorStats: Info Texture samplers: 1/16
[2015.04.22-22.00.18:385][933]LogMaterial: Missing cached shader map for material TriggerScan, compiling. 
[2015.04.22-22.00.18:386][933]LogMaterial: 0.000052 seconds spent updating 1 materials, 1 interfaces, 0 instances, 0 with static permutations.
[2015.04.22-22.00.18:413][933]LogMaterial: Missing cached shader map for material FMatExpressionPreview MaterialExpressionCustom_2, compiling. 
[2015.04.22-22.00.18:689][965]MaterialEditorStats: Info Base pass shader without light map: 54 instructions
[2015.04.22-22.00.18:689][965]MaterialEditorStats: Info Vertex shader: 31 instructions
[2015.04.22-22.00.18:689][965]MaterialEditorStats: Info Texture samplers: 1/16
[2015.04.22-22.00.55:779][882]LogMaterial: Missing cached shader map for material TriggerScan, compiling. 
[2015.04.22-22.00.55:781][882]LogMaterial: 0.000056 seconds spent updating 1 materials, 1 interfaces, 0 instances, 0 with static permutations.
[2015.04.22-22.00.56:676][986]MaterialEditorStats: Info Base pass shader without light map: 54 instructions
[2015.04.22-22.00.56:676][986]MaterialEditorStats: Info Vertex shader: 31 instructions
[2015.04.22-22.00.56:676][986]MaterialEditorStats: Info Texture samplers: 1/16
[2015.04.22-22.00.57:783][114]LogMaterialEditor: Saving and Compiling material TriggerScan
[2015.04.22-22.00.59:007][114]LogMaterial: Missing cached shader map for material TriggerScan, compiling. 
[2015.04.22-22.00.59:011][114]LogMaterial: 0.000053 seconds spent updating 1 materials, 1 interfaces, 0 instances, 0 with static permutations.
[2015.04.22-22.00.59:067][114]LogMaterial: Missing cached shader map for material TriggerScan, compiling. 
[2015.04.22-22.00.59:072][114]LogMaterial: Missing cached shader map for material TriggerScan, compiling. 
[2015.04.22-22.00.59:075][114]LogMaterial: 0.001516 seconds spent updating 1 materials, 1 interfaces, 1 instances, 0 with static permutations.
[2015.04.22-22.00.59:792][114]LogSavePackage: Save=278.308472ms
[2015.04.22-22.00.59:792][114]LogSavePackage: Moving '../../../../../../Users/Wouter/Documents/Unreal Projects/BlindPersonShooter/Saved/TriggerScan7C99F3314AB899556317A18CD719D20D.tmp' to '../../../../../../Users/Wouter/Documents/Unreal Projects/BlindPersonShooter/Content/FirstPersonBP/Materials/TriggerScan.uasset'
[2015.04.22-22.00.59:804][114]MaterialEditorStats: Info Base pass shader without light map: 78 instructions
[2015.04.22-22.00.59:804][114]MaterialEditorStats: Info Vertex shader: 31 instructions
[2015.04.22-22.00.59:804][114]MaterialEditorStats: Info Texture samplers: 2/16
[2015.04.22-22.01.16:177][829]Cmd: SELECT NONE
[2015.04.22-22.01.17:476][967]LogEditorViewport: Clicking on Actor (LMB): StaticMeshActor (Cube07)
[2015.04.22-22.03.20:023][104]LogSavePackage: Save=1813.708008ms
[2015.04.22-22.03.20:023][104]LogSavePackage: Moving '../../../../../../Users/Wouter/Documents/Unreal Projects/BlindPersonShooter/Saved/FirstPersonExampleMap_Auto1063105E64815D6B86D6328B6C5304A6E.tmp' to '../../../../../../Users/Wouter/Documents/Unreal Projects/BlindPersonShooter/Saved/Autosaves/Game/FirstPersonBP/Maps/FirstPersonExampleMap_Auto1.umap'
[2015.04.22-22.03.20:031][104]LogFileHelpers: Editor autosave (incl. sublevels) for '/Game/FirstPersonBP/Maps/FirstPersonExampleMap' took 1.919
[2015.04.22-22.03.20:031][104]LogFileHelpers: Editor autosave (incl. sublevels) for all levels took 1.919
[2015.04.22-22.03.39:076][740]LogMaterial: Missing cached shader map for material TriggerScan, compiling. 
[2015.04.22-22.03.39:076][740]LogMaterial:Warning: Failed to compile Material /Engine/Transient.TriggerScan for platform PCD3D_SM5, Default Material will be used in game.
[2015.04.22-22.03.39:076][740]LogMaterial:Warning: 	(Node Custom) Custom material DynamicScanFX missing input 2 (Camera_Position)
[2015.04.22-22.03.39:076][740]LogMaterial: 0.000064 seconds spent updating 1 materials, 1 interfaces, 0 instances, 0 with static permutations.
[2015.04.22-22.03.39:128][740]LogMaterial: Missing cached shader map for material FMatExpressionPreview MaterialExpressionCustom_1, compiling. 
[2015.04.22-22.03.39:129][740]LogMaterial: Missing cached shader map for material FMatExpressionPreview MaterialExpressionCustom_2, compiling. 
[2015.04.22-22.03.39:130][740]MaterialEditorStats:Error: Error [SM5] (Node Custom) Custom material DynamicScanFX missing input 2 (Camera_Position)
[2015.04.22-22.03.39:870][801]LogMaterial: Missing cached shader map for material TriggerScan, compiling. 
[2015.04.22-22.03.39:871][801]LogMaterial:Warning: Failed to compile Material /Engine/Transient.TriggerScan for platform PCD3D_SM5, Default Material will be used in game.
[2015.04.22-22.03.39:871][801]LogMaterial:Warning: 	(Node Custom) Custom material DynamicScanFX missing input 1 (Camera_Vector)
[2015.04.22-22.03.39:871][801]LogMaterial: 0.000043 seconds spent updating 1 materials, 1 interfaces, 0 instances, 0 with static permutations.
[2015.04.22-22.03.39:920][801]LogMaterial: Missing cached shader map for material FMatExpressionPreview MaterialExpressionCustom_1, compiling. 
[2015.04.22-22.03.39:921][801]LogMaterial: Missing cached shader map for material FMatExpressionPreview MaterialExpressionCustom_2, compiling. 
[2015.04.22-22.03.39:922][801]MaterialEditorStats:Error: Error [SM5] (Node Custom) Custom material DynamicScanFX missing input 1 (Camera_Vector)
[2015.04.22-22.03.43:335][ 71]LogEditorTransaction: Undo Material Editor: Delete
[2015.04.22-22.03.43:338][ 71]LogMaterial: Missing cached shader map for material TriggerScan, compiling. 
[2015.04.22-22.03.43:338][ 71]LogMaterial:Warning: Failed to compile Material /Engine/Transient.TriggerScan for platform PCD3D_SM5, Default Material will be used in game.
[2015.04.22-22.03.43:338][ 71]LogMaterial:Warning: 	(Node Custom) Custom material DynamicScanFX missing input 2 (Camera_Position)
[2015.04.22-22.03.43:357][ 71]LogMaterial: Missing cached shader map for material TriggerScan, compiling. 
[2015.04.22-22.03.43:357][ 71]LogMaterial:Warning: Failed to compile Material /Engine/Transient.TriggerScan for platform PCD3D_SM5, Default Material will be used in game.
[2015.04.22-22.03.43:357][ 71]LogMaterial:Warning: 	(Node Custom) Custom material DynamicScanFX missing input 2 (Camera_Position)
[2015.04.22-22.03.43:357][ 71]LogMaterial: 0.000026 seconds spent updating 1 materials, 1 interfaces, 0 instances, 0 with static permutations.
[2015.04.22-22.03.43:409][ 71]LogMaterial: Missing cached shader map for material FMatExpressionPreview MaterialExpressionCustom_1, compiling. 
[2015.04.22-22.03.43:410][ 71]LogMaterial: Missing cached shader map for material FMatExpressionPreview MaterialExpressionCustom_2, compiling. 
[2015.04.22-22.03.43:414][ 71]LogMaterial: Missing cached shader map for material MAT_SCAN, compiling. 
[2015.04.22-22.03.43:416][ 71]LogMaterial: 0.000070 seconds spent updating 1 materials, 1 interfaces, 0 instances, 0 with static permutations.
[2015.04.22-22.03.43:440][ 71]MaterialEditorStats:Error: Error [SM5] (Node Custom) Custom material DynamicScanFX missing input 2 (Camera_Position)
[2015.04.22-22.03.43:858][ 82]LogEditorTransaction: Undo Material Editor: Delete
[2015.04.22-22.03.43:861][ 82]LogMaterial: Missing cached shader map for material TriggerScan, compiling. 
[2015.04.22-22.03.43:880][ 82]LogMaterial: Missing cached shader map for material TriggerScan, compiling. 
[2015.04.22-22.03.43:882][ 82]LogMaterial: 0.000026 seconds spent updating 1 materials, 1 interfaces, 0 instances, 0 with static permutations.
[2015.04.22-22.03.43:936][ 82]LogMaterial: Missing cached shader map for material FMatExpressionPreview MaterialExpressionCustom_1, compiling. 
[2015.04.22-22.03.43:937][ 82]LogMaterial: Missing cached shader map for material FMatExpressionPreview MaterialExpressionCustom_2, compiling. 
[2015.04.22-22.03.43:942][ 82]LogMaterial: Missing cached shader map for material MAT_SCAN, compiling. 
[2015.04.22-22.03.43:944][ 82]LogMaterial: 0.000036 seconds spent updating 1 materials, 1 interfaces, 0 instances, 0 with static permutations.
[2015.04.22-22.03.44:152][ 92]MaterialEditorStats: Info Base pass shader without light map: 57 instructions
[2015.04.22-22.03.44:152][ 92]MaterialEditorStats: Info Vertex shader: 31 instructions
[2015.04.22-22.03.44:152][ 92]MaterialEditorStats: Info Texture samplers: 1/16
[2015.04.22-22.03.44:299][103]MaterialEditorStats: Info Base pass shader without light map: 54 instructions
[2015.04.22-22.03.44:299][103]MaterialEditorStats: Info Vertex shader: 31 instructions
[2015.04.22-22.03.44:299][103]MaterialEditorStats: Info Texture samplers: 1/16
[2015.04.22-22.03.45:961][214]LogMaterial: Missing cached shader map for material TriggerScan, compiling. 
[2015.04.22-22.03.45:962][214]LogMaterial:Warning: Failed to compile Material /Engine/Transient.TriggerScan for platform PCD3D_SM5, Default Material will be used in game.
[2015.04.22-22.03.45:962][214]LogMaterial:Warning: 	(Node Custom) Custom material DynamicScanFX missing input 1 (Camera_Vector)
[2015.04.22-22.03.45:962][214]LogMaterial: 0.000028 seconds spent updating 1 materials, 1 interfaces, 0 instances, 0 with static permutations.
[2015.04.22-22.03.46:012][214]LogMaterial: Missing cached shader map for material FMatExpressionPreview MaterialExpressionCustom_1, compiling. 
[2015.04.22-22.03.46:013][214]LogMaterial: Missing cached shader map for material FMatExpressionPreview MaterialExpressionCustom_2, compiling. 
[2015.04.22-22.03.46:015][214]MaterialEditorStats:Error: Error [SM5] (Node Custom) Custom material DynamicScanFX missing input 1 (Camera_Vector)
[2015.04.22-22.03.47:458][326]LogMaterial: Missing cached shader map for material TriggerScan, compiling. 
[2015.04.22-22.03.47:459][326]LogMaterial:Warning: Failed to compile Material /Engine/Transient.TriggerScan for platform PCD3D_SM5, Default Material will be used in game.
[2015.04.22-22.03.47:459][326]LogMaterial:Warning: 	(Node Custom) Custom material DynamicScanFX missing input 1 (Camera_Vector)
[2015.04.22-22.03.47:459][326]LogMaterial: 0.000019 seconds spent updating 1 materials, 1 interfaces, 0 instances, 0 with static permutations.
[2015.04.22-22.03.47:508][326]LogMaterial: Missing cached shader map for material FMatExpressionPreview MaterialExpressionCustom_1, compiling. 
[2015.04.22-22.03.47:509][326]LogMaterial: Missing cached shader map for material FMatExpressionPreview MaterialExpressionCustom_2, compiling. 
[2015.04.22-22.03.49:985][531]LogMaterialEditor: Saving and Compiling material TriggerScan
[2015.04.22-22.03.56:071][531]LogSavePackage: Save=12.162806ms
[2015.04.22-22.03.56:071][531]LogSavePackage: Moving '../../../../../../Users/Wouter/Documents/Unreal Projects/BlindPersonShooter/Saved/TriggerScanECC2194F4B7B5D655F1BB9911639163D.tmp' to '../../../../../../Users/Wouter/Documents/Unreal Projects/BlindPersonShooter/Content/FirstPersonBP/Materials/TriggerScan.uasset'
[2015.04.22-22.04.01:025][920]LogMaterial: Missing cached shader map for material TriggerScan, compiling. 
[2015.04.22-22.04.01:026][920]LogMaterial:Warning: Failed to compile Material /Engine/Transient.TriggerScan for platform PCD3D_SM5, Default Material will be used in game.
[2015.04.22-22.04.01:026][920]LogMaterial:Warning: 	(Node Custom) Custom material DynamicScanFX missing input 1 (Camera_Vector)
[2015.04.22-22.04.01:026][920]LogMaterial: 0.000046 seconds spent updating 1 materials, 1 interfaces, 0 instances, 0 with static permutations.
[2015.04.22-22.04.01:054][920]LogMaterial: Missing cached shader map for material FMatExpressionPreview MaterialExpressionCustom_1, compiling. 
[2015.04.22-22.04.03:132][ 86]LogMaterial: Missing cached shader map for material TriggerScan, compiling. 
[2015.04.22-22.04.03:133][ 86]LogMaterial:Warning: Failed to compile Material /Engine/Transient.TriggerScan for platform PCD3D_SM5, Default Material will be used in game.
[2015.04.22-22.04.03:133][ 86]LogMaterial:Warning: 	(Node Custom) Custom material DynamicScanFX missing input 1 (Camera_Vector)
[2015.04.22-22.04.03:133][ 86]LogMaterial: 0.000019 seconds spent updating 1 materials, 1 interfaces, 0 instances, 0 with static permutations.
[2015.04.22-22.04.03:159][ 86]LogMaterial: Missing cached shader map for material FMatExpressionPreview MaterialExpressionCustom_2, compiling. 
[2015.04.22-22.04.05:923][305]LogMaterial: Missing cached shader map for material TriggerScan, compiling. 
[2015.04.22-22.04.05:925][305]LogMaterial: 0.000066 seconds spent updating 1 materials, 1 interfaces, 0 instances, 0 with static permutations.
[2015.04.22-22.04.05:953][305]LogMaterial: Missing cached shader map for material FMatExpressionPreview MaterialExpressionCustom_1, compiling. 
[2015.04.22-22.04.06:890][373]MaterialEditorStats: Info Base pass shader without light map: 54 instructions
[2015.04.22-22.04.06:890][373]MaterialEditorStats: Info Vertex shader: 31 instructions
[2015.04.22-22.04.06:890][373]MaterialEditorStats: Info Texture samplers: 1/16
[2015.04.22-22.04.07:963][455]LogMaterial: Missing cached shader map for material TriggerScan, compiling. 
[2015.04.22-22.04.07:964][455]LogMaterial: 0.000047 seconds spent updating 1 materials, 1 interfaces, 0 instances, 0 with static permutations.
[2015.04.22-22.04.07:992][455]LogMaterial: Missing cached shader map for material FMatExpressionPreview MaterialExpressionCustom_2, compiling. 
[2015.04.22-22.04.08:152][468]MaterialEditorStats: Info Base pass shader without light map: 54 instructions
[2015.04.22-22.04.08:152][468]MaterialEditorStats: Info Vertex shader: 31 instructions
[2015.04.22-22.04.08:152][468]MaterialEditorStats: Info Texture samplers: 1/16
[2015.04.22-22.04.11:318][719]LogMaterialEditor: Saving and Compiling material TriggerScan
[2015.04.22-22.04.12:543][719]LogMaterial: Missing cached shader map for material TriggerScan, compiling. 
[2015.04.22-22.04.12:547][719]LogMaterial: 0.000129 seconds spent updating 1 materials, 1 interfaces, 0 instances, 0 with static permutations.
[2015.04.22-22.04.12:610][719]LogMaterial: Missing cached shader map for material TriggerScan, compiling. 
[2015.04.22-22.04.12:615][719]LogMaterial: Missing cached shader map for material TriggerScan, compiling. 
[2015.04.22-22.04.12:619][719]LogMaterial: 0.001550 seconds spent updating 1 materials, 1 interfaces, 1 instances, 0 with static permutations.
[2015.04.22-22.04.13:334][719]LogSavePackage: Save=274.488068ms
[2015.04.22-22.04.13:334][719]LogSavePackage: Moving '../../../../../../Users/Wouter/Documents/Unreal Projects/BlindPersonShooter/Saved/TriggerScanC0E5083047DE676E90CBBEB3484F556E.tmp' to '../../../../../../Users/Wouter/Documents/Unreal Projects/BlindPersonShooter/Content/FirstPersonBP/Materials/TriggerScan.uasset'
[2015.04.22-22.04.13:344][719]MaterialEditorStats: Info Base pass shader without light map: 78 instructions
[2015.04.22-22.04.13:344][719]MaterialEditorStats: Info Vertex shader: 31 instructions
[2015.04.22-22.04.13:344][719]MaterialEditorStats: Info Texture samplers: 2/16
[2015.04.22-22.13.22:765][631]LogSavePackage: Save=2122.922607ms
[2015.04.22-22.13.22:765][631]LogSavePackage: Moving '../../../../../../Users/Wouter/Documents/Unreal Projects/BlindPersonShooter/Saved/FirstPersonExampleMap_Auto21973981D4F888F0B31EAE5A976BA2289.tmp' to '../../../../../../Users/Wouter/Documents/Unreal Projects/BlindPersonShooter/Saved/Autosaves/Game/FirstPersonBP/Maps/FirstPersonExampleMap_Auto2.umap'
[2015.04.22-22.13.22:775][631]LogFileHelpers: Editor autosave (incl. sublevels) for '/Game/FirstPersonBP/Maps/FirstPersonExampleMap' took 2.276
[2015.04.22-22.13.22:775][631]LogFileHelpers: Editor autosave (incl. sublevels) for all levels took 2.276
[2015.04.22-22.28.47:983][661]LogMaterial: Missing cached shader map for material TriggerScan, compiling. 
[2015.04.22-22.28.47:985][661]LogMaterial: 0.000056 seconds spent updating 1 materials, 1 interfaces, 0 instances, 0 with static permutations.
[2015.04.22-22.28.49:013][740]MaterialEditorStats: Info Base pass shader without light map: 54 instructions
[2015.04.22-22.28.49:013][740]MaterialEditorStats: Info Vertex shader: 31 instructions
[2015.04.22-22.28.49:013][740]MaterialEditorStats: Info Texture samplers: 1/16
[2015.04.22-22.28.49:116][748]LogMaterialEditor: Saving and Compiling material TriggerScan
[2015.04.22-22.28.50:333][748]LogMaterial: Missing cached shader map for material TriggerScan, compiling. 
[2015.04.22-22.28.50:338][748]LogMaterial: 0.000047 seconds spent updating 1 materials, 1 interfaces, 0 instances, 0 with static permutations.
[2015.04.22-22.28.50:394][748]LogMaterial: Missing cached shader map for material TriggerScan, compiling. 
[2015.04.22-22.28.50:399][748]LogMaterial: Missing cached shader map for material TriggerScan, compiling. 
[2015.04.22-22.28.50:403][748]LogMaterial: 0.001577 seconds spent updating 1 materials, 1 interfaces, 1 instances, 0 with static permutations.
[2015.04.22-22.28.51:101][748]LogSavePackage: Save=274.145782ms
[2015.04.22-22.28.51:101][748]LogSavePackage: Moving '../../../../../../Users/Wouter/Documents/Unreal Projects/BlindPersonShooter/Saved/TriggerScan2428FE8E49B7DA8611C72E97C960A2D2.tmp' to '../../../../../../Users/Wouter/Documents/Unreal Projects/BlindPersonShooter/Content/FirstPersonBP/Materials/TriggerScan.uasset'
[2015.04.22-22.28.51:111][748]MaterialEditorStats: Info Base pass shader without light map: 78 instructions
[2015.04.22-22.28.51:111][748]MaterialEditorStats: Info Vertex shader: 31 instructions
[2015.04.22-22.28.51:111][748]MaterialEditorStats: Info Texture samplers: 2/16
[2015.04.22-22.28.59:662][216]LogSavePackage: Save=1809.053589ms
[2015.04.22-22.28.59:662][216]LogSavePackage: Moving '../../../../../../Users/Wouter/Documents/Unreal Projects/BlindPersonShooter/Saved/FirstPersonExampleMap_Auto3E7189A324A30D94F2BC92DB010D921BF.tmp' to '../../../../../../Users/Wouter/Documents/Unreal Projects/BlindPersonShooter/Saved/Autosaves/Game/FirstPersonBP/Maps/FirstPersonExampleMap_Auto3.umap'
[2015.04.22-22.28.59:670][216]LogFileHelpers: Editor autosave (incl. sublevels) for '/Game/FirstPersonBP/Maps/FirstPersonExampleMap' took 1.912
[2015.04.22-22.28.59:670][216]LogFileHelpers: Editor autosave (incl. sublevels) for all levels took 1.912
[2015.04.22-22.29.15:889][280]LogMaterialEditor: Saving and Compiling material TriggerScan
[2015.04.22-22.29.17:104][280]LogMaterial: Missing cached shader map for material TriggerScan, compiling. 
[2015.04.22-22.29.17:108][280]LogMaterial: 0.000093 seconds spent updating 1 materials, 1 interfaces, 0 instances, 0 with static permutations.
[2015.04.22-22.29.17:164][280]LogMaterial: Missing cached shader map for material TriggerScan, compiling. 
[2015.04.22-22.29.17:170][280]LogMaterial: Missing cached shader map for material TriggerScan, compiling. 
[2015.04.22-22.29.17:173][280]LogMaterial: 0.001659 seconds spent updating 1 materials, 1 interfaces, 1 instances, 0 with static permutations.
[2015.04.22-22.29.18:344][280]LogSavePackage: Save=274.635132ms
[2015.04.22-22.29.18:344][280]LogSavePackage: Moving '../../../../../../Users/Wouter/Documents/Unreal Projects/BlindPersonShooter/Saved/TriggerScan1AB857834E71282E61B6E6BDC67EF97A.tmp' to '../../../../../../Users/Wouter/Documents/Unreal Projects/BlindPersonShooter/Content/FirstPersonBP/Materials/TriggerScan.uasset'
[2015.04.22-22.29.52:322][910]LogMaterial: Missing cached shader map for material TriggerScan, compiling. 
[2015.04.22-22.29.52:324][910]LogMaterial: 0.000054 seconds spent updating 1 materials, 1 interfaces, 0 instances, 0 with static permutations.
[2015.04.22-22.29.53:201][980]MaterialEditorStats: Info Base pass shader without light map: 54 instructions
[2015.04.22-22.29.53:201][980]MaterialEditorStats: Info Vertex shader: 31 instructions
[2015.04.22-22.29.53:201][980]MaterialEditorStats: Info Texture samplers: 1/16
[2015.04.22-22.29.55:674][177]LogMaterial: Missing cached shader map for material TriggerScan, compiling. 
[2015.04.22-22.29.55:676][177]LogMaterial: 0.000053 seconds spent updating 1 materials, 1 interfaces, 0 instances, 0 with static permutations.
[2015.04.22-22.29.55:867][192]MaterialEditorStats: Info Base pass shader without light map: 54 instructions
[2015.04.22-22.29.55:867][192]MaterialEditorStats: Info Vertex shader: 31 instructions
[2015.04.22-22.29.55:867][192]MaterialEditorStats: Info Texture samplers: 1/16
[2015.04.22-22.29.57:351][308]LogMaterialEditor: Saving and Compiling material TriggerScan
[2015.04.22-22.29.58:569][308]LogMaterial: Missing cached shader map for material TriggerScan, compiling. 
[2015.04.22-22.29.58:573][308]LogMaterial: 0.000106 seconds spent updating 1 materials, 1 interfaces, 0 instances, 0 with static permutations.
[2015.04.22-22.29.58:637][308]LogMaterial: Missing cached shader map for material TriggerScan, compiling. 
[2015.04.22-22.29.58:642][308]LogMaterial: Missing cached shader map for material TriggerScan, compiling. 
[2015.04.22-22.29.58:645][308]LogMaterial: 0.001523 seconds spent updating 1 materials, 1 interfaces, 1 instances, 0 with static permutations.
[2015.04.22-22.29.59:342][308]LogSavePackage: Save=276.142578ms
[2015.04.22-22.29.59:342][308]LogSavePackage: Moving '../../../../../../Users/Wouter/Documents/Unreal Projects/BlindPersonShooter/Saved/TriggerScan0382EAB2413D51174E370F9A2500DAE0.tmp' to '../../../../../../Users/Wouter/Documents/Unreal Projects/BlindPersonShooter/Content/FirstPersonBP/Materials/TriggerScan.uasset'
[2015.04.22-22.29.59:352][308]MaterialEditorStats: Info Base pass shader without light map: 78 instructions
[2015.04.22-22.29.59:352][308]MaterialEditorStats: Info Vertex shader: 31 instructions
[2015.04.22-22.29.59:352][308]MaterialEditorStats: Info Texture samplers: 2/16
[2015.04.22-22.30.02:510][555]LogEditorTransaction: Undo Edit A
[2015.04.22-22.30.02:511][555]LogMaterial: Missing cached shader map for material TriggerScan, compiling. 
[2015.04.22-22.30.02:557][555]LogMaterial: Missing cached shader map for material TriggerScan, compiling. 
[2015.04.22-22.30.02:559][555]LogMaterial: 0.000030 seconds spent updating 1 materials, 1 interfaces, 0 instances, 0 with static permutations.
[2015.04.22-22.30.02:564][555]LogMaterial: Missing cached shader map for material MAT_SCAN, compiling. 
[2015.04.22-22.30.02:565][555]LogMaterial: 0.000035 seconds spent updating 1 materials, 1 interfaces, 0 instances, 0 with static permutations.
[2015.04.22-22.30.02:789][561]MaterialEditorStats: Info Base pass shader without light map: 54 instructions
[2015.04.22-22.30.02:789][561]MaterialEditorStats: Info Vertex shader: 31 instructions
[2015.04.22-22.30.02:789][561]MaterialEditorStats: Info Texture samplers: 1/16
[2015.04.22-22.30.03:004][566]MaterialEditorStats: Info Base pass shader without light map: 57 instructions
[2015.04.22-22.30.03:004][566]MaterialEditorStats: Info Vertex shader: 31 instructions
[2015.04.22-22.30.03:004][566]MaterialEditorStats: Info Texture samplers: 1/16
[2015.04.22-22.30.05:617][766]LogEditorTransaction: Undo Edit A
[2015.04.22-22.30.05:619][766]LogMaterial: Missing cached shader map for material TriggerScan, compiling. 
[2015.04.22-22.30.05:671][766]LogMaterial: Missing cached shader map for material TriggerScan, compiling. 
[2015.04.22-22.30.05:672][766]LogMaterial: 0.000023 seconds spent updating 1 materials, 1 interfaces, 0 instances, 0 with static permutations.
[2015.04.22-22.30.05:677][766]LogMaterial: Missing cached shader map for material MAT_SCAN, compiling. 
[2015.04.22-22.30.05:678][766]LogMaterial: 0.000033 seconds spent updating 1 materials, 1 interfaces, 0 instances, 0 with static permutations.
[2015.04.22-22.30.05:803][769]MaterialEditorStats: Info Base pass shader without light map: 54 instructions
[2015.04.22-22.30.05:803][769]MaterialEditorStats: Info Vertex shader: 31 instructions
[2015.04.22-22.30.05:803][769]MaterialEditorStats: Info Texture samplers: 1/16
[2015.04.22-22.30.06:100][777]MaterialEditorStats: Info Base pass shader without light map: 57 instructions
[2015.04.22-22.30.06:100][777]MaterialEditorStats: Info Vertex shader: 31 instructions
[2015.04.22-22.30.06:100][777]MaterialEditorStats: Info Texture samplers: 1/16
[2015.04.22-22.30.10:179][ 86]LogEditorTransaction: Undo Edit 0
[2015.04.22-22.30.10:222][ 86]LogMaterial: Missing cached shader map for material TriggerScan, compiling. 
[2015.04.22-22.30.10:224][ 86]LogMaterial: 0.000061 seconds spent updating 1 materials, 1 interfaces, 0 instances, 0 with static permutations.
[2015.04.22-22.30.10:228][ 86]LogMaterial: Missing cached shader map for material MAT_SCAN, compiling. 
[2015.04.22-22.30.10:230][ 86]LogMaterial: 0.000058 seconds spent updating 1 materials, 1 interfaces, 0 instances, 0 with static permutations.
[2015.04.22-22.30.10:474][ 93]MaterialEditorStats: Info Base pass shader without light map: 54 instructions
[2015.04.22-22.30.10:474][ 93]MaterialEditorStats: Info Vertex shader: 31 instructions
[2015.04.22-22.30.10:474][ 93]MaterialEditorStats: Info Texture samplers: 1/16
[2015.04.22-22.30.10:580][ 95]MaterialEditorStats: Info Base pass shader without light map: 57 instructions
[2015.04.22-22.30.10:580][ 95]MaterialEditorStats: Info Vertex shader: 31 instructions
[2015.04.22-22.30.10:580][ 95]MaterialEditorStats: Info Texture samplers: 1/16
[2015.04.22-22.30.10:883][110]LogEditorTransaction: Undo Add Child
[2015.04.22-22.30.10:926][110]LogMaterial: Missing cached shader map for material TriggerScan, compiling. 
[2015.04.22-22.30.10:928][110]LogMaterial: 0.000080 seconds spent updating 1 materials, 1 interfaces, 0 instances, 0 with static permutations.
[2015.04.22-22.30.10:933][110]LogMaterial: Missing cached shader map for material MAT_SCAN, compiling. 
[2015.04.22-22.30.10:934][110]LogMaterial: 0.000063 seconds spent updating 1 materials, 1 interfaces, 0 instances, 0 with static permutations.
[2015.04.22-22.30.11:026][111]LogEditorTransaction: Undo Clear Children
[2015.04.22-22.30.11:078][111]LogMaterial: Missing cached shader map for material TriggerScan, compiling. 
[2015.04.22-22.30.11:080][111]LogMaterial: 0.000029 seconds spent updating 1 materials, 1 interfaces, 0 instances, 0 with static permutations.
[2015.04.22-22.30.11:084][111]LogMaterial: Missing cached shader map for material MAT_SCAN, compiling. 
[2015.04.22-22.30.11:085][111]LogMaterial: 0.000027 seconds spent updating 1 materials, 1 interfaces, 0 instances, 0 with static permutations.
[2015.04.22-22.30.11:177][112]MaterialEditorStats: Info Base pass shader without light map: 54 instructions
[2015.04.22-22.30.11:177][112]MaterialEditorStats: Info Vertex shader: 31 instructions
[2015.04.22-22.30.11:177][112]MaterialEditorStats: Info Texture samplers: 1/16
[2015.04.22-22.30.11:253][117]MaterialEditorStats: Info Base pass shader without light map: 57 instructions
[2015.04.22-22.30.11:253][117]MaterialEditorStats: Info Vertex shader: 31 instructions
[2015.04.22-22.30.11:253][117]MaterialEditorStats: Info Texture samplers: 1/16
[2015.04.22-22.30.11:797][157]LogEditorTransaction: Undo Edit Default Value
[2015.04.22-22.30.11:798][157]LogMaterial: Missing cached shader map for material TriggerScan, compiling. 
[2015.04.22-22.30.11:845][157]LogMaterial: Missing cached shader map for material TriggerScan, compiling. 
[2015.04.22-22.30.11:847][157]LogMaterial: 0.000023 seconds spent updating 1 materials, 1 interfaces, 0 instances, 0 with static permutations.
[2015.04.22-22.30.11:851][157]LogMaterial: Missing cached shader map for material MAT_SCAN, compiling. 
[2015.04.22-22.30.11:853][157]LogMaterial: 0.000038 seconds spent updating 1 materials, 1 interfaces, 0 instances, 0 with static permutations.
[2015.04.22-22.30.12:058][167]MaterialEditorStats: Info Base pass shader without light map: 54 instructions
[2015.04.22-22.30.12:058][167]MaterialEditorStats: Info Vertex shader: 31 instructions
[2015.04.22-22.30.12:058][167]MaterialEditorStats: Info Texture samplers: 1/16
[2015.04.22-22.30.12:309][186]MaterialEditorStats: Info Base pass shader without light map: 57 instructions
[2015.04.22-22.30.12:309][186]MaterialEditorStats: Info Vertex shader: 31 instructions
[2015.04.22-22.30.12:309][186]MaterialEditorStats: Info Texture samplers: 1/16
[2015.04.22-22.30.18:139][646]LogMaterial: Missing cached shader map for material TriggerScan, compiling. 
[2015.04.22-22.30.18:141][646]LogMaterial: 0.000040 seconds spent updating 1 materials, 1 interfaces, 0 instances, 0 with static permutations.
[2015.04.22-22.30.18:342][662]MaterialEditorStats: Info Base pass shader without light map: 54 instructions
[2015.04.22-22.30.18:342][662]MaterialEditorStats: Info Vertex shader: 31 instructions
[2015.04.22-22.30.18:342][662]MaterialEditorStats: Info Texture samplers: 1/16
[2015.04.22-22.30.23:178][871]LogSavePackage: Save=1822.056274ms
[2015.04.22-22.30.23:179][871]LogSavePackage: Moving '../../../../../../Users/Wouter/Documents/Unreal Projects/BlindPersonShooter/Saved/FirstPersonExampleMapB01875BE4CBA9478023D08BDD64D72B0.tmp' to '../../../../../../Users/Wouter/Documents/Unreal Projects/BlindPersonShooter/Content/FirstPersonBP/Maps/FirstPersonExampleMap.umap'
[2015.04.22-22.30.23:218][871]LogFileHelpers: Saving map 'FirstPersonExampleMap' took 2.081
[2015.04.22-22.30.31:510][490]BlueprintLog: New page: Pre-PIE auto-recompile
[2015.04.22-22.30.31:510][490]LogPlayLevel: [PIE] Compiling FirstPersonExampleMap before PIE...
[2015.04.22-22.30.31:600][490]LogPlayLevel: PIE:  Blueprint regeneration took 90 ms (1 blueprints)
[2015.04.22-22.30.31:600][490]PIE: New page: PIE session: FirstPersonExampleMap (Apr 23, 2015, 2:30:31 AM)
[2015.04.22-22.30.31:623][490]LogBlueprint:Warning: FMemberReference::ResolveMember (AddComponent) bSelfContext == true, but no scope supplied!
[2015.04.22-22.30.31:627][490]LogPlayLevel: PIE: StaticDuplicateObject took: (0.026508s)
[2015.04.22-22.30.31:627][490]LogPlayLevel: PIE: World Init took: (0.000620s)
[2015.04.22-22.30.31:628][490]LogPlayLevel: PIE: Created PIE world by copying editor world from /Game/FirstPersonBP/Maps/FirstPersonExampleMap.FirstPersonExampleMap to /Game/FirstPersonBP/Maps/UEDPIE_0_FirstPersonExampleMap.FirstPersonExampleMap (0.027287s)
[2015.04.22-22.30.31:661][490]LogWorld: Game class is 'FirstPersonGameMode_C'
[2015.04.22-22.30.31:663][490]LogAIModule: Creating AISystem for world FirstPersonExampleMap
[2015.04.22-22.30.31:676][490]LogWorld: Bringing World /Game/FirstPersonBP/Maps/UEDPIE_0_FirstPersonExampleMap.FirstPersonExampleMap up for play (max tick rate 0) at 2015.04.23-00.30.31
[2015.04.22-22.30.31:677][490]LogWorld: Bringing up level for play took: 0.012709
[2015.04.22-22.30.31:678][490]PIE: Info Play in editor start time for /Game/FirstPersonBP/Maps/UEDPIE_0_FirstPersonExampleMap -0.754
[2015.04.22-22.30.42:741][446]LogParticles: Destroying 0 GPU particle simulations for FXSystem 0x00000002E7A88180
[2015.04.22-22.31.12:497][913]LogEditorViewport: Clicking on Actor (context menu): StaticMeshActor (Floor2)
[2015.04.22-22.36.12:561][701]MapCheck: New page: Map Check
[2015.04.22-22.36.12:616][701]Cmd: MAP REBUILD ALLVISIBLE
[2015.04.22-22.36.12:616][701]LogEditorServer: Rebuildmap Clear paths rebuilt
[2015.04.22-22.36.12:655][701]LightingResults: New page: Lighting Build - Apr 23, 2015, 2:36:12 AM
[2015.04.22-22.36.17:195][701]LogStaticLightingSystem: Running Lightmass w/ ImmediateImport mode ENABLED
[2015.04.22-22.36.17:195][701]LogStaticLightingSystem: Running Lightmass w/ ImmediateProcess mode ENABLED
[2015.04.22-22.36.17:196][701]LogStaticLightingSystem: Running Lightmass w/ Sorting mode ENABLED
[2015.04.22-22.36.17:196][701]LogStaticLightingSystem: Running Lightmass w/ Mapping paddings ENABLED
[2015.04.22-22.36.17:196][701]LogStaticLightingSystem: Running Lightmass w/ Mapping debug paddings DISABLED
[2015.04.22-22.36.17:388][701]LogEditorBuildUtils: Build time 0:00:04
[2015.04.22-22.36.29:263][488]LogMaterial: Missing cached shader map for material TriggerScan, compiling. 
[2015.04.22-22.36.29:265][488]LogMaterial: 0.000043 seconds spent updating 1 materials, 1 interfaces, 0 instances, 0 with static permutations.
[2015.04.22-22.36.29:353][493]LogMaterialEditor: Saving and Compiling material TriggerScan
[2015.04.22-22.36.30:641][493]LogMaterial: Missing cached shader map for material TriggerScan, compiling. 
[2015.04.22-22.36.30:646][493]LogMaterial: 0.000024 seconds spent updating 1 materials, 1 interfaces, 0 instances, 0 with static permutations.
[2015.04.22-22.36.30:707][493]LogMaterial: Missing cached shader map for material TriggerScan, compiling. 
[2015.04.22-22.36.30:712][493]LogMaterial: Missing cached shader map for material TriggerScan, compiling. 
[2015.04.22-22.36.30:716][493]LogMaterial: 0.001591 seconds spent updating 1 materials, 1 interfaces, 1 instances, 0 with static permutations.
[2015.04.22-22.36.32:605][493]LogSavePackage: Save=275.897430ms
[2015.04.22-22.36.32:605][493]LogSavePackage: Moving '../../../../../../Users/Wouter/Documents/Unreal Projects/BlindPersonShooter/Saved/TriggerScan3AE807584175DB08F2CE0CB0AC2518E7.tmp' to '../../../../../../Users/Wouter/Documents/Unreal Projects/BlindPersonShooter/Content/FirstPersonBP/Materials/TriggerScan.uasset'
[2015.04.22-22.36.32:615][493]MaterialEditorStats: Info Base pass shader without light map: 78 instructions
[2015.04.22-22.36.32:615][493]MaterialEditorStats: Info Vertex shader: 31 instructions
[2015.04.22-22.36.32:615][493]MaterialEditorStats: Info Texture samplers: 2/16
[2015.04.22-22.37.51:092][ 23]Job is a success!
[2015.04.22-22.37.54:483][ 24]LogTexture:Display: Building textures: HQ_Lightmap0_1 (AutoDXT)
[2015.04.22-22.37.56:670][ 24]LogTexture:Display: Building textures: LQ_Lightmap_1_8 (DXT1)
[2015.04.22-22.37.56:672][ 24]LogTexture:Display: Building textures: HQ_Lightmap1_8 (AutoDXT)
[2015.04.22-22.37.56:686][ 24]LogTexture:Display: Building textures: LQ_Lightmap_0_7 (DXT1)
[2015.04.22-22.37.56:899][ 24]LogTexture:Display: Building textures: HQ_Lightmap0_7 (AutoDXT)
[2015.04.22-22.37.57:370][ 24]LogTexture:Display: Building textures: LQ_Lightmap_0_6 (DXT1)
[2015.04.22-22.37.57:551][ 24]LogTexture:Display: Building textures: HQ_Lightmap0_6 (AutoDXT)
[2015.04.22-22.37.58:025][ 24]LogTexture:Display: Building textures: LQ_Lightmap_0_5 (DXT1)
[2015.04.22-22.37.58:204][ 24]LogTexture:Display: Building textures: HQ_Lightmap0_5 (AutoDXT)
[2015.04.22-22.37.58:749][ 24]LogTexture:Display: Building textures: LQ_Lightmap_0_4 (DXT1)
[2015.04.22-22.37.58:951][ 24]LogTexture:Display: Building textures: HQ_Lightmap0_4 (AutoDXT)
[2015.04.22-22.37.59:582][ 24]LogTexture:Display: Building textures: LQ_Lightmap_0_3 (DXT1)
[2015.04.22-22.37.59:762][ 24]LogTexture:Display: Building textures: HQ_Lightmap0_3 (AutoDXT)
[2015.04.22-22.38.00:468][ 24]LogTexture:Display: Building textures: LQ_Lightmap_0_2 (DXT1)
[2015.04.22-22.38.00:654][ 24]LogTexture:Display: Building textures: HQ_Lightmap0_2 (AutoDXT)
[2015.04.22-22.38.01:324][ 24]LogTexture:Display: Building textures: LQ_Lightmap_1_1 (DXT1)
[2015.04.22-22.38.03:572][ 24]LogTexture:Display: Building textures: ShadowMapTexture2D_9 (BGRA8)
[2015.04.22-22.38.04:405][ 24]LogTexture:Display: Building textures: ShadowMapTexture2D_10 (BGRA8)
[2015.04.22-22.38.04:892][ 24]LogTexture:Display: Building textures: ShadowMapTexture2D_11 (BGRA8)
[2015.04.22-22.38.05:381][ 24]LogTexture:Display: Building textures: ShadowMapTexture2D_12 (BGRA8)
[2015.04.22-22.38.05:886][ 24]LogTexture:Display: Building textures: ShadowMapTexture2D_13 (BGRA8)
[2015.04.22-22.38.06:387][ 24]LogTexture:Display: Building textures: ShadowMapTexture2D_14 (BGRA8)
[2015.04.22-22.38.06:886][ 24]LogTexture:Display: Building textures: ShadowMapTexture2D_15 (BGRA8)
[2015.04.22-22.38.07:003][ 24]LogTexture:Display: Building textures: ShadowMapTexture2D_16 (BGRA8)
[2015.04.22-22.38.07:112][ 24]Lightmass on WOUTER-PC: 1:48 min total, 189 ms importing, 1 ms setup, 3.08 sec photons, 1:45 min processing, 0 ms extra exporting [9/9 mappings]. Threads: 7:02 min total, 4:16 min processing.
[2015.04.22-22.38.07:192][ 24]LogStaticLightingSystem: Illumination: 1:54 min (14.8 sec encoding lightmaps)
[2015.04.22-22.38.07:192][ 24]LogStaticLightingSystem: Lightmap texture memory:  53.3 MB (53.3 MB streaming, 0.0 MB non-streaming), 16 textures
[2015.04.22-22.38.07:192][ 24]LogStaticLightingSystem: Shadowmap texture memory: 106.7 MB (106.7 MB streaming, 0.0 MB non-streaming), 8 textures
[2015.04.22-22.38.07:317][ 25]Cmd: MAP CHECK NOTIFYRESULTS
[2015.04.22-22.38.07:324][ 25]MapCheck: New page: FirstPersonExampleMap - Apr 23, 2015, 2:38:07 AM
[2015.04.22-22.38.07:553][ 25]MapCheck: Info Map check complete: 0 Error(s), 0 Warning(s), took 233.513ms to complete.
[2015.04.22-22.40.12:386][550]LogTexture:Warning: Failed to stream mip data from the derived data cache for /Game/FirstPersonBP/Maps/FirstPersonExampleMap.HQ_Lightmap1_3. Streaming mips will be recached.
[2015.04.22-22.40.12:394][550]LogTexture:Display: Building textures: HQ_Lightmap1_3 (AutoDXT)
[2015.04.22-22.40.13:060][550]LogTexture:Warning: Failed to stream mip data from the derived data cache for /Game/FirstPersonBP/Maps/FirstPersonExampleMap.HQ_Lightmap1_6. Streaming mips will be recached.
[2015.04.22-22.40.13:069][550]LogTexture:Display: Building textures: HQ_Lightmap1_6 (AutoDXT)
[2015.04.22-22.40.13:522][550]LogTexture:Warning: Failed to stream mip data from the derived data cache for /Game/FirstPersonBP/Maps/FirstPersonExampleMap.HQ_Lightmap1_7. Streaming mips will be recached.
[2015.04.22-22.40.13:529][550]LogTexture:Display: Building textures: HQ_Lightmap1_7 (AutoDXT)
[2015.04.22-22.40.17:756][835]LogEditorViewport: Clicking on Actor (LMB): StaticMeshActor (Cube07)
[2015.04.22-22.40.27:107][518]BlueprintLog: New page: Pre-PIE auto-recompile
[2015.04.22-22.40.27:107][518]LogPlayLevel: [PIE] Compiling FirstPersonExampleMap before PIE...
[2015.04.22-22.40.27:346][518]LogPlayLevel: PIE:  Blueprint regeneration took 239 ms (1 blueprints)
[2015.04.22-22.40.27:347][518]PIE: New page: PIE session: FirstPersonExampleMap (Apr 23, 2015, 2:40:27 AM)
[2015.04.22-22.40.27:373][518]LogBlueprint:Warning: FMemberReference::ResolveMember (AddComponent) bSelfContext == true, but no scope supplied!
[2015.04.22-22.40.27:375][518]LogPlayLevel: PIE: StaticDuplicateObject took: (0.028285s)
[2015.04.22-22.40.27:389][518]LogPlayLevel: PIE: World Init took: (0.013157s)
[2015.04.22-22.40.27:389][518]LogPlayLevel: PIE: Created PIE world by copying editor world from /Game/FirstPersonBP/Maps/FirstPersonExampleMap.FirstPersonExampleMap to /Game/FirstPersonBP/Maps/UEDPIE_0_FirstPersonExampleMap.FirstPersonExampleMap (0.042399s)
[2015.04.22-22.40.27:432][518]LogWorld: Game class is 'FirstPersonGameMode_C'
[2015.04.22-22.40.27:440][518]LogAIModule: Creating AISystem for world FirstPersonExampleMap
[2015.04.22-22.40.27:454][518]LogWorld: Bringing World /Game/FirstPersonBP/Maps/UEDPIE_0_FirstPersonExampleMap.FirstPersonExampleMap up for play (max tick rate 0) at 2015.04.23-00.40.27
[2015.04.22-22.40.27:456][518]LogWorld: Bringing up level for play took: 0.014354
[2015.04.22-22.40.27:462][518]PIE: Info Play in editor start time for /Game/FirstPersonBP/Maps/UEDPIE_0_FirstPersonExampleMap 1.029
[2015.04.22-22.41.00:395][375]LogParticles: Destroying 0 GPU particle simulations for FXSystem 0x00000002B030B1A0
[2015.04.22-22.41.10:110][ 76]LogMaterial: Missing cached shader map for material MAT_SCAN, compiling. 
[2015.04.22-22.41.10:112][ 76]LogMaterial: 0.000057 seconds spent updating 1 materials, 1 interfaces, 0 instances, 0 with static permutations.
[2015.04.22-22.41.11:378][174]MaterialEditorStats: Info Base pass shader without light map: 57 instructions
[2015.04.22-22.41.11:378][174]MaterialEditorStats: Info Vertex shader: 31 instructions
[2015.04.22-22.41.11:378][174]MaterialEditorStats: Info Texture samplers: 1/16
[2015.04.22-22.41.11:908][214]LogMaterialEditor: Saving and Compiling material MAT_SCAN
[2015.04.22-22.41.13:176][214]LogMaterial: Missing cached shader map for material MAT_SCAN, compiling. 
[2015.04.22-22.41.13:181][214]LogMaterial: 0.000055 seconds spent updating 1 materials, 1 interfaces, 0 instances, 0 with static permutations.
[2015.04.22-22.41.13:237][214]LogMaterial: Missing cached shader map for material MAT_SCAN, compiling. 
[2015.04.22-22.41.13:246][214]LogMaterial: Missing cached shader map for material MAT_SCAN, compiling. 
[2015.04.22-22.41.13:250][214]LogMaterial: 0.002023 seconds spent updating 1 materials, 1 interfaces, 1 instances, 0 with static permutations.
[2015.04.22-22.41.13:916][214]LogSavePackage: Save=274.149841ms
[2015.04.22-22.41.13:916][214]LogSavePackage: Moving '../../../../../../Users/Wouter/Documents/Unreal Projects/BlindPersonShooter/Saved/MAT_SCAN2EBFCD25480A262C8AFC068EC90C6BF6.tmp' to '../../../../../../Users/Wouter/Documents/Unreal Projects/BlindPersonShooter/Content/FirstPersonBP/Materials/MAT_SCAN.uasset'
[2015.04.22-22.41.13:928][214]MaterialEditorStats: Info Base pass shader without light map: 81 instructions
[2015.04.22-22.41.13:928][214]MaterialEditorStats: Info Vertex shader: 31 instructions
[2015.04.22-22.41.13:928][214]MaterialEditorStats: Info Texture samplers: 2/16
[2015.04.22-22.41.17:848][483]BlueprintLog: New page: Pre-PIE auto-recompile
[2015.04.22-22.41.17:848][483]LogPlayLevel: [PIE] Compiling FirstPersonExampleMap before PIE...
[2015.04.22-22.41.17:934][483]LogPlayLevel: PIE:  Blueprint regeneration took 86 ms (1 blueprints)
[2015.04.22-22.41.17:935][483]PIE: New page: PIE session: FirstPersonExampleMap (Apr 23, 2015, 2:41:17 AM)
[2015.04.22-22.41.17:964][483]LogBlueprint:Warning: FMemberReference::ResolveMember (AddComponent) bSelfContext == true, but no scope supplied!
[2015.04.22-22.41.17:967][483]LogPlayLevel: PIE: StaticDuplicateObject took: (0.031862s)
[2015.04.22-22.41.17:967][483]LogPlayLevel: PIE: World Init took: (0.000556s)
[2015.04.22-22.41.17:967][483]LogPlayLevel: PIE: Created PIE world by copying editor world from /Game/FirstPersonBP/Maps/FirstPersonExampleMap.FirstPersonExampleMap to /Game/FirstPersonBP/Maps/UEDPIE_0_FirstPersonExampleMap.FirstPersonExampleMap (0.032570s)
[2015.04.22-22.41.18:002][483]LogWorld: Game class is 'FirstPersonGameMode_C'
[2015.04.22-22.41.18:005][483]LogAIModule: Creating AISystem for world FirstPersonExampleMap
[2015.04.22-22.41.18:017][483]LogWorld: Bringing World /Game/FirstPersonBP/Maps/UEDPIE_0_FirstPersonExampleMap.FirstPersonExampleMap up for play (max tick rate 0) at 2015.04.23-00.41.18
[2015.04.22-22.41.18:018][483]LogWorld: Bringing up level for play took: 0.012533
[2015.04.22-22.41.18:019][483]PIE: Info Play in editor start time for /Game/FirstPersonBP/Maps/UEDPIE_0_FirstPersonExampleMap -0.413
[2015.04.22-22.41.43:458][665]LogParticles: Destroying 0 GPU particle simulations for FXSystem 0x00000002B030B100
[2015.04.22-22.41.48:394][857]LogSavePackage: Save=1853.295410ms
[2015.04.22-22.41.48:394][857]LogSavePackage: Moving '../../../../../../Users/Wouter/Documents/Unreal Projects/BlindPersonShooter/Saved/FirstPersonExampleMap_Auto40E4AF337404E1EFF3F08D28D08EB3CC2.tmp' to '../../../../../../Users/Wouter/Documents/Unreal Projects/BlindPersonShooter/Saved/Autosaves/Game/FirstPersonBP/Maps/FirstPersonExampleMap_Auto4.umap'
[2015.04.22-22.41.48:402][857]LogFileHelpers: Editor autosave (incl. sublevels) for '/Game/FirstPersonBP/Maps/FirstPersonExampleMap' took 2.007
[2015.04.22-22.41.48:402][857]LogFileHelpers: Editor autosave (incl. sublevels) for all levels took 2.007
[2015.04.22-22.42.01:807][863]LogEditorViewport: Clicking on Actor (LMB): PointLight (PointLight)
[2015.04.22-22.42.27:569][780]BlueprintLog: New page: Pre-PIE auto-recompile
[2015.04.22-22.42.27:570][780]LogPlayLevel: [PIE] Compiling FirstPersonExampleMap before PIE...
[2015.04.22-22.42.27:656][780]LogPlayLevel: PIE:  Blueprint regeneration took 86 ms (1 blueprints)
[2015.04.22-22.42.27:656][780]PIE: New page: PIE session: FirstPersonExampleMap (Apr 23, 2015, 2:42:27 AM)
[2015.04.22-22.42.27:676][780]LogBlueprint:Warning: FMemberReference::ResolveMember (AddComponent) bSelfContext == true, but no scope supplied!
[2015.04.22-22.42.27:679][780]LogPlayLevel: PIE: StaticDuplicateObject took: (0.022144s)
[2015.04.22-22.42.27:680][780]LogPlayLevel: PIE: World Init took: (0.000590s)
[2015.04.22-22.42.27:680][780]LogPlayLevel: PIE: Created PIE world by copying editor world from /Game/FirstPersonBP/Maps/FirstPersonExampleMap.FirstPersonExampleMap to /Game/FirstPersonBP/Maps/UEDPIE_0_FirstPersonExampleMap.FirstPersonExampleMap (0.022883s)
[2015.04.22-22.42.27:712][780]LogWorld: Game class is 'FirstPersonGameMode_C'
[2015.04.22-22.42.27:714][780]LogAIModule: Creating AISystem for world FirstPersonExampleMap
[2015.04.22-22.42.27:725][780]LogWorld: Bringing World /Game/FirstPersonBP/Maps/UEDPIE_0_FirstPersonExampleMap.FirstPersonExampleMap up for play (max tick rate 0) at 2015.04.23-00.42.27
[2015.04.22-22.42.27:726][780]LogWorld: Bringing up level for play took: 0.012435
[2015.04.22-22.42.27:728][780]PIE: Info Play in editor start time for /Game/FirstPersonBP/Maps/UEDPIE_0_FirstPersonExampleMap -0.705
[2015.04.22-22.42.44:749][260]LogParticles: Destroying 0 GPU particle simulations for FXSystem 0x00000002AFA4AE80
[2015.04.22-22.42.45:752][332]BlueprintLog: New page: Pre-PIE auto-recompile
[2015.04.22-22.42.45:752][332]LogPlayLevel: [PIE] Compiling FirstPersonExampleMap before PIE...
[2015.04.22-22.42.45:839][332]LogPlayLevel: PIE:  Blueprint regeneration took 87 ms (1 blueprints)
[2015.04.22-22.42.45:839][332]PIE: New page: PIE session: FirstPersonExampleMap (Apr 23, 2015, 2:42:45 AM)
[2015.04.22-22.42.45:857][332]LogBlueprint:Warning: FMemberReference::ResolveMember (AddComponent) bSelfContext == true, but no scope supplied!
[2015.04.22-22.42.45:860][332]LogPlayLevel: PIE: StaticDuplicateObject took: (0.020700s)
[2015.04.22-22.42.45:860][332]LogPlayLevel: PIE: World Init took: (0.000542s)
[2015.04.22-22.42.45:861][332]LogPlayLevel: PIE: Created PIE world by copying editor world from /Game/FirstPersonBP/Maps/FirstPersonExampleMap.FirstPersonExampleMap to /Game/FirstPersonBP/Maps/UEDPIE_0_FirstPersonExampleMap.FirstPersonExampleMap (0.021395s)
[2015.04.22-22.42.45:894][332]LogWorld: Game class is 'FirstPersonGameMode_C'
[2015.04.22-22.42.45:896][332]LogAIModule: Creating AISystem for world FirstPersonExampleMap
[2015.04.22-22.42.45:908][332]LogWorld: Bringing World /Game/FirstPersonBP/Maps/UEDPIE_0_FirstPersonExampleMap.FirstPersonExampleMap up for play (max tick rate 0) at 2015.04.23-00.42.45
[2015.04.22-22.42.45:908][332]LogWorld: Bringing up level for play took: 0.012369
[2015.04.22-22.42.45:910][332]PIE: Info Play in editor start time for /Game/FirstPersonBP/Maps/UEDPIE_0_FirstPersonExampleMap -0.522
[2015.04.22-22.42.54:685][ 81]LogParticles: Destroying 0 GPU particle simulations for FXSystem 0x00000002B2715120
[2015.04.22-22.42.58:854][387]LogEditorViewport: Clicking on Actor (LMB): StaticMeshActor (Floor2)
[2015.04.22-22.43.01:663][600]LogEditorViewport: Clicking on Actor (LMB): SphereReflectionCapture (SphereReflectionCapture)
[2015.04.22-22.43.19:443][940]Cmd: SELECT NONE
[2015.04.22-22.49.54:292][588]LogSavePackage: Save=1871.380859ms
[2015.04.22-22.49.54:292][588]LogSavePackage: Moving '../../../../../../Users/Wouter/Documents/Unreal Projects/BlindPersonShooter/Saved/FirstPersonExampleMapC348660140B39E132A003A86DBCAEB59.tmp' to '../../../../../../Users/Wouter/Documents/Unreal Projects/BlindPersonShooter/Content/FirstPersonBP/Maps/FirstPersonExampleMap.umap'
[2015.04.22-22.49.54:333][588]LogFileHelpers: Saving map 'FirstPersonExampleMap' took 2.145
[2015.04.22-22.49.57:424][781]Cmd: QUIT_EDITOR
[2015.04.22-22.49.57:644][781]LogExit: Preparing to exit.
[2015.04.22-22.49.58:288][781]LogExit: Editor shut down
[2015.04.22-22.49.58:291][781]LogExit: Transaction tracking system shut down
[2015.04.22-22.49.58:304][781]LogParticles: Destroying 0 GPU particle simulations for FXSystem 0x00000002B00F09A0
[2015.04.22-22.49.58:306][781]LogParticles: Destroying 0 GPU particle simulations for FXSystem 0x00000002DFF40CC0
[2015.04.22-22.49.58:326][781]LogParticles: Destroying 0 GPU particle simulations for FXSystem 0x00000002E0A10FE0
[2015.04.22-22.49.58:326][781]LogParticles: Destroying 0 GPU particle simulations for FXSystem 0x00000002E0937EC0
[2015.04.22-22.49.58:346][781]LogParticles: Destroying 0 GPU particle simulations for FXSystem 0x00000002AE31B600
[2015.04.22-22.49.58:348][781]LogParticles: Destroying 0 GPU particle simulations for FXSystem 0x00000002ADE09D00
[2015.04.22-22.49.58:623][781]LogExit: Object subsystem successfully closed.
[2015.04.22-22.49.58:810][781]LogModuleManager: Shutting down and abandoning module MaterialEditor (178)
[2015.04.22-22.49.58:811][781]LogModuleManager: Shutting down and abandoning module CrashTracker (177)
[2015.04.22-22.49.58:811][781]LogModuleManager: Shutting down and abandoning module SuperSearch (176)
[2015.04.22-22.49.58:811][781]LogModuleManager: Shutting down and abandoning module SceneOutliner (175)
[2015.04.22-22.49.58:811][781]LogModuleManager: Shutting down and abandoning module EditorWidgets (174)
[2015.04.22-22.49.58:811][781]LogModuleManager: Shutting down and abandoning module CollectionManager (173)
[2015.04.22-22.49.58:811][781]LogModuleManager: Shutting down and abandoning module StatsViewer (172)
[2015.04.22-22.49.58:811][781]LogModuleManager: Shutting down and abandoning module FoliageEdit (171)
[2015.04.22-22.49.58:812][781]LogModuleManager: Shutting down and abandoning module LandscapeEditor (170)
[2015.04.22-22.49.58:813][781]LogModuleManager: Shutting down and abandoning module MeshPaint (169)
[2015.04.22-22.49.58:813][781]LogModuleManager: Shutting down and abandoning module ActorPickerMode (168)
[2015.04.22-22.49.58:813][781]LogModuleManager: Shutting down and abandoning module GeometryMode (167)
[2015.04.22-22.49.58:813][781]LogModuleManager: Shutting down and abandoning module TextureAlignMode (166)
[2015.04.22-22.49.58:813][781]LogModuleManager: Shutting down and abandoning module BspMode (165)
[2015.04.22-22.49.58:813][781]LogModuleManager: Shutting down and abandoning module PlacementMode (164)
[2015.04.22-22.49.58:813][781]LogModuleManager: Shutting down and abandoning module AutomationWorker (163)
[2015.04.22-22.49.58:814][781]LogModuleManager: Shutting down and abandoning module CharacterAI (162)
[2015.04.22-22.49.58:814][781]LogModuleManager: Shutting down and abandoning module SmartSnapping (161)
[2015.04.22-22.49.58:814][781]LogModuleManager: Shutting down and abandoning module ViewportSnapping (160)
[2015.04.22-22.49.58:814][781]LogModuleManager: Shutting down and abandoning module LogVisualizer (159)
[2015.04.22-22.49.58:817][781]LogModuleManager: Shutting down and abandoning module GameProjectGeneration (158)
[2015.04.22-22.49.58:817][781]LogModuleManager: Shutting down and abandoning module IntroTutorials (157)
[2015.04.22-22.49.58:818][781]LogModuleManager: Shutting down and abandoning module EditorLiveStreaming (156)
[2015.04.22-22.49.58:819][781]LogModuleManager: Shutting down and abandoning module HardwareTargeting (155)
[2015.04.22-22.49.58:819][781]LogModuleManager: Shutting down and abandoning module DeviceProfileEditor (154)
[2015.04.22-22.49.58:819][781]LogModuleManager: Shutting down and abandoning module UndoHistory (153)
[2015.04.22-22.49.58:820][781]LogModuleManager: Shutting down and abandoning module GameplayTagsEditor (152)
[2015.04.22-22.49.58:820][781]LogModuleManager: Shutting down and abandoning module UserFeedback (151)
[2015.04.22-22.49.58:820][781]LogModuleManager: Shutting down and abandoning module XmlParser (150)
[2015.04.22-22.49.58:820][781]LogModuleManager: Shutting down and abandoning module Blutility (149)
[2015.04.22-22.49.58:820][781]LogModuleManager: Shutting down and abandoning module IOSPlatformEditor (148)
[2015.04.22-22.49.58:820][781]LogModuleManager: Shutting down and abandoning module IOSRuntimeSettings (147)
[2015.04.22-22.49.58:820][781]LogModuleManager: Shutting down and abandoning module AndroidDeviceDetection (146)
[2015.04.22-22.49.59:455][781]LogModuleManager: Shutting down and abandoning module AndroidPlatformEditor (145)
[2015.04.22-22.49.59:455][781]LogModuleManager: Shutting down and abandoning module AndroidRuntimeSettings (144)
[2015.04.22-22.49.59:455][781]LogModuleManager: Shutting down and abandoning module ProjectTargetPlatformEditor (143)
[2015.04.22-22.49.59:456][781]LogModuleManager: Shutting down and abandoning module ProjectSettingsViewer (142)
[2015.04.22-22.49.59:457][781]LogModuleManager: Shutting down and abandoning module InputBindingEditor (141)
[2015.04.22-22.49.59:458][781]LogModuleManager: Shutting down and abandoning module EditorSettingsViewer (140)
[2015.04.22-22.49.59:458][781]LogModuleManager: Shutting down and abandoning module SettingsEditor (139)
[2015.04.22-22.49.59:459][781]LogModuleManager: Shutting down and abandoning module ProjectLauncher (138)
[2015.04.22-22.49.59:460][781]LogModuleManager: Shutting down and abandoning module SessionFrontend (137)
[2015.04.22-22.49.59:460][781]LogModuleManager: Shutting down and abandoning module ProfilerClient (136)
[2015.04.22-22.49.59:461][781]LogModuleManager: Shutting down and abandoning module TargetDeviceServices (135)
[2015.04.22-22.49.59:461][781]LogModuleManager: Shutting down and abandoning module DeviceManager (134)
[2015.04.22-22.49.59:462][781]LogModuleManager: Shutting down and abandoning module AutomationController (133)
[2015.04.22-22.49.59:462][781]LogModuleManager: Shutting down and abandoning module AutomationWindow (132)
[2015.04.22-22.49.59:463][781]LogModuleManager: Shutting down and abandoning module Layers (131)
[2015.04.22-22.49.59:464][781]LogModuleManager: Shutting down and abandoning module ComponentVisualizers (130)
[2015.04.22-22.49.59:464][781]LogModuleManager: Shutting down and abandoning module DetailCustomizations (129)
[2015.04.22-22.49.59:464][781]LogModuleManager: Shutting down and abandoning module PackagesDialog (128)
[2015.04.22-22.49.59:465][781]LogModuleManager: Shutting down and abandoning module AssetRegistry (127)
[2015.04.22-22.49.59:601][781]LogModuleManager: Shutting down and abandoning module Persona (126)
[2015.04.22-22.49.59:603][781]LogModuleManager: Shutting down and abandoning module SlateReflector (125)
[2015.04.22-22.49.59:604][781]LogModuleManager: Shutting down and abandoning module LevelEditor (124)
[2015.04.22-22.49.59:607][781]LogModuleManager: Shutting down and abandoning module Kismet (123)
[2015.04.22-22.49.59:607][781]LogModuleManager: Shutting down and abandoning module GraphEditor (122)
[2015.04.22-22.49.59:607][781]LogModuleManager: Shutting down and abandoning module ClassViewer (121)
[2015.04.22-22.49.59:607][781]LogModuleManager: Shutting down and abandoning module Toolbox (120)
[2015.04.22-22.49.59:607][781]LogModuleManager: Shutting down and abandoning module ModuleUI (119)
[2015.04.22-22.49.59:608][781]LogModuleManager: Shutting down and abandoning module MovieSceneTools (118)
[2015.04.22-22.49.59:609][781]LogModuleManager: Shutting down and abandoning module OutputLog (117)
[2015.04.22-22.49.59:610][781]LogModuleManager: Shutting down and abandoning module GammaUI (116)
[2015.04.22-22.49.59:610][781]LogModuleManager: Shutting down and abandoning module Documentation (115)
[2015.04.22-22.49.59:611][781]LogModuleManager: Shutting down and abandoning module GameLiveStreaming (114)
[2015.04.22-22.49.59:611][781]LogModuleManager: Shutting down and abandoning module StreamingPauseRendering (113)
[2015.04.22-22.49.59:611][781]LogModuleManager: Shutting down and abandoning module HTTP (112)
[2015.04.22-22.49.59:611][781]LogModuleManager: Shutting down and abandoning module AnalyticsET (111)
[2015.04.22-22.49.59:611][781]LogModuleManager: Shutting down and abandoning module Analytics (110)
[2015.04.22-22.49.59:611][781]LogModuleManager: Shutting down and abandoning module AITestSuite (109)
[2015.04.22-22.49.59:611][781]LogModuleManager: Shutting down and abandoning module GameplayDebugger (108)
[2015.04.22-22.49.59:611][781]LogModuleManager: Shutting down and abandoning module AIModule (107)
[2015.04.22-22.49.59:612][781]LogModuleManager: Shutting down and abandoning module ProfilerService (106)
[2015.04.22-22.49.59:641][781]LogModuleManager: Shutting down and abandoning module TaskGraph (105)
[2015.04.22-22.49.59:641][781]LogModuleManager: Shutting down and abandoning module SlateRemote (104)
[2015.04.22-22.49.59:642][781]LogModuleManager: Shutting down and abandoning module ScriptEditorPlugin (103)
[2015.04.22-22.49.59:642][781]LogModuleManager: Shutting down and abandoning module CustomMeshComponent (102)
[2015.04.22-22.49.59:642][781]LogModuleManager: Shutting down and abandoning module CableComponent (101)
[2015.04.22-22.49.59:642][781]LogModuleManager: Shutting down and abandoning module MessagingDebugger (100)
[2015.04.22-22.49.59:644][781]LogModuleManager: Shutting down and abandoning module MediaPlayerEditor (99)
[2015.04.22-22.49.59:645][781]LogModuleManager: Shutting down and abandoning module SpeedTreeImporter (98)
[2015.04.22-22.49.59:645][781]LogModuleManager: Shutting down and abandoning module PluginsEditor (97)
[2015.04.22-22.49.59:646][781]LogModuleManager: Shutting down and abandoning module MainFrame (96)
[2015.04.22-22.49.59:646][781]LogModuleManager: Shutting down and abandoning module EpicSurvey (95)
[2015.04.22-22.49.59:648][781]LogModuleManager: Shutting down and abandoning module DesktopPlatform (94)
[2015.04.22-22.49.59:649][781]LogModuleManager: Shutting down and abandoning module DirectoryWatcher (93)
[2015.04.22-22.49.59:650][781]LogModuleManager: Shutting down and abandoning module HotReload (92)
[2015.04.22-22.49.59:650][781]LogModuleManager: Shutting down and abandoning module VisualStudioSourceCodeAccess (91)
[2015.04.22-22.49.59:651][781]LogModuleManager: Shutting down and abandoning module UObjectPlugin (90)
[2015.04.22-22.49.59:651][781]LogModuleManager: Shutting down and abandoning module SubversionSourceControl (89)
[2015.04.22-22.49.59:652][781]LogModuleManager: Shutting down and abandoning module PerforceSourceControl (88)
[2015.04.22-22.49.59:654][781]LogModuleManager: Shutting down and abandoning module SourceControl (87)
[2015.04.22-22.49.59:654][781]LogModuleManager: Shutting down and abandoning module GitSourceControl (86)
[2015.04.22-22.49.59:655][781]LogModuleManager: Shutting down and abandoning module BlankPlugin (85)
[2015.04.22-22.49.59:655][781]LogModuleManager: Shutting down and abandoning module PaperTiledImporter (84)
[2015.04.22-22.49.59:655][781]LogModuleManager: Shutting down and abandoning module PaperJsonImporter (83)
[2015.04.22-22.49.59:655][781]LogModuleManager: Shutting down and abandoning module ContentBrowser (82)
[2015.04.22-22.49.59:656][781]LogModuleManager: Shutting down and abandoning module Paper2DEditor (81)
[2015.04.22-22.49.59:657][781]LogModuleManager: Shutting down and abandoning module ScriptPlugin (80)
[2015.04.22-22.49.59:658][781]LogModuleManager: Shutting down and abandoning module UdpMessaging (79)
[2015.04.22-22.49.59:759][781]LogModuleManager: Shutting down and abandoning module Paper2D (78)
[2015.04.22-22.49.59:759][781]LogModuleManager: Shutting down and abandoning module WindowsMoviePlayer (77)
[2015.04.22-22.49.59:760][781]LogModuleManager: Shutting down and abandoning module Media (76)
[2015.04.22-22.49.59:760][781]LogModuleManager: Shutting down and abandoning module WmfMedia (75)
[2015.04.22-22.49.59:762][781]LogModuleManager: Shutting down and abandoning module OnlineBlueprintSupport (74)
[2015.04.22-22.49.59:762][781]LogModuleManager: Shutting down and abandoning module PropertyEditor (73)
[2015.04.22-22.49.59:762][781]LogModuleManager: Shutting down and abandoning module BehaviorTreeEditor (72)
[2015.04.22-22.49.59:763][781]LogModuleManager: Shutting down and abandoning module FunctionalTesting (71)
[2015.04.22-22.49.59:763][781]LogModuleManager: Shutting down and abandoning module CollisionAnalyzer (70)
[2015.04.22-22.49.59:764][781]LogModuleManager: Shutting down and abandoning module WorkspaceMenuStructure (69)
[2015.04.22-22.49.59:765][781]LogModuleManager: Shutting down and abandoning module MessageLog (68)
[2015.04.22-22.49.59:765][781]LogModuleManager: Shutting down and abandoning module Sequencer (67)
[2015.04.22-22.49.59:767][781]LogModuleManager: Shutting down and abandoning module AssetTools (66)
[2015.04.22-22.49.59:768][781]LogModuleManager: Shutting down and abandoning module UMGEditor (65)
[2015.04.22-22.49.59:769][781]LogModuleManager: Shutting down and abandoning module UMG (64)
[2015.04.22-22.49.59:770][781]LogModuleManager: Shutting down and abandoning module Slate (63)
[2015.04.22-22.49.59:770][781]LogModuleManager: Shutting down and abandoning module EditorStyle (62)
[2015.04.22-22.49.59:780][781]LogModuleManager: Shutting down and abandoning module SessionServices (61)
[2015.04.22-22.49.59:780][781]LogModuleManager: Shutting down and abandoning module SourceCodeAccess (60)
[2015.04.22-22.49.59:780][781]LogModuleManager: Shutting down and abandoning module HeadMountedDisplay (59)
[2015.04.22-22.49.59:780][781]LogModuleManager: Shutting down and abandoning module XAudio2 (58)
[2015.04.22-22.49.59:780][781]LogModuleManager: Shutting down and abandoning module Networking (56)
[2015.04.22-22.49.59:780][781]LogModuleManager: Shutting down and abandoning module Core (55)
[2015.04.22-22.49.59:780][781]LogModuleManager: Shutting down and abandoning module KismetCompiler (54)
[2015.04.22-22.49.59:780][781]LogModuleManager: Shutting down and abandoning module PhysXFormats (53)
[2015.04.22-22.49.59:780][781]LogModuleManager: Shutting down and abandoning module MeshUtilities (52)
[2015.04.22-22.49.59:781][781]LogModuleManager: Shutting down and abandoning module DerivedDataCache (51)
[2015.04.22-22.49.59:787][781]LogDerivedDataCache: Shutdown
[2015.04.22-22.49.59:787][781]LogModuleManager: Shutting down and abandoning module ShaderFormatOpenGL (50)
[2015.04.22-22.49.59:788][781]LogModuleManager: Shutting down and abandoning module ShaderFormatD3D (49)
[2015.04.22-22.49.59:788][781]LogModuleManager: Shutting down and abandoning module MetalShaderFormat (48)
[2015.04.22-22.49.59:789][781]LogModuleManager: Shutting down and abandoning module TextureFormatUncompressed (47)
[2015.04.22-22.49.59:789][781]LogModuleManager: Shutting down and abandoning module TextureFormatPVR (46)
[2015.04.22-22.49.59:789][781]LogModuleManager: Shutting down and abandoning module TextureFormatIntelISPCTexComp (45)
[2015.04.22-22.49.59:789][781]LogModuleManager: Shutting down and abandoning module TextureFormatDXT (44)
[2015.04.22-22.49.59:789][781]LogModuleManager: Shutting down and abandoning module ImageWrapper (43)
[2015.04.22-22.49.59:789][781]LogModuleManager: Shutting down and abandoning module TextureFormatASTC (42)
[2015.04.22-22.49.59:789][781]LogModuleManager: Shutting down and abandoning module TextureFormatAndroid (41)
[2015.04.22-22.49.59:789][781]LogModuleManager: Shutting down and abandoning module AudioFormatOpus (40)
[2015.04.22-22.49.59:789][781]LogModuleManager: Shutting down and abandoning module AudioFormatOgg (39)
[2015.04.22-22.49.59:790][781]LogModuleManager: Shutting down and abandoning module AudioFormatADPCM (38)
[2015.04.22-22.49.59:790][781]LogModuleManager: Shutting down and abandoning module LinuxTargetPlatform (37)
[2015.04.22-22.49.59:790][781]LogModuleManager: Shutting down and abandoning module LinuxServerTargetPlatform (36)
[2015.04.22-22.49.59:790][781]LogModuleManager: Shutting down and abandoning module LinuxNoEditorTargetPlatform (35)
[2015.04.22-22.49.59:791][781]LogModuleManager: Shutting down and abandoning module Messaging (34)
[2015.04.22-22.49.59:791][781]LogModuleManager: Shutting down and abandoning module IOSTargetPlatform (33)
[2015.04.22-22.49.59:791][781]LogModuleManager: Shutting down and abandoning module HTML5TargetPlatform (32)
[2015.04.22-22.49.59:791][781]LogModuleManager: Shutting down and abandoning module Android_PVRTCTargetPlatform (31)
[2015.04.22-22.49.59:791][781]LogModuleManager: Shutting down and abandoning module Android_ETC2TargetPlatform (30)
[2015.04.22-22.49.59:792][781]LogModuleManager: Shutting down and abandoning module Android_ETC1TargetPlatform (29)
[2015.04.22-22.49.59:792][781]LogModuleManager: Shutting down and abandoning module Android_ES31TargetPlatform (28)
[2015.04.22-22.49.59:792][781]LogModuleManager: Shutting down and abandoning module Android_DXTTargetPlatform (27)
[2015.04.22-22.49.59:792][781]LogModuleManager: Shutting down and abandoning module Android_ATCTargetPlatform (26)
[2015.04.22-22.49.59:792][781]LogModuleManager: Shutting down and abandoning module AndroidTargetPlatform (25)
[2015.04.22-22.49.59:792][781]LogModuleManager: Shutting down and abandoning module WindowsTargetPlatform (24)
[2015.04.22-22.49.59:792][781]LogModuleManager: Shutting down and abandoning module WindowsServerTargetPlatform (23)
[2015.04.22-22.49.59:793][781]LogModuleManager: Shutting down and abandoning module WindowsNoEditorTargetPlatform (22)
[2015.04.22-22.49.59:793][781]LogModuleManager: Shutting down and abandoning module WindowsClientTargetPlatform (21)
[2015.04.22-22.49.59:793][781]LogModuleManager: Shutting down and abandoning module TargetPlatform (20)
[2015.04.22-22.49.59:793][781]LogModuleManager: Shutting down and abandoning module InputCore (19)
[2015.04.22-22.49.59:793][781]LogModuleManager: Shutting down and abandoning module Settings (18)
[2015.04.22-22.49.59:793][781]LogModuleManager: Shutting down and abandoning module OnlineSubsystem (16)
[2015.04.22-22.49.59:793][781]LogModuleManager: Shutting down and abandoning module OculusRift (15)
[2015.04.22-22.49.59:793][781]LogModuleManager: Shutting down and abandoning module ExampleDeviceProfileSelector (14)
[2015.04.22-22.49.59:793][781]LogModuleManager: Shutting down and abandoning module TextureCompressor (13)
[2015.04.22-22.49.59:794][781]LogModuleManager: Shutting down and abandoning module ShaderCore (12)
[2015.04.22-22.49.59:794][781]LogModuleManager: Shutting down and abandoning module Landscape (11)
[2015.04.22-22.49.59:794][781]LogModuleManager: Shutting down and abandoning module SlateRHIRenderer (10)
[2015.04.22-22.49.59:822][781]LogModuleManager: Shutting down and abandoning module OpenGLDrv (9)
[2015.04.22-22.49.59:822][781]LogModuleManager: Shutting down and abandoning module D3D11RHI (8)
[2015.04.22-22.49.59:822][781]LogModuleManager: Shutting down and abandoning module Renderer (7)
[2015.04.22-22.49.59:822][781]LogModuleManager: Shutting down and abandoning module Engine (6)
[2015.04.22-22.49.59:822][781]LogModuleManager: Shutting down and abandoning module CoreUObject (5)
[2015.04.22-22.49.59:822][781]LogModuleManager: Shutting down and abandoning module NetworkFile (4)
[2015.04.22-22.49.59:823][781]LogModuleManager: Shutting down and abandoning module StreamingFile (3)
[2015.04.22-22.49.59:823][781]LogModuleManager: Shutting down and abandoning module SandboxFile (2)
[2015.04.22-22.49.59:823][781]LogModuleManager: Shutting down and abandoning module PakFile (1)
[2015.04.22-22.49.59:825][781]LogExit: Exiting.
[2015.04.22-22.49.59:837][781]Log file closed, 04/23/15 00:49:59
