Log file open, 04/16/15 21:08:58
LogInit:Display: Running engine for game: BlindPersonShooter
LogInit: Version: 4.7.4-2497108+++depot+UE4-Releases+4.7
LogInit: API Version: 2455222
LogInit: Compiled (64-bit): Mar 31 2015 09:40:25
LogInit: Compiled with Visual C++: 18.00.21005.01
LogInit: Build Configuration: Development
LogInit: Branch Name: ++depot+UE4-Releases+4.7
LogInit: Command line: 
LogInit: Base directory: C:/Program Files/Epic Games/4.7/Engine/Binaries/Win64/
LogInit: Rocket: 1
[2015.04.16-19.08.58:482][  0]LogTaskGraph: Started task graph with 3 named threads and 6 total threads.
[2015.04.16-19.08.58:549][  0]LogOnline:Warning: No default platform service specified for OnlineSubsystem
[2015.04.16-19.08.58:571][  0]LogInit: Presizing for 0 objects not considered by GC, pre-allocating 0 bytes.
[2015.04.16-19.08.58:580][  0]LogInit: Object subsystem initialized
[2015.04.16-19.08.58:581][  0]LogConsoleResponse:Warning: Skipping Unknown console variable: 'TranslucentSortAxis = (X=0.000000,Y=-1.000000,Z=0.000000)'
[2015.04.16-19.08.58:581][  0]LogConsoleResponse:Warning:   Found in ini file 'C:/Users/Wouter/Documents/Unreal Projects/BlindPersonShooter/Saved/Config/Windows/Engine.ini', in section '[/Script/Engine.RendererSettings]'
[2015.04.16-19.08.58:581][  0]LogConsoleResponse:Warning: Skipping Unknown console variable: 'UIScaleRule = ShortestSide'
[2015.04.16-19.08.58:581][  0]LogConsoleResponse:Warning:   Found in ini file 'C:/Users/Wouter/Documents/Unreal Projects/BlindPersonShooter/Saved/Config/Windows/Engine.ini', in section '[/Script/Engine.RendererSettings]'
[2015.04.16-19.08.58:581][  0]LogConsoleResponse:Warning: Skipping Unknown console variable: 'UIScaleCurve = (EditorCurveData=(Keys=),ExternalCurve=None)'
[2015.04.16-19.08.58:581][  0]LogConsoleResponse:Warning:   Found in ini file 'C:/Users/Wouter/Documents/Unreal Projects/BlindPersonShooter/Saved/Config/Windows/Engine.ini', in section '[/Script/Engine.RendererSettings]'
[2015.04.16-19.08.58:582][  0]LogInit: Selected Device Profile: [Windows]
[2015.04.16-19.08.58:582][  0]LogInit: Applying CVar settings loaded from the selected device profile: [Windows]
[2015.04.16-19.08.58:591][  0]LogInit: Computer: WOUTER-PC
[2015.04.16-19.08.58:591][  0]LogInit: User: Wouter
[2015.04.16-19.08.58:591][  0]LogInit: CPU Page size=4096, Cores=4
[2015.04.16-19.08.58:591][  0]LogInit: High frequency timer resolution =3.222694 MHz
[2015.04.16-19.08.58:591][  0]LogMemory: Memory total: Physical=8.0GB (8GB approx) Virtual=131072.0GB
[2015.04.16-19.08.58:591][  0]LogMemory: Platform Memory Stats for Windows
[2015.04.16-19.08.58:591][  0]LogMemory: Process Physical Memory: 45.91 MB used, 45.91 MB peak
[2015.04.16-19.08.58:591][  0]LogMemory: Process Virtual Memory: 26.43 MB used, 26.43 MB peak
[2015.04.16-19.08.58:591][  0]LogMemory: Physical Memory: 3083.35 MB used, 8167.08 MB total
[2015.04.16-19.08.58:591][  0]LogMemory: Virtual Memory: 290.83 MB used, 134217728.00 MB total
[2015.04.16-19.08.58:607][  0]LogD3D11RHI: Found D3D11 adapter 0: AMD Radeon HD 6900 Series (Feature Level 11_0)
[2015.04.16-19.08.58:607][  0]LogD3D11RHI: Adapter has 2032MB of dedicated video memory, 0MB of dedicated system memory, and 3840MB of shared system memory, 3 output[s]
[2015.04.16-19.08.58:609][  0]LogD3D11RHI: Found D3D11 adapter 1: Microsoft Basic Render Driver (Feature Level 11_0)
[2015.04.16-19.08.58:609][  0]LogD3D11RHI: Adapter has 0MB of dedicated video memory, 0MB of dedicated system memory, and 256MB of shared system memory, 0 output[s]
[2015.04.16-19.08.58:609][  0]LogD3D11RHI: Chosen D3D11 Adapter Id = 0
[2015.04.16-19.08.58:612][  0]LogRHI: Texture pool is 1361 MB (70% of 1945 MB)
[2015.04.16-19.08.58:618][  0]LogD3D11RHI: Async texture creation disabled: no driver support
[2015.04.16-19.08.58:690][  0]LogTextLocalizationManager: The requested culture ('en_US') has no localization data; parent culture's ('en') localization data will be used.
[2015.04.16-19.08.58:737][  0]LogTextLocalizationManager:Warning: Loading localization resources contain conflicting entries for (Namespace:UICommands, Key:Save_ToolTip):
Resource: (C:/Program Files/Epic Games/4.7/Engine/Content/Localization/Editor/en/Editor.locres) Hash: (-29098895) String: (Saves the current level to disk)
Resource: (C:/Program Files/Epic Games/4.7/Engine/Content/Localization/Engine/en/Engine.locres) Hash: (-1280300587) String: (Save selected data to vlog file)
[2015.04.16-19.08.58:737][  0]LogTextLocalizationManager:Warning: Loading localization resources contain conflicting entries for (Namespace:ContentBrowser, Key:ImportAssetToolTip):
Resource: (C:/Program Files/Epic Games/4.7/Engine/Content/Localization/Editor/en/Editor.locres) Hash: (-630476809) String: (Import to {0}...)
Resource: (C:/Program Files/Epic Games/4.7/Engine/Content/Localization/Editor/en/Editor.locres) Hash: (1271782899) String: (Imports an asset from file to this folder.)
[2015.04.16-19.08.58:797][  0]LogContentStreaming: Texture pool size is 0.000000MB
[2015.04.16-19.09.00:972][  0]LogTargetPlatformManager:Display: Building Assets For Windows
[2015.04.16-19.09.01:586][  0]LogTargetPlatformManager:Display: Building Assets For Windows
[2015.04.16-19.09.01:669][  0]LogDerivedDataCache:Display: Max Cache Size: 512 MB
[2015.04.16-19.09.01:700][  0]LogDerivedDataCache: Loaded boot cache 0.03s 39MB C:/Users/Wouter/AppData/Local/UnrealEngine/4.7/DerivedDataCache/Boot.ddc.
[2015.04.16-19.09.01:700][  0]LogDerivedDataCache:Display: Loaded Boot cache: C:/Users/Wouter/AppData/Local/UnrealEngine/4.7/DerivedDataCache/Boot.ddc
[2015.04.16-19.09.01:700][  0]LogDerivedDataCache: FDerivedDataBackendGraph:  Pak pak cache file ../../../../../../Users/Wouter/Documents/Unreal Projects/BlindPersonShooter/DerivedDataCache/DDC.ddp not found, will not use a pak cache.
[2015.04.16-19.09.01:700][  0]LogDerivedDataCache: Unable to find inner node Pak for hierarchical cache Hierarchy.
[2015.04.16-19.09.01:795][  0]LogDerivedDataCache:Display: Pak cache opened for reading ../../../Engine/DerivedDataCache/Compressed.ddp.
[2015.04.16-19.09.01:808][  0]LogDerivedDataCache: Using Local data cache path C:/Users/Wouter/AppData/Local/UnrealEngine/Common/DerivedDataCache: Writable
[2015.04.16-19.09.02:114][  0]LogMeshUtilities: No automatic mesh reduction module available
[2015.04.16-19.09.02:114][  0]LogMeshUtilities: No automatic mesh merging module available
[2015.04.16-19.09.02:530][  0]LogInit: WinSock: version 1.1 (2.2), MaxSocks=32767, MaxUdp=65467
[2015.04.16-19.09.02:655][  0]LogSlate:Warning: Failed to load font data from '../../../Engine/Content/Slate/Fonts/Roboto-Italic.ttf'
[2015.04.16-19.09.03:684][  0]UdpMessaging: Initializing bridge on interface 0.0.0.0:0 to multicast group 230.0.0.1:6666.
[2015.04.16-19.09.03:991][  0]SourceControl: Info Source control is disabled
[2015.04.16-19.09.03:991][  0]SourceControl: Info Source control is disabled
[2015.04.16-19.09.03:991][  0]SourceControl: Info Source control is disabled
[2015.04.16-19.09.03:991][  0]LogSourceControl: RunCommandInternalRaw: 'git version'
[2015.04.16-19.09.03:991][  0]LogSourceControl: RunCommandInternalRaw: ExecProcess ReturnCode=2 OutResults=''
[2015.04.16-19.09.04:007][  0]SourceControl: Info Source control is disabled
[2015.04.16-19.09.04:296][  0]LogObj: 24232 objects as part of root set at end of initial load.
[2015.04.16-19.09.04:296][  0]LogUObjectAllocator: 5137176 out of 0 bytes used by permanent object pool.
[2015.04.16-19.09.04:386][  0]LogEngine: Initializing Engine...
[2015.04.16-19.09.06:541][  0]LogInit: XAudio2 using 'Speakers (Realtek High Definition Audio)' : 2 channels at 48 kHz using 32 bits per sample (channel mask 0x3)
[2015.04.16-19.09.06:557][  0]LogInit: FAudioDevice initialized.
[2015.04.16-19.09.06:613][  0]LogAIModule: Creating AISystem for world NewWorld
[2015.04.16-19.09.06:630][  0]LogDerivedDataCache: Saved boot cache 0.02s 39MB C:/Users/Wouter/AppData/Local/UnrealEngine/4.7/DerivedDataCache/Boot.ddc.
[2015.04.16-19.09.06:634][  0]LogInit: Texture streaming: Enabled
[2015.04.16-19.09.06:744][  0]LogAnalytics: Creating configured Analytics provider AnalyticsET
[2015.04.16-19.09.06:744][  0]LogAnalytics: ET APIKey = Rocket.Release. APIServer = http://et2.epicgames.com/ET2/. AppVersion = 4.7.4-2497108+++depot+UE4-Releases+4.7
[2015.04.16-19.09.06:744][  0]LogAnalytics: ET APIKey = Rocket.Release. DataRouterUploadURL = https://datarouter-public-service-gamedev.ol.epicgames.net/datarouter/api/v1/public/data. AppVersion = 4.7.4-2497108+++depot+UE4-Releases+4.7
[2015.04.16-19.09.06:744][  0]LogAnalytics: SetUserId 7b6bbb2b4b1c643f97d6798f1001496e|f307042b1d2f4c46a4ba52bf0d9fc354|b90fe644-cef2-4d5d-81b9-41cf3ecc3bcd
[2015.04.16-19.09.06:745][  0]LogAnalytics: AnalyticsET::StartSession [Rocket.Release]
[2015.04.16-19.09.06:789][  0]LogInit: Transaction tracking system initialized
[2015.04.16-19.09.07:037][  0]BlueprintLog: New page: Editor Load
[2015.04.16-19.09.07:087][  0]LogAssetRegistry: FAssetRegistry took 0.0111 seconds to start up
[2015.04.16-19.09.07:087][  0]LogDirectoryWatcher:Warning: Failed to begin reading directory changes for ../../../Engine/Plugins/Experimental/CharacterAI/Content/. Error: 0
[2015.04.16-19.09.07:722][  0]LogTargetPlatformManager:Display: Building Assets For Windows
[2015.04.16-19.09.08:093][  0]LogTargetPlatformManager:Display: Building Assets For Windows
[2015.04.16-19.09.08:488][  0]LogSlate:Warning: Failed to load font data from '../../../Engine/Content/Editor/Slate/Fonts/Roboto-Regular.ttf'
[2015.04.16-19.09.08:489][  0]LogSlate:Warning: Failed to load font data from '../../../Engine/Content/Editor/Slate/Fonts/Roboto-Bold.ttf'
[2015.04.16-19.09.08:494][  0]LogConsoleResponse:Display: 
[2015.04.16-19.09.08:649][  0]LogCook:Display: Done creating registry. It took  0.00s.
[2015.04.16-19.09.08:873][  0]SourceControl: Info Source control is disabled
[2015.04.16-19.09.08:873][  0]Cmd: MAP LOAD FILE="../../../../../../Users/Wouter/Documents/Unreal Projects/BlindPersonShooter/Content/FirstPersonBP/Maps/FirstPersonExampleMap.umap" TEMPLATE=0 SHOWPROGRESS=1 FEATURELEVEL=3
[2015.04.16-19.09.08:874][  0]LightingResults: New page: Lighting Build
[2015.04.16-19.09.08:892][  0]MapCheck: New page: Map Check
[2015.04.16-19.09.08:892][  0]LightingResults: New page: Lighting Build
[2015.04.16-19.09.08:898][  0]LogParticles: Destroying 0 GPU particle simulations for FXSystem 0x0000008E9758A980
[2015.04.16-19.09.08:909][  0]LogLinker:Warning: Asset '../../../Engine/Content/EngineMeshes/Humanoid.uasset' has been saved with empty engine version. The asset will be loaded but may be incompatible.
[2015.04.16-19.09.10:917][  0]LogEditorServer: Finished looking for orphan Actors (0.000 secs)
[2015.04.16-19.09.11:709][  0]LogAIModule: Creating AISystem for world FirstPersonExampleMap
[2015.04.16-19.09.11:710][  0]Cmd: MAP CHECKDEP
[2015.04.16-19.09.11:710][  0]MapCheck: New page: FirstPersonExampleMap - Apr 16, 2015, 11:09:11 PM
[2015.04.16-19.09.11:882][  0]MapCheck: Info Map check complete: 0 Error(s), 0 Warning(s), took 172.535ms to complete.
[2015.04.16-19.09.11:883][  0]LogFileHelpers: Loading map 'FirstPersonExampleMap' took 3.010
[2015.04.16-19.09.12:089][  0]LogCollectionManager: Loaded 0 collections in 0.002096 seconds
[2015.04.16-19.09.12:101][  0]LogContentBrowser: Native class hierarchy populated in 0.0115 seconds. Added 1696 classes and 261 folders.
[2015.04.16-19.09.12:182][  0]LogContentBrowser: Native class hierarchy updated for 'SceneOutliner' in 0.0049 seconds. Added 1 classes and 2 folders.
[2015.04.16-19.09.12:258][  0]LogCrashTracker: Crashtracker disabled due to settings.
[2015.04.16-19.09.12:259][  0]LogSlate:Warning: Failed to load font data from 'Veranda'
[2015.04.16-19.09.12:263][  0]LogUObjectGlobals:Warning: Failed to find object 'Class None.'
[2015.04.16-19.09.12:291][  0]LogLoad: Full Startup: 15.92 seconds (BP compile: 0.95 seconds)
[2015.04.16-19.09.12:326][  0]LogContentBrowser:Verbose: The content browser source was changed by the sources view to '/Game/FirstPersonBP/Materials'
[2015.04.16-19.09.12:450][  0]LogRenderer:Warning: Reallocating scene render targets to support 32x32 (Frame:2).
[2015.04.16-19.09.12:547][  0]LogRenderer:Warning: Reallocating scene render targets to support 1208x496 (Frame:4).
[2015.04.16-19.09.12:865][  3]LogAssetRegistry: Asset discovery search completed in 5.7892 seconds
[2015.04.16-19.09.16:331][346]LogMaterial: Missing cached shader map for material MAT_SCAN, compiling. 
[2015.04.16-19.09.16:350][346]LogActorComponent: UnregisterComponent: (/Engine/Transient.SkeletalMeshComponent_0) Not registered. Aborting.
[2015.04.16-19.09.16:396][346]LogActorComponent: UnregisterComponent: (/Engine/Transient.SkeletalMeshComponent_0) Not registered. Aborting.
[2015.04.16-19.09.16:396][346]LogActorComponent: RegisterComponentWithWorld: (/Engine/Transient.MaterialEditorMeshComponent_0) Already registered. Aborting.
[2015.04.16-19.09.16:396][346]LogActorComponent: UnregisterComponent: (/Engine/Transient.SkeletalMeshComponent_0) Not registered. Aborting.
[2015.04.16-19.09.16:396][346]LogActorComponent: RegisterComponentWithWorld: (/Engine/Transient.MaterialEditorMeshComponent_0) Already registered. Aborting.
[2015.04.16-19.09.16:400][346]LogMaterial: Missing cached shader map for material MAT_SCAN, compiling. 
[2015.04.16-19.09.16:401][346]LogMaterial: 0.000057 seconds spent updating 1 materials, 1 interfaces, 0 instances, 0 with static permutations.
[2015.04.16-19.09.16:428][346]LogMaterial: Missing cached shader map for material FMatExpressionPreview MaterialExpressionVectorParameter_1, compiling. 
[2015.04.16-19.09.16:480][346]LogMaterial: Missing cached shader map for material ScanPP, compiling. 
[2015.04.16-19.09.16:494][346]LogActorComponent: UnregisterComponent: (/Engine/Transient.SkeletalMeshComponent_1) Not registered. Aborting.
[2015.04.16-19.09.16:537][346]LogActorComponent: UnregisterComponent: (/Engine/Transient.SkeletalMeshComponent_1) Not registered. Aborting.
[2015.04.16-19.09.16:538][346]LogActorComponent: RegisterComponentWithWorld: (/Engine/Transient.MaterialEditorMeshComponent_1) Already registered. Aborting.
[2015.04.16-19.09.16:538][346]LogActorComponent: UnregisterComponent: (/Engine/Transient.SkeletalMeshComponent_1) Not registered. Aborting.
[2015.04.16-19.09.16:538][346]LogActorComponent: RegisterComponentWithWorld: (/Engine/Transient.MaterialEditorMeshComponent_1) Already registered. Aborting.
[2015.04.16-19.09.16:573][346]LogMaterial: Missing cached shader map for material ScanPP, compiling. 
[2015.04.16-19.09.16:575][346]LogMaterial: 0.000015 seconds spent updating 1 materials, 1 interfaces, 0 instances, 0 with static permutations.
[2015.04.16-19.09.16:602][346]LogMaterial: Missing cached shader map for material FMatExpressionPreview MaterialExpressionVectorParameter_5, compiling. 
[2015.04.16-19.09.16:604][346]LogMaterial: Missing cached shader map for material FMatExpressionPreview MaterialExpressionVectorParameter_6, compiling. 
[2015.04.16-19.09.16:606][346]LogMaterial: Missing cached shader map for material FMatExpressionPreview MaterialExpressionVectorParameter_7, compiling. 
[2015.04.16-19.09.16:679][346]LogActorComponent: UnregisterComponent: (/Engine/Transient.SkeletalMeshComponent_2) Not registered. Aborting.
[2015.04.16-19.09.16:736][346]LogActorComponent: UnregisterComponent: (/Engine/Transient.SkeletalMeshComponent_2) Not registered. Aborting.
[2015.04.16-19.09.16:736][346]LogActorComponent: RegisterComponentWithWorld: (/Engine/Transient.MaterialEditorMeshComponent_2) Already registered. Aborting.
[2015.04.16-19.09.16:736][346]LogActorComponent: UnregisterComponent: (/Engine/Transient.SkeletalMeshComponent_2) Not registered. Aborting.
[2015.04.16-19.09.16:736][346]LogActorComponent: RegisterComponentWithWorld: (/Engine/Transient.MaterialEditorMeshComponent_2) Already registered. Aborting.
[2015.04.16-19.09.16:738][346]LogMaterial: Missing cached shader map for material Material_1, compiling. 
[2015.04.16-19.09.16:738][346]LogMaterial:Warning: Failed to compile Material /Engine/Transient.Material_1 for platform PCD3D_SM5, Default Material will be used in game.
[2015.04.16-19.09.16:738][346]LogMaterial:Warning: 	Missing function output 'Result'
[2015.04.16-19.09.16:738][346]LogMaterial: 0.000037 seconds spent updating 1 materials, 1 interfaces, 0 instances, 0 with static permutations.
[2015.04.16-19.09.16:740][346]LogMaterial: Missing cached shader map for material Material_1, compiling. 
[2015.04.16-19.09.16:740][346]LogMaterial:Warning: Failed to compile Material /Engine/Transient.Material_1 for platform PCD3D_SM5, Default Material will be used in game.
[2015.04.16-19.09.16:740][346]LogMaterial:Warning: 	Missing function output 'Result'
[2015.04.16-19.09.16:740][346]LogMaterial: 0.000029 seconds spent updating 1 materials, 1 interfaces, 0 instances, 0 with static permutations.
[2015.04.16-19.09.16:764][346]LogMaterial: Missing cached shader map for material FMatExpressionPreview MaterialExpressionFunctionOutput_2, compiling. 
[2015.04.16-19.09.16:765][346]MaterialEditorStats:Error: Error [SM5] Missing function output 'Result'
[2015.04.16-19.09.17:452][410]MaterialEditorStats: Info Base pass shader without light map: 18 instructions
[2015.04.16-19.09.17:452][410]MaterialEditorStats: Info Vertex shader: 31 instructions
[2015.04.16-19.09.17:452][410]MaterialEditorStats: Info Texture samplers: 0/16
[2015.04.16-19.09.17:774][436]MaterialEditorStats: Info Base pass shader without light map: 73 instructions
[2015.04.16-19.09.17:774][436]MaterialEditorStats: Info Vertex shader: 31 instructions
[2015.04.16-19.09.17:774][436]MaterialEditorStats: Info Texture samplers: 4/16
[2015.04.16-19.09.18:295][493]LogMaterial: Missing cached shader map for material Material_2, compiling. 
[2015.04.16-19.09.18:295][493]LogMaterial:Warning: Failed to compile Material /Engine/Transient.Material_2 for platform PCD3D_SM5, Default Material will be used in game.
[2015.04.16-19.09.18:295][493]LogMaterial:Warning: 	Missing function output 'Result'
[2015.04.16-19.09.22:586][950]BlueprintLog: New page: Pre-PIE auto-recompile
[2015.04.16-19.09.22:586][950]LogPlayLevel: [PIE] Compiling FirstPersonExampleMap before PIE...
[2015.04.16-19.09.22:657][950]LogPlayLevel: PIE:  Blueprint regeneration took 71 ms (1 blueprints)
[2015.04.16-19.09.22:657][950]PIE: New page: PIE session: FirstPersonExampleMap (Apr 16, 2015, 11:09:22 PM)
[2015.04.16-19.09.22:678][950]LogPlayLevel: PIE: StaticDuplicateObject took: (0.020557s)
[2015.04.16-19.09.22:680][950]LogPlayLevel: PIE: World Init took: (0.001400s)
[2015.04.16-19.09.22:680][950]LogPlayLevel: PIE: Created PIE world by copying editor world from /Game/FirstPersonBP/Maps/FirstPersonExampleMap.FirstPersonExampleMap to /Game/FirstPersonBP/Maps/UEDPIE_0_FirstPersonExampleMap.FirstPersonExampleMap (0.022214s)
[2015.04.16-19.09.22:825][950]LogWorld: Game class is 'FirstPersonGameMode_C'
[2015.04.16-19.09.22:828][950]LogAIModule: Creating AISystem for world FirstPersonExampleMap
[2015.04.16-19.09.22:841][950]LogWorld: Bringing World /Game/FirstPersonBP/Maps/UEDPIE_0_FirstPersonExampleMap.FirstPersonExampleMap up for play (max tick rate 0) at 2015.04.16-21.09.22
[2015.04.16-19.09.22:842][950]LogWorld: Bringing up level for play took: 0.013498
[2015.04.16-19.09.22:844][950]PIE: Info Play in editor start time for /Game/FirstPersonBP/Maps/UEDPIE_0_FirstPersonExampleMap -0.203
[2015.04.16-19.09.40:512][  9]LogParticles: Destroying 0 GPU particle simulations for FXSystem 0x0000008E91D20E00
[2015.04.16-19.09.46:826][713]BlueprintLog: New page: Pre-PIE auto-recompile
[2015.04.16-19.09.46:826][713]LogPlayLevel: [PIE] Compiling FirstPersonExampleMap before PIE...
[2015.04.16-19.09.46:883][713]LogPlayLevel: PIE:  Blueprint regeneration took 57 ms (1 blueprints)
[2015.04.16-19.09.46:883][713]PIE: New page: SIE session: FirstPersonExampleMap (Apr 16, 2015, 11:09:46 PM)
[2015.04.16-19.09.46:904][713]LogPlayLevel: PIE: StaticDuplicateObject took: (0.020007s)
[2015.04.16-19.09.46:905][713]LogPlayLevel: PIE: World Init took: (0.001050s)
[2015.04.16-19.09.46:905][713]LogPlayLevel: PIE: Created PIE world by copying editor world from /Game/FirstPersonBP/Maps/FirstPersonExampleMap.FirstPersonExampleMap to /Game/FirstPersonBP/Maps/UEDPIE_0_FirstPersonExampleMap.FirstPersonExampleMap (0.021290s)
[2015.04.16-19.09.46:939][713]LogWorld: Game class is 'FirstPersonGameMode_C'
[2015.04.16-19.09.46:941][713]LogAIModule: Creating AISystem for world FirstPersonExampleMap
[2015.04.16-19.09.46:953][713]LogWorld: Bringing World /Game/FirstPersonBP/Maps/UEDPIE_0_FirstPersonExampleMap.FirstPersonExampleMap up for play (max tick rate 0) at 2015.04.16-21.09.46
[2015.04.16-19.09.46:954][713]LogWorld: Bringing up level for play took: 0.012737
[2015.04.16-19.09.46:956][713]PIE: Info Play in editor start time for /Game/FirstPersonBP/Maps/UEDPIE_0_FirstPersonExampleMap -0.09
[2015.04.17-00.50.42:398][960]LogSavePackage: Save=1967.191162ms
[2015.04.17-00.50.42:398][960]LogSavePackage: Moving '../../../../../../Users/Wouter/Documents/Unreal Projects/BlindPersonShooter/Saved/FirstPersonExampleMapAA735EA949592312474133B0169EAC63.tmp' to '../../../../../../Users/Wouter/Documents/Unreal Projects/BlindPersonShooter/Content/FirstPersonBP/Maps/FirstPersonExampleMap.umap'
[2015.04.17-00.50.42:508][960]LogFileHelpers: Saving map 'FirstPersonExampleMap' took 2.367
[2015.04.17-00.50.56:373][960]LogOutputDevice: === Handled error: ===

Ensure condition failed: NewObject->IsA(this->GeneratedClass) [File:D:\BuildFarm\buildmachine_++depot+UE4-Releases+4.7\Engine\Source\Runtime\Engine\Private\Blueprint.cpp] [Line: 601]

Stack: 
UE4Editor-Core.dll!FWindowsPlatformStackWalk::StackWalkAndDump() (0x00007ffe5cf59ed6) + 0 bytes [d:\buildfarm\buildmachine_++depot+ue4-releases+4.7\engine\source\runtime\core\private\windows\windowsplatformstackwalk.cpp:174]
UE4Editor-Core.dll!FDebug::EnsureFailed() (0x00007ffe5cdc2ffd) + 0 bytes [d:\buildfarm\buildmachine_++depot+ue4-releases+4.7\engine\source\runtime\core\private\misc\outputdevice.cpp:279]
UE4Editor-Engine.dll!UBlueprint::SetObjectBeingDebugged() (0x00007ffe5a2524b9) + 0 bytes [d:\buildfarm\buildmachine_++depot+ue4-releases+4.7\engine\source\runtime\engine\private\blueprint.cpp:603]
UE4Editor-Engine.dll!UWorld::TransferBlueprintDebugReferences() (0x00007ffe5aa56d6b) + 16 bytes [d:\buildfarm\buildmachine_++depot+ue4-releases+4.7\engine\source\runtime\engine\private\world.cpp:1435]
UE4Editor-UnrealEd.dll!UEditorEngine::TeardownPlaySession() (0x00007ffe567b6044) + 0 bytes [d:\buildfarm\buildmachine_++depot+ue4-releases+4.7\engine\source\editor\unrealed\private\playlevel.cpp:497]
UE4Editor-UnrealEd.dll!UEditorEngine::EndPlayMap() (0x00007ffe567571ac) + 0 bytes [d:\buildfarm\buildmachine_++depot+ue4-releases+4.7\engine\source\editor\unrealed\private\playlevel.cpp:182]
UE4Editor-LevelEditor.dll!FLevelViewportLayout::~FLevelViewportLayout() (0x00007ffe4daabb26) + 0 bytes [d:\buildfarm\buildmachine_++depot+ue4-releases+4.7\engine\source\editor\leveleditor\private\levelviewportlayout.cpp:156]
UE4Editor-LevelEditor.dll!FLevelViewportLayout2x2::`scalar deleting destructor'() (0x00007ffe4dabb9cf) + 0 bytes [UnknownFile:0]
UE4Editor-LevelEditor.dll!FLevelViewportTabContent::~FLevelViewportTabContent() (0x00007ffe4daac02f) + 0 bytes [UnknownFile:0]
UE4Editor-LevelEditor.dll!SharedPointerInternals::DestroyObject<FLevelViewportTabContent>() (0x00007ffe4da7f192) + 8 bytes [d:\buildfarm\buildmachine_++depot+ue4-releases+4.7\engine\source\runtime\core\public\templates\sharedpointerinternals.h:272]
UE4Editor-LevelEditor.dll!SViewportsOverlay::~SViewportsOverlay() (0x00007ffe4daad447) + 0 bytes [UnknownFile:0]
UE4Editor-LevelEditor.dll!SViewportsOverlay::`scalar deleting destructor'() (0x00007ffe4dabc5b4) + 0 bytes [UnknownFile:0]
UE4Editor-SlateCore.dll!FSimpleSlot::~FSimpleSlot() (0x00007ffe6c5ee7a6) + 0 bytes [UnknownFile:0]
UE4Editor-SlateCore.dll!SCompoundWidget::~SCompoundWidget() (0x00007ffe6c5f0936) + 0 bytes [UnknownFile:0]
UE4Editor-Slate.dll!SBorder::`vector deleting destructor'() (0x00007ffe59d4e316) + 0 bytes [UnknownFile:0]
UE4Editor-SlateCore.dll!TIndirectArray<SOverlay::FOverlaySlot,FDefaultAllocator>::DestructAndFreeItems() (0x00007ffe6c63bb87) + 55 bytes [d:\buildfarm\buildmachine_++depot+ue4-releases+4.7\engine\source\runtime\core\public\containers\array.h:3292]
UE4Editor-SlateCore.dll!TPanelChildren<SOverlay::FOverlaySlot>::~TPanelChildren<SOverlay::FOverlaySlot>() (0x00007ffe6c5e90cc) + 0 bytes [UnknownFile:0]
UE4Editor-SlateCore.dll!SOverlay::~SOverlay() (0x00007ffe6c5f09cc) + 12 bytes [d:\buildfarm\buildmachine_++depot+ue4-releases+4.7\engine\source\runtime\slatecore\public\widgets\soverlay.h:100]
UE4Editor-Slate.dll!SOverlay::`scalar deleting destructor'() (0x00007ffe59bd5545) + 0 bytes [UnknownFile:0]
UE4Editor-SlateCore.dll!TIndirectArray<SBoxPanel::FSlot,FDefaultAllocator>::DestructAndFreeItems() (0x00007ffe6c63bc6a) + 106 bytes [d:\buildfarm\buildmachine_++depot+ue4-releases+4.7\engine\source\runtime\core\public\containers\array.h:3292]
UE4Editor-SlateCore.dll!TPanelChildren<SBoxPanel::FSlot>::~TPanelChildren<SBoxPanel::FSlot>() (0x00007ffe6c5e914c) + 0 bytes [UnknownFile:0]
UE4Editor-SlateCore.dll!SVerticalBox::~SVerticalBox() (0x00007ffe6c5f0a62) + 0 bytes [UnknownFile:0]
UE4Editor-Slate.dll!SVerticalBox::`scalar deleting destructor'() (0x00007ffe59bd57f5) + 0 bytes [UnknownFile:0]
UE4Editor-SlateCore.dll!FSimpleSlot::~FSimpleSlot() (0x00007ffe6c5ee7a6) + 0 bytes [UnknownFile:0]
UE4Editor-SlateCore.dll!SCompoundWidget::~SCompoundWidget() (0x00007ffe6c5f0936) + 0 bytes [UnknownFile:0]
UE4Editor-Slate.dll!SDockingTabStack::`vector deleting destructor'() (0x00007ffe59bd0f27) + 0 bytes [UnknownFile:0]
UE4Editor-SlateCore.dll!FSlotBase::~FSlotBase() (0x00007ffe6c5efb24) + 20 bytes [d:\buildfarm\buildmachine_++depot+ue4-releases+4.7\engine\source\runtime\slatecore\private\slotbase.cpp:45]
UE4Editor-Slate.dll!TIndirectArray<SSplitter::FSlot,FDefaultAllocator>::DestructAndFreeItems() (0x00007ffe59bf07c9) + 0 bytes [d:\buildfarm\buildmachine_++depot+ue4-releases+4.7\engine\source\runtime\core\public\containers\array.h:3293]
UE4Editor-Slate.dll!TPanelChildren<SSplitter::FSlot>::~TPanelChildren<SSplitter::FSlot>() (0x00007ffe59bae64c) + 0 bytes [UnknownFile:0]
UE4Editor-Slate.dll!SSplitter::`vector deleting destructor'() (0x00007ffe59d4ed8f) + 0 bytes [UnknownFile:0]
UE4Editor-SlateCore.dll!FSimpleSlot::~FSimpleSlot() (0x00007ffe6c5ee7a6) + 0 bytes [UnknownFile:0]
UE4Editor-SlateCore.dll!SCompoundWidget::~SCompoundWidget() (0x00007ffe6c5f0936) + 0 bytes [UnknownFile:0]
UE4Editor-Slate.dll!SDockingSplitter::`vector deleting destructor'() (0x00007ffe59bd0ea7) + 0 bytes [UnknownFile:0]
UE4Editor-SlateCore.dll!FSlotBase::~FSlotBase() (0x00007ffe6c5efb24) + 20 bytes [d:\buildfarm\buildmachine_++depot+ue4-releases+4.7\engine\source\runtime\slatecore\private\slotbase.cpp:45]
UE4Editor-Slate.dll!TIndirectArray<SSplitter::FSlot,FDefaultAllocator>::DestructAndFreeItems() (0x00007ffe59bf07c9) + 0 bytes [d:\buildfarm\buildmachine_++depot+ue4-releases+4.7\engine\source\runtime\core\public\containers\array.h:3293]
UE4Editor-Slate.dll!TPanelChildren<SSplitter::FSlot>::~TPanelChildren<SSplitter::FSlot>() (0x00007ffe59bae64c) + 0 bytes [UnknownFile:0]
UE4Editor-Slate.dll!SSplitter::`vector deleting destructor'() (0x00007ffe59d4ed8f) + 0 bytes [UnknownFile:0]
UE4Editor-SlateCore.dll!FSimpleSlot::~FSimpleSlot() (0x00007ffe6c5ee7a6) + 0 bytes [UnknownFile:0]
UE4Editor-SlateCore.dll!SCompoundWidget::~SCompoundWidget() (0x00007ffe6c5f0936) + 0 bytes [UnknownFile:0]
UE4Editor-Slate.dll!SDockingSplitter::`vector deleting destructor'() (0x00007ffe59bd0ea7) + 0 bytes [UnknownFile:0]
UE4Editor-SlateCore.dll!FSlotBase::~FSlotBase() (0x00007ffe6c5efb24) + 20 bytes [d:\buildfarm\buildmachine_++depot+ue4-releases+4.7\engine\source\runtime\slatecore\private\slotbase.cpp:45]
UE4Editor-Slate.dll!TIndirectArray<SSplitter::FSlot,FDefaultAllocator>::DestructAndFreeItems() (0x00007ffe59bf07c9) + 0 bytes [d:\buildfarm\buildmachine_++depot+ue4-releases+4.7\engine\source\runtime\core\public\containers\array.h:3293]
UE4Editor-Slate.dll!TPanelChildren<SSplitter::FSlot>::~TPanelChildren<SSplitter::FSlot>() (0x00007ffe59bae64c) + 0 bytes [UnknownFile:0]
UE4Editor-Slate.dll!SSplitter::`vector deleting destructor'() (0x00007ffe59d4ed8f) + 0 bytes [UnknownFile:0]
UE4Editor-SlateCore.dll!FSimpleSlot::~FSimpleSlot() (0x00007ffe6c5ee7a6) + 0 bytes [UnknownFile:0]
UE4Editor-SlateCore.dll!SCompoundWidget::~SCompoundWidget() (0x00007ffe6c5f0936) + 0 bytes [UnknownFile:0]
UE4Editor-Slate.dll!SDockingSplitter::`vector deleting destructor'() (0x00007ffe59bd0ea7) + 0 bytes [UnknownFile:0]
UE4Editor-SlateCore.dll!FSlotBase::~FSlotBase() (0x00007ffe6c5efb24) + 20 bytes [d:\buildfarm\buildmachine_++depot+ue4-releases+4.7\engine\source\runtime\slatecore\private\slotbase.cpp:45]
UE4Editor-Slate.dll!TIndirectArray<SSplitter::FSlot,FDefaultAllocator>::DestructAndFreeItems() (0x00007ffe59bf07c9) + 0 bytes [d:\buildfarm\buildmachine_++depot+ue4-releases+4.7\engine\source\runtime\core\public\containers\array.h:3293]
UE4Editor-Slate.dll!TPanelChildren<SSplitter::FSlot>::~TPanelChildren<SSplitter::FSlot>() (0x00007ffe59bae64c) + 0 bytes [UnknownFile:0]
UE4Editor-Slate.dll!SSplitter::`vector deleting destructor'() (0x00007ffe59d4ed8f) + 0 bytes [UnknownFile:0]
UE4Editor-SlateCore.dll!TIndirectArray<SOverlay::FOverlaySlot,FDefaultAllocator>::DestructAndFreeItems() (0x00007ffe6c63bb87) + 55 bytes [d:\buildfarm\buildmachine_++depot+ue4-releases+4.7\engine\source\runtime\core\public\containers\array.h:3292]
UE4Editor-SlateCore.dll!TPanelChildren<SOverlay::FOverlaySlot>::~TPanelChildren<SOverlay::FOverlaySlot>() (0x00007ffe6c5e90cc) + 0 bytes [UnknownFile:0]
UE4Editor-SlateCore.dll!SOverlay::~SOverlay() (0x00007ffe6c5f09cc) + 12 bytes [d:\buildfarm\buildmachine_++depot+ue4-releases+4.7\engine\source\runtime\slatecore\public\widgets\soverlay.h:100]
UE4Editor-Slate.dll!SOverlay::`scalar deleting destructor'() (0x00007ffe59bd5545) + 0 bytes [UnknownFile:0]
UE4Editor-SlateCore.dll!FSimpleSlot::~FSimpleSlot() (0x00007ffe6c5ee7a6) + 0 bytes [UnknownFile:0]
UE4Editor-SlateCore.dll!SCompoundWidget::~SCompoundWidget() (0x00007ffe6c5f0936) + 0 bytes [UnknownFile:0]
UE4Editor-Slate.dll!SDockingArea::`vector deleting destructor'() (0x00007ffe59bd0cea) + 0 bytes [UnknownFile:0]
UE4Editor-SlateCore.dll!TIndirectArray<SBoxPanel::FSlot,FDefaultAllocator>::DestructAndFreeItems() (0x00007ffe6c63bc6a) + 106 bytes [d:\buildfarm\buildmachine_++depot+ue4-releases+4.7\engine\source\runtime\core\public\containers\array.h:3292]
UE4Editor-SlateCore.dll!TPanelChildren<SBoxPanel::FSlot>::~TPanelChildren<SBoxPanel::FSlot>() (0x00007ffe6c5e914c) + 0 bytes [UnknownFile:0]
UE4Editor-SlateCore.dll!SVerticalBox::~SVerticalBox() (0x00007ffe6c5f0a62) + 0 bytes [UnknownFile:0]
UE4Editor-LevelEditor.dll!SVerticalBox::`scalar deleting destructor'() (0x00007ffe4d9d6e35) + 0 bytes [UnknownFile:0]
UE4Editor-SlateCore.dll!FSimpleSlot::~FSimpleSlot() (0x00007ffe6c5ee7a6) + 0 bytes [UnknownFile:0]
UE4Editor-SlateCore.dll!SCompoundWidget::~SCompoundWidget() (0x00007ffe6c5f0936) + 0 bytes [UnknownFile:0]
UE4Editor-LevelEditor.dll!SLevelEditor::`scalar deleting destructor'() (0x00007ffe4dabc1d4) + 0 bytes [UnknownFile:0]
UE4Editor-SlateCore.dll!FSimpleSlot::~FSimpleSlot() (0x00007ffe6c5ee7a6) + 0 bytes [UnknownFile:0]
UE4Editor-SlateCore.dll!SCompoundWidget::~SCompoundWidget() (0x00007ffe6c5f0936) + 0 bytes [UnknownFile:0]
UE4Editor-Slate.dll!SBorder::`vector deleting destructor'() (0x00007ffe59d4e316) + 0 bytes [UnknownFile:0]
UE4Editor-SlateCore.dll!TIndirectArray<SOverlay::FOverlaySlot,FDefaultAllocator>::DestructAndFreeItems() (0x00007ffe6c63bb87) + 55 bytes [d:\buildfarm\buildmachine_++depot+ue4-releases+4.7\engine\source\runtime\core\public\containers\array.h:3292]
UE4Editor-SlateCore.dll!TPanelChildren<SOverlay::FOverlaySlot>::~TPanelChildren<SOverlay::FOverlaySlot>() (0x00007ffe6c5e90cc) + 0 bytes [UnknownFile:0]
UE4Editor-SlateCore.dll!SOverlay::~SOverlay() (0x00007ffe6c5f09cc) + 12 bytes [d:\buildfarm\buildmachine_++depot+ue4-releases+4.7\engine\source\runtime\slatecore\public\widgets\soverlay.h:100]
UE4Editor-Slate.dll!SOverlay::`scalar deleting destructor'() (0x00007ffe59bd5545) + 0 bytes [UnknownFile:0]
UE4Editor-SlateCore.dll!TIndirectArray<SBoxPanel::FSlot,FDefaultAllocator>::DestructAndFreeItems() (0x00007ffe6c63bc6a) + 106 bytes [d:\buildfarm\buildmachine_++depot+ue4-releases+4.7\engine\source\runtime\core\public\containers\array.h:3292]
UE4Editor-SlateCore.dll!TPanelChildren<SBoxPanel::FSlot>::~TPanelChildren<SBoxPanel::FSlot>() (0x00007ffe6c5e914c) + 0 bytes [UnknownFile:0]
UE4Editor-SlateCore.dll!SVerticalBox::~SVerticalBox() (0x00007ffe6c5f0a62) + 0 bytes [UnknownFile:0]
UE4Editor-Slate.dll!SVerticalBox::`scalar deleting destructor'() (0x00007ffe59bd57f5) + 0 bytes [UnknownFile:0]
UE4Editor-SlateCore.dll!FSimpleSlot::~FSimpleSlot() (0x00007ffe6c5ee7a6) + 0 bytes [UnknownFile:0]
UE4Editor-SlateCore.dll!SCompoundWidget::~SCompoundWidget() (0x00007ffe6c5f0936) + 0 bytes [UnknownFile:0]
UE4Editor-Slate.dll!SDockingTabStack::`vector deleting destructor'() (0x00007ffe59bd0f27) + 0 bytes [UnknownFile:0]
UE4Editor-SlateCore.dll!FSlotBase::~FSlotBase() (0x00007ffe6c5efb24) + 20 bytes [d:\buildfarm\buildmachine_++depot+ue4-releases+4.7\engine\source\runtime\slatecore\private\slotbase.cpp:45]
UE4Editor-Slate.dll!TIndirectArray<SSplitter::FSlot,FDefaultAllocator>::DestructAndFreeItems() (0x00007ffe59bf07c9) + 0 bytes [d:\buildfarm\buildmachine_++depot+ue4-releases+4.7\engine\source\runtime\core\public\containers\array.h:3293]
UE4Editor-Slate.dll!TPanelChildren<SSplitter::FSlot>::~TPanelChildren<SSplitter::FSlot>() (0x00007ffe59bae64c) + 0 bytes [UnknownFile:0]
UE4Editor-Slate.dll!SSplitter::`vector deleting destructor'() (0x00007ffe59d4ed8f) + 0 bytes [UnknownFile:0]
UE4Editor-SlateCore.dll!TIndirectArray<SOverlay::FOverlaySlot,FDefaultAllocator>::DestructAndFreeItems() (0x00007ffe6c63bb87) + 55 bytes [d:\buildfarm\buildmachine_++depot+ue4-releases+4.7\engine\source\runtime\core\public\containers\array.h:3292]
UE4Editor-SlateCore.dll!TPanelChildren<SOverlay::FOverlaySlot>::~TPanelChildren<SOverlay::FOverlaySlot>() (0x00007ffe6c5e90cc) + 0 bytes [UnknownFile:0]
UE4Editor-SlateCore.dll!SOverlay::~SOverlay() (0x00007ffe6c5f09cc) + 12 bytes [d:\buildfarm\buildmachine_++depot+ue4-releases+4.7\engine\source\runtime\slatecore\public\widgets\soverlay.h:100]
UE4Editor-Slate.dll!SOverlay::`scalar deleting destructor'() (0x00007ffe59bd5545) + 0 bytes [UnknownFile:0]
UE4Editor-SlateCore.dll!TArray<FArrangedWidget,FDefaultAllocator>::~TArray<FArrangedWidget,FDefaultAllocator>() (0x00007ffe6c5e7237) + 19 bytes [d:\buildfarm\buildmachine_++depot+ue4-releases+4.7\engine\source\runtime\core\public\containers\array.h:578]
UE4Editor-Slate.dll!FSlateApplication::ProcessMouseButtonUpEvent() (0x00007ffe59c35221) + 0 bytes [d:\buildfarm\buildmachine_++depot+ue4-releases+4.7\engine\source\runtime\slate\private\framework\application\slateapplication.cpp:4043]
UE4Editor-Slate.dll!FSlateApplication::OnMouseUp() (0x00007ffe59c24926) + 16 bytes [d:\buildfarm\buildmachine_++depot+ue4-releases+4.7\engine\source\runtime\slate\private\framework\application\slateapplication.cpp:3949]
UE4Editor-Core.dll!FWindowsApplication::ProcessDeferredMessage() (0x00007ffe5ceb3975) + 12 bytes [d:\buildfarm\buildmachine_++depot+ue4-releases+4.7\engine\source\runtime\core\private\windows\windowsapplication.cpp:1373]
UE4Editor-Core.dll!FWindowsApplication::DeferMessage() (0x00007ffe5cea5d2e) + 74 bytes [d:\buildfarm\buildmachine_++depot+ue4-releases+4.7\engine\source\runtime\core\private\windows\windowsapplication.cpp:1669]
UE4Editor-Core.dll!FWindowsApplication::ProcessMessage() (0x00007ffe5ceb4d50) + 41 bytes [d:\buildfarm\buildmachine_++depot+ue4-releases+4.7\engine\source\runtime\core\private\windows\windowsapplication.cpp:742]
UE4Editor-Core.dll!FWindowsApplication::AppWndProc() (0x00007ffe5cea3192) + 0 bytes [d:\buildfarm\buildmachine_++depot+ue4-releases+4.7\engine\source\runtime\core\private\windows\windowsapplication.cpp:604]
USER32.dll!UnknownFunction (0x00007ffe86102434) + 0 bytes [UnknownFile:0]
USER32.dll!UnknownFunction (0x00007ffe86102297) + 0 bytes [UnknownFile:0]
UE4Editor-Core.dll!FWindowsPlatformMisc::PumpMessages() (0x00007ffe5cf53ec6) + 48 bytes [d:\buildfarm\buildmachine_++depot+ue4-releases+4.7\engine\source\runtime\core\private\windows\windowsplatformmisc.cpp:774]
UE4Editor.exe!FEngineLoop::Tick() (0x00007ff792f600a9) + 8 bytes [d:\buildfarm\buildmachine_++depot+ue4-releases+4.7\engine\source\runtime\launch\private\launchengineloop.cpp:2233]
UnknownModule!UnknownFunction (0x0000d1aa3c73f8eb) + 0 bytes [UnknownFile:0]
UnknownModule!UnknownFunction (0x0000000000000259) + 0 bytes [UnknownFile:0]

[2015.04.17-00.50.57:500][960]LogParticles: Destroying 0 GPU particle simulations for FXSystem 0x0000008EC18F3CE0
[2015.04.17-00.50.57:500][960]LogParticles: Destroying 0 GPU particle simulations for FXSystem 0x0000008E8FAB9E40
[2015.04.17-00.50.57:500][960]LogParticles: Destroying 0 GPU particle simulations for FXSystem 0x0000008EC38FF7E0
[2015.04.17-00.50.57:514][960]LogParticles: Destroying 0 GPU particle simulations for FXSystem 0x0000008E9194B060
[2015.04.17-00.50.57:634][961]Cmd: QUIT_EDITOR
[2015.04.17-00.50.57:862][961]LogExit: Preparing to exit.
[2015.04.17-00.50.58:165][961]LogExit: Editor shut down
[2015.04.17-00.50.58:166][961]LogExit: Transaction tracking system shut down
[2015.04.17-00.50.58:167][961]LogParticles: Destroying 0 GPU particle simulations for FXSystem 0x0000008E923059E0
[2015.04.17-00.50.58:168][961]LogParticles: Destroying 0 GPU particle simulations for FXSystem 0x0000008EC209DF80
[2015.04.17-00.50.58:459][961]LogParticles: Destroying 0 GPU particle simulations for FXSystem 0x0000008EC226A480
[2015.04.17-00.50.58:459][961]LogParticles: Destroying 0 GPU particle simulations for FXSystem 0x0000008EC226A2A0
[2015.04.17-00.50.58:459][961]LogParticles: Destroying 0 GPU particle simulations for FXSystem 0x0000008EC2AE8C20
[2015.04.17-00.50.58:459][961]LogExit: Object subsystem successfully closed.
[2015.04.17-00.50.58:605][961]LogModuleManager: Shutting down and abandoning module MaterialEditor (178)
[2015.04.17-00.50.58:605][961]LogModuleManager: Shutting down and abandoning module CrashTracker (177)
[2015.04.17-00.50.58:605][961]LogModuleManager: Shutting down and abandoning module SuperSearch (176)
[2015.04.17-00.50.58:605][961]LogModuleManager: Shutting down and abandoning module SceneOutliner (175)
[2015.04.17-00.50.58:605][961]LogModuleManager: Shutting down and abandoning module EditorWidgets (174)
[2015.04.17-00.50.58:605][961]LogModuleManager: Shutting down and abandoning module CollectionManager (173)
[2015.04.17-00.50.58:605][961]LogModuleManager: Shutting down and abandoning module StatsViewer (172)
[2015.04.17-00.50.58:606][961]LogModuleManager: Shutting down and abandoning module FoliageEdit (171)
[2015.04.17-00.50.58:606][961]LogModuleManager: Shutting down and abandoning module LandscapeEditor (170)
[2015.04.17-00.50.58:606][961]LogModuleManager: Shutting down and abandoning module MeshPaint (169)
[2015.04.17-00.50.58:606][961]LogModuleManager: Shutting down and abandoning module ActorPickerMode (168)
[2015.04.17-00.50.58:606][961]LogModuleManager: Shutting down and abandoning module GeometryMode (167)
[2015.04.17-00.50.58:607][961]LogModuleManager: Shutting down and abandoning module TextureAlignMode (166)
[2015.04.17-00.50.58:607][961]LogModuleManager: Shutting down and abandoning module BspMode (165)
[2015.04.17-00.50.58:607][961]LogModuleManager: Shutting down and abandoning module PlacementMode (164)
[2015.04.17-00.50.58:607][961]LogModuleManager: Shutting down and abandoning module AutomationWorker (163)
[2015.04.17-00.50.58:607][961]LogModuleManager: Shutting down and abandoning module CharacterAI (162)
[2015.04.17-00.50.58:607][961]LogModuleManager: Shutting down and abandoning module SmartSnapping (161)
[2015.04.17-00.50.58:607][961]LogModuleManager: Shutting down and abandoning module ViewportSnapping (160)
[2015.04.17-00.50.58:607][961]LogModuleManager: Shutting down and abandoning module LogVisualizer (159)
[2015.04.17-00.50.58:607][961]LogModuleManager: Shutting down and abandoning module GameProjectGeneration (158)
[2015.04.17-00.50.58:607][961]LogModuleManager: Shutting down and abandoning module IntroTutorials (157)
[2015.04.17-00.50.58:609][961]LogModuleManager: Shutting down and abandoning module EditorLiveStreaming (156)
[2015.04.17-00.50.58:609][961]LogModuleManager: Shutting down and abandoning module HardwareTargeting (155)
[2015.04.17-00.50.58:609][961]LogModuleManager: Shutting down and abandoning module DeviceProfileEditor (154)
[2015.04.17-00.50.58:609][961]LogModuleManager: Shutting down and abandoning module UndoHistory (153)
[2015.04.17-00.50.58:609][961]LogModuleManager: Shutting down and abandoning module GameplayTagsEditor (152)
[2015.04.17-00.50.58:609][961]LogModuleManager: Shutting down and abandoning module UserFeedback (151)
[2015.04.17-00.50.58:609][961]LogModuleManager: Shutting down and abandoning module XmlParser (150)
[2015.04.17-00.50.58:609][961]LogModuleManager: Shutting down and abandoning module Blutility (149)
[2015.04.17-00.50.58:609][961]LogModuleManager: Shutting down and abandoning module IOSPlatformEditor (148)
[2015.04.17-00.50.58:609][961]LogModuleManager: Shutting down and abandoning module IOSRuntimeSettings (147)
[2015.04.17-00.50.58:609][961]LogModuleManager: Shutting down and abandoning module AndroidDeviceDetection (146)
[2015.04.17-00.50.59:035][961]LogModuleManager: Shutting down and abandoning module AndroidPlatformEditor (145)
[2015.04.17-00.50.59:035][961]LogModuleManager: Shutting down and abandoning module AndroidRuntimeSettings (144)
[2015.04.17-00.50.59:035][961]LogModuleManager: Shutting down and abandoning module ProjectTargetPlatformEditor (143)
[2015.04.17-00.50.59:035][961]LogModuleManager: Shutting down and abandoning module ProjectSettingsViewer (142)
[2015.04.17-00.50.59:035][961]LogModuleManager: Shutting down and abandoning module InputBindingEditor (141)
[2015.04.17-00.50.59:036][961]LogModuleManager: Shutting down and abandoning module EditorSettingsViewer (140)
[2015.04.17-00.50.59:036][961]LogModuleManager: Shutting down and abandoning module SettingsEditor (139)
[2015.04.17-00.50.59:036][961]LogModuleManager: Shutting down and abandoning module ProjectLauncher (138)
[2015.04.17-00.50.59:036][961]LogModuleManager: Shutting down and abandoning module SessionFrontend (137)
[2015.04.17-00.50.59:036][961]LogModuleManager: Shutting down and abandoning module ProfilerClient (136)
[2015.04.17-00.50.59:036][961]LogModuleManager: Shutting down and abandoning module TargetDeviceServices (135)
[2015.04.17-00.50.59:037][961]LogModuleManager: Shutting down and abandoning module DeviceManager (134)
[2015.04.17-00.50.59:037][961]LogModuleManager: Shutting down and abandoning module AutomationController (133)
[2015.04.17-00.50.59:037][961]LogModuleManager: Shutting down and abandoning module AutomationWindow (132)
[2015.04.17-00.50.59:037][961]LogModuleManager: Shutting down and abandoning module Layers (131)
[2015.04.17-00.50.59:038][961]LogModuleManager: Shutting down and abandoning module ComponentVisualizers (130)
[2015.04.17-00.50.59:038][961]LogModuleManager: Shutting down and abandoning module DetailCustomizations (129)
[2015.04.17-00.50.59:039][961]LogModuleManager: Shutting down and abandoning module PackagesDialog (128)
[2015.04.17-00.50.59:039][961]LogModuleManager: Shutting down and abandoning module AssetRegistry (127)
[2015.04.17-00.50.59:059][961]LogModuleManager: Shutting down and abandoning module Persona (126)
[2015.04.17-00.50.59:060][961]LogModuleManager: Shutting down and abandoning module SlateReflector (125)
[2015.04.17-00.50.59:061][961]LogModuleManager: Shutting down and abandoning module LevelEditor (124)
[2015.04.17-00.50.59:062][961]LogModuleManager: Shutting down and abandoning module Kismet (123)
[2015.04.17-00.50.59:063][961]LogModuleManager: Shutting down and abandoning module GraphEditor (122)
[2015.04.17-00.50.59:063][961]LogModuleManager: Shutting down and abandoning module ClassViewer (121)
[2015.04.17-00.50.59:063][961]LogModuleManager: Shutting down and abandoning module Toolbox (120)
[2015.04.17-00.50.59:063][961]LogModuleManager: Shutting down and abandoning module ModuleUI (119)
[2015.04.17-00.50.59:063][961]LogModuleManager: Shutting down and abandoning module MovieSceneTools (118)
[2015.04.17-00.50.59:064][961]LogModuleManager: Shutting down and abandoning module OutputLog (117)
[2015.04.17-00.50.59:064][961]LogModuleManager: Shutting down and abandoning module GammaUI (116)
[2015.04.17-00.50.59:064][961]LogModuleManager: Shutting down and abandoning module Documentation (115)
[2015.04.17-00.50.59:065][961]LogModuleManager: Shutting down and abandoning module GameLiveStreaming (114)
[2015.04.17-00.50.59:065][961]LogModuleManager: Shutting down and abandoning module StreamingPauseRendering (113)
[2015.04.17-00.50.59:065][961]LogModuleManager: Shutting down and abandoning module HTTP (112)
[2015.04.17-00.50.59:065][961]LogModuleManager: Shutting down and abandoning module AnalyticsET (111)
[2015.04.17-00.50.59:065][961]LogModuleManager: Shutting down and abandoning module Analytics (110)
[2015.04.17-00.50.59:065][961]LogModuleManager: Shutting down and abandoning module AITestSuite (109)
[2015.04.17-00.50.59:065][961]LogModuleManager: Shutting down and abandoning module GameplayDebugger (108)
[2015.04.17-00.50.59:065][961]LogModuleManager: Shutting down and abandoning module AIModule (107)
[2015.04.17-00.50.59:065][961]LogModuleManager: Shutting down and abandoning module ProfilerService (106)
[2015.04.17-00.50.59:286][961]LogModuleManager: Shutting down and abandoning module TaskGraph (105)
[2015.04.17-00.50.59:289][961]LogModuleManager: Shutting down and abandoning module SlateRemote (104)
[2015.04.17-00.50.59:289][961]LogModuleManager: Shutting down and abandoning module ScriptEditorPlugin (103)
[2015.04.17-00.50.59:289][961]LogModuleManager: Shutting down and abandoning module CustomMeshComponent (102)
[2015.04.17-00.50.59:289][961]LogModuleManager: Shutting down and abandoning module CableComponent (101)
[2015.04.17-00.50.59:289][961]LogModuleManager: Shutting down and abandoning module MessagingDebugger (100)
[2015.04.17-00.50.59:290][961]LogModuleManager: Shutting down and abandoning module MediaPlayerEditor (99)
[2015.04.17-00.50.59:290][961]LogModuleManager: Shutting down and abandoning module SpeedTreeImporter (98)
[2015.04.17-00.50.59:290][961]LogModuleManager: Shutting down and abandoning module PluginsEditor (97)
[2015.04.17-00.50.59:291][961]LogModuleManager: Shutting down and abandoning module MainFrame (96)
[2015.04.17-00.50.59:291][961]LogModuleManager: Shutting down and abandoning module EpicSurvey (95)
[2015.04.17-00.50.59:291][961]LogModuleManager: Shutting down and abandoning module DesktopPlatform (94)
[2015.04.17-00.50.59:291][961]LogModuleManager: Shutting down and abandoning module DirectoryWatcher (93)
[2015.04.17-00.50.59:292][961]LogModuleManager: Shutting down and abandoning module HotReload (92)
[2015.04.17-00.50.59:293][961]LogModuleManager: Shutting down and abandoning module VisualStudioSourceCodeAccess (91)
[2015.04.17-00.50.59:293][961]LogModuleManager: Shutting down and abandoning module UObjectPlugin (90)
[2015.04.17-00.50.59:293][961]LogModuleManager: Shutting down and abandoning module SubversionSourceControl (89)
[2015.04.17-00.50.59:293][961]LogModuleManager: Shutting down and abandoning module PerforceSourceControl (88)
[2015.04.17-00.50.59:293][961]LogModuleManager: Shutting down and abandoning module SourceControl (87)
[2015.04.17-00.50.59:294][961]LogModuleManager: Shutting down and abandoning module GitSourceControl (86)
[2015.04.17-00.50.59:294][961]LogModuleManager: Shutting down and abandoning module BlankPlugin (85)
[2015.04.17-00.50.59:294][961]LogModuleManager: Shutting down and abandoning module PaperTiledImporter (84)
[2015.04.17-00.50.59:294][961]LogModuleManager: Shutting down and abandoning module PaperJsonImporter (83)
[2015.04.17-00.50.59:294][961]LogModuleManager: Shutting down and abandoning module ContentBrowser (82)
[2015.04.17-00.50.59:295][961]LogModuleManager: Shutting down and abandoning module Paper2DEditor (81)
[2015.04.17-00.50.59:295][961]LogModuleManager: Shutting down and abandoning module ScriptPlugin (80)
[2015.04.17-00.50.59:295][961]LogModuleManager: Shutting down and abandoning module UdpMessaging (79)
[2015.04.17-00.50.59:396][961]LogModuleManager: Shutting down and abandoning module Paper2D (78)
[2015.04.17-00.50.59:396][961]LogModuleManager: Shutting down and abandoning module WindowsMoviePlayer (77)
[2015.04.17-00.50.59:398][961]LogModuleManager: Shutting down and abandoning module Media (76)
[2015.04.17-00.50.59:398][961]LogModuleManager: Shutting down and abandoning module WmfMedia (75)
[2015.04.17-00.50.59:398][961]LogModuleManager: Shutting down and abandoning module OnlineBlueprintSupport (74)
[2015.04.17-00.50.59:398][961]LogModuleManager: Shutting down and abandoning module PropertyEditor (73)
[2015.04.17-00.50.59:399][961]LogModuleManager: Shutting down and abandoning module BehaviorTreeEditor (72)
[2015.04.17-00.50.59:399][961]LogModuleManager: Shutting down and abandoning module FunctionalTesting (71)
[2015.04.17-00.50.59:399][961]LogModuleManager: Shutting down and abandoning module CollisionAnalyzer (70)
[2015.04.17-00.50.59:400][961]LogModuleManager: Shutting down and abandoning module WorkspaceMenuStructure (69)
[2015.04.17-00.50.59:400][961]LogModuleManager: Shutting down and abandoning module MessageLog (68)
[2015.04.17-00.50.59:400][961]LogModuleManager: Shutting down and abandoning module Sequencer (67)
[2015.04.17-00.50.59:401][961]LogModuleManager: Shutting down and abandoning module AssetTools (66)
[2015.04.17-00.50.59:402][961]LogModuleManager: Shutting down and abandoning module UMGEditor (65)
[2015.04.17-00.50.59:403][961]LogModuleManager: Shutting down and abandoning module UMG (64)
[2015.04.17-00.50.59:403][961]LogModuleManager: Shutting down and abandoning module Slate (63)
[2015.04.17-00.50.59:403][961]LogModuleManager: Shutting down and abandoning module EditorStyle (62)
[2015.04.17-00.50.59:412][961]LogModuleManager: Shutting down and abandoning module SessionServices (61)
[2015.04.17-00.50.59:412][961]LogModuleManager: Shutting down and abandoning module SourceCodeAccess (60)
[2015.04.17-00.50.59:412][961]LogModuleManager: Shutting down and abandoning module HeadMountedDisplay (59)
[2015.04.17-00.50.59:412][961]LogModuleManager: Shutting down and abandoning module XAudio2 (58)
[2015.04.17-00.50.59:412][961]LogModuleManager: Shutting down and abandoning module Networking (56)
[2015.04.17-00.50.59:412][961]LogModuleManager: Shutting down and abandoning module Core (55)
[2015.04.17-00.50.59:412][961]LogModuleManager: Shutting down and abandoning module KismetCompiler (54)
[2015.04.17-00.50.59:412][961]LogModuleManager: Shutting down and abandoning module PhysXFormats (53)
[2015.04.17-00.50.59:412][961]LogModuleManager: Shutting down and abandoning module MeshUtilities (52)
[2015.04.17-00.50.59:412][961]LogModuleManager: Shutting down and abandoning module DerivedDataCache (51)
[2015.04.17-00.50.59:440][961]LogDerivedDataCache: Shutdown
[2015.04.17-00.50.59:440][961]LogModuleManager: Shutting down and abandoning module ShaderFormatOpenGL (50)
[2015.04.17-00.50.59:440][961]LogModuleManager: Shutting down and abandoning module ShaderFormatD3D (49)
[2015.04.17-00.50.59:440][961]LogModuleManager: Shutting down and abandoning module MetalShaderFormat (48)
[2015.04.17-00.50.59:440][961]LogModuleManager: Shutting down and abandoning module TextureFormatUncompressed (47)
[2015.04.17-00.50.59:440][961]LogModuleManager: Shutting down and abandoning module TextureFormatPVR (46)
[2015.04.17-00.50.59:440][961]LogModuleManager: Shutting down and abandoning module TextureFormatIntelISPCTexComp (45)
[2015.04.17-00.50.59:440][961]LogModuleManager: Shutting down and abandoning module TextureFormatDXT (44)
[2015.04.17-00.50.59:440][961]LogModuleManager: Shutting down and abandoning module ImageWrapper (43)
[2015.04.17-00.50.59:440][961]LogModuleManager: Shutting down and abandoning module TextureFormatASTC (42)
[2015.04.17-00.50.59:440][961]LogModuleManager: Shutting down and abandoning module TextureFormatAndroid (41)
[2015.04.17-00.50.59:440][961]LogModuleManager: Shutting down and abandoning module AudioFormatOpus (40)
[2015.04.17-00.50.59:440][961]LogModuleManager: Shutting down and abandoning module AudioFormatOgg (39)
[2015.04.17-00.50.59:440][961]LogModuleManager: Shutting down and abandoning module AudioFormatADPCM (38)
[2015.04.17-00.50.59:440][961]LogModuleManager: Shutting down and abandoning module LinuxTargetPlatform (37)
[2015.04.17-00.50.59:440][961]LogModuleManager: Shutting down and abandoning module LinuxServerTargetPlatform (36)
[2015.04.17-00.50.59:440][961]LogModuleManager: Shutting down and abandoning module LinuxNoEditorTargetPlatform (35)
[2015.04.17-00.50.59:440][961]LogModuleManager: Shutting down and abandoning module Messaging (34)
[2015.04.17-00.50.59:440][961]LogModuleManager: Shutting down and abandoning module IOSTargetPlatform (33)
[2015.04.17-00.50.59:440][961]LogModuleManager: Shutting down and abandoning module HTML5TargetPlatform (32)
[2015.04.17-00.50.59:440][961]LogModuleManager: Shutting down and abandoning module Android_PVRTCTargetPlatform (31)
[2015.04.17-00.50.59:440][961]LogModuleManager: Shutting down and abandoning module Android_ETC2TargetPlatform (30)
[2015.04.17-00.50.59:440][961]LogModuleManager: Shutting down and abandoning module Android_ETC1TargetPlatform (29)
[2015.04.17-00.50.59:440][961]LogModuleManager: Shutting down and abandoning module Android_ES31TargetPlatform (28)
[2015.04.17-00.50.59:440][961]LogModuleManager: Shutting down and abandoning module Android_DXTTargetPlatform (27)
[2015.04.17-00.50.59:440][961]LogModuleManager: Shutting down and abandoning module Android_ATCTargetPlatform (26)
[2015.04.17-00.50.59:441][961]LogModuleManager: Shutting down and abandoning module AndroidTargetPlatform (25)
[2015.04.17-00.50.59:441][961]LogModuleManager: Shutting down and abandoning module WindowsTargetPlatform (24)
[2015.04.17-00.50.59:441][961]LogModuleManager: Shutting down and abandoning module WindowsServerTargetPlatform (23)
[2015.04.17-00.50.59:441][961]LogModuleManager: Shutting down and abandoning module WindowsNoEditorTargetPlatform (22)
[2015.04.17-00.50.59:441][961]LogModuleManager: Shutting down and abandoning module WindowsClientTargetPlatform (21)
[2015.04.17-00.50.59:441][961]LogModuleManager: Shutting down and abandoning module TargetPlatform (20)
[2015.04.17-00.50.59:441][961]LogModuleManager: Shutting down and abandoning module InputCore (19)
[2015.04.17-00.50.59:441][961]LogModuleManager: Shutting down and abandoning module Settings (18)
[2015.04.17-00.50.59:441][961]LogModuleManager: Shutting down and abandoning module OnlineSubsystem (16)
[2015.04.17-00.50.59:441][961]LogModuleManager: Shutting down and abandoning module OculusRift (15)
[2015.04.17-00.50.59:441][961]LogModuleManager: Shutting down and abandoning module ExampleDeviceProfileSelector (14)
[2015.04.17-00.50.59:441][961]LogModuleManager: Shutting down and abandoning module TextureCompressor (13)
[2015.04.17-00.50.59:441][961]LogModuleManager: Shutting down and abandoning module ShaderCore (12)
[2015.04.17-00.50.59:441][961]LogModuleManager: Shutting down and abandoning module Landscape (11)
[2015.04.17-00.50.59:441][961]LogModuleManager: Shutting down and abandoning module SlateRHIRenderer (10)
[2015.04.17-00.50.59:445][961]LogModuleManager: Shutting down and abandoning module OpenGLDrv (9)
[2015.04.17-00.50.59:445][961]LogModuleManager: Shutting down and abandoning module D3D11RHI (8)
[2015.04.17-00.50.59:445][961]LogModuleManager: Shutting down and abandoning module Renderer (7)
[2015.04.17-00.50.59:445][961]LogModuleManager: Shutting down and abandoning module Engine (6)
[2015.04.17-00.50.59:445][961]LogModuleManager: Shutting down and abandoning module CoreUObject (5)
[2015.04.17-00.50.59:445][961]LogModuleManager: Shutting down and abandoning module NetworkFile (4)
[2015.04.17-00.50.59:445][961]LogModuleManager: Shutting down and abandoning module StreamingFile (3)
[2015.04.17-00.50.59:445][961]LogModuleManager: Shutting down and abandoning module SandboxFile (2)
[2015.04.17-00.50.59:445][961]LogModuleManager: Shutting down and abandoning module PakFile (1)
[2015.04.17-00.50.59:446][961]LogExit: Exiting.
[2015.04.17-00.50.59:452][961]Log file closed, 04/17/15 02:50:59
