Log file open, 04/20/15 22:16:16
LogInit:Display: Running engine for game: BlindPersonShooter
LogInit: Version: 4.7.4-2497108+++depot+UE4-Releases+4.7
LogInit: API Version: 2455222
LogInit: Compiled (64-bit): Mar 31 2015 09:40:25
LogInit: Compiled with Visual C++: 18.00.21005.01
LogInit: Build Configuration: Development
LogInit: Branch Name: ++depot+UE4-Releases+4.7
LogInit: Command line: 
LogInit: Base directory: C:/Program Files/Epic Games/4.7/Engine/Binaries/Win64/
LogInit: Rocket: 1
[2015.04.20-20.16.16:537][  0]LogTaskGraph: Started task graph with 3 named threads and 6 total threads.
[2015.04.20-20.16.16:601][  0]LogOnline:Warning: No default platform service specified for OnlineSubsystem
[2015.04.20-20.16.16:621][  0]LogInit: Presizing for 0 objects not considered by GC, pre-allocating 0 bytes.
[2015.04.20-20.16.16:629][  0]LogInit: Object subsystem initialized
[2015.04.20-20.16.16:630][  0]LogConsoleResponse:Warning: Skipping Unknown console variable: 'TranslucentSortAxis = (X=0.000000,Y=-1.000000,Z=0.000000)'
[2015.04.20-20.16.16:630][  0]LogConsoleResponse:Warning:   Found in ini file 'C:/Users/Wouter/Documents/Unreal Projects/BlindPersonShooter/Saved/Config/Windows/Engine.ini', in section '[/Script/Engine.RendererSettings]'
[2015.04.20-20.16.16:630][  0]LogConsoleResponse:Warning: Skipping Unknown console variable: 'UIScaleRule = ShortestSide'
[2015.04.20-20.16.16:630][  0]LogConsoleResponse:Warning:   Found in ini file 'C:/Users/Wouter/Documents/Unreal Projects/BlindPersonShooter/Saved/Config/Windows/Engine.ini', in section '[/Script/Engine.RendererSettings]'
[2015.04.20-20.16.16:630][  0]LogConsoleResponse:Warning: Skipping Unknown console variable: 'UIScaleCurve = (EditorCurveData=(Keys=),ExternalCurve=None)'
[2015.04.20-20.16.16:630][  0]LogConsoleResponse:Warning:   Found in ini file 'C:/Users/Wouter/Documents/Unreal Projects/BlindPersonShooter/Saved/Config/Windows/Engine.ini', in section '[/Script/Engine.RendererSettings]'
[2015.04.20-20.16.16:631][  0]LogInit: Selected Device Profile: [Windows]
[2015.04.20-20.16.16:631][  0]LogInit: Applying CVar settings loaded from the selected device profile: [Windows]
[2015.04.20-20.16.16:639][  0]LogInit: Computer: WOUTER-PC
[2015.04.20-20.16.16:639][  0]LogInit: User: Wouter
[2015.04.20-20.16.16:639][  0]LogInit: CPU Page size=4096, Cores=4
[2015.04.20-20.16.16:639][  0]LogInit: High frequency timer resolution =3.222694 MHz
[2015.04.20-20.16.16:639][  0]LogMemory: Memory total: Physical=8.0GB (8GB approx) Virtual=131072.0GB
[2015.04.20-20.16.16:639][  0]LogMemory: Platform Memory Stats for Windows
[2015.04.20-20.16.16:639][  0]LogMemory: Process Physical Memory: 45.94 MB used, 45.94 MB peak
[2015.04.20-20.16.16:639][  0]LogMemory: Process Virtual Memory: 22.50 MB used, 22.50 MB peak
[2015.04.20-20.16.16:639][  0]LogMemory: Physical Memory: 3726.34 MB used, 8167.08 MB total
[2015.04.20-20.16.16:639][  0]LogMemory: Virtual Memory: 283.17 MB used, 134217728.00 MB total
[2015.04.20-20.16.16:654][  0]LogD3D11RHI: Found D3D11 adapter 0: AMD Radeon HD 6900 Series (Feature Level 11_0)
[2015.04.20-20.16.16:654][  0]LogD3D11RHI: Adapter has 2032MB of dedicated video memory, 0MB of dedicated system memory, and 3840MB of shared system memory, 3 output[s]
[2015.04.20-20.16.16:655][  0]LogD3D11RHI: Found D3D11 adapter 1: Microsoft Basic Render Driver (Feature Level 11_0)
[2015.04.20-20.16.16:655][  0]LogD3D11RHI: Adapter has 0MB of dedicated video memory, 0MB of dedicated system memory, and 256MB of shared system memory, 0 output[s]
[2015.04.20-20.16.16:655][  0]LogD3D11RHI: Chosen D3D11 Adapter Id = 0
[2015.04.20-20.16.16:662][  0]LogRHI: Texture pool is 1361 MB (70% of 1945 MB)
[2015.04.20-20.16.16:667][  0]LogD3D11RHI: Async texture creation disabled: no driver support
[2015.04.20-20.16.16:742][  0]LogTextLocalizationManager: The requested culture ('en_US') has no localization data; parent culture's ('en') localization data will be used.
[2015.04.20-20.16.16:789][  0]LogTextLocalizationManager:Warning: Loading localization resources contain conflicting entries for (Namespace:UICommands, Key:Save_ToolTip):
Resource: (C:/Program Files/Epic Games/4.7/Engine/Content/Localization/Editor/en/Editor.locres) Hash: (-29098895) String: (Saves the current level to disk)
Resource: (C:/Program Files/Epic Games/4.7/Engine/Content/Localization/Engine/en/Engine.locres) Hash: (-1280300587) String: (Save selected data to vlog file)
[2015.04.20-20.16.16:789][  0]LogTextLocalizationManager:Warning: Loading localization resources contain conflicting entries for (Namespace:ContentBrowser, Key:ImportAssetToolTip):
Resource: (C:/Program Files/Epic Games/4.7/Engine/Content/Localization/Editor/en/Editor.locres) Hash: (-630476809) String: (Import to {0}...)
Resource: (C:/Program Files/Epic Games/4.7/Engine/Content/Localization/Editor/en/Editor.locres) Hash: (1271782899) String: (Imports an asset from file to this folder.)
[2015.04.20-20.16.16:851][  0]LogContentStreaming: Texture pool size is 0.000000MB
[2015.04.20-20.16.19:082][  0]LogTargetPlatformManager:Display: Building Assets For Windows
[2015.04.20-20.16.19:710][  0]LogTargetPlatformManager:Display: Building Assets For Windows
[2015.04.20-20.16.19:792][  0]LogDerivedDataCache:Display: Max Cache Size: 512 MB
[2015.04.20-20.16.19:824][  0]LogDerivedDataCache: Loaded boot cache 0.03s 39MB C:/Users/Wouter/AppData/Local/UnrealEngine/4.7/DerivedDataCache/Boot.ddc.
[2015.04.20-20.16.19:824][  0]LogDerivedDataCache:Display: Loaded Boot cache: C:/Users/Wouter/AppData/Local/UnrealEngine/4.7/DerivedDataCache/Boot.ddc
[2015.04.20-20.16.19:824][  0]LogDerivedDataCache: FDerivedDataBackendGraph:  Pak pak cache file ../../../../../../Users/Wouter/Documents/Unreal Projects/BlindPersonShooter/DerivedDataCache/DDC.ddp not found, will not use a pak cache.
[2015.04.20-20.16.19:824][  0]LogDerivedDataCache: Unable to find inner node Pak for hierarchical cache Hierarchy.
[2015.04.20-20.16.19:919][  0]LogDerivedDataCache:Display: Pak cache opened for reading ../../../Engine/DerivedDataCache/Compressed.ddp.
[2015.04.20-20.16.19:932][  0]LogDerivedDataCache: Using Local data cache path C:/Users/Wouter/AppData/Local/UnrealEngine/Common/DerivedDataCache: Writable
[2015.04.20-20.16.20:241][  0]LogMeshUtilities: No automatic mesh reduction module available
[2015.04.20-20.16.20:241][  0]LogMeshUtilities: No automatic mesh merging module available
[2015.04.20-20.16.20:663][  0]LogInit: WinSock: version 1.1 (2.2), MaxSocks=32767, MaxUdp=65467
[2015.04.20-20.16.20:792][  0]LogSlate:Warning: Failed to load font data from '../../../Engine/Content/Slate/Fonts/Roboto-Italic.ttf'
[2015.04.20-20.16.21:875][  0]UdpMessaging: Initializing bridge on interface 0.0.0.0:0 to multicast group 230.0.0.1:6666.
[2015.04.20-20.16.22:166][  0]SourceControl: Info Source control is disabled
[2015.04.20-20.16.22:166][  0]SourceControl: Info Source control is disabled
[2015.04.20-20.16.22:166][  0]SourceControl: Info Source control is disabled
[2015.04.20-20.16.22:166][  0]LogSourceControl: RunCommandInternalRaw: 'git version'
[2015.04.20-20.16.22:167][  0]LogSourceControl: RunCommandInternalRaw: ExecProcess ReturnCode=2 OutResults=''
[2015.04.20-20.16.22:182][  0]SourceControl: Info Source control is disabled
[2015.04.20-20.16.22:471][  0]LogObj: 24232 objects as part of root set at end of initial load.
[2015.04.20-20.16.22:471][  0]LogUObjectAllocator: 5137176 out of 0 bytes used by permanent object pool.
[2015.04.20-20.16.22:560][  0]LogEngine: Initializing Engine...
[2015.04.20-20.16.24:735][  0]LogInit: XAudio2 using 'Speakers (Realtek High Definition Audio)' : 2 channels at 48 kHz using 32 bits per sample (channel mask 0x3)
[2015.04.20-20.16.24:742][  0]LogInit: FAudioDevice initialized.
[2015.04.20-20.16.24:800][  0]LogAIModule: Creating AISystem for world NewWorld
[2015.04.20-20.16.24:816][  0]LogDerivedDataCache: Saved boot cache 0.02s 39MB C:/Users/Wouter/AppData/Local/UnrealEngine/4.7/DerivedDataCache/Boot.ddc.
[2015.04.20-20.16.24:821][  0]LogInit: Texture streaming: Enabled
[2015.04.20-20.16.24:932][  0]LogAnalytics: Creating configured Analytics provider AnalyticsET
[2015.04.20-20.16.24:932][  0]LogAnalytics: ET APIKey = Rocket.Release. APIServer = http://et2.epicgames.com/ET2/. AppVersion = 4.7.4-2497108+++depot+UE4-Releases+4.7
[2015.04.20-20.16.24:932][  0]LogAnalytics: ET APIKey = Rocket.Release. DataRouterUploadURL = https://datarouter-public-service-gamedev.ol.epicgames.net/datarouter/api/v1/public/data. AppVersion = 4.7.4-2497108+++depot+UE4-Releases+4.7
[2015.04.20-20.16.24:932][  0]LogAnalytics: SetUserId 7b6bbb2b4b1c643f97d6798f1001496e|f307042b1d2f4c46a4ba52bf0d9fc354|b90fe644-cef2-4d5d-81b9-41cf3ecc3bcd
[2015.04.20-20.16.24:932][  0]LogAnalytics: AnalyticsET::StartSession [Rocket.Release]
[2015.04.20-20.16.24:985][  0]LogInit: Transaction tracking system initialized
[2015.04.20-20.16.25:238][  0]BlueprintLog: New page: Editor Load
[2015.04.20-20.16.25:287][  0]LogAssetRegistry: FAssetRegistry took 0.0112 seconds to start up
[2015.04.20-20.16.25:287][  0]LogDirectoryWatcher:Warning: Failed to begin reading directory changes for ../../../Engine/Plugins/Experimental/CharacterAI/Content/. Error: 0
[2015.04.20-20.16.25:918][  0]LogTargetPlatformManager:Display: Building Assets For Windows
[2015.04.20-20.16.26:294][  0]LogTargetPlatformManager:Display: Building Assets For Windows
[2015.04.20-20.16.26:693][  0]LogSlate:Warning: Failed to load font data from '../../../Engine/Content/Editor/Slate/Fonts/Roboto-Regular.ttf'
[2015.04.20-20.16.26:694][  0]LogSlate:Warning: Failed to load font data from '../../../Engine/Content/Editor/Slate/Fonts/Roboto-Bold.ttf'
[2015.04.20-20.16.26:700][  0]LogConsoleResponse:Display: 
[2015.04.20-20.16.26:856][  0]LogCook:Display: Done creating registry. It took  0.00s.
[2015.04.20-20.16.27:074][  0]SourceControl: Info Source control is disabled
[2015.04.20-20.16.27:075][  0]Cmd: MAP LOAD FILE="../../../../../../Users/Wouter/Documents/Unreal Projects/BlindPersonShooter/Content/FirstPersonBP/Maps/FirstPersonExampleMap.umap" TEMPLATE=0 SHOWPROGRESS=1 FEATURELEVEL=3
[2015.04.20-20.16.27:075][  0]LightingResults: New page: Lighting Build
[2015.04.20-20.16.27:094][  0]MapCheck: New page: Map Check
[2015.04.20-20.16.27:094][  0]LightingResults: New page: Lighting Build
[2015.04.20-20.16.27:099][  0]LogParticles: Destroying 0 GPU particle simulations for FXSystem 0x0000008173A46980
[2015.04.20-20.16.27:108][  0]LogLinker:Warning: Asset '../../../Engine/Content/EngineMeshes/Humanoid.uasset' has been saved with empty engine version. The asset will be loaded but may be incompatible.
[2015.04.20-20.16.29:034][  0]LogMaterial: Missing cached shader map for material MAT_SCAN, compiling. 
[2015.04.20-20.16.29:108][  0]LogEditorServer: Finished looking for orphan Actors (0.000 secs)
[2015.04.20-20.16.29:864][  0]LogAIModule: Creating AISystem for world FirstPersonExampleMap
[2015.04.20-20.16.29:865][  0]Cmd: MAP CHECKDEP
[2015.04.20-20.16.29:865][  0]MapCheck: New page: FirstPersonExampleMap - Apr 21, 2015, 12:16:29 AM
[2015.04.20-20.16.30:059][  0]MapCheck: Info Map check complete: 0 Error(s), 0 Warning(s), took 193.974ms to complete.
[2015.04.20-20.16.30:059][  0]LogFileHelpers: Loading map 'FirstPersonExampleMap' took 2.985
[2015.04.20-20.16.30:259][  0]LogCollectionManager: Loaded 0 collections in 0.002241 seconds
[2015.04.20-20.16.30:270][  0]LogContentBrowser: Native class hierarchy populated in 0.0118 seconds. Added 1696 classes and 261 folders.
[2015.04.20-20.16.30:345][  0]LogContentBrowser: Native class hierarchy updated for 'SceneOutliner' in 0.0051 seconds. Added 1 classes and 2 folders.
[2015.04.20-20.16.30:420][  0]LogCrashTracker: Crashtracker disabled due to settings.
[2015.04.20-20.16.30:421][  0]LogSlate:Warning: Failed to load font data from 'Veranda'
[2015.04.20-20.16.30:427][  0]LogUObjectGlobals:Warning: Failed to find object 'Class None.'
[2015.04.20-20.16.30:455][  0]LogLoad: Full Startup: 16.01 seconds (BP compile: 0.95 seconds)
[2015.04.20-20.16.30:492][  0]LogContentBrowser:Verbose: The content browser source was changed by the sources view to '/Game/FirstPersonBP/Materials'
[2015.04.20-20.16.30:613][  0]LogRenderer:Warning: Reallocating scene render targets to support 32x32 (Frame:2).
[2015.04.20-20.16.30:773][  0]LogRenderer:Warning: Reallocating scene render targets to support 1208x496 (Frame:5).
[2015.04.20-20.16.31:084][  3]LogAssetRegistry: Asset discovery search completed in 5.8074 seconds
[2015.04.20-20.16.35:107][276]LogMaterial: Missing cached shader map for material MAT_SCAN, compiling. 
[2015.04.20-20.16.35:130][276]LogActorComponent: UnregisterComponent: (/Engine/Transient.SkeletalMeshComponent_0) Not registered. Aborting.
[2015.04.20-20.16.35:175][276]LogActorComponent: UnregisterComponent: (/Engine/Transient.SkeletalMeshComponent_0) Not registered. Aborting.
[2015.04.20-20.16.35:175][276]LogActorComponent: RegisterComponentWithWorld: (/Engine/Transient.MaterialEditorMeshComponent_0) Already registered. Aborting.
[2015.04.20-20.16.35:176][276]LogActorComponent: UnregisterComponent: (/Engine/Transient.SkeletalMeshComponent_0) Not registered. Aborting.
[2015.04.20-20.16.35:176][276]LogActorComponent: RegisterComponentWithWorld: (/Engine/Transient.MaterialEditorMeshComponent_0) Already registered. Aborting.
[2015.04.20-20.16.35:178][276]LogMaterial: Missing cached shader map for material MAT_SCAN, compiling. 
[2015.04.20-20.16.35:182][276]LogMaterial: 0.000064 seconds spent updating 1 materials, 1 interfaces, 0 instances, 0 with static permutations.
[2015.04.20-20.16.35:822][330]MaterialEditorStats: Info Base pass shader with only dynamic lighting: 29 instructions
[2015.04.20-20.16.35:822][330]MaterialEditorStats: Info Vertex shader: 31 instructions
[2015.04.20-20.16.35:822][330]MaterialEditorStats: Info Texture samplers: 0/16
[2015.04.20-20.16.38:264][557]LogMaterial: Missing cached shader map for material PreviewMaterial_0, compiling. 
[2015.04.20-20.16.38:279][557]LogActorComponent: UnregisterComponent: (/Engine/Transient.SkeletalMeshComponent_1) Not registered. Aborting.
[2015.04.20-20.16.38:322][557]LogActorComponent: UnregisterComponent: (/Engine/Transient.SkeletalMeshComponent_1) Not registered. Aborting.
[2015.04.20-20.16.38:323][557]LogActorComponent: RegisterComponentWithWorld: (/Engine/Transient.MaterialEditorMeshComponent_1) Already registered. Aborting.
[2015.04.20-20.16.38:323][557]LogActorComponent: UnregisterComponent: (/Engine/Transient.SkeletalMeshComponent_1) Not registered. Aborting.
[2015.04.20-20.16.38:323][557]LogActorComponent: RegisterComponentWithWorld: (/Engine/Transient.MaterialEditorMeshComponent_1) Already registered. Aborting.
[2015.04.20-20.16.38:325][557]LogMaterial: Missing cached shader map for material PreviewMaterial_0, compiling. 
[2015.04.20-20.16.38:329][557]LogMaterial: 0.000054 seconds spent updating 1 materials, 1 interfaces, 0 instances, 0 with static permutations.
[2015.04.20-20.16.38:976][619]MaterialEditorStats: Info Base pass shader with only dynamic lighting: 29 instructions
[2015.04.20-20.16.38:976][619]MaterialEditorStats: Info Vertex shader: 31 instructions
[2015.04.20-20.16.38:976][619]MaterialEditorStats: Info Texture samplers: 0/16
[2015.04.20-20.16.52:583][874]LogMaterial: Missing cached shader map for material PreviewMaterial_1, compiling. 
[2015.04.20-20.16.52:606][874]LogActorComponent: UnregisterComponent: (/Engine/Transient.SkeletalMeshComponent_2) Not registered. Aborting.
[2015.04.20-20.16.52:650][874]LogActorComponent: UnregisterComponent: (/Engine/Transient.SkeletalMeshComponent_2) Not registered. Aborting.
[2015.04.20-20.16.52:650][874]LogActorComponent: RegisterComponentWithWorld: (/Engine/Transient.MaterialEditorMeshComponent_2) Already registered. Aborting.
[2015.04.20-20.16.52:651][874]LogActorComponent: UnregisterComponent: (/Engine/Transient.SkeletalMeshComponent_2) Not registered. Aborting.
[2015.04.20-20.16.52:651][874]LogActorComponent: RegisterComponentWithWorld: (/Engine/Transient.MaterialEditorMeshComponent_2) Already registered. Aborting.
[2015.04.20-20.16.52:653][874]LogMaterial: Missing cached shader map for material PreviewMaterial_1, compiling. 
[2015.04.20-20.16.52:657][874]LogMaterial: 0.000084 seconds spent updating 1 materials, 1 interfaces, 0 instances, 0 with static permutations.
[2015.04.20-20.16.53:304][937]MaterialEditorStats: Info Base pass shader with only dynamic lighting: 29 instructions
[2015.04.20-20.16.53:304][937]MaterialEditorStats: Info Vertex shader: 31 instructions
[2015.04.20-20.16.53:304][937]MaterialEditorStats: Info Texture samplers: 0/16
[2015.04.20-20.16.57:986][474]LogMaterial: Missing cached shader map for material PreviewMaterial_1, compiling. 
[2015.04.20-20.16.57:988][474]LogMaterial: Missing cached shader map for material PreviewMaterial_1, compiling. 
[2015.04.20-20.16.57:990][474]LogMaterial: 0.000063 seconds spent updating 1 materials, 1 interfaces, 0 instances, 0 with static permutations.
[2015.04.20-20.16.58:124][488]MaterialEditorStats: Info Base pass shader without light map: 18 instructions
[2015.04.20-20.16.58:124][488]MaterialEditorStats: Info Vertex shader: 31 instructions
[2015.04.20-20.16.58:124][488]MaterialEditorStats: Info Texture samplers: 0/16
[2015.04.20-20.17.11:284][379]LogMaterial: Missing cached shader map for material PreviewMaterial_1, compiling. 
[2015.04.20-20.17.11:286][379]LogMaterial: 0.000069 seconds spent updating 1 materials, 1 interfaces, 0 instances, 0 with static permutations.
[2015.04.20-20.17.11:405][391]MaterialEditorStats: Info Base pass shader without light map: 18 instructions
[2015.04.20-20.17.11:405][391]MaterialEditorStats: Info Vertex shader: 31 instructions
[2015.04.20-20.17.11:405][391]MaterialEditorStats: Info Texture samplers: 0/16
[2015.04.20-20.17.25:954][119]LogMaterial: Missing cached shader map for material PreviewMaterial_1, compiling. 
[2015.04.20-20.17.25:955][119]LogMaterial: 0.000066 seconds spent updating 1 materials, 1 interfaces, 0 instances, 0 with static permutations.
[2015.04.20-20.17.26:073][131]MaterialEditorStats: Info Base pass shader without light map: 18 instructions
[2015.04.20-20.17.26:073][131]MaterialEditorStats: Info Vertex shader: 31 instructions
[2015.04.20-20.17.26:073][131]MaterialEditorStats: Info Texture samplers: 0/16
[2015.04.20-20.17.44:837][356]LogMaterial: Missing cached shader map for material PreviewMaterial_1, compiling. 
[2015.04.20-20.17.44:838][356]LogMaterial: 0.000075 seconds spent updating 1 materials, 1 interfaces, 0 instances, 0 with static permutations.
[2015.04.20-20.17.44:960][368]MaterialEditorStats: Info Base pass shader without light map: 18 instructions
[2015.04.20-20.17.44:960][368]MaterialEditorStats: Info Vertex shader: 31 instructions
[2015.04.20-20.17.44:960][368]MaterialEditorStats: Info Texture samplers: 0/16
[2015.04.20-20.17.55:564][615]LogMaterial: Missing cached shader map for material PreviewMaterial_1, compiling. 
[2015.04.20-20.17.55:565][615]LogMaterial: 0.000049 seconds spent updating 1 materials, 1 interfaces, 0 instances, 0 with static permutations.
[2015.04.20-20.17.55:682][626]MaterialEditorStats: Info Base pass shader without light map: 18 instructions
[2015.04.20-20.17.55:682][626]MaterialEditorStats: Info Vertex shader: 31 instructions
[2015.04.20-20.17.55:682][626]MaterialEditorStats: Info Texture samplers: 0/16
[2015.04.20-20.17.58:652][971]LogMaterial: Missing cached shader map for material PreviewMaterial_1, compiling. 
[2015.04.20-20.17.58:654][971]LogMaterial: 0.000053 seconds spent updating 1 materials, 1 interfaces, 0 instances, 0 with static permutations.
[2015.04.20-20.17.58:773][985]MaterialEditorStats: Info Base pass shader without light map: 18 instructions
[2015.04.20-20.17.58:774][985]MaterialEditorStats: Info Vertex shader: 31 instructions
[2015.04.20-20.17.58:774][985]MaterialEditorStats: Info Texture samplers: 0/16
[2015.04.20-20.18.11:698][514]LogMaterial: Missing cached shader map for material PreviewMaterial_1, compiling. 
[2015.04.20-20.18.11:700][514]LogMaterial: 0.000074 seconds spent updating 1 materials, 1 interfaces, 0 instances, 0 with static permutations.
[2015.04.20-20.18.11:831][527]MaterialEditorStats: Info Base pass shader without light map: 18 instructions
[2015.04.20-20.18.11:831][527]MaterialEditorStats: Info Vertex shader: 31 instructions
[2015.04.20-20.18.11:831][527]MaterialEditorStats: Info Texture samplers: 0/16
[2015.04.20-20.18.19:255][403]LogMaterial: Missing cached shader map for material PreviewMaterial_1, compiling. 
[2015.04.20-20.18.19:256][403]LogMaterial: 0.000069 seconds spent updating 1 materials, 1 interfaces, 0 instances, 0 with static permutations.
[2015.04.20-20.18.19:381][415]MaterialEditorStats: Info Base pass shader without light map: 18 instructions
[2015.04.20-20.18.19:381][415]MaterialEditorStats: Info Vertex shader: 31 instructions
[2015.04.20-20.18.19:381][415]MaterialEditorStats: Info Texture samplers: 0/16
[2015.04.20-20.18.29:524][632]LogMaterial: Missing cached shader map for material PreviewMaterial_1, compiling. 
[2015.04.20-20.18.29:526][632]LogMaterial: 0.000052 seconds spent updating 1 materials, 1 interfaces, 0 instances, 0 with static permutations.
[2015.04.20-20.18.29:646][646]MaterialEditorStats: Info Base pass shader without light map: 18 instructions
[2015.04.20-20.18.29:646][646]MaterialEditorStats: Info Vertex shader: 31 instructions
[2015.04.20-20.18.29:646][646]MaterialEditorStats: Info Texture samplers: 0/16
[2015.04.20-20.18.34:021][158]LogMaterial: Missing cached shader map for material PreviewMaterial_1, compiling. 
[2015.04.20-20.18.34:022][158]LogMaterial: 0.000078 seconds spent updating 1 materials, 1 interfaces, 0 instances, 0 with static permutations.
[2015.04.20-20.18.34:146][170]MaterialEditorStats: Info Base pass shader without light map: 18 instructions
[2015.04.20-20.18.34:146][170]MaterialEditorStats: Info Vertex shader: 31 instructions
[2015.04.20-20.18.34:146][170]MaterialEditorStats: Info Texture samplers: 0/16
[2015.04.20-20.18.47:154][966]LogMaterial: Missing cached shader map for material ScanPP, compiling. 
[2015.04.20-20.18.47:172][966]LogActorComponent: UnregisterComponent: (/Engine/Transient.SkeletalMeshComponent_3) Not registered. Aborting.
[2015.04.20-20.18.47:316][966]LogActorComponent: UnregisterComponent: (/Engine/Transient.SkeletalMeshComponent_3) Not registered. Aborting.
[2015.04.20-20.18.47:316][966]LogActorComponent: RegisterComponentWithWorld: (/Engine/Transient.MaterialEditorMeshComponent_3) Already registered. Aborting.
[2015.04.20-20.18.47:316][966]LogActorComponent: UnregisterComponent: (/Engine/Transient.SkeletalMeshComponent_3) Not registered. Aborting.
[2015.04.20-20.18.47:316][966]LogActorComponent: RegisterComponentWithWorld: (/Engine/Transient.MaterialEditorMeshComponent_3) Already registered. Aborting.
[2015.04.20-20.18.47:355][966]LogMaterial: Missing cached shader map for material ScanPP, compiling. 
[2015.04.20-20.18.47:357][966]LogMaterial: 0.000078 seconds spent updating 1 materials, 1 interfaces, 0 instances, 0 with static permutations.
[2015.04.20-20.18.47:381][966]LogMaterial: Missing cached shader map for material FMatExpressionPreview MaterialExpressionVectorParameter_5, compiling. 
[2015.04.20-20.18.47:383][966]LogMaterial: Missing cached shader map for material FMatExpressionPreview MaterialExpressionVectorParameter_6, compiling. 
[2015.04.20-20.18.47:385][966]LogMaterial: Missing cached shader map for material FMatExpressionPreview MaterialExpressionVectorParameter_7, compiling. 
[2015.04.20-20.18.47:778][998]MaterialEditorStats: Info Base pass shader without light map: 73 instructions
[2015.04.20-20.18.47:778][998]MaterialEditorStats: Info Vertex shader: 31 instructions
[2015.04.20-20.18.47:778][998]MaterialEditorStats: Info Texture samplers: 4/16
[2015.04.20-20.19.26:114][ 60]LogMaterial: Missing cached shader map for material PreviewMaterial_1, compiling. 
[2015.04.20-20.19.26:115][ 60]LogMaterial: 0.000042 seconds spent updating 1 materials, 1 interfaces, 0 instances, 0 with static permutations.
[2015.04.20-20.19.26:115][ 60]LogMaterial: Missing cached shader map for material FMatExpressionPreview MaterialExpressionVectorParameter_0, compiling. 
[2015.04.20-20.19.26:765][134]MaterialEditorStats: Info Base pass shader without light map: 18 instructions
[2015.04.20-20.19.26:765][134]MaterialEditorStats: Info Vertex shader: 31 instructions
[2015.04.20-20.19.26:765][134]MaterialEditorStats: Info Texture samplers: 0/16
[2015.04.20-20.19.44:279][235]LogMaterial: Missing cached shader map for material PreviewMaterial_1, compiling. 
[2015.04.20-20.19.44:280][235]LogMaterial: 0.000057 seconds spent updating 1 materials, 1 interfaces, 0 instances, 0 with static permutations.
[2015.04.20-20.19.44:307][235]LogMaterial: Missing cached shader map for material FMatExpressionPreview MaterialExpressionVectorParameter_0, compiling. 
[2015.04.20-20.19.44:430][249]MaterialEditorStats: Info Base pass shader without light map: 18 instructions
[2015.04.20-20.19.44:430][249]MaterialEditorStats: Info Vertex shader: 31 instructions
[2015.04.20-20.19.44:430][249]MaterialEditorStats: Info Texture samplers: 0/16
[2015.04.20-20.19.48:259][708]LogMaterial: Missing cached shader map for material PreviewMaterial_1, compiling. 
[2015.04.20-20.19.48:260][708]LogMaterial: 0.000065 seconds spent updating 1 materials, 1 interfaces, 0 instances, 0 with static permutations.
[2015.04.20-20.19.48:285][708]LogMaterial: Missing cached shader map for material FMatExpressionPreview MaterialExpressionVectorParameter_0, compiling. 
[2015.04.20-20.19.48:381][719]MaterialEditorStats: Info Base pass shader without light map: 18 instructions
[2015.04.20-20.19.48:381][719]MaterialEditorStats: Info Vertex shader: 31 instructions
[2015.04.20-20.19.48:381][719]MaterialEditorStats: Info Texture samplers: 0/16
[2015.04.20-20.19.53:354][315]LogMaterial: Missing cached shader map for material PreviewMaterial_1, compiling. 
[2015.04.20-20.19.53:355][315]LogMaterial: 0.000054 seconds spent updating 1 materials, 1 interfaces, 0 instances, 0 with static permutations.
[2015.04.20-20.19.53:382][315]LogMaterial: Missing cached shader map for material FMatExpressionPreview MaterialExpressionVectorParameter_0, compiling. 
[2015.04.20-20.19.53:505][329]MaterialEditorStats: Info Base pass shader without light map: 18 instructions
[2015.04.20-20.19.53:505][329]MaterialEditorStats: Info Vertex shader: 31 instructions
[2015.04.20-20.19.53:505][329]MaterialEditorStats: Info Texture samplers: 0/16
[2015.04.20-20.20.12:164][504]LogMaterial: Missing cached shader map for material PreviewMaterial_1, compiling. 
[2015.04.20-20.20.12:166][504]LogMaterial: 0.000062 seconds spent updating 1 materials, 1 interfaces, 0 instances, 0 with static permutations.
[2015.04.20-20.20.12:195][504]LogMaterial: Missing cached shader map for material FMatExpressionPreview MaterialExpressionVectorParameter_0, compiling. 
[2015.04.20-20.20.12:292][515]MaterialEditorStats: Info Base pass shader without light map: 18 instructions
[2015.04.20-20.20.12:292][515]MaterialEditorStats: Info Vertex shader: 31 instructions
[2015.04.20-20.20.12:292][515]MaterialEditorStats: Info Texture samplers: 0/16
[2015.04.20-20.20.33:209][773]LogMaterial: Missing cached shader map for material PreviewMaterial_1, compiling. 
[2015.04.20-20.20.33:210][773]LogMaterial: 0.000080 seconds spent updating 1 materials, 1 interfaces, 0 instances, 0 with static permutations.
[2015.04.20-20.20.33:211][773]LogMaterial: Missing cached shader map for material FMatExpressionPreview MaterialExpressionCustom_0, compiling. 
[2015.04.20-20.20.33:986][860]MaterialEditorStats: Info Base pass shader without light map: 18 instructions
[2015.04.20-20.20.33:986][860]MaterialEditorStats: Info Vertex shader: 31 instructions
[2015.04.20-20.20.33:986][860]MaterialEditorStats: Info Texture samplers: 0/16
[2015.04.20-20.20.40:674][662]LogMaterial: Missing cached shader map for material PreviewMaterial_1, compiling. 
[2015.04.20-20.20.40:675][662]LogMaterial: 0.000057 seconds spent updating 1 materials, 1 interfaces, 0 instances, 0 with static permutations.
[2015.04.20-20.20.40:701][662]LogMaterial: Missing cached shader map for material FMatExpressionPreview MaterialExpressionCustom_0, compiling. 
[2015.04.20-20.20.40:806][674]MaterialEditorStats: Info Base pass shader without light map: 18 instructions
[2015.04.20-20.20.40:806][674]MaterialEditorStats: Info Vertex shader: 31 instructions
[2015.04.20-20.20.40:806][674]MaterialEditorStats: Info Texture samplers: 0/16
[2015.04.20-20.20.45:466][232]LogMaterial: Missing cached shader map for material PreviewMaterial_1, compiling. 
[2015.04.20-20.20.45:467][232]LogMaterial: 0.000040 seconds spent updating 1 materials, 1 interfaces, 0 instances, 0 with static permutations.
[2015.04.20-20.20.45:494][232]LogMaterial: Missing cached shader map for material FMatExpressionPreview MaterialExpressionCustom_0, compiling. 
[2015.04.20-20.20.45:675][252]MaterialEditorStats: Info Base pass shader without light map: 18 instructions
[2015.04.20-20.20.45:675][252]MaterialEditorStats: Info Vertex shader: 31 instructions
[2015.04.20-20.20.45:675][252]MaterialEditorStats: Info Texture samplers: 0/16
[2015.04.20-20.20.56:651][137]LogMaterial: Missing cached shader map for material PreviewMaterial_1, compiling. 
[2015.04.20-20.20.56:653][137]LogMaterial: 0.000054 seconds spent updating 1 materials, 1 interfaces, 0 instances, 0 with static permutations.
[2015.04.20-20.20.56:682][137]LogMaterial: Missing cached shader map for material FMatExpressionPreview MaterialExpressionCustom_0, compiling. 
[2015.04.20-20.20.56:796][149]MaterialEditorStats: Info Base pass shader without light map: 18 instructions
[2015.04.20-20.20.56:796][149]MaterialEditorStats: Info Vertex shader: 31 instructions
[2015.04.20-20.20.56:796][149]MaterialEditorStats: Info Texture samplers: 0/16
[2015.04.20-20.21.04:333][ 53]LogMaterial: Missing cached shader map for material PreviewMaterial_1, compiling. 
[2015.04.20-20.21.04:334][ 53]LogMaterial: 0.000057 seconds spent updating 1 materials, 1 interfaces, 0 instances, 0 with static permutations.
[2015.04.20-20.21.04:362][ 53]LogMaterial: Missing cached shader map for material FMatExpressionPreview MaterialExpressionCustom_0, compiling. 
[2015.04.20-20.21.04:436][ 60]LogMaterial: Missing cached shader map for material PreviewMaterial_1, compiling. 
[2015.04.20-20.21.04:437][ 60]LogMaterial: 0.000031 seconds spent updating 1 materials, 1 interfaces, 0 instances, 0 with static permutations.
[2015.04.20-20.21.04:464][ 60]LogMaterial: Missing cached shader map for material FMatExpressionPreview MaterialExpressionCustom_0, compiling. 
[2015.04.20-20.21.04:489][ 62]MaterialEditorStats: Info Base pass shader without light map: 18 instructions
[2015.04.20-20.21.04:489][ 62]MaterialEditorStats: Info Vertex shader: 31 instructions
[2015.04.20-20.21.04:489][ 62]MaterialEditorStats: Info Texture samplers: 0/16
[2015.04.20-20.21.13:821][181]LogMaterial: Missing cached shader map for material PreviewMaterial_1, compiling. 
[2015.04.20-20.21.13:823][181]LogMaterial: 0.000050 seconds spent updating 1 materials, 1 interfaces, 0 instances, 0 with static permutations.
[2015.04.20-20.21.13:846][181]LogMaterial: Missing cached shader map for material FMatExpressionPreview MaterialExpressionCustom_0, compiling. 
[2015.04.20-20.21.13:904][186]LogMaterial: Missing cached shader map for material PreviewMaterial_1, compiling. 
[2015.04.20-20.21.13:906][186]LogMaterial: 0.000032 seconds spent updating 1 materials, 1 interfaces, 0 instances, 0 with static permutations.
[2015.04.20-20.21.13:934][186]LogMaterial: Missing cached shader map for material FMatExpressionPreview MaterialExpressionCustom_0, compiling. 
[2015.04.20-20.21.13:962][188]MaterialEditorStats: Info Base pass shader without light map: 18 instructions
[2015.04.20-20.21.13:962][188]MaterialEditorStats: Info Vertex shader: 31 instructions
[2015.04.20-20.21.13:962][188]MaterialEditorStats: Info Texture samplers: 0/16
[2015.04.20-20.21.22:369][196]LogMaterial: Missing cached shader map for material PreviewMaterial_1, compiling. 
[2015.04.20-20.21.22:371][196]LogMaterial: 0.000041 seconds spent updating 1 materials, 1 interfaces, 0 instances, 0 with static permutations.
[2015.04.20-20.21.22:400][196]LogMaterial: Missing cached shader map for material FMatExpressionPreview MaterialExpressionCustom_0, compiling. 
[2015.04.20-20.21.22:494][206]MaterialEditorStats: Info Base pass shader without light map: 18 instructions
[2015.04.20-20.21.22:494][206]MaterialEditorStats: Info Vertex shader: 31 instructions
[2015.04.20-20.21.22:494][206]MaterialEditorStats: Info Texture samplers: 0/16
[2015.04.20-20.21.23:852][368]LogMaterial: Missing cached shader map for material PreviewMaterial_1, compiling. 
[2015.04.20-20.21.23:853][368]LogMaterial: 0.000036 seconds spent updating 1 materials, 1 interfaces, 0 instances, 0 with static permutations.
[2015.04.20-20.21.23:879][368]LogMaterial: Missing cached shader map for material FMatExpressionPreview MaterialExpressionCustom_0, compiling. 
[2015.04.20-20.21.24:061][388]MaterialEditorStats: Info Base pass shader without light map: 18 instructions
[2015.04.20-20.21.24:061][388]MaterialEditorStats: Info Vertex shader: 31 instructions
[2015.04.20-20.21.24:061][388]MaterialEditorStats: Info Texture samplers: 0/16
[2015.04.20-20.21.31:116][234]LogMaterial: Missing cached shader map for material PreviewMaterial_1, compiling. 
[2015.04.20-20.21.31:117][234]LogMaterial: 0.000051 seconds spent updating 1 materials, 1 interfaces, 0 instances, 0 with static permutations.
[2015.04.20-20.21.31:142][234]LogMaterial: Missing cached shader map for material FMatExpressionPreview MaterialExpressionCustom_0, compiling. 
[2015.04.20-20.21.31:201][239]LogMaterial: Missing cached shader map for material PreviewMaterial_1, compiling. 
[2015.04.20-20.21.31:203][239]LogMaterial: 0.000035 seconds spent updating 1 materials, 1 interfaces, 0 instances, 0 with static permutations.
[2015.04.20-20.21.31:230][239]LogMaterial: Missing cached shader map for material FMatExpressionPreview MaterialExpressionCustom_0, compiling. 
[2015.04.20-20.21.31:277][243]MaterialEditorStats: Info Base pass shader without light map: 18 instructions
[2015.04.20-20.21.31:277][243]MaterialEditorStats: Info Vertex shader: 31 instructions
[2015.04.20-20.21.31:277][243]MaterialEditorStats: Info Texture samplers: 0/16
[2015.04.20-20.21.38:751][139]LogMaterial: Missing cached shader map for material PreviewMaterial_1, compiling. 
[2015.04.20-20.21.38:753][139]LogMaterial: 0.000059 seconds spent updating 1 materials, 1 interfaces, 0 instances, 0 with static permutations.
[2015.04.20-20.21.38:778][139]LogMaterial: Missing cached shader map for material FMatExpressionPreview MaterialExpressionCustom_0, compiling. 
[2015.04.20-20.21.38:838][144]LogMaterial: Missing cached shader map for material PreviewMaterial_1, compiling. 
[2015.04.20-20.21.38:840][144]LogMaterial: 0.000021 seconds spent updating 1 materials, 1 interfaces, 0 instances, 0 with static permutations.
[2015.04.20-20.21.38:866][144]LogMaterial: Missing cached shader map for material FMatExpressionPreview MaterialExpressionCustom_0, compiling. 
[2015.04.20-20.21.38:899][146]MaterialEditorStats: Info Base pass shader without light map: 18 instructions
[2015.04.20-20.21.38:899][146]MaterialEditorStats: Info Vertex shader: 31 instructions
[2015.04.20-20.21.38:899][146]MaterialEditorStats: Info Texture samplers: 0/16
[2015.04.20-20.21.39:485][215]LogMaterial: Missing cached shader map for material PreviewMaterial_1, compiling. 
[2015.04.20-20.21.39:486][215]LogMaterial: 0.000057 seconds spent updating 1 materials, 1 interfaces, 0 instances, 0 with static permutations.
[2015.04.20-20.21.39:511][215]LogMaterial: Missing cached shader map for material FMatExpressionPreview MaterialExpressionCustom_0, compiling. 
[2015.04.20-20.21.39:629][227]MaterialEditorStats: Info Base pass shader without light map: 18 instructions
[2015.04.20-20.21.39:629][227]MaterialEditorStats: Info Vertex shader: 31 instructions
[2015.04.20-20.21.39:629][227]MaterialEditorStats: Info Texture samplers: 0/16
[2015.04.20-20.21.47:334][151]LogMaterial: Missing cached shader map for material PreviewMaterial_1, compiling. 
[2015.04.20-20.21.47:335][151]LogMaterial: 0.000060 seconds spent updating 1 materials, 1 interfaces, 0 instances, 0 with static permutations.
[2015.04.20-20.21.47:361][151]LogMaterial: Missing cached shader map for material FMatExpressionPreview MaterialExpressionCustom_0, compiling. 
[2015.04.20-20.21.47:449][160]MaterialEditorStats: Info Base pass shader without light map: 18 instructions
[2015.04.20-20.21.47:449][160]MaterialEditorStats: Info Vertex shader: 31 instructions
[2015.04.20-20.21.47:449][160]MaterialEditorStats: Info Texture samplers: 0/16
[2015.04.20-20.21.56:686][267]LogMaterial: Missing cached shader map for material PreviewMaterial_1, compiling. 
[2015.04.20-20.21.56:687][267]LogMaterial: 0.000025 seconds spent updating 1 materials, 1 interfaces, 0 instances, 0 with static permutations.
[2015.04.20-20.21.56:712][267]LogMaterial: Missing cached shader map for material FMatExpressionPreview MaterialExpressionCustom_0, compiling. 
[2015.04.20-20.21.56:806][276]MaterialEditorStats: Info Base pass shader without light map: 18 instructions
[2015.04.20-20.21.56:806][276]MaterialEditorStats: Info Vertex shader: 31 instructions
[2015.04.20-20.21.56:806][276]MaterialEditorStats: Info Texture samplers: 0/16
[2015.04.20-20.22.04:909][247]LogMaterial: Missing cached shader map for material PreviewMaterial_1, compiling. 
[2015.04.20-20.22.04:910][247]LogMaterial: 0.000052 seconds spent updating 1 materials, 1 interfaces, 0 instances, 0 with static permutations.
[2015.04.20-20.22.04:933][247]LogMaterial: Missing cached shader map for material FMatExpressionPreview MaterialExpressionCustom_0, compiling. 
[2015.04.20-20.22.05:048][260]MaterialEditorStats: Info Base pass shader without light map: 18 instructions
[2015.04.20-20.22.05:049][260]MaterialEditorStats: Info Vertex shader: 31 instructions
[2015.04.20-20.22.05:049][260]MaterialEditorStats: Info Texture samplers: 0/16
[2015.04.20-20.22.07:967][604]LogMaterial: Missing cached shader map for material PreviewMaterial_1, compiling. 
[2015.04.20-20.22.07:968][604]LogMaterial: 0.000078 seconds spent updating 1 materials, 1 interfaces, 0 instances, 0 with static permutations.
[2015.04.20-20.22.07:991][604]LogMaterial: Missing cached shader map for material FMatExpressionPreview MaterialExpressionCustom_0, compiling. 
[2015.04.20-20.22.08:085][613]MaterialEditorStats: Info Base pass shader without light map: 18 instructions
[2015.04.20-20.22.08:085][613]MaterialEditorStats: Info Vertex shader: 31 instructions
[2015.04.20-20.22.08:085][613]MaterialEditorStats: Info Texture samplers: 0/16
[2015.04.20-20.22.14:274][355]LogMaterial: Missing cached shader map for material PreviewMaterial_1, compiling. 
[2015.04.20-20.22.14:275][355]LogMaterial: 0.000050 seconds spent updating 1 materials, 1 interfaces, 0 instances, 0 with static permutations.
[2015.04.20-20.22.14:299][355]LogMaterial: Missing cached shader map for material FMatExpressionPreview MaterialExpressionCustom_0, compiling. 
[2015.04.20-20.22.14:410][367]MaterialEditorStats: Info Base pass shader without light map: 18 instructions
[2015.04.20-20.22.14:410][367]MaterialEditorStats: Info Vertex shader: 31 instructions
[2015.04.20-20.22.14:410][367]MaterialEditorStats: Info Texture samplers: 0/16
[2015.04.20-20.22.41:937][669]LogMaterial: Missing cached shader map for material PreviewMaterial_1, compiling. 
[2015.04.20-20.22.41:938][669]LogMaterial: 0.000048 seconds spent updating 1 materials, 1 interfaces, 0 instances, 0 with static permutations.
[2015.04.20-20.22.41:961][669]LogMaterial: Missing cached shader map for material FMatExpressionPreview MaterialExpressionCustom_0, compiling. 
[2015.04.20-20.22.42:623][745]MaterialEditorStats: Info Base pass shader without light map: 18 instructions
[2015.04.20-20.22.42:623][745]MaterialEditorStats: Info Vertex shader: 31 instructions
[2015.04.20-20.22.42:623][745]MaterialEditorStats: Info Texture samplers: 0/16
[2015.04.20-20.22.48:649][467]LogMaterial: Missing cached shader map for material PreviewMaterial_1, compiling. 
[2015.04.20-20.22.48:650][467]LogMaterial: 0.000052 seconds spent updating 1 materials, 1 interfaces, 0 instances, 0 with static permutations.
[2015.04.20-20.22.48:678][467]LogMaterial: Missing cached shader map for material FMatExpressionPreview MaterialExpressionCustom_0, compiling. 
[2015.04.20-20.22.48:789][479]MaterialEditorStats: Info Base pass shader without light map: 18 instructions
[2015.04.20-20.22.48:789][479]MaterialEditorStats: Info Vertex shader: 31 instructions
[2015.04.20-20.22.48:789][479]MaterialEditorStats: Info Texture samplers: 0/16
[2015.04.20-20.23.00:177][213]LogMaterial: Missing cached shader map for material PreviewMaterial_1, compiling. 
[2015.04.20-20.23.00:179][213]LogMaterial: 0.000063 seconds spent updating 1 materials, 1 interfaces, 0 instances, 0 with static permutations.
[2015.04.20-20.23.00:208][213]LogMaterial: Missing cached shader map for material FMatExpressionPreview MaterialExpressionCustom_0, compiling. 
[2015.04.20-20.23.00:210][213]LogMaterial: Missing cached shader map for material PreviewMaterial_1, compiling. 
[2015.04.20-20.23.00:211][213]LogMaterial: 0.000029 seconds spent updating 1 materials, 1 interfaces, 0 instances, 0 with static permutations.
[2015.04.20-20.23.00:240][213]LogMaterial: Missing cached shader map for material FMatExpressionPreview MaterialExpressionCustom_0, compiling. 
[2015.04.20-20.23.00:242][213]LogMaterial: Missing cached shader map for material PreviewMaterial_1, compiling. 
[2015.04.20-20.23.00:243][213]LogMaterial: 0.000032 seconds spent updating 1 materials, 1 interfaces, 0 instances, 0 with static permutations.
[2015.04.20-20.23.00:272][213]LogMaterial: Missing cached shader map for material FMatExpressionPreview MaterialExpressionCustom_0, compiling. 
[2015.04.20-20.23.00:274][213]LogMaterial: Missing cached shader map for material PreviewMaterial_1, compiling. 
[2015.04.20-20.23.00:275][213]LogMaterial: 0.000033 seconds spent updating 1 materials, 1 interfaces, 0 instances, 0 with static permutations.
[2015.04.20-20.23.00:304][213]LogMaterial: Missing cached shader map for material FMatExpressionPreview MaterialExpressionCustom_0, compiling. 
[2015.04.20-20.23.00:306][213]LogMaterial: Missing cached shader map for material PreviewMaterial_1, compiling. 
[2015.04.20-20.23.00:307][213]LogMaterial: 0.000026 seconds spent updating 1 materials, 1 interfaces, 0 instances, 0 with static permutations.
[2015.04.20-20.23.00:336][213]LogMaterial: Missing cached shader map for material FMatExpressionPreview MaterialExpressionCustom_0, compiling. 
[2015.04.20-20.23.00:338][213]LogMaterial: Missing cached shader map for material PreviewMaterial_1, compiling. 
[2015.04.20-20.23.00:339][213]LogMaterial: 0.000031 seconds spent updating 1 materials, 1 interfaces, 0 instances, 0 with static permutations.
[2015.04.20-20.23.00:368][213]LogMaterial: Missing cached shader map for material FMatExpressionPreview MaterialExpressionCustom_0, compiling. 
[2015.04.20-20.23.00:370][213]LogMaterial: Missing cached shader map for material PreviewMaterial_1, compiling. 
[2015.04.20-20.23.00:371][213]LogMaterial: 0.000031 seconds spent updating 1 materials, 1 interfaces, 0 instances, 0 with static permutations.
[2015.04.20-20.23.00:400][213]LogMaterial: Missing cached shader map for material FMatExpressionPreview MaterialExpressionCustom_0, compiling. 
[2015.04.20-20.23.00:402][213]LogMaterial: Missing cached shader map for material PreviewMaterial_1, compiling. 
[2015.04.20-20.23.00:403][213]LogMaterial: 0.000028 seconds spent updating 1 materials, 1 interfaces, 0 instances, 0 with static permutations.
[2015.04.20-20.23.00:432][213]LogMaterial: Missing cached shader map for material FMatExpressionPreview MaterialExpressionCustom_0, compiling. 
[2015.04.20-20.23.00:434][213]LogMaterial: Missing cached shader map for material PreviewMaterial_1, compiling. 
[2015.04.20-20.23.00:435][213]LogMaterial: 0.000034 seconds spent updating 1 materials, 1 interfaces, 0 instances, 0 with static permutations.
[2015.04.20-20.23.00:464][213]LogMaterial: Missing cached shader map for material FMatExpressionPreview MaterialExpressionCustom_0, compiling. 
[2015.04.20-20.23.00:466][213]LogMaterial: Missing cached shader map for material PreviewMaterial_1, compiling. 
[2015.04.20-20.23.00:467][213]LogMaterial: 0.000027 seconds spent updating 1 materials, 1 interfaces, 0 instances, 0 with static permutations.
[2015.04.20-20.23.00:496][213]LogMaterial: Missing cached shader map for material FMatExpressionPreview MaterialExpressionCustom_0, compiling. 
[2015.04.20-20.23.00:498][213]LogMaterial: Missing cached shader map for material PreviewMaterial_1, compiling. 
[2015.04.20-20.23.00:499][213]LogMaterial: 0.000027 seconds spent updating 1 materials, 1 interfaces, 0 instances, 0 with static permutations.
[2015.04.20-20.23.00:528][213]LogMaterial: Missing cached shader map for material FMatExpressionPreview MaterialExpressionCustom_0, compiling. 
[2015.04.20-20.23.00:530][213]LogMaterial: Missing cached shader map for material PreviewMaterial_1, compiling. 
[2015.04.20-20.23.00:531][213]LogMaterial: 0.000032 seconds spent updating 1 materials, 1 interfaces, 0 instances, 0 with static permutations.
[2015.04.20-20.23.00:560][213]LogMaterial: Missing cached shader map for material FMatExpressionPreview MaterialExpressionCustom_0, compiling. 
[2015.04.20-20.23.00:562][213]LogMaterial: Missing cached shader map for material PreviewMaterial_1, compiling. 
[2015.04.20-20.23.00:563][213]LogMaterial: 0.000034 seconds spent updating 1 materials, 1 interfaces, 0 instances, 0 with static permutations.
[2015.04.20-20.23.00:592][213]LogMaterial: Missing cached shader map for material FMatExpressionPreview MaterialExpressionCustom_0, compiling. 
[2015.04.20-20.23.00:594][213]LogMaterial: Missing cached shader map for material PreviewMaterial_1, compiling. 
[2015.04.20-20.23.00:595][213]LogMaterial: 0.000027 seconds spent updating 1 materials, 1 interfaces, 0 instances, 0 with static permutations.
[2015.04.20-20.23.00:624][213]LogMaterial: Missing cached shader map for material FMatExpressionPreview MaterialExpressionCustom_0, compiling. 
[2015.04.20-20.23.00:626][213]LogMaterial: Missing cached shader map for material PreviewMaterial_1, compiling. 
[2015.04.20-20.23.00:627][213]LogMaterial: 0.000029 seconds spent updating 1 materials, 1 interfaces, 0 instances, 0 with static permutations.
[2015.04.20-20.23.00:656][213]LogMaterial: Missing cached shader map for material FMatExpressionPreview MaterialExpressionCustom_0, compiling. 
[2015.04.20-20.23.00:667][214]MaterialEditorStats: Info Base pass shader without light map: 18 instructions
[2015.04.20-20.23.00:667][214]MaterialEditorStats: Info Vertex shader: 31 instructions
[2015.04.20-20.23.00:667][214]MaterialEditorStats: Info Texture samplers: 0/16
[2015.04.20-20.23.01:770][345]LogMaterial: Missing cached shader map for material PreviewMaterial_1, compiling. 
[2015.04.20-20.23.01:771][345]LogMaterial: 0.000039 seconds spent updating 1 materials, 1 interfaces, 0 instances, 0 with static permutations.
[2015.04.20-20.23.01:798][345]LogMaterial: Missing cached shader map for material FMatExpressionPreview MaterialExpressionCustom_0, compiling. 
[2015.04.20-20.23.01:892][355]MaterialEditorStats: Info Base pass shader without light map: 18 instructions
[2015.04.20-20.23.01:892][355]MaterialEditorStats: Info Vertex shader: 31 instructions
[2015.04.20-20.23.01:892][355]MaterialEditorStats: Info Texture samplers: 0/16
[2015.04.20-20.23.12:736][645]LogMaterial: Missing cached shader map for material PreviewMaterial_1, compiling. 
[2015.04.20-20.23.12:737][645]LogMaterial: 0.000048 seconds spent updating 1 materials, 1 interfaces, 0 instances, 0 with static permutations.
[2015.04.20-20.23.12:760][645]LogMaterial: Missing cached shader map for material FMatExpressionPreview MaterialExpressionCustom_0, compiling. 
[2015.04.20-20.23.12:875][658]MaterialEditorStats: Info Base pass shader without light map: 18 instructions
[2015.04.20-20.23.12:875][658]MaterialEditorStats: Info Vertex shader: 31 instructions
[2015.04.20-20.23.12:875][658]MaterialEditorStats: Info Texture samplers: 0/16
[2015.04.20-20.23.18:805][341]LogMaterial: Missing cached shader map for material PreviewMaterial_1, compiling. 
[2015.04.20-20.23.18:807][341]LogMaterial: 0.000049 seconds spent updating 1 materials, 1 interfaces, 0 instances, 0 with static permutations.
[2015.04.20-20.23.18:832][341]LogMaterial: Missing cached shader map for material FMatExpressionPreview MaterialExpressionCustom_0, compiling. 
[2015.04.20-20.23.18:929][352]MaterialEditorStats: Info Base pass shader without light map: 18 instructions
[2015.04.20-20.23.18:929][352]MaterialEditorStats: Info Vertex shader: 31 instructions
[2015.04.20-20.23.18:929][352]MaterialEditorStats: Info Texture samplers: 0/16
[2015.04.20-20.23.20:473][527]LogMaterial: Missing cached shader map for material PreviewMaterial_1, compiling. 
[2015.04.20-20.23.20:474][527]LogMaterial: 0.000076 seconds spent updating 1 materials, 1 interfaces, 0 instances, 0 with static permutations.
[2015.04.20-20.23.20:499][527]LogMaterial: Missing cached shader map for material FMatExpressionPreview MaterialExpressionCustom_0, compiling. 
[2015.04.20-20.23.20:604][539]MaterialEditorStats: Info Base pass shader without light map: 18 instructions
[2015.04.20-20.23.20:604][539]MaterialEditorStats: Info Vertex shader: 31 instructions
[2015.04.20-20.23.20:604][539]MaterialEditorStats: Info Texture samplers: 0/16
[2015.04.20-20.23.36:466][918]LogMaterial: Missing cached shader map for material PreviewMaterial_1, compiling. 
[2015.04.20-20.23.36:467][918]LogMaterial: 0.000063 seconds spent updating 1 materials, 1 interfaces, 0 instances, 0 with static permutations.
[2015.04.20-20.23.36:583][930]MaterialEditorStats: Info Base pass shader without light map: 18 instructions
[2015.04.20-20.23.36:583][930]MaterialEditorStats: Info Vertex shader: 31 instructions
[2015.04.20-20.23.36:583][930]MaterialEditorStats: Info Texture samplers: 0/16
[2015.04.20-20.23.43:611][773]LogMaterial: Missing cached shader map for material PreviewMaterial_1, compiling. 
[2015.04.20-20.23.43:612][773]LogMaterial: 0.000061 seconds spent updating 1 materials, 1 interfaces, 0 instances, 0 with static permutations.
[2015.04.20-20.23.43:724][786]MaterialEditorStats: Info Base pass shader without light map: 18 instructions
[2015.04.20-20.23.43:724][786]MaterialEditorStats: Info Vertex shader: 31 instructions
[2015.04.20-20.23.43:724][786]MaterialEditorStats: Info Texture samplers: 0/16
[2015.04.20-20.24.03:254][903]LogMaterial: Missing cached shader map for material PreviewMaterial_1, compiling. 
[2015.04.20-20.24.03:256][903]LogMaterial: 0.000034 seconds spent updating 1 materials, 1 interfaces, 0 instances, 0 with static permutations.
[2015.04.20-20.24.03:282][903]LogMaterial: Missing cached shader map for material FMatExpressionPreview MaterialExpressionCustom_0, compiling. 
[2015.04.20-20.24.03:370][913]MaterialEditorStats: Info Base pass shader without light map: 18 instructions
[2015.04.20-20.24.03:370][913]MaterialEditorStats: Info Vertex shader: 31 instructions
[2015.04.20-20.24.03:370][913]MaterialEditorStats: Info Texture samplers: 0/16
[2015.04.20-20.24.08:537][519]LogMaterial: Missing cached shader map for material PreviewMaterial_1, compiling. 
[2015.04.20-20.24.08:538][519]LogMaterial: 0.000093 seconds spent updating 1 materials, 1 interfaces, 0 instances, 0 with static permutations.
[2015.04.20-20.24.08:561][519]LogMaterial: Missing cached shader map for material FMatExpressionPreview MaterialExpressionCustom_0, compiling. 
[2015.04.20-20.24.08:667][531]MaterialEditorStats: Info Base pass shader without light map: 18 instructions
[2015.04.20-20.24.08:667][531]MaterialEditorStats: Info Vertex shader: 31 instructions
[2015.04.20-20.24.08:667][531]MaterialEditorStats: Info Texture samplers: 0/16
[2015.04.20-20.24.18:148][646]LogMaterial: Missing cached shader map for material PreviewMaterial_1, compiling. 
[2015.04.20-20.24.18:149][646]LogMaterial: 0.000052 seconds spent updating 1 materials, 1 interfaces, 0 instances, 0 with static permutations.
[2015.04.20-20.24.18:175][646]LogMaterial: Missing cached shader map for material FMatExpressionPreview MaterialExpressionCustom_0, compiling. 
[2015.04.20-20.24.18:270][657]MaterialEditorStats: Info Base pass shader without light map: 18 instructions
[2015.04.20-20.24.18:271][657]MaterialEditorStats: Info Vertex shader: 31 instructions
[2015.04.20-20.24.18:271][657]MaterialEditorStats: Info Texture samplers: 0/16
[2015.04.20-20.24.21:671][ 39]LogMaterial: Missing cached shader map for material PreviewMaterial_1, compiling. 
[2015.04.20-20.24.21:672][ 39]LogMaterial: 0.000059 seconds spent updating 1 materials, 1 interfaces, 0 instances, 0 with static permutations.
[2015.04.20-20.24.21:695][ 39]LogMaterial: Missing cached shader map for material FMatExpressionPreview MaterialExpressionCustom_0, compiling. 
[2015.04.20-20.24.21:808][ 52]MaterialEditorStats: Info Base pass shader without light map: 18 instructions
[2015.04.20-20.24.21:808][ 52]MaterialEditorStats: Info Vertex shader: 31 instructions
[2015.04.20-20.24.21:808][ 52]MaterialEditorStats: Info Texture samplers: 0/16
[2015.04.20-20.24.23:586][257]LogMaterial: Missing cached shader map for material PreviewMaterial_1, compiling. 
[2015.04.20-20.24.23:587][257]LogMaterial: 0.000045 seconds spent updating 1 materials, 1 interfaces, 0 instances, 0 with static permutations.
[2015.04.20-20.24.23:614][257]LogMaterial: Missing cached shader map for material FMatExpressionPreview MaterialExpressionCustom_0, compiling. 
[2015.04.20-20.24.23:702][267]MaterialEditorStats: Info Base pass shader without light map: 18 instructions
[2015.04.20-20.24.23:702][267]MaterialEditorStats: Info Vertex shader: 31 instructions
[2015.04.20-20.24.23:702][267]MaterialEditorStats: Info Texture samplers: 0/16
[2015.04.20-20.24.50:354][462]LogMaterial: Missing cached shader map for material PreviewMaterial_1, compiling. 
[2015.04.20-20.24.50:356][462]LogMaterial: 0.000048 seconds spent updating 1 materials, 1 interfaces, 0 instances, 0 with static permutations.
[2015.04.20-20.24.50:379][462]LogMaterial: Missing cached shader map for material FMatExpressionPreview MaterialExpressionCustom_0, compiling. 
[2015.04.20-20.24.51:039][538]MaterialEditorStats: Info Base pass shader without light map: 18 instructions
[2015.04.20-20.24.51:039][538]MaterialEditorStats: Info Vertex shader: 31 instructions
[2015.04.20-20.24.51:039][538]MaterialEditorStats: Info Texture samplers: 0/16
[2015.04.20-20.24.59:378][523]LogMaterial: Missing cached shader map for material PreviewMaterial_1, compiling. 
[2015.04.20-20.24.59:379][523]LogMaterial: 0.000048 seconds spent updating 1 materials, 1 interfaces, 0 instances, 0 with static permutations.
[2015.04.20-20.24.59:515][537]MaterialEditorStats: Info Base pass shader without light map: 18 instructions
[2015.04.20-20.24.59:515][537]MaterialEditorStats: Info Vertex shader: 31 instructions
[2015.04.20-20.24.59:515][537]MaterialEditorStats: Info Texture samplers: 0/16
[2015.04.20-20.25.26:261][326]LogEditorViewport: Clicking on Actor (LMB): BP_Sky_Sphere_C (SkySphereBlueprint)
[2015.04.20-20.25.26:875][388]LogEditorViewport: Clicking on Actor (LMB): PostProcessVolume (Global PostProcess)
[2015.04.20-20.26.01:589][996]LogParticles: Destroying 0 GPU particle simulations for FXSystem 0x00000081A7A66160
[2015.04.20-20.26.01:590][996]LogParticles: Destroying 0 GPU particle simulations for FXSystem 0x00000081A7A93EC0
[2015.04.20-20.26.01:590][996]LogParticles: Destroying 0 GPU particle simulations for FXSystem 0x00000081B52DCE00
[2015.04.20-20.26.07:912][651]BlueprintLog: New page: Pre-PIE auto-recompile
[2015.04.20-20.26.07:912][651]LogPlayLevel: [PIE] Compiling FirstPersonExampleMap before PIE...
[2015.04.20-20.26.07:972][651]LogPlayLevel: PIE:  Blueprint regeneration took 59 ms (1 blueprints)
[2015.04.20-20.26.07:972][651]PIE: New page: PIE session: FirstPersonExampleMap (Apr 21, 2015, 12:26:07 AM)
[2015.04.20-20.26.07:997][651]LogPlayLevel: PIE: StaticDuplicateObject took: (0.024453s)
[2015.04.20-20.26.07:997][651]LogPlayLevel: PIE: World Init took: (0.000626s)
[2015.04.20-20.26.07:997][651]LogPlayLevel: PIE: Created PIE world by copying editor world from /Game/FirstPersonBP/Maps/FirstPersonExampleMap.FirstPersonExampleMap to /Game/FirstPersonBP/Maps/UEDPIE_0_FirstPersonExampleMap.FirstPersonExampleMap (0.025234s)
[2015.04.20-20.26.08:149][651]LogWorld: Game class is 'FirstPersonGameMode_C'
[2015.04.20-20.26.08:151][651]LogAIModule: Creating AISystem for world FirstPersonExampleMap
[2015.04.20-20.26.08:177][651]LogWorld: Bringing World /Game/FirstPersonBP/Maps/UEDPIE_0_FirstPersonExampleMap.FirstPersonExampleMap up for play (max tick rate 0) at 2015.04.20-22.26.08
[2015.04.20-20.26.08:178][651]LogWorld: Bringing up level for play took: 0.026777
[2015.04.20-20.26.08:179][651]LogGameMode: Warning - PATHS NOT DEFINED or NO PLAYERSTART with positive rating
[2015.04.20-20.26.08:180][651]PIE: Info Play in editor start time for /Game/FirstPersonBP/Maps/UEDPIE_0_FirstPersonExampleMap 0.721
[2015.04.20-20.26.12:960][207]LogParticles: Destroying 0 GPU particle simulations for FXSystem 0x00000081A7A64220
[2015.04.20-20.26.16:221][391]LogMaterial: Missing cached shader map for material ScanPP, compiling. 
[2015.04.20-20.26.16:239][391]LogActorComponent: UnregisterComponent: (/Engine/Transient.SkeletalMeshComponent_4) Not registered. Aborting.
[2015.04.20-20.26.16:283][391]LogActorComponent: UnregisterComponent: (/Engine/Transient.SkeletalMeshComponent_4) Not registered. Aborting.
[2015.04.20-20.26.16:283][391]LogActorComponent: RegisterComponentWithWorld: (/Engine/Transient.MaterialEditorMeshComponent_4) Already registered. Aborting.
[2015.04.20-20.26.16:283][391]LogActorComponent: UnregisterComponent: (/Engine/Transient.SkeletalMeshComponent_4) Not registered. Aborting.
[2015.04.20-20.26.16:283][391]LogActorComponent: RegisterComponentWithWorld: (/Engine/Transient.MaterialEditorMeshComponent_4) Already registered. Aborting.
[2015.04.20-20.26.16:286][391]LogMaterial: Missing cached shader map for material ScanPP, compiling. 
[2015.04.20-20.26.16:290][391]LogMaterial: 0.000071 seconds spent updating 1 materials, 1 interfaces, 0 instances, 0 with static permutations.
[2015.04.20-20.26.17:431][514]MaterialEditorStats: Info Base pass shader with only dynamic lighting: 29 instructions
[2015.04.20-20.26.17:431][514]MaterialEditorStats: Info Vertex shader: 31 instructions
[2015.04.20-20.26.17:431][514]MaterialEditorStats: Info Texture samplers: 0/16
[2015.04.20-20.26.21:361][922]Cmd: TRANSACTION UNDO
[2015.04.20-20.26.21:361][922]LogEditorTransaction: Undo Edit 0
[2015.04.20-20.26.21:410][922]LogMaterial: Missing cached shader map for material PreviewMaterial_1, compiling. 
[2015.04.20-20.26.21:411][922]LogMaterial: 0.000036 seconds spent updating 1 materials, 1 interfaces, 0 instances, 0 with static permutations.
[2015.04.20-20.26.21:673][932]MaterialEditorStats: Info Base pass shader without light map: 18 instructions
[2015.04.20-20.26.21:673][932]MaterialEditorStats: Info Vertex shader: 31 instructions
[2015.04.20-20.26.21:673][932]MaterialEditorStats: Info Texture samplers: 0/16
[2015.04.20-20.26.23:086][  0]Cmd: TRANSACTION UNDO
[2015.04.20-20.26.23:086][  0]LogEditorTransaction: Undo Clicking on Actors
[2015.04.20-20.26.23:106][  0]LogMaterial: Missing cached shader map for material PreviewMaterial_1, compiling. 
[2015.04.20-20.26.23:107][  0]LogMaterial: 0.000072 seconds spent updating 1 materials, 1 interfaces, 0 instances, 0 with static permutations.
[2015.04.20-20.26.23:273][  8]MaterialEditorStats: Info Base pass shader without light map: 18 instructions
[2015.04.20-20.26.23:274][  8]MaterialEditorStats: Info Vertex shader: 31 instructions
[2015.04.20-20.26.23:274][  8]MaterialEditorStats: Info Texture samplers: 0/16
[2015.04.20-20.26.34:444][973]LogMaterialEditor: Saving and Compiling material MAT_SCAN
[2015.04.20-20.26.35:661][973]LogMaterial: Missing cached shader map for material PreviewMaterial_1, compiling. 
[2015.04.20-20.26.35:665][973]LogMaterial: 0.000100 seconds spent updating 1 materials, 1 interfaces, 0 instances, 0 with static permutations.
[2015.04.20-20.26.35:718][973]LogMaterial: Missing cached shader map for material MAT_SCAN, compiling. 
[2015.04.20-20.26.35:726][973]LogMaterial: Missing cached shader map for material MAT_SCAN, compiling. 
[2015.04.20-20.26.35:730][973]LogMaterial: 0.001679 seconds spent updating 1 materials, 1 interfaces, 0 instances, 0 with static permutations.
[2015.04.20-20.26.36:211][973]LogSavePackage: Save=143.910660ms
[2015.04.20-20.26.36:211][973]LogSavePackage: Moving '../../../../../../Users/Wouter/Documents/Unreal Projects/BlindPersonShooter/Saved/MAT_SCAN05157B3E4046A47EB4C521A652BFC46F.tmp' to '../../../../../../Users/Wouter/Documents/Unreal Projects/BlindPersonShooter/Content/FirstPersonBP/Materials/MAT_SCAN.uasset'
[2015.04.20-20.26.36:222][973]MaterialEditorStats: Info Base pass shader without light map: 43 instructions
[2015.04.20-20.26.36:222][973]MaterialEditorStats: Info Vertex shader: 31 instructions
[2015.04.20-20.26.36:222][973]MaterialEditorStats: Info Texture samplers: 0/16
[2015.04.20-20.26.37:121][ 80]LogParticles: Destroying 0 GPU particle simulations for FXSystem 0x000000817919B380
[2015.04.20-20.26.42:184][ 81]Cmd: QUIT_EDITOR
[2015.04.20-20.26.42:394][ 81]LogExit: Preparing to exit.
[2015.04.20-20.26.43:516][ 81]LogExit: Editor shut down
[2015.04.20-20.26.43:516][ 81]LogExit: Transaction tracking system shut down
[2015.04.20-20.26.43:517][ 81]LogParticles: Destroying 0 GPU particle simulations for FXSystem 0x0000008178D94540
[2015.04.20-20.26.43:517][ 81]LogParticles: Destroying 0 GPU particle simulations for FXSystem 0x00000081A7A06E80
[2015.04.20-20.26.43:517][ 81]LogParticles: Destroying 0 GPU particle simulations for FXSystem 0x00000081A8986CA0
[2015.04.20-20.26.43:517][ 81]LogParticles: Destroying 0 GPU particle simulations for FXSystem 0x00000081A8986AC0
[2015.04.20-20.26.43:517][ 81]LogParticles: Destroying 0 GPU particle simulations for FXSystem 0x00000081A89867A0
[2015.04.20-20.26.43:524][ 81]LogParticles: Destroying 0 GPU particle simulations for FXSystem 0x00000081AA91D4E0
[2015.04.20-20.26.43:524][ 81]LogParticles: Destroying 0 GPU particle simulations for FXSystem 0x00000081B1C25E40
[2015.04.20-20.26.43:649][ 81]LogExit: Object subsystem successfully closed.
[2015.04.20-20.26.43:728][ 81]LogModuleManager: Shutting down and abandoning module MaterialEditor (178)
[2015.04.20-20.26.43:728][ 81]LogModuleManager: Shutting down and abandoning module CrashTracker (177)
[2015.04.20-20.26.43:728][ 81]LogModuleManager: Shutting down and abandoning module SuperSearch (176)
[2015.04.20-20.26.43:728][ 81]LogModuleManager: Shutting down and abandoning module SceneOutliner (175)
[2015.04.20-20.26.43:728][ 81]LogModuleManager: Shutting down and abandoning module EditorWidgets (174)
[2015.04.20-20.26.43:728][ 81]LogModuleManager: Shutting down and abandoning module CollectionManager (173)
[2015.04.20-20.26.43:728][ 81]LogModuleManager: Shutting down and abandoning module StatsViewer (172)
[2015.04.20-20.26.43:728][ 81]LogModuleManager: Shutting down and abandoning module FoliageEdit (171)
[2015.04.20-20.26.43:728][ 81]LogModuleManager: Shutting down and abandoning module LandscapeEditor (170)
[2015.04.20-20.26.43:728][ 81]LogModuleManager: Shutting down and abandoning module MeshPaint (169)
[2015.04.20-20.26.43:728][ 81]LogModuleManager: Shutting down and abandoning module ActorPickerMode (168)
[2015.04.20-20.26.43:728][ 81]LogModuleManager: Shutting down and abandoning module GeometryMode (167)
[2015.04.20-20.26.43:728][ 81]LogModuleManager: Shutting down and abandoning module TextureAlignMode (166)
[2015.04.20-20.26.43:728][ 81]LogModuleManager: Shutting down and abandoning module BspMode (165)
[2015.04.20-20.26.43:728][ 81]LogModuleManager: Shutting down and abandoning module PlacementMode (164)
[2015.04.20-20.26.43:728][ 81]LogModuleManager: Shutting down and abandoning module AutomationWorker (163)
[2015.04.20-20.26.43:728][ 81]LogModuleManager: Shutting down and abandoning module CharacterAI (162)
[2015.04.20-20.26.43:728][ 81]LogModuleManager: Shutting down and abandoning module SmartSnapping (161)
[2015.04.20-20.26.43:728][ 81]LogModuleManager: Shutting down and abandoning module ViewportSnapping (160)
[2015.04.20-20.26.43:729][ 81]LogModuleManager: Shutting down and abandoning module LogVisualizer (159)
[2015.04.20-20.26.43:729][ 81]LogModuleManager: Shutting down and abandoning module GameProjectGeneration (158)
[2015.04.20-20.26.43:729][ 81]LogModuleManager: Shutting down and abandoning module IntroTutorials (157)
[2015.04.20-20.26.43:729][ 81]LogModuleManager: Shutting down and abandoning module EditorLiveStreaming (156)
[2015.04.20-20.26.43:729][ 81]LogModuleManager: Shutting down and abandoning module HardwareTargeting (155)
[2015.04.20-20.26.43:729][ 81]LogModuleManager: Shutting down and abandoning module DeviceProfileEditor (154)
[2015.04.20-20.26.43:729][ 81]LogModuleManager: Shutting down and abandoning module UndoHistory (153)
[2015.04.20-20.26.43:729][ 81]LogModuleManager: Shutting down and abandoning module GameplayTagsEditor (152)
[2015.04.20-20.26.43:729][ 81]LogModuleManager: Shutting down and abandoning module UserFeedback (151)
[2015.04.20-20.26.43:729][ 81]LogModuleManager: Shutting down and abandoning module XmlParser (150)
[2015.04.20-20.26.43:729][ 81]LogModuleManager: Shutting down and abandoning module Blutility (149)
[2015.04.20-20.26.43:729][ 81]LogModuleManager: Shutting down and abandoning module IOSPlatformEditor (148)
[2015.04.20-20.26.43:729][ 81]LogModuleManager: Shutting down and abandoning module IOSRuntimeSettings (147)
[2015.04.20-20.26.43:729][ 81]LogModuleManager: Shutting down and abandoning module AndroidDeviceDetection (146)
[2015.04.20-20.26.43:956][ 81]LogModuleManager: Shutting down and abandoning module AndroidPlatformEditor (145)
[2015.04.20-20.26.43:956][ 81]LogModuleManager: Shutting down and abandoning module AndroidRuntimeSettings (144)
[2015.04.20-20.26.43:956][ 81]LogModuleManager: Shutting down and abandoning module ProjectTargetPlatformEditor (143)
[2015.04.20-20.26.43:956][ 81]LogModuleManager: Shutting down and abandoning module ProjectSettingsViewer (142)
[2015.04.20-20.26.43:956][ 81]LogModuleManager: Shutting down and abandoning module InputBindingEditor (141)
[2015.04.20-20.26.43:956][ 81]LogModuleManager: Shutting down and abandoning module EditorSettingsViewer (140)
[2015.04.20-20.26.43:956][ 81]LogModuleManager: Shutting down and abandoning module SettingsEditor (139)
[2015.04.20-20.26.43:956][ 81]LogModuleManager: Shutting down and abandoning module ProjectLauncher (138)
[2015.04.20-20.26.43:956][ 81]LogModuleManager: Shutting down and abandoning module SessionFrontend (137)
[2015.04.20-20.26.43:956][ 81]LogModuleManager: Shutting down and abandoning module ProfilerClient (136)
[2015.04.20-20.26.43:956][ 81]LogModuleManager: Shutting down and abandoning module TargetDeviceServices (135)
[2015.04.20-20.26.43:956][ 81]LogModuleManager: Shutting down and abandoning module DeviceManager (134)
[2015.04.20-20.26.43:956][ 81]LogModuleManager: Shutting down and abandoning module AutomationController (133)
[2015.04.20-20.26.43:956][ 81]LogModuleManager: Shutting down and abandoning module AutomationWindow (132)
[2015.04.20-20.26.43:956][ 81]LogModuleManager: Shutting down and abandoning module Layers (131)
[2015.04.20-20.26.43:956][ 81]LogModuleManager: Shutting down and abandoning module ComponentVisualizers (130)
[2015.04.20-20.26.43:956][ 81]LogModuleManager: Shutting down and abandoning module DetailCustomizations (129)
[2015.04.20-20.26.43:956][ 81]LogModuleManager: Shutting down and abandoning module PackagesDialog (128)
[2015.04.20-20.26.43:956][ 81]LogModuleManager: Shutting down and abandoning module AssetRegistry (127)
[2015.04.20-20.26.44:068][ 81]LogModuleManager: Shutting down and abandoning module Persona (126)
[2015.04.20-20.26.44:068][ 81]LogModuleManager: Shutting down and abandoning module SlateReflector (125)
[2015.04.20-20.26.44:068][ 81]LogModuleManager: Shutting down and abandoning module LevelEditor (124)
[2015.04.20-20.26.44:068][ 81]LogModuleManager: Shutting down and abandoning module Kismet (123)
[2015.04.20-20.26.44:068][ 81]LogModuleManager: Shutting down and abandoning module GraphEditor (122)
[2015.04.20-20.26.44:068][ 81]LogModuleManager: Shutting down and abandoning module ClassViewer (121)
[2015.04.20-20.26.44:068][ 81]LogModuleManager: Shutting down and abandoning module Toolbox (120)
[2015.04.20-20.26.44:068][ 81]LogModuleManager: Shutting down and abandoning module ModuleUI (119)
[2015.04.20-20.26.44:068][ 81]LogModuleManager: Shutting down and abandoning module MovieSceneTools (118)
[2015.04.20-20.26.44:068][ 81]LogModuleManager: Shutting down and abandoning module OutputLog (117)
[2015.04.20-20.26.44:068][ 81]LogModuleManager: Shutting down and abandoning module GammaUI (116)
[2015.04.20-20.26.44:068][ 81]LogModuleManager: Shutting down and abandoning module Documentation (115)
[2015.04.20-20.26.44:068][ 81]LogModuleManager: Shutting down and abandoning module GameLiveStreaming (114)
[2015.04.20-20.26.44:068][ 81]LogModuleManager: Shutting down and abandoning module StreamingPauseRendering (113)
[2015.04.20-20.26.44:068][ 81]LogModuleManager: Shutting down and abandoning module HTTP (112)
[2015.04.20-20.26.44:069][ 81]LogModuleManager: Shutting down and abandoning module AnalyticsET (111)
[2015.04.20-20.26.44:069][ 81]LogModuleManager: Shutting down and abandoning module Analytics (110)
[2015.04.20-20.26.44:069][ 81]LogModuleManager: Shutting down and abandoning module AITestSuite (109)
[2015.04.20-20.26.44:069][ 81]LogModuleManager: Shutting down and abandoning module GameplayDebugger (108)
[2015.04.20-20.26.44:069][ 81]LogModuleManager: Shutting down and abandoning module AIModule (107)
[2015.04.20-20.26.44:069][ 81]LogModuleManager: Shutting down and abandoning module ProfilerService (106)
[2015.04.20-20.26.44:125][ 81]LogModuleManager: Shutting down and abandoning module TaskGraph (105)
[2015.04.20-20.26.44:125][ 81]LogModuleManager: Shutting down and abandoning module SlateRemote (104)
[2015.04.20-20.26.44:125][ 81]LogModuleManager: Shutting down and abandoning module ScriptEditorPlugin (103)
[2015.04.20-20.26.44:125][ 81]LogModuleManager: Shutting down and abandoning module CustomMeshComponent (102)
[2015.04.20-20.26.44:125][ 81]LogModuleManager: Shutting down and abandoning module CableComponent (101)
[2015.04.20-20.26.44:125][ 81]LogModuleManager: Shutting down and abandoning module MessagingDebugger (100)
[2015.04.20-20.26.44:125][ 81]LogModuleManager: Shutting down and abandoning module MediaPlayerEditor (99)
[2015.04.20-20.26.44:125][ 81]LogModuleManager: Shutting down and abandoning module SpeedTreeImporter (98)
[2015.04.20-20.26.44:125][ 81]LogModuleManager: Shutting down and abandoning module PluginsEditor (97)
[2015.04.20-20.26.44:125][ 81]LogModuleManager: Shutting down and abandoning module MainFrame (96)
[2015.04.20-20.26.44:125][ 81]LogModuleManager: Shutting down and abandoning module EpicSurvey (95)
[2015.04.20-20.26.44:125][ 81]LogModuleManager: Shutting down and abandoning module DesktopPlatform (94)
[2015.04.20-20.26.44:125][ 81]LogModuleManager: Shutting down and abandoning module DirectoryWatcher (93)
[2015.04.20-20.26.44:125][ 81]LogModuleManager: Shutting down and abandoning module HotReload (92)
[2015.04.20-20.26.44:125][ 81]LogModuleManager: Shutting down and abandoning module VisualStudioSourceCodeAccess (91)
[2015.04.20-20.26.44:125][ 81]LogModuleManager: Shutting down and abandoning module UObjectPlugin (90)
[2015.04.20-20.26.44:125][ 81]LogModuleManager: Shutting down and abandoning module SubversionSourceControl (89)
[2015.04.20-20.26.44:125][ 81]LogModuleManager: Shutting down and abandoning module PerforceSourceControl (88)
[2015.04.20-20.26.44:125][ 81]LogModuleManager: Shutting down and abandoning module SourceControl (87)
[2015.04.20-20.26.44:125][ 81]LogModuleManager: Shutting down and abandoning module GitSourceControl (86)
[2015.04.20-20.26.44:125][ 81]LogModuleManager: Shutting down and abandoning module BlankPlugin (85)
[2015.04.20-20.26.44:125][ 81]LogModuleManager: Shutting down and abandoning module PaperTiledImporter (84)
[2015.04.20-20.26.44:125][ 81]LogModuleManager: Shutting down and abandoning module PaperJsonImporter (83)
[2015.04.20-20.26.44:125][ 81]LogModuleManager: Shutting down and abandoning module ContentBrowser (82)
[2015.04.20-20.26.44:126][ 81]LogModuleManager: Shutting down and abandoning module Paper2DEditor (81)
[2015.04.20-20.26.44:126][ 81]LogModuleManager: Shutting down and abandoning module ScriptPlugin (80)
[2015.04.20-20.26.44:126][ 81]LogModuleManager: Shutting down and abandoning module UdpMessaging (79)
[2015.04.20-20.26.44:227][ 81]LogModuleManager: Shutting down and abandoning module Paper2D (78)
[2015.04.20-20.26.44:227][ 81]LogModuleManager: Shutting down and abandoning module WindowsMoviePlayer (77)
[2015.04.20-20.26.44:227][ 81]LogModuleManager: Shutting down and abandoning module Media (76)
[2015.04.20-20.26.44:227][ 81]LogModuleManager: Shutting down and abandoning module WmfMedia (75)
[2015.04.20-20.26.44:227][ 81]LogModuleManager: Shutting down and abandoning module OnlineBlueprintSupport (74)
[2015.04.20-20.26.44:227][ 81]LogModuleManager: Shutting down and abandoning module PropertyEditor (73)
[2015.04.20-20.26.44:227][ 81]LogModuleManager: Shutting down and abandoning module BehaviorTreeEditor (72)
[2015.04.20-20.26.44:227][ 81]LogModuleManager: Shutting down and abandoning module FunctionalTesting (71)
[2015.04.20-20.26.44:227][ 81]LogModuleManager: Shutting down and abandoning module CollisionAnalyzer (70)
[2015.04.20-20.26.44:227][ 81]LogModuleManager: Shutting down and abandoning module WorkspaceMenuStructure (69)
[2015.04.20-20.26.44:227][ 81]LogModuleManager: Shutting down and abandoning module MessageLog (68)
[2015.04.20-20.26.44:227][ 81]LogModuleManager: Shutting down and abandoning module Sequencer (67)
[2015.04.20-20.26.44:227][ 81]LogModuleManager: Shutting down and abandoning module AssetTools (66)
[2015.04.20-20.26.44:227][ 81]LogModuleManager: Shutting down and abandoning module UMGEditor (65)
[2015.04.20-20.26.44:227][ 81]LogModuleManager: Shutting down and abandoning module UMG (64)
[2015.04.20-20.26.44:227][ 81]LogModuleManager: Shutting down and abandoning module Slate (63)
[2015.04.20-20.26.44:227][ 81]LogModuleManager: Shutting down and abandoning module EditorStyle (62)
[2015.04.20-20.26.44:235][ 81]LogModuleManager: Shutting down and abandoning module SessionServices (61)
[2015.04.20-20.26.44:235][ 81]LogModuleManager: Shutting down and abandoning module SourceCodeAccess (60)
[2015.04.20-20.26.44:235][ 81]LogModuleManager: Shutting down and abandoning module HeadMountedDisplay (59)
[2015.04.20-20.26.44:235][ 81]LogModuleManager: Shutting down and abandoning module XAudio2 (58)
[2015.04.20-20.26.44:235][ 81]LogModuleManager: Shutting down and abandoning module Networking (56)
[2015.04.20-20.26.44:235][ 81]LogModuleManager: Shutting down and abandoning module Core (55)
[2015.04.20-20.26.44:235][ 81]LogModuleManager: Shutting down and abandoning module KismetCompiler (54)
[2015.04.20-20.26.44:235][ 81]LogModuleManager: Shutting down and abandoning module PhysXFormats (53)
[2015.04.20-20.26.44:235][ 81]LogModuleManager: Shutting down and abandoning module MeshUtilities (52)
[2015.04.20-20.26.44:235][ 81]LogModuleManager: Shutting down and abandoning module DerivedDataCache (51)
[2015.04.20-20.26.44:245][ 81]LogDerivedDataCache: Shutdown
[2015.04.20-20.26.44:245][ 81]LogModuleManager: Shutting down and abandoning module ShaderFormatOpenGL (50)
[2015.04.20-20.26.44:245][ 81]LogModuleManager: Shutting down and abandoning module ShaderFormatD3D (49)
[2015.04.20-20.26.44:245][ 81]LogModuleManager: Shutting down and abandoning module MetalShaderFormat (48)
[2015.04.20-20.26.44:245][ 81]LogModuleManager: Shutting down and abandoning module TextureFormatUncompressed (47)
[2015.04.20-20.26.44:245][ 81]LogModuleManager: Shutting down and abandoning module TextureFormatPVR (46)
[2015.04.20-20.26.44:245][ 81]LogModuleManager: Shutting down and abandoning module TextureFormatIntelISPCTexComp (45)
[2015.04.20-20.26.44:245][ 81]LogModuleManager: Shutting down and abandoning module TextureFormatDXT (44)
[2015.04.20-20.26.44:245][ 81]LogModuleManager: Shutting down and abandoning module ImageWrapper (43)
[2015.04.20-20.26.44:245][ 81]LogModuleManager: Shutting down and abandoning module TextureFormatASTC (42)
[2015.04.20-20.26.44:245][ 81]LogModuleManager: Shutting down and abandoning module TextureFormatAndroid (41)
[2015.04.20-20.26.44:245][ 81]LogModuleManager: Shutting down and abandoning module AudioFormatOpus (40)
[2015.04.20-20.26.44:245][ 81]LogModuleManager: Shutting down and abandoning module AudioFormatOgg (39)
[2015.04.20-20.26.44:245][ 81]LogModuleManager: Shutting down and abandoning module AudioFormatADPCM (38)
[2015.04.20-20.26.44:245][ 81]LogModuleManager: Shutting down and abandoning module LinuxTargetPlatform (37)
[2015.04.20-20.26.44:245][ 81]LogModuleManager: Shutting down and abandoning module LinuxServerTargetPlatform (36)
[2015.04.20-20.26.44:245][ 81]LogModuleManager: Shutting down and abandoning module LinuxNoEditorTargetPlatform (35)
[2015.04.20-20.26.44:245][ 81]LogModuleManager: Shutting down and abandoning module Messaging (34)
[2015.04.20-20.26.44:245][ 81]LogModuleManager: Shutting down and abandoning module IOSTargetPlatform (33)
[2015.04.20-20.26.44:245][ 81]LogModuleManager: Shutting down and abandoning module HTML5TargetPlatform (32)
[2015.04.20-20.26.44:245][ 81]LogModuleManager: Shutting down and abandoning module Android_PVRTCTargetPlatform (31)
[2015.04.20-20.26.44:245][ 81]LogModuleManager: Shutting down and abandoning module Android_ETC2TargetPlatform (30)
[2015.04.20-20.26.44:245][ 81]LogModuleManager: Shutting down and abandoning module Android_ETC1TargetPlatform (29)
[2015.04.20-20.26.44:245][ 81]LogModuleManager: Shutting down and abandoning module Android_ES31TargetPlatform (28)
[2015.04.20-20.26.44:245][ 81]LogModuleManager: Shutting down and abandoning module Android_DXTTargetPlatform (27)
[2015.04.20-20.26.44:245][ 81]LogModuleManager: Shutting down and abandoning module Android_ATCTargetPlatform (26)
[2015.04.20-20.26.44:245][ 81]LogModuleManager: Shutting down and abandoning module AndroidTargetPlatform (25)
[2015.04.20-20.26.44:245][ 81]LogModuleManager: Shutting down and abandoning module WindowsTargetPlatform (24)
[2015.04.20-20.26.44:245][ 81]LogModuleManager: Shutting down and abandoning module WindowsServerTargetPlatform (23)
[2015.04.20-20.26.44:245][ 81]LogModuleManager: Shutting down and abandoning module WindowsNoEditorTargetPlatform (22)
[2015.04.20-20.26.44:245][ 81]LogModuleManager: Shutting down and abandoning module WindowsClientTargetPlatform (21)
[2015.04.20-20.26.44:245][ 81]LogModuleManager: Shutting down and abandoning module TargetPlatform (20)
[2015.04.20-20.26.44:245][ 81]LogModuleManager: Shutting down and abandoning module InputCore (19)
[2015.04.20-20.26.44:245][ 81]LogModuleManager: Shutting down and abandoning module Settings (18)
[2015.04.20-20.26.44:245][ 81]LogModuleManager: Shutting down and abandoning module OnlineSubsystem (16)
[2015.04.20-20.26.44:245][ 81]LogModuleManager: Shutting down and abandoning module OculusRift (15)
[2015.04.20-20.26.44:245][ 81]LogModuleManager: Shutting down and abandoning module ExampleDeviceProfileSelector (14)
[2015.04.20-20.26.44:245][ 81]LogModuleManager: Shutting down and abandoning module TextureCompressor (13)
[2015.04.20-20.26.44:245][ 81]LogModuleManager: Shutting down and abandoning module ShaderCore (12)
[2015.04.20-20.26.44:245][ 81]LogModuleManager: Shutting down and abandoning module Landscape (11)
[2015.04.20-20.26.44:245][ 81]LogModuleManager: Shutting down and abandoning module SlateRHIRenderer (10)
[2015.04.20-20.26.44:249][ 81]LogModuleManager: Shutting down and abandoning module OpenGLDrv (9)
[2015.04.20-20.26.44:249][ 81]LogModuleManager: Shutting down and abandoning module D3D11RHI (8)
[2015.04.20-20.26.44:249][ 81]LogModuleManager: Shutting down and abandoning module Renderer (7)
[2015.04.20-20.26.44:249][ 81]LogModuleManager: Shutting down and abandoning module Engine (6)
[2015.04.20-20.26.44:249][ 81]LogModuleManager: Shutting down and abandoning module CoreUObject (5)
[2015.04.20-20.26.44:249][ 81]LogModuleManager: Shutting down and abandoning module NetworkFile (4)
[2015.04.20-20.26.44:249][ 81]LogModuleManager: Shutting down and abandoning module StreamingFile (3)
[2015.04.20-20.26.44:249][ 81]LogModuleManager: Shutting down and abandoning module SandboxFile (2)
[2015.04.20-20.26.44:249][ 81]LogModuleManager: Shutting down and abandoning module PakFile (1)
[2015.04.20-20.26.44:249][ 81]LogExit: Exiting.
[2015.04.20-20.26.44:254][ 81]Log file closed, 04/20/15 22:26:44
