Log file open, 04/23/15 22:36:34
LogInit:Display: Running engine for game: BlindPersonShooter
LogInit: Version: 4.7.6-2513093+++depot+UE4-Releases+4.7
LogInit: API Version: 2455222
LogInit: Compiled (64-bit): Apr 15 2015 12:09:54
LogInit: Compiled with Visual C++: 18.00.21005.01
LogInit: Build Configuration: Development
LogInit: Branch Name: ++depot+UE4-Releases+4.7
LogInit: Command line:  /Temp/Autosaves/Game/FirstPersonBP/Maps/UEDPCFirstPersonExampleMap -game -PIEVIACONSOLE -ResX=1280 -ResY=720  -Multiprocess 
LogInit: Base directory: C:/Program Files/Epic Games/4.7/Engine/Binaries/Win64/
LogInit: Rocket: 1
[2015.04.23-20.36.34:494][  0]LogTaskGraph: Started task graph with 3 named threads and 6 total threads.
[2015.04.23-20.36.34:557][  0]LogOnline:Warning: No default platform service specified for OnlineSubsystem
[2015.04.23-20.36.34:595][  0]LogInit: Presizing for 0 objects not considered by GC, pre-allocating 0 bytes.
[2015.04.23-20.36.34:603][  0]LogInit: Object subsystem initialized
[2015.04.23-20.36.34:605][  0]LogConsoleResponse:Warning: Skipping Unknown console variable: 'TranslucentSortAxis = (X=0.000000,Y=-1.000000,Z=0.000000)'
[2015.04.23-20.36.34:605][  0]LogConsoleResponse:Warning:   Found in ini file 'C:/Users/Wouter/Documents/Unreal Projects/BlindPersonShooter/Saved/Config/Windows/Engine.ini', in section '[/Script/Engine.RendererSettings]'
[2015.04.23-20.36.34:605][  0]LogConsoleResponse:Warning: Skipping Unknown console variable: 'UIScaleRule = ShortestSide'
[2015.04.23-20.36.34:605][  0]LogConsoleResponse:Warning:   Found in ini file 'C:/Users/Wouter/Documents/Unreal Projects/BlindPersonShooter/Saved/Config/Windows/Engine.ini', in section '[/Script/Engine.RendererSettings]'
[2015.04.23-20.36.34:605][  0]LogConsoleResponse:Warning: Skipping Unknown console variable: 'UIScaleCurve = (EditorCurveData=(Keys=),ExternalCurve=None)'
[2015.04.23-20.36.34:605][  0]LogConsoleResponse:Warning:   Found in ini file 'C:/Users/Wouter/Documents/Unreal Projects/BlindPersonShooter/Saved/Config/Windows/Engine.ini', in section '[/Script/Engine.RendererSettings]'
[2015.04.23-20.36.34:605][  0]LogInit: Selected Device Profile: [Windows]
[2015.04.23-20.36.34:605][  0]LogInit: Applying CVar settings loaded from the selected device profile: [Windows]
[2015.04.23-20.36.34:611][  0]LogInit: Computer: WOUTER-PC
[2015.04.23-20.36.34:611][  0]LogInit: User: Wouter
[2015.04.23-20.36.34:611][  0]LogInit: CPU Page size=4096, Cores=4
[2015.04.23-20.36.34:611][  0]LogInit: High frequency timer resolution =3.222690 MHz
[2015.04.23-20.36.34:611][  0]LogMemory: Memory total: Physical=8.0GB (8GB approx) Virtual=131072.0GB
[2015.04.23-20.36.34:611][  0]LogMemory: Platform Memory Stats for Windows
[2015.04.23-20.36.34:611][  0]LogMemory: Process Physical Memory: 46.61 MB used, 46.61 MB peak
[2015.04.23-20.36.34:611][  0]LogMemory: Process Virtual Memory: 28.73 MB used, 28.73 MB peak
[2015.04.23-20.36.34:611][  0]LogMemory: Physical Memory: 3900.82 MB used, 8167.08 MB total
[2015.04.23-20.36.34:611][  0]LogMemory: Virtual Memory: 292.43 MB used, 134217728.00 MB total
[2015.04.23-20.36.34:726][  0]LogD3D11RHI: Found D3D11 adapter 0: AMD Radeon HD 6900 Series (Feature Level 11_0)
[2015.04.23-20.36.34:726][  0]LogD3D11RHI: Adapter has 2032MB of dedicated video memory, 0MB of dedicated system memory, and 3840MB of shared system memory, 2 output[s]
[2015.04.23-20.36.34:729][  0]LogD3D11RHI: Found D3D11 adapter 1: Microsoft Basic Render Driver (Feature Level 11_0)
[2015.04.23-20.36.34:729][  0]LogD3D11RHI: Adapter has 0MB of dedicated video memory, 0MB of dedicated system memory, and 256MB of shared system memory, 0 output[s]
[2015.04.23-20.36.34:729][  0]LogD3D11RHI: Chosen D3D11 Adapter Id = 0
[2015.04.23-20.36.34:742][  0]LogRHI: Texture pool is 1361 MB (70% of 1945 MB)
[2015.04.23-20.36.34:757][  0]LogD3D11RHI: Async texture creation disabled: no driver support
[2015.04.23-20.36.34:912][  0]LogTextLocalizationManager: The requested culture ('en_US') has no localization data; parent culture's ('en') localization data will be used.
[2015.04.23-20.36.34:963][  0]LogTextLocalizationManager:Warning: Loading localization resources contain conflicting entries for (Namespace:UICommands, Key:Save_ToolTip):
Resource: (C:/Program Files/Epic Games/4.7/Engine/Content/Localization/Editor/en/Editor.locres) Hash: (-29098895) String: (Saves the current level to disk)
Resource: (C:/Program Files/Epic Games/4.7/Engine/Content/Localization/Engine/en/Engine.locres) Hash: (-1280300587) String: (Save selected data to vlog file)
[2015.04.23-20.36.34:963][  0]LogTextLocalizationManager:Warning: Loading localization resources contain conflicting entries for (Namespace:ContentBrowser, Key:ImportAssetToolTip):
Resource: (C:/Program Files/Epic Games/4.7/Engine/Content/Localization/Editor/en/Editor.locres) Hash: (-630476809) String: (Import to {0}...)
Resource: (C:/Program Files/Epic Games/4.7/Engine/Content/Localization/Editor/en/Editor.locres) Hash: (1271782899) String: (Imports an asset from file to this folder.)
[2015.04.23-20.36.35:033][  0]LogContentStreaming: Texture pool size is 1000.000000MB
[2015.04.23-20.36.37:278][  0]LogTargetPlatformManager:Display: Building Assets For Windows
[2015.04.23-20.36.37:992][  0]LogTargetPlatformManager:Display: Building Assets For Windows
[2015.04.23-20.36.38:082][  0]LogDerivedDataCache:Display: Max Cache Size: 512 MB
[2015.04.23-20.36.38:114][  0]LogDerivedDataCache: Loaded boot cache 0.03s 39MB C:/Users/Wouter/AppData/Local/UnrealEngine/4.7/DerivedDataCache/Boot.ddc.
[2015.04.23-20.36.38:114][  0]LogDerivedDataCache:Display: Loaded Boot cache: C:/Users/Wouter/AppData/Local/UnrealEngine/4.7/DerivedDataCache/Boot.ddc
[2015.04.23-20.36.38:114][  0]LogDerivedDataCache: FDerivedDataBackendGraph:  Pak pak cache file ../../../../../../Users/Wouter/Documents/Unreal Projects/BlindPersonShooter/DerivedDataCache/DDC.ddp not found, will not use a pak cache.
[2015.04.23-20.36.38:114][  0]LogDerivedDataCache: Unable to find inner node Pak for hierarchical cache Hierarchy.
[2015.04.23-20.36.38:210][  0]LogDerivedDataCache:Display: Pak cache opened for reading ../../../Engine/DerivedDataCache/Compressed.ddp.
[2015.04.23-20.36.38:222][  0]LogDerivedDataCache: Using Local data cache path C:/Users/Wouter/AppData/Local/UnrealEngine/Common/DerivedDataCache: Writable
[2015.04.23-20.36.38:523][  0]LogMeshUtilities: No automatic mesh reduction module available
[2015.04.23-20.36.38:523][  0]LogMeshUtilities: No automatic mesh merging module available
[2015.04.23-20.36.38:863][  0]LogInit: WinSock: version 1.1 (2.2), MaxSocks=32767, MaxUdp=65467
[2015.04.23-20.36.39:560][  0]LogWindowsMoviePlayer: Unable to load movie: ../../../../../../Users/Wouter/Documents/Unreal Projects/BlindPersonShooter/Content/Movies/Default_Startup.mp4
[2015.04.23-20.36.39:831][  0]LogSourceControl: RunCommandInternalRaw: 'git version'
[2015.04.23-20.36.39:832][  0]LogSourceControl: RunCommandInternalRaw: ExecProcess ReturnCode=2 OutResults=''
[2015.04.23-20.36.39:896][  0]SourceControl: Info Source control is disabled
[2015.04.23-20.36.39:896][  0]SourceControl: Info Source control is disabled
[2015.04.23-20.36.39:896][  0]SourceControl: Info Source control is disabled
[2015.04.23-20.36.39:912][  0]SourceControl: Info Source control is disabled
[2015.04.23-20.36.40:087][  0]LogObj: 23971 objects as part of root set at end of initial load.
[2015.04.23-20.36.40:087][  0]LogUObjectAllocator: 4988928 out of 0 bytes used by permanent object pool.
[2015.04.23-20.36.40:188][  0]LogAutomationTest:Warning: ERR: Transient text cannot be serialized "Testing Transient serialization detection".
[2015.04.23-20.36.40:189][  0]LogEngine: Initializing Engine...
[2015.04.23-20.36.40:190][  0]LogHMD:Warning: HMD Oculus Rift DK2, Monitor , res = 1920 x 1080, windowPos = {0, 0}
[2015.04.23-20.36.40:191][  0]LogHMD: Oculus plugin initialized. Version: 4.7.6-2513093+++depot+UE4-Releases+4.7, LibOVR: 0.4.4, built Apr 15 2015, 12:16:04
[2015.04.23-20.36.40:304][  0]LogInit: XAudio2 using 'Speakers (Realtek High Definition Audio)' : 2 channels at 48 kHz using 32 bits per sample (channel mask 0x3)
[2015.04.23-20.36.40:312][  0]LogInit: FAudioDevice initialized.
[2015.04.23-20.36.40:317][  0]LogInit: Texture streaming: Enabled
[2015.04.23-20.36.40:417][  0]LogAnalytics: Creating configured Analytics provider AnalyticsET
[2015.04.23-20.36.40:417][  0]LogAnalytics: ET APIKey = Rocket.Release. APIServer = http://et2.epicgames.com/ET2/. AppVersion = 4.7.6-2513093+++depot+UE4-Releases+4.7
[2015.04.23-20.36.40:417][  0]LogAnalytics: ET APIKey = Rocket.Release. DataRouterUploadURL = https://datarouter-public-service-gamedev.ol.epicgames.net/datarouter/api/v1/public/data. AppVersion = 4.7.6-2513093+++depot+UE4-Releases+4.7
[2015.04.23-20.36.40:417][  0]LogAnalytics: SetUserId 7b6bbb2b4b1c643f97d6798f1001496e|f307042b1d2f4c46a4ba52bf0d9fc354|b90fe644-cef2-4d5d-81b9-41cf3ecc3bcd
[2015.04.23-20.36.40:417][  0]LogAnalytics: AnalyticsET::StartSession [Rocket.Release]
[2015.04.23-20.36.40:465][  0]LogNet: Browse: /Temp/Autosaves/Game/FirstPersonBP/Maps/UEDPCFirstPersonExampleMap?Name=Player
[2015.04.23-20.36.40:465][  0]LogLoad: LoadMap: /Temp/Autosaves/Game/FirstPersonBP/Maps/UEDPCFirstPersonExampleMap?Name=Player
[2015.04.23-20.36.40:473][  0]LogMemory: Platform Memory Stats for Windows
[2015.04.23-20.36.40:473][  0]LogMemory: Process Physical Memory: 270.35 MB used, 275.00 MB peak
[2015.04.23-20.36.40:473][  0]LogMemory: Process Virtual Memory: 208.36 MB used, 214.09 MB peak
[2015.04.23-20.36.40:473][  0]LogMemory: Physical Memory: 4003.28 MB used, 8167.08 MB total
[2015.04.23-20.36.40:473][  0]LogMemory: Virtual Memory: 654.19 MB used, 134217728.00 MB total
[2015.04.23-20.36.40:473][  0]LogMemory: 
[2015.04.23-20.36.40:473][  0]Allocator Stats for TBB: (not implemented)
[2015.04.23-20.36.40:870][  0]LogLinker:Warning: Asset '../../../Engine/Content/EngineMeshes/Humanoid.uasset' has been saved with empty engine version. The asset will be loaded but may be incompatible.
[2015.04.23-20.36.41:005][  0]LogWorld: Game class is 'FirstPersonGameMode_C'
[2015.04.23-20.36.41:869][  0]LogAIModule: Creating AISystem for world FirstPersonExampleMap
[2015.04.23-20.36.41:872][  0]LogWorld: Bringing World /Temp/Autosaves/Game/FirstPersonBP/Maps/UEDPCFirstPersonExampleMap.FirstPersonExampleMap up for play (max tick rate 0) at 2015.04.23-22.36.41
[2015.04.23-20.36.41:873][  0]LogWorld: Bringing up level for play took: 0.003496
[2015.04.23-20.36.41:873][  0]LogInit:Display: Game Engine Initialized.
[2015.04.23-20.36.42:098][  0]OCULUS: [From Service] [TrackedHMD] cameraToHMDoffset: -2, was 0
[2015.04.23-20.36.42:098][  0]OCULUS: [From Service] [TrackedHMD] Ransac failed
[2015.04.23-20.36.42:098][  0]OCULUS: [From Service] 
Camera Aligned with Gravity: change 27.7 deg, 89 mm, conf 0.0709
[2015.04.23-20.36.42:098][  0]OCULUS: [From Service]   Camera Position (-78.9, -39.4, 12.4)
[2015.04.23-20.36.42:098][  0]OCULUS: [From Service]   Up in Camera Frame (0.456, 0.886, -0.087)

[2015.04.23-20.36.42:142][  0]LogLoad: Full Startup: 8.86 seconds (BP compile: 0.17 seconds)
[2015.04.23-20.36.42:226][  2]LogRenderer:Warning: Reallocating scene render targets to support 1280x720 (Frame:2).
[2015.04.23-20.36.42:796][ 29]OCULUS: [From Service] 
Camera Aligned with Gravity: change 15.6 deg, 44 mm, conf 0.37
[2015.04.23-20.36.42:796][ 29]OCULUS: [From Service]   Camera Position (-75.7, 4.8, 14.0)
[2015.04.23-20.36.42:796][ 29]OCULUS: [From Service]   Up in Camera Frame (0.210, 0.977, -0.021)

[2015.04.23-20.36.43:597][139]OCULUS: [From Service] 
Camera Aligned with Gravity: change 12.5 deg, 57 mm, conf 0.571
[2015.04.23-20.36.43:597][139]OCULUS: [From Service]   Camera Position (-48.9, 54.7, 5.6)
[2015.04.23-20.36.43:597][139]OCULUS: [From Service]   Up in Camera Frame (0.003, 0.999, 0.041)

[2015.04.23-20.36.43:696][153]OCULUS: [From Service] [TrackedHMD] Initial camera latency: 1.02 frames
[2015.04.23-20.36.48:481][815]OCULUS: [From Service] 
Camera Aligned with Gravity: change 1.8 deg, 15 mm, conf 0.751
[2015.04.23-20.36.48:481][815]OCULUS: [From Service]   Camera Position (-49.5, 69.5, 5.6)
[2015.04.23-20.36.48:481][815]OCULUS: [From Service]   Up in Camera Frame (-0.018, 0.998, 0.065)

[2015.04.23-20.36.57:124][ 28]LogHMD:Warning: Vision Tracking Acquired
[2015.04.23-20.36.57:133][ 28]LogRenderer:Warning: Reallocating scene render targets to support 1920x1080 (Frame:2030).
[2015.04.23-20.36.57:185][ 28]LogRenderer:Warning: Reallocating scene render targets to support 2600x1464 (Frame:2031).
[2015.04.23-20.36.57:251][ 30]LogRenderTargetPool:Warning: r.RenderTargetPoolMin exceeded 488/400 MB (ok in editor, bad on fixed memory platform)
[2015.04.23-20.36.57:378][ 32]OCULUS: [From Service] [FrameCounterSync] Unable to find time for frame 12152, last was 12151
[2015.04.23-20.36.57:379][ 32]OCULUS: [From Service] [TrackedHMD] GetVisionPrediction failed: Capture time -1.0000
[2015.04.23-20.36.57:436][ 33]LogHMD:Warning: Lost Vision Tracking
[2015.04.23-20.36.57:546][ 36]OCULUS: [From Service] [TrackedHMD] Modulation sequence decoding failed
[2015.04.23-20.36.57:573][ 37]OCULUS: [From Service] Lost 13 IMU samples: 2124 2 15
[2015.04.23-20.36.57:585][ 37]OCULUS: [From Service] {ERR-017} [HMD] WARNING: LED state change unverified!
[2015.04.23-20.36.57:596][ 37]LogHMD:Warning: Vision Tracking Acquired
[2015.04.23-20.36.57:599][ 38]OCULUS: [From Service] {ERR-017} [HMD] WARNING: LED state change unverified!
[2015.04.23-20.36.57:617][ 38]OCULUS: [From Service] {ERR-017} [HMD] WARNING: LED state change unverified!
[2015.04.23-20.36.57:636][ 38]OCULUS: [From Service] {ERR-017} [HMD] WARNING: LED state change unverified!
[2015.04.23-20.36.57:651][ 39]OCULUS: [From Service] {ERR-017} [HMD] WARNING: LED state change unverified!
[2015.04.23-20.36.57:669][ 39]OCULUS: [From Service] {ERR-017} [HMD] WARNING: LED state change unverified!
[2015.04.23-20.36.57:685][ 40]OCULUS: [From Service] {ERR-017} [HMD] WARNING: LED state change unverified!
[2015.04.23-20.36.57:702][ 40]OCULUS: [From Service] {ERR-017} [HMD] WARNING: LED state change unverified!
[2015.04.23-20.36.57:716][ 40]OCULUS: [From Service] {ERR-017} [HMD] WARNING: LED state change unverified!
[2015.04.23-20.36.57:734][ 41]OCULUS: [From Service] {ERR-017} [HMD] WARNING: LED state change unverified!
[2015.04.23-20.36.57:749][ 41]OCULUS: [From Service] {ERR-017} [HMD] WARNING: LED state change unverified!
[2015.04.23-20.36.57:768][ 42]OCULUS: [From Service] {ERR-017} [HMD] WARNING: LED state change unverified!
[2015.04.23-20.36.57:785][ 42]OCULUS: [From Service] {ERR-017} [HMD] WARNING: LED state change unverified!
[2015.04.23-20.36.57:800][ 43]OCULUS: [From Service] {ERR-017} [HMD] WARNING: LED state change unverified!
[2015.04.23-20.36.57:819][ 43]OCULUS: [From Service] {ERR-017} [HMD] WARNING: LED state change unverified!
[2015.04.23-20.36.57:833][ 44]OCULUS: [From Service] {ERR-017} [HMD] WARNING: LED state change unverified!
[2015.04.23-20.36.57:851][ 44]OCULUS: [From Service] {ERR-017} [HMD] WARNING: LED state change unverified!
[2015.04.23-20.36.57:866][ 45]OCULUS: [From Service] {ERR-017} [HMD] WARNING: LED state change unverified!
[2015.04.23-20.36.57:884][ 45]OCULUS: [From Service] {ERR-017} [HMD] WARNING: LED state change unverified!
[2015.04.23-20.36.57:899][ 45]OCULUS: [From Service] {ERR-017} [HMD] WARNING: LED state change unverified!
[2015.04.23-20.36.57:917][ 46]OCULUS: [From Service] {ERR-017} [HMD] WARNING: LED state change unverified!
[2015.04.23-20.36.57:935][ 46]OCULUS: [From Service] {ERR-017} [HMD] WARNING: LED state change unverified!
[2015.04.23-20.36.57:951][ 47]OCULUS: [From Service] {ERR-017} [HMD] WARNING: LED state change unverified!
[2015.04.23-20.36.57:968][ 47]OCULUS: [From Service] {ERR-017} [HMD] WARNING: LED state change unverified!
[2015.04.23-20.36.57:983][ 47]OCULUS: [From Service] {ERR-017} [HMD] WARNING: LED state change unverified!
[2015.04.23-20.36.58:001][ 48]OCULUS: [From Service] {ERR-017} [HMD] WARNING: LED state change unverified!
[2015.04.23-20.36.58:016][ 48]OCULUS: [From Service] {ERR-017} [HMD] WARNING: LED state change unverified!
[2015.04.23-20.36.58:034][ 49]OCULUS: [From Service] {ERR-017} [HMD] WARNING: LED state change unverified!
[2015.04.23-20.36.58:049][ 49]OCULUS: [From Service] {ERR-017} [HMD] WARNING: LED state change unverified!
[2015.04.23-20.36.58:067][ 50]OCULUS: [From Service] {ERR-017} [HMD] WARNING: LED state change unverified!
[2015.04.23-20.36.58:085][ 50]OCULUS: [From Service] {ERR-017} [HMD] WARNING: LED state change unverified!
[2015.04.23-20.36.58:100][ 50]OCULUS: [From Service] {ERR-017} [HMD] WARNING: LED state change unverified!
[2015.04.23-20.36.58:118][ 51]OCULUS: [From Service] {ERR-017} [HMD] WARNING: LED state change unverified!
[2015.04.23-20.36.58:133][ 51]OCULUS: [From Service] {ERR-017} [HMD] WARNING: LED state change unverified!
[2015.04.23-20.36.58:151][ 52]OCULUS: [From Service] {ERR-017} [HMD] WARNING: LED state change unverified!
[2015.04.23-20.36.58:166][ 52]OCULUS: [From Service] {ERR-017} [HMD] WARNING: LED state change unverified!
[2015.04.23-20.36.58:184][ 53]OCULUS: [From Service] {ERR-017} [HMD] WARNING: LED state change unverified!
[2015.04.23-20.36.58:199][ 53]OCULUS: [From Service] {ERR-017} [HMD] WARNING: LED state change unverified!
[2015.04.23-20.36.58:217][ 53]OCULUS: [From Service] {ERR-017} [HMD] WARNING: LED state change unverified!
[2015.04.23-20.36.58:235][ 54]OCULUS: [From Service] {ERR-017} [HMD] WARNING: LED state change unverified!
[2015.04.23-20.36.58:250][ 54]OCULUS: [From Service] {ERR-017} [HMD] WARNING: LED state change unverified!
[2015.04.23-20.36.58:268][ 55]OCULUS: [From Service] {ERR-017} [HMD] WARNING: LED state change unverified!
[2015.04.23-20.36.58:283][ 55]OCULUS: [From Service] {ERR-017} [HMD] WARNING: LED state change unverified!
[2015.04.23-20.36.58:301][ 55]OCULUS: [From Service] {ERR-017} [HMD] WARNING: LED state change unverified!
[2015.04.23-20.36.58:309][ 56]OCULUS: [From Service] Lost 2 IMU samples: 3998 2 4
[2015.04.23-20.36.58:316][ 56]OCULUS: [From Service] {ERR-017} [HMD] WARNING: LED state change unverified!
[2015.04.23-20.36.58:334][ 56]OCULUS: [From Service] {ERR-017} [HMD] WARNING: LED state change unverified!
[2015.04.23-20.36.58:349][ 57]OCULUS: [From Service] {ERR-017} [HMD] WARNING: LED state change unverified!
[2015.04.23-20.36.58:367][ 57]OCULUS: [From Service] {ERR-017} [HMD] WARNING: LED state change unverified!
[2015.04.23-20.36.58:385][ 58]OCULUS: [From Service] {ERR-017} [HMD] WARNING: LED state change unverified!
[2015.04.23-20.36.58:400][ 58]OCULUS: [From Service] {ERR-017} [HMD] WARNING: LED state change unverified!
[2015.04.23-20.36.58:418][ 58]OCULUS: [From Service] {ERR-017} [HMD] WARNING: LED state change unverified!
[2015.04.23-20.36.58:433][ 59]OCULUS: [From Service] {ERR-017} [HMD] WARNING: LED state change unverified!
[2015.04.23-20.36.58:451][ 59]OCULUS: [From Service] {ERR-017} [HMD] WARNING: LED state change unverified!
[2015.04.23-20.36.58:466][ 60]OCULUS: [From Service] {ERR-017} [HMD] WARNING: LED state change unverified!
[2015.04.23-20.36.58:589][ 63]OCULUS: [From Service] Lost 2 IMU samples: 1998 2 4
[2015.04.23-20.37.42:104][519]Command not recognized: stat fos 1
[2015.04.23-20.38.07:315][290]OCULUS: [From Service] [FrameCounterSync] Unable to find time for frame 16301, last was 16300
[2015.04.23-20.38.07:315][290]OCULUS: [From Service] [TrackedHMD] GetVisionPrediction failed: Capture time -1.0000
[2015.04.23-20.38.07:315][290]OCULUS: [From Service] [ExternalCamera] Skipped 12 frames
[2015.04.23-20.38.07:315][290]OCULUS: [From Service] [TrackedHMD] Modulation sequence decoding failed
[2015.04.23-20.38.07:315][290]OCULUS: [From Service] [ExternalCamera] Skipped 9 frames
[2015.04.23-20.38.07:315][290]OCULUS: [From Service] [TrackedHMD] Modulation sequence decoding failed
[2015.04.23-20.38.07:315][290]OCULUS: [From Service] [FrameCounterSync] Unable to find time for frame 16336, last was 16322
[2015.04.23-20.38.07:315][290]OCULUS: [From Service] [FrameCounterSync] Unable to find time for frame 16337, last was 16322
[2015.04.23-20.38.07:315][290]OCULUS: [From Service] Lost 20 IMU samples: 21985 2 22
[2015.04.23-20.38.07:315][290]OCULUS: [From Service] [FrameCounterSync] Unable to find time for frame 16338, last was 16335
[2015.04.23-20.38.07:315][290]OCULUS: [From Service] [TrackedHMD] Ransac failed
[2015.04.23-20.38.07:315][290]OCULUS: [From Service] [FrameCounterSync] Unable to find time for frame 16341, last was 16340
[2015.04.23-20.38.07:315][290]OCULUS: [From Service] [TrackedHMD] GetVisionPrediction failed: Capture time -1.0000
[2015.04.23-20.38.07:315][290]LogHMD:Warning: Lost Vision Tracking
[2015.04.23-20.38.07:360][291]OCULUS: [From Service] [TrackedHMD] Modulation sequence decoding failed
[2015.04.23-20.38.07:390][291]OCULUS: [From Service] [TrackedHMD] Modulation sequence decoding failed
[2015.04.23-20.38.07:443][291]OCULUS: [From Service] [FrameCounterSync] Unable to find time for frame 16356, last was 16355
[2015.04.23-20.38.07:747][291]OCULUS: [From Service] [TrackedHMD] GetVisionPrediction failed: Capture time -1.0000
[2015.04.23-20.38.07:747][291]OCULUS: [From Service] [ExternalCamera] Skipped 13 frames
[2015.04.23-20.38.07:747][291]OCULUS: [From Service] Lost 10 IMU samples: 11992 2 12
[2015.04.23-20.38.07:836][291]OCULUS: [From Service] [TrackedHMD] Modulation sequence decoding failed
[2015.04.23-20.38.07:858][291]OCULUS: [From Service] [TrackedHMD] Modulation sequence decoding failed
[2015.04.23-20.38.08:134][291]OCULUS: [From Service] Lost 3 IMU samples: 1999 2 5
[2015.04.23-20.38.08:134][291]OCULUS: [From Service] [ExternalCamera] Skipped 12 frames
[2015.04.23-20.38.08:134][291]OCULUS: [From Service] [TrackedHMD] GetVisionPrediction failed: Capture time 626.0286
[2015.04.23-20.38.08:147][291]LogHMD:Warning: HMD Oculus Rift DK2, Monitor , res = 1920 x 1080, windowPos = {0, 0}
[2015.04.23-20.38.08:227][291]OCULUS: [From Service] [FrameCounterSync] Unable to find time for frame 16402, last was 16401
[2015.04.23-20.38.08:274][291]OCULUS: [From Service] [TrackedHMD] Modulation sequence decoding failed
[2015.04.23-20.38.08:274][291]LogRenderer:Warning: Reallocating scene render targets to support 800x600 (Frame:4295).
[2015.04.23-20.38.08:277][291]OCULUS: [From Service] [TrackedHMD] Modulation sequence decoding failed
[2015.04.23-20.38.08:340][291]LogRenderer:Warning: Reallocating scene render targets to support 1280x720 (Frame:4296).
[2015.04.23-20.38.15:707][257]LogRenderer:Warning: Reallocating scene render targets to support 784x568 (Frame:5264).
[2015.04.23-20.38.15:783][258]LogRenderer:Warning: Reallocating scene render targets to support 1280x720 (Frame:5265).
[2015.04.23-20.38.24:159][358]LogHMD:Warning: Vision Tracking Acquired
[2015.04.23-20.38.24:169][358]LogRenderer:Warning: Reallocating scene render targets to support 2600x1464 (Frame:6366).
[2015.04.23-20.38.24:229][360]LogRenderTargetPool:Warning: r.RenderTargetPoolMin exceeded 464/400 MB (ok in editor, bad on fixed memory platform)
[2015.04.23-20.38.24:360][362]OCULUS: [From Service] [FrameCounterSync] Unable to find time for frame 17371, last was 17370
[2015.04.23-20.38.24:360][362]OCULUS: [From Service] [TrackedHMD] GetVisionPrediction failed: Capture time -1.0000
[2015.04.23-20.38.24:424][363]LogHMD:Warning: Lost Vision Tracking
[2015.04.23-20.38.24:525][366]OCULUS: [From Service] [TrackedHMD] Modulation sequence decoding failed
[2015.04.23-20.38.24:561][367]OCULUS: [From Service] Lost 13 IMU samples: 1998 2 15
[2015.04.23-20.38.24:563][367]OCULUS: [From Service] {ERR-017} [HMD] WARNING: LED state change unverified!
[2015.04.23-20.38.24:571][367]LogHMD:Warning: Vision Tracking Acquired
[2015.04.23-20.38.24:580][368]OCULUS: [From Service] {ERR-017} [HMD] WARNING: LED state change unverified!
[2015.04.23-20.38.24:598][368]OCULUS: [From Service] {ERR-017} [HMD] WARNING: LED state change unverified!
[2015.04.23-20.38.24:613][369]OCULUS: [From Service] {ERR-017} [HMD] WARNING: LED state change unverified!
[2015.04.23-20.38.24:631][369]OCULUS: [From Service] {ERR-017} [HMD] WARNING: LED state change unverified!
[2015.04.23-20.38.24:646][369]OCULUS: [From Service] {ERR-017} [HMD] WARNING: LED state change unverified!
[2015.04.23-20.38.24:665][370]OCULUS: [From Service] {ERR-017} [HMD] WARNING: LED state change unverified!
[2015.04.23-20.38.24:680][370]OCULUS: [From Service] {ERR-017} [HMD] WARNING: LED state change unverified!
[2015.04.23-20.38.24:699][371]OCULUS: [From Service] {ERR-017} [HMD] WARNING: LED state change unverified!
[2015.04.23-20.38.24:713][371]OCULUS: [From Service] {ERR-017} [HMD] WARNING: LED state change unverified!
[2015.04.23-20.38.24:731][371]OCULUS: [From Service] {ERR-017} [HMD] WARNING: LED state change unverified!
[2015.04.23-20.38.24:749][372]OCULUS: [From Service] {ERR-017} [HMD] WARNING: LED state change unverified!
[2015.04.23-20.38.24:764][372]OCULUS: [From Service] {ERR-017} [HMD] WARNING: LED state change unverified!
[2015.04.23-20.38.24:782][373]OCULUS: [From Service] {ERR-017} [HMD] WARNING: LED state change unverified!
[2015.04.23-20.38.24:797][373]OCULUS: [From Service] {ERR-017} [HMD] WARNING: LED state change unverified!
[2015.04.23-20.38.24:815][374]OCULUS: [From Service] {ERR-017} [HMD] WARNING: LED state change unverified!
[2015.04.23-20.38.24:830][374]OCULUS: [From Service] {ERR-017} [HMD] WARNING: LED state change unverified!
[2015.04.23-20.38.24:830][374]OCULUS: [From Service] Lost 2 IMU samples: 3997 2 4
[2015.04.23-20.38.24:848][375]OCULUS: [From Service] {ERR-017} [HMD] WARNING: LED state change unverified!
[2015.04.23-20.38.24:863][375]OCULUS: [From Service] {ERR-017} [HMD] WARNING: LED state change unverified!
[2015.04.23-20.38.24:881][376]OCULUS: [From Service] {ERR-017} [HMD] WARNING: LED state change unverified!
[2015.04.23-20.38.24:899][376]OCULUS: [From Service] {ERR-017} [HMD] WARNING: LED state change unverified!
[2015.04.23-20.38.24:914][377]OCULUS: [From Service] {ERR-017} [HMD] WARNING: LED state change unverified!
[2015.04.23-20.38.24:931][377]OCULUS: [From Service] {ERR-017} [HMD] WARNING: LED state change unverified!
[2015.04.23-20.38.24:947][378]OCULUS: [From Service] {ERR-017} [HMD] WARNING: LED state change unverified!
[2015.04.23-20.38.24:965][378]OCULUS: [From Service] {ERR-017} [HMD] WARNING: LED state change unverified!
[2015.04.23-20.38.24:980][379]OCULUS: [From Service] {ERR-017} [HMD] WARNING: LED state change unverified!
[2015.04.23-20.38.24:997][379]OCULUS: [From Service] {ERR-017} [HMD] WARNING: LED state change unverified!
[2015.04.23-20.38.25:012][380]OCULUS: [From Service] {ERR-017} [HMD] WARNING: LED state change unverified!
[2015.04.23-20.38.25:031][380]OCULUS: [From Service] {ERR-017} [HMD] WARNING: LED state change unverified!
[2015.04.23-20.38.25:049][381]OCULUS: [From Service] {ERR-017} [HMD] WARNING: LED state change unverified!
[2015.04.23-20.38.25:063][381]OCULUS: [From Service] {ERR-017} [HMD] WARNING: LED state change unverified!
[2015.04.23-20.38.25:082][382]OCULUS: [From Service] {ERR-017} [HMD] WARNING: LED state change unverified!
[2015.04.23-20.38.25:097][382]OCULUS: [From Service] {ERR-017} [HMD] WARNING: LED state change unverified!
[2015.04.23-20.38.25:116][382]OCULUS: [From Service] {ERR-017} [HMD] WARNING: LED state change unverified!
[2015.04.23-20.38.25:129][383]OCULUS: [From Service] {ERR-017} [HMD] WARNING: LED state change unverified!
[2015.04.23-20.38.25:147][383]OCULUS: [From Service] {ERR-017} [HMD] WARNING: LED state change unverified!
[2015.04.23-20.38.25:162][384]OCULUS: [From Service] {ERR-017} [HMD] WARNING: LED state change unverified!
[2015.04.23-20.38.25:181][384]OCULUS: [From Service] {ERR-017} [HMD] WARNING: LED state change unverified!
[2015.04.23-20.38.25:198][384]OCULUS: [From Service] {ERR-017} [HMD] WARNING: LED state change unverified!
[2015.04.23-20.38.25:214][385]OCULUS: [From Service] {ERR-017} [HMD] WARNING: LED state change unverified!
[2015.04.23-20.38.25:232][386]OCULUS: [From Service] {ERR-017} [HMD] WARNING: LED state change unverified!
[2015.04.23-20.38.25:246][386]OCULUS: [From Service] {ERR-017} [HMD] WARNING: LED state change unverified!
[2015.04.23-20.38.25:264][386]OCULUS: [From Service] {ERR-017} [HMD] WARNING: LED state change unverified!
[2015.04.23-20.38.25:279][387]OCULUS: [From Service] {ERR-017} [HMD] WARNING: LED state change unverified!
[2015.04.23-20.38.25:298][387]OCULUS: [From Service] {ERR-017} [HMD] WARNING: LED state change unverified!
[2015.04.23-20.38.25:312][388]OCULUS: [From Service] {ERR-017} [HMD] WARNING: LED state change unverified!
[2015.04.23-20.38.25:330][388]OCULUS: [From Service] {ERR-017} [HMD] WARNING: LED state change unverified!
[2015.04.23-20.38.25:349][389]OCULUS: [From Service] {ERR-017} [HMD] WARNING: LED state change unverified!
[2015.04.23-20.38.25:363][389]OCULUS: [From Service] {ERR-017} [HMD] WARNING: LED state change unverified!
[2015.04.23-20.38.25:381][390]OCULUS: [From Service] {ERR-017} [HMD] WARNING: LED state change unverified!
[2015.04.23-20.38.25:396][390]OCULUS: [From Service] {ERR-017} [HMD] WARNING: LED state change unverified!
[2015.04.23-20.38.25:414][391]OCULUS: [From Service] {ERR-017} [HMD] WARNING: LED state change unverified!
[2015.04.23-20.38.25:429][391]OCULUS: [From Service] {ERR-017} [HMD] WARNING: LED state change unverified!
[2015.04.23-20.38.25:447][391]OCULUS: [From Service] {ERR-017} [HMD] WARNING: LED state change unverified!
[2015.04.23-20.38.25:578][395]OCULUS: [From Service] Lost 2 IMU samples: 1999 2 4
[2015.04.23-20.38.34:964][685]LogEngine: All Windows Closed
[2015.04.23-20.38.34:964][685]LogWindows: FPlatformMisc::RequestExit(0)
[2015.04.23-20.38.34:980][686]LogHMD: Oculus shutdown.
[2015.04.23-20.38.34:984][686]LogExit: Preparing to exit.
[2015.04.23-20.38.35:083][686]LogParticles: Destroying 0 GPU particle simulations for FXSystem 0x000000EFF66334C0
[2015.04.23-20.38.35:083][686]LogExit: Game engine shut down
[2015.04.23-20.38.35:179][686]LogExit: Object subsystem successfully closed.
[2015.04.23-20.38.35:234][686]LogModuleManager: Shutting down and abandoning module AndroidDeviceDetection (106)
[2015.04.23-20.38.35:279][686]LogModuleManager: Shutting down and abandoning module AutomationWorker (105)
[2015.04.23-20.38.35:279][686]LogModuleManager: Shutting down and abandoning module CharacterAI (104)
[2015.04.23-20.38.35:279][686]LogModuleManager: Shutting down and abandoning module AITestSuite (103)
[2015.04.23-20.38.35:279][686]LogModuleManager: Shutting down and abandoning module GameplayDebugger (102)
[2015.04.23-20.38.35:279][686]LogModuleManager: Shutting down and abandoning module AIModule (101)
[2015.04.23-20.38.35:279][686]LogModuleManager: Shutting down and abandoning module GameLiveStreaming (100)
[2015.04.23-20.38.35:279][686]LogModuleManager: Shutting down and abandoning module StreamingPauseRendering (99)
[2015.04.23-20.38.35:279][686]LogModuleManager: Shutting down and abandoning module HTTP (98)
[2015.04.23-20.38.35:279][686]LogModuleManager: Shutting down and abandoning module AnalyticsET (97)
[2015.04.23-20.38.35:279][686]LogModuleManager: Shutting down and abandoning module Analytics (96)
[2015.04.23-20.38.35:279][686]LogModuleManager: Shutting down and abandoning module ProfilerService (95)
[2015.04.23-20.38.35:512][686]LogModuleManager: Shutting down and abandoning module TaskGraph (94)
[2015.04.23-20.38.35:512][686]LogModuleManager: Shutting down and abandoning module SlateRemote (93)
[2015.04.23-20.38.35:512][686]LogModuleManager: Shutting down and abandoning module CustomMeshComponent (92)
[2015.04.23-20.38.35:512][686]LogModuleManager: Shutting down and abandoning module CableComponent (91)
[2015.04.23-20.38.35:512][686]LogModuleManager: Shutting down and abandoning module DesktopPlatform (90)
[2015.04.23-20.38.35:512][686]LogModuleManager: Shutting down and abandoning module DirectoryWatcher (89)
[2015.04.23-20.38.35:512][686]LogModuleManager: Shutting down and abandoning module HotReload (88)
[2015.04.23-20.38.35:512][686]LogModuleManager: Shutting down and abandoning module VisualStudioSourceCodeAccess (87)
[2015.04.23-20.38.35:512][686]LogModuleManager: Shutting down and abandoning module UObjectPlugin (86)
[2015.04.23-20.38.35:512][686]LogModuleManager: Shutting down and abandoning module SubversionSourceControl (85)
[2015.04.23-20.38.35:512][686]LogModuleManager: Shutting down and abandoning module GitSourceControl (84)
[2015.04.23-20.38.35:512][686]LogModuleManager: Shutting down and abandoning module SourceControl (83)
[2015.04.23-20.38.35:512][686]LogModuleManager: Shutting down and abandoning module PerforceSourceControl (82)
[2015.04.23-20.38.35:512][686]LogModuleManager: Shutting down and abandoning module BlankPlugin (81)
[2015.04.23-20.38.35:512][686]LogModuleManager: Shutting down and abandoning module ScriptPlugin (80)
[2015.04.23-20.38.35:512][686]LogModuleManager: Shutting down and abandoning module UdpMessaging (79)
[2015.04.23-20.38.35:512][686]LogModuleManager: Shutting down and abandoning module Paper2D (78)
[2015.04.23-20.38.35:512][686]LogModuleManager: Shutting down and abandoning module WindowsMoviePlayer (77)
[2015.04.23-20.38.35:516][686]LogModuleManager: Shutting down and abandoning module Media (76)
[2015.04.23-20.38.35:516][686]LogModuleManager: Shutting down and abandoning module WmfMedia (75)
[2015.04.23-20.38.35:516][686]LogModuleManager: Shutting down and abandoning module OnlineBlueprintSupport (74)
[2015.04.23-20.38.35:516][686]LogModuleManager: Shutting down and abandoning module PropertyEditor (73)
[2015.04.23-20.38.35:516][686]LogModuleManager: Shutting down and abandoning module BehaviorTreeEditor (72)
[2015.04.23-20.38.35:516][686]LogModuleManager: Shutting down and abandoning module FunctionalTesting (71)
[2015.04.23-20.38.35:516][686]LogModuleManager: Shutting down and abandoning module CollisionAnalyzer (70)
[2015.04.23-20.38.35:516][686]LogModuleManager: Shutting down and abandoning module WorkspaceMenuStructure (69)
[2015.04.23-20.38.35:516][686]LogModuleManager: Shutting down and abandoning module MessageLog (68)
[2015.04.23-20.38.35:516][686]LogModuleManager: Shutting down and abandoning module Sequencer (67)
[2015.04.23-20.38.35:516][686]LogModuleManager: Shutting down and abandoning module AssetTools (66)
[2015.04.23-20.38.35:517][686]LogModuleManager: Shutting down and abandoning module UMGEditor (65)
[2015.04.23-20.38.35:517][686]LogModuleManager: Shutting down and abandoning module UMG (64)
[2015.04.23-20.38.35:517][686]LogModuleManager: Shutting down and abandoning module Slate (63)
[2015.04.23-20.38.35:517][686]LogModuleManager: Shutting down and abandoning module EditorStyle (62)
[2015.04.23-20.38.35:534][686]LogModuleManager: Shutting down and abandoning module SessionServices (61)
[2015.04.23-20.38.35:534][686]LogModuleManager: Shutting down and abandoning module SourceCodeAccess (60)
[2015.04.23-20.38.35:534][686]LogModuleManager: Shutting down and abandoning module HeadMountedDisplay (59)
[2015.04.23-20.38.35:535][686]LogModuleManager: Shutting down and abandoning module XAudio2 (58)
[2015.04.23-20.38.35:535][686]LogModuleManager: Shutting down and abandoning module Networking (56)
[2015.04.23-20.38.35:535][686]LogModuleManager: Shutting down and abandoning module Core (55)
[2015.04.23-20.38.35:535][686]LogModuleManager: Shutting down and abandoning module KismetCompiler (54)
[2015.04.23-20.38.35:535][686]LogModuleManager: Shutting down and abandoning module PhysXFormats (53)
[2015.04.23-20.38.35:535][686]LogModuleManager: Shutting down and abandoning module MeshUtilities (52)
[2015.04.23-20.38.35:535][686]LogModuleManager: Shutting down and abandoning module DerivedDataCache (51)
[2015.04.23-20.38.35:825][686]LogDerivedDataCache: Shutdown
[2015.04.23-20.38.35:825][686]LogModuleManager: Shutting down and abandoning module ShaderFormatOpenGL (50)
[2015.04.23-20.38.35:825][686]LogModuleManager: Shutting down and abandoning module ShaderFormatD3D (49)
[2015.04.23-20.38.35:825][686]LogModuleManager: Shutting down and abandoning module MetalShaderFormat (48)
[2015.04.23-20.38.35:825][686]LogModuleManager: Shutting down and abandoning module TextureFormatUncompressed (47)
[2015.04.23-20.38.35:825][686]LogModuleManager: Shutting down and abandoning module TextureFormatPVR (46)
[2015.04.23-20.38.35:825][686]LogModuleManager: Shutting down and abandoning module TextureFormatIntelISPCTexComp (45)
[2015.04.23-20.38.35:825][686]LogModuleManager: Shutting down and abandoning module TextureFormatDXT (44)
[2015.04.23-20.38.35:825][686]LogModuleManager: Shutting down and abandoning module ImageWrapper (43)
[2015.04.23-20.38.35:825][686]LogModuleManager: Shutting down and abandoning module TextureFormatASTC (42)
[2015.04.23-20.38.35:825][686]LogModuleManager: Shutting down and abandoning module TextureFormatAndroid (41)
[2015.04.23-20.38.35:825][686]LogModuleManager: Shutting down and abandoning module AudioFormatOpus (40)
[2015.04.23-20.38.35:825][686]LogModuleManager: Shutting down and abandoning module AudioFormatOgg (39)
[2015.04.23-20.38.35:825][686]LogModuleManager: Shutting down and abandoning module AudioFormatADPCM (38)
[2015.04.23-20.38.35:825][686]LogModuleManager: Shutting down and abandoning module LinuxTargetPlatform (37)
[2015.04.23-20.38.35:825][686]LogModuleManager: Shutting down and abandoning module LinuxServerTargetPlatform (36)
[2015.04.23-20.38.35:825][686]LogModuleManager: Shutting down and abandoning module LinuxNoEditorTargetPlatform (35)
[2015.04.23-20.38.35:825][686]LogModuleManager: Shutting down and abandoning module Messaging (34)
[2015.04.23-20.38.35:825][686]LogModuleManager: Shutting down and abandoning module IOSTargetPlatform (33)
[2015.04.23-20.38.35:825][686]LogModuleManager: Shutting down and abandoning module HTML5TargetPlatform (32)
[2015.04.23-20.38.35:825][686]LogModuleManager: Shutting down and abandoning module Android_PVRTCTargetPlatform (31)
[2015.04.23-20.38.35:825][686]LogModuleManager: Shutting down and abandoning module Android_ETC2TargetPlatform (30)
[2015.04.23-20.38.35:825][686]LogModuleManager: Shutting down and abandoning module Android_ETC1TargetPlatform (29)
[2015.04.23-20.38.35:826][686]LogModuleManager: Shutting down and abandoning module Android_ES31TargetPlatform (28)
[2015.04.23-20.38.35:826][686]LogModuleManager: Shutting down and abandoning module Android_DXTTargetPlatform (27)
[2015.04.23-20.38.35:826][686]LogModuleManager: Shutting down and abandoning module Android_ATCTargetPlatform (26)
[2015.04.23-20.38.35:826][686]LogModuleManager: Shutting down and abandoning module AndroidTargetPlatform (25)
[2015.04.23-20.38.35:826][686]LogModuleManager: Shutting down and abandoning module WindowsTargetPlatform (24)
[2015.04.23-20.38.35:826][686]LogModuleManager: Shutting down and abandoning module WindowsServerTargetPlatform (23)
[2015.04.23-20.38.35:826][686]LogModuleManager: Shutting down and abandoning module WindowsNoEditorTargetPlatform (22)
[2015.04.23-20.38.35:826][686]LogModuleManager: Shutting down and abandoning module WindowsClientTargetPlatform (21)
[2015.04.23-20.38.35:826][686]LogModuleManager: Shutting down and abandoning module TargetPlatform (20)
[2015.04.23-20.38.35:826][686]LogModuleManager: Shutting down and abandoning module InputCore (19)
[2015.04.23-20.38.35:826][686]LogModuleManager: Shutting down and abandoning module Settings (18)
[2015.04.23-20.38.35:826][686]LogModuleManager: Shutting down and abandoning module OnlineSubsystem (16)
[2015.04.23-20.38.35:826][686]LogModuleManager: Shutting down and abandoning module OculusRift (15)
[2015.04.23-20.38.35:826][686]LogModuleManager: Shutting down and abandoning module ExampleDeviceProfileSelector (14)
[2015.04.23-20.38.35:826][686]LogModuleManager: Shutting down and abandoning module TextureCompressor (13)
[2015.04.23-20.38.35:826][686]LogModuleManager: Shutting down and abandoning module ShaderCore (12)
[2015.04.23-20.38.35:826][686]LogModuleManager: Shutting down and abandoning module Landscape (11)
[2015.04.23-20.38.35:826][686]LogModuleManager: Shutting down and abandoning module SlateRHIRenderer (10)
[2015.04.23-20.38.35:826][686]LogModuleManager: Shutting down and abandoning module OpenGLDrv (9)
[2015.04.23-20.38.35:826][686]LogModuleManager: Shutting down and abandoning module D3D11RHI (8)
[2015.04.23-20.38.35:826][686]LogModuleManager: Shutting down and abandoning module Renderer (7)
[2015.04.23-20.38.35:826][686]LogModuleManager: Shutting down and abandoning module Engine (6)
[2015.04.23-20.38.35:826][686]LogModuleManager: Shutting down and abandoning module CoreUObject (5)
[2015.04.23-20.38.35:826][686]LogModuleManager: Shutting down and abandoning module NetworkFile (4)
[2015.04.23-20.38.35:826][686]LogModuleManager: Shutting down and abandoning module StreamingFile (3)
[2015.04.23-20.38.35:826][686]LogModuleManager: Shutting down and abandoning module SandboxFile (2)
[2015.04.23-20.38.35:826][686]LogModuleManager: Shutting down and abandoning module PakFile (1)
[2015.04.23-20.38.35:827][686]LogExit: Exiting.
[2015.04.23-20.38.35:829][686]Log file closed, 04/23/15 22:38:35
