Log file open, 04/23/15 16:44:14
LogInit:Display: Running engine for game: BlindPersonShooter
LogInit: Version: 4.7.6-2513093+++depot+UE4-Releases+4.7
LogInit: API Version: 2455222
LogInit: Compiled (64-bit): Apr 15 2015 12:09:54
LogInit: Compiled with Visual C++: 18.00.21005.01
LogInit: Build Configuration: Development
LogInit: Branch Name: ++depot+UE4-Releases+4.7
LogInit: Command line:  /Temp/Autosaves/Game/FirstPersonBP/Maps/UEDPCFirstPersonExampleMap -game -PIEVIACONSOLE -ResX=1280 -ResY=720  -Multiprocess 
LogInit: Base directory: C:/Program Files/Epic Games/4.7/Engine/Binaries/Win64/
LogInit: Rocket: 1
[2015.04.23-14.44.14:841][  0]LogTaskGraph: Started task graph with 3 named threads and 6 total threads.
[2015.04.23-14.44.14:904][  0]LogOnline:Warning: No default platform service specified for OnlineSubsystem
[2015.04.23-14.44.14:928][  0]LogInit: Presizing for 0 objects not considered by GC, pre-allocating 0 bytes.
[2015.04.23-14.44.14:936][  0]LogInit: Object subsystem initialized
[2015.04.23-14.44.14:938][  0]LogConsoleResponse:Warning: Skipping Unknown console variable: 'TranslucentSortAxis = (X=0.000000,Y=-1.000000,Z=0.000000)'
[2015.04.23-14.44.14:938][  0]LogConsoleResponse:Warning:   Found in ini file 'C:/Users/Wouter/Documents/Unreal Projects/BlindPersonShooter/Saved/Config/Windows/Engine.ini', in section '[/Script/Engine.RendererSettings]'
[2015.04.23-14.44.14:938][  0]LogConsoleResponse:Warning: Skipping Unknown console variable: 'UIScaleRule = ShortestSide'
[2015.04.23-14.44.14:938][  0]LogConsoleResponse:Warning:   Found in ini file 'C:/Users/Wouter/Documents/Unreal Projects/BlindPersonShooter/Saved/Config/Windows/Engine.ini', in section '[/Script/Engine.RendererSettings]'
[2015.04.23-14.44.14:938][  0]LogConsoleResponse:Warning: Skipping Unknown console variable: 'UIScaleCurve = (EditorCurveData=(Keys=),ExternalCurve=None)'
[2015.04.23-14.44.14:938][  0]LogConsoleResponse:Warning:   Found in ini file 'C:/Users/Wouter/Documents/Unreal Projects/BlindPersonShooter/Saved/Config/Windows/Engine.ini', in section '[/Script/Engine.RendererSettings]'
[2015.04.23-14.44.14:938][  0]LogInit: Selected Device Profile: [Windows]
[2015.04.23-14.44.14:938][  0]LogInit: Applying CVar settings loaded from the selected device profile: [Windows]
[2015.04.23-14.44.14:944][  0]LogInit: Computer: WOUTER-PC
[2015.04.23-14.44.14:944][  0]LogInit: User: Wouter
[2015.04.23-14.44.14:944][  0]LogInit: CPU Page size=4096, Cores=4
[2015.04.23-14.44.14:944][  0]LogInit: High frequency timer resolution =3.222695 MHz
[2015.04.23-14.44.14:945][  0]LogMemory: Memory total: Physical=8.0GB (8GB approx) Virtual=131072.0GB
[2015.04.23-14.44.14:945][  0]LogMemory: Platform Memory Stats for Windows
[2015.04.23-14.44.14:945][  0]LogMemory: Process Physical Memory: 46.58 MB used, 46.58 MB peak
[2015.04.23-14.44.14:945][  0]LogMemory: Process Virtual Memory: 28.72 MB used, 28.72 MB peak
[2015.04.23-14.44.14:945][  0]LogMemory: Physical Memory: 3881.80 MB used, 8167.08 MB total
[2015.04.23-14.44.14:945][  0]LogMemory: Virtual Memory: 301.49 MB used, 134217728.00 MB total
[2015.04.23-14.44.15:009][  0]LogD3D11RHI: Found D3D11 adapter 0: AMD Radeon HD 6900 Series (Feature Level 11_0)
[2015.04.23-14.44.15:009][  0]LogD3D11RHI: Adapter has 2032MB of dedicated video memory, 0MB of dedicated system memory, and 3840MB of shared system memory, 2 output[s]
[2015.04.23-14.44.15:011][  0]LogD3D11RHI: Found D3D11 adapter 1: Microsoft Basic Render Driver (Feature Level 11_0)
[2015.04.23-14.44.15:011][  0]LogD3D11RHI: Adapter has 0MB of dedicated video memory, 0MB of dedicated system memory, and 256MB of shared system memory, 0 output[s]
[2015.04.23-14.44.15:011][  0]LogD3D11RHI: Chosen D3D11 Adapter Id = 0
[2015.04.23-14.44.15:024][  0]LogRHI: Texture pool is 1361 MB (70% of 1945 MB)
[2015.04.23-14.44.15:039][  0]LogD3D11RHI: Async texture creation disabled: no driver support
[2015.04.23-14.44.15:116][  0]LogTextLocalizationManager: The requested culture ('en_US') has no localization data; parent culture's ('en') localization data will be used.
[2015.04.23-14.44.15:165][  0]LogTextLocalizationManager:Warning: Loading localization resources contain conflicting entries for (Namespace:UICommands, Key:Save_ToolTip):
Resource: (C:/Program Files/Epic Games/4.7/Engine/Content/Localization/Editor/en/Editor.locres) Hash: (-29098895) String: (Saves the current level to disk)
Resource: (C:/Program Files/Epic Games/4.7/Engine/Content/Localization/Engine/en/Engine.locres) Hash: (-1280300587) String: (Save selected data to vlog file)
[2015.04.23-14.44.15:166][  0]LogTextLocalizationManager:Warning: Loading localization resources contain conflicting entries for (Namespace:ContentBrowser, Key:ImportAssetToolTip):
Resource: (C:/Program Files/Epic Games/4.7/Engine/Content/Localization/Editor/en/Editor.locres) Hash: (-630476809) String: (Import to {0}...)
Resource: (C:/Program Files/Epic Games/4.7/Engine/Content/Localization/Editor/en/Editor.locres) Hash: (1271782899) String: (Imports an asset from file to this folder.)
[2015.04.23-14.44.15:241][  0]LogContentStreaming: Texture pool size is 1000.000000MB
[2015.04.23-14.44.17:347][  0]LogTargetPlatformManager:Display: Building Assets For Windows
[2015.04.23-14.44.18:005][  0]LogTargetPlatformManager:Display: Building Assets For Windows
[2015.04.23-14.44.18:090][  0]LogDerivedDataCache:Display: Max Cache Size: 512 MB
[2015.04.23-14.44.18:137][  0]LogDerivedDataCache: Loaded boot cache 0.05s 39MB C:/Users/Wouter/AppData/Local/UnrealEngine/4.7/DerivedDataCache/Boot.ddc.
[2015.04.23-14.44.18:137][  0]LogDerivedDataCache:Display: Loaded Boot cache: C:/Users/Wouter/AppData/Local/UnrealEngine/4.7/DerivedDataCache/Boot.ddc
[2015.04.23-14.44.18:137][  0]LogDerivedDataCache: FDerivedDataBackendGraph:  Pak pak cache file ../../../../../../Users/Wouter/Documents/Unreal Projects/BlindPersonShooter/DerivedDataCache/DDC.ddp not found, will not use a pak cache.
[2015.04.23-14.44.18:137][  0]LogDerivedDataCache: Unable to find inner node Pak for hierarchical cache Hierarchy.
[2015.04.23-14.44.18:234][  0]LogDerivedDataCache:Display: Pak cache opened for reading ../../../Engine/DerivedDataCache/Compressed.ddp.
[2015.04.23-14.44.18:247][  0]LogDerivedDataCache: Using Local data cache path C:/Users/Wouter/AppData/Local/UnrealEngine/Common/DerivedDataCache: Writable
[2015.04.23-14.44.18:546][  0]LogMeshUtilities: No automatic mesh reduction module available
[2015.04.23-14.44.18:546][  0]LogMeshUtilities: No automatic mesh merging module available
[2015.04.23-14.44.18:889][  0]LogInit: WinSock: version 1.1 (2.2), MaxSocks=32767, MaxUdp=65467
[2015.04.23-14.44.19:459][  0]LogWindowsMoviePlayer: Unable to load movie: ../../../../../../Users/Wouter/Documents/Unreal Projects/BlindPersonShooter/Content/Movies/Default_Startup.mp4
[2015.04.23-14.44.19:648][  0]LogSourceControl: RunCommandInternalRaw: 'git version'
[2015.04.23-14.44.19:648][  0]LogSourceControl: RunCommandInternalRaw: ExecProcess ReturnCode=2 OutResults=''
[2015.04.23-14.44.19:697][  0]SourceControl: Info Source control is disabled
[2015.04.23-14.44.19:697][  0]SourceControl: Info Source control is disabled
[2015.04.23-14.44.19:697][  0]SourceControl: Info Source control is disabled
[2015.04.23-14.44.19:713][  0]SourceControl: Info Source control is disabled
[2015.04.23-14.44.19:864][  0]LogObj: 23971 objects as part of root set at end of initial load.
[2015.04.23-14.44.19:864][  0]LogUObjectAllocator: 4988936 out of 0 bytes used by permanent object pool.
[2015.04.23-14.44.19:948][  0]LogAutomationTest:Warning: ERR: Transient text cannot be serialized "Testing Transient serialization detection".
[2015.04.23-14.44.19:948][  0]LogEngine: Initializing Engine...
[2015.04.23-14.44.19:950][  0]LogHMD:Warning: HMD Oculus Rift DK2, Monitor , res = 1920 x 1080, windowPos = {0, 0}
[2015.04.23-14.44.19:951][  0]LogHMD: Oculus plugin initialized. Version: 4.7.6-2513093+++depot+UE4-Releases+4.7, LibOVR: 0.4.4, built Apr 15 2015, 12:16:04
[2015.04.23-14.44.20:062][  0]LogInit: XAudio2 using 'Speakers (Realtek High Definition Audio)' : 2 channels at 48 kHz using 32 bits per sample (channel mask 0x3)
[2015.04.23-14.44.20:070][  0]LogInit: FAudioDevice initialized.
[2015.04.23-14.44.20:075][  0]LogInit: Texture streaming: Enabled
[2015.04.23-14.44.20:172][  0]LogAnalytics: Creating configured Analytics provider AnalyticsET
[2015.04.23-14.44.20:172][  0]LogAnalytics: ET APIKey = Rocket.Release. APIServer = http://et2.epicgames.com/ET2/. AppVersion = 4.7.6-2513093+++depot+UE4-Releases+4.7
[2015.04.23-14.44.20:172][  0]LogAnalytics: ET APIKey = Rocket.Release. DataRouterUploadURL = https://datarouter-public-service-gamedev.ol.epicgames.net/datarouter/api/v1/public/data. AppVersion = 4.7.6-2513093+++depot+UE4-Releases+4.7
[2015.04.23-14.44.20:172][  0]LogAnalytics: SetUserId 7b6bbb2b4b1c643f97d6798f1001496e|f307042b1d2f4c46a4ba52bf0d9fc354|b90fe644-cef2-4d5d-81b9-41cf3ecc3bcd
[2015.04.23-14.44.20:172][  0]LogAnalytics: AnalyticsET::StartSession [Rocket.Release]
[2015.04.23-14.44.20:214][  0]LogNet: Browse: /Temp/Autosaves/Game/FirstPersonBP/Maps/UEDPCFirstPersonExampleMap?Name=Player
[2015.04.23-14.44.20:214][  0]LogLoad: LoadMap: /Temp/Autosaves/Game/FirstPersonBP/Maps/UEDPCFirstPersonExampleMap?Name=Player
[2015.04.23-14.44.20:221][  0]LogMemory: Platform Memory Stats for Windows
[2015.04.23-14.44.20:221][  0]LogMemory: Process Physical Memory: 267.37 MB used, 271.97 MB peak
[2015.04.23-14.44.20:221][  0]LogMemory: Process Virtual Memory: 206.62 MB used, 212.04 MB peak
[2015.04.23-14.44.20:221][  0]LogMemory: Physical Memory: 3955.43 MB used, 8167.08 MB total
[2015.04.23-14.44.20:221][  0]LogMemory: Virtual Memory: 670.82 MB used, 134217728.00 MB total
[2015.04.23-14.44.20:221][  0]LogMemory: 
[2015.04.23-14.44.20:221][  0]Allocator Stats for TBB: (not implemented)
[2015.04.23-14.44.20:618][  0]LogLinker:Warning: Asset '../../../Engine/Content/EngineMeshes/Humanoid.uasset' has been saved with empty engine version. The asset will be loaded but may be incompatible.
[2015.04.23-14.44.20:749][  0]LogWorld: Game class is 'FirstPersonGameMode_C'
[2015.04.23-14.44.21:613][  0]LogAIModule: Creating AISystem for world FirstPersonExampleMap
[2015.04.23-14.44.21:616][  0]LogWorld: Bringing World /Temp/Autosaves/Game/FirstPersonBP/Maps/UEDPCFirstPersonExampleMap.FirstPersonExampleMap up for play (max tick rate 0) at 2015.04.23-16.44.21
[2015.04.23-14.44.21:617][  0]LogWorld: Bringing up level for play took: 0.003641
[2015.04.23-14.44.21:618][  0]LogInit:Display: Game Engine Initialized.
[2015.04.23-14.44.21:859][  0]LogLoad: Full Startup: 8.11 seconds (BP compile: 0.17 seconds)
[2015.04.23-14.44.21:944][  2]LogRenderer:Warning: Reallocating scene render targets to support 1280x720 (Frame:2).
[2015.04.23-14.44.27:123][675]LogRenderer:Warning: Reallocating scene render targets to support 1920x1080 (Frame:677).
[2015.04.23-14.44.27:176][675]LogRenderer:Warning: Reallocating scene render targets to support 2600x1464 (Frame:678).
[2015.04.23-14.44.27:241][677]LogRenderTargetPool:Warning: r.RenderTargetPoolMin exceeded 488/400 MB (ok in editor, bad on fixed memory platform)
[2015.04.23-14.44.27:351][679]OCULUS: [From Service] [FrameCounterSync] Unable to find time for frame 16624, last was 16623
[2015.04.23-14.44.27:548][685]OCULUS: [From Service] Lost 14 IMU samples: 1999 2 16
[2015.04.23-14.44.27:815][695]OCULUS: [From Service] Lost 2 IMU samples: 3997 2 4
[2015.04.23-14.44.28:283][712]OCULUS: [From Service] Lost 2 IMU samples: 1998 2 4
[2015.04.23-14.44.29:730][763]LogHMD:Warning: Vision Tracking Acquired
[2015.04.23-14.45.23:049][693]OCULUS: [From Service] 
Camera Aligned with Gravity: change 1.6 deg, 13 mm, conf 0.751
[2015.04.23-14.45.23:049][693]OCULUS: [From Service]   Camera Position (-50.1, 35.6, 32.6)
[2015.04.23-14.45.23:049][693]OCULUS: [From Service]   Up in Camera Frame (-0.022, 0.998, 0.052)

[2015.04.23-14.45.41:847][387]OCULUS: [From Service] 
Camera Aligned with Gravity: change 1.6 deg, 17 mm, conf 0.751
[2015.04.23-14.45.41:847][387]OCULUS: [From Service]   Camera Position (-50.1, 52.2, 29.8)
[2015.04.23-14.45.41:847][387]OCULUS: [From Service]   Up in Camera Frame (-0.021, 0.997, 0.080)

[2015.04.23-14.45.45:848][536]OCULUS: [From Service] [TrackedHMD] TrackPose failed
[2015.04.23-14.45.45:864][537]OCULUS: [From Service] [TrackedHMD] TrackPose failed
[2015.04.23-14.45.45:882][538]OCULUS: [From Service] [TrackedHMD] TrackPose failed
[2015.04.23-14.45.45:896][538]OCULUS: [From Service] [TrackedHMD] GetVisionPrediction failed: Capture time 473.8320
[2015.04.23-14.45.45:904][538]LogHMD:Warning: Lost Vision Tracking
[2015.04.23-14.45.53:238][809]LogHMD:Warning: Vision Tracking Acquired
[2015.04.23-14.46.45:790][601]LogEngine: All Windows Closed
[2015.04.23-14.46.45:790][601]LogWindows: FPlatformMisc::RequestExit(0)
[2015.04.23-14.46.45:797][602]LogHMD: Oculus shutdown.
[2015.04.23-14.46.45:801][602]LogExit: Preparing to exit.
[2015.04.23-14.46.45:909][602]LogExit: Game engine shut down
[2015.04.23-14.46.45:909][602]LogParticles: Destroying 0 GPU particle simulations for FXSystem 0x000000DD97594860
[2015.04.23-14.46.45:995][602]LogExit: Object subsystem successfully closed.
[2015.04.23-14.46.46:050][602]LogModuleManager: Shutting down and abandoning module AndroidDeviceDetection (106)
[2015.04.23-14.46.47:017][602]LogModuleManager: Shutting down and abandoning module AutomationWorker (105)
[2015.04.23-14.46.47:017][602]LogModuleManager: Shutting down and abandoning module CharacterAI (104)
[2015.04.23-14.46.47:017][602]LogModuleManager: Shutting down and abandoning module AITestSuite (103)
[2015.04.23-14.46.47:017][602]LogModuleManager: Shutting down and abandoning module GameplayDebugger (102)
[2015.04.23-14.46.47:017][602]LogModuleManager: Shutting down and abandoning module AIModule (101)
[2015.04.23-14.46.47:017][602]LogModuleManager: Shutting down and abandoning module GameLiveStreaming (100)
[2015.04.23-14.46.47:017][602]LogModuleManager: Shutting down and abandoning module StreamingPauseRendering (99)
[2015.04.23-14.46.47:017][602]LogModuleManager: Shutting down and abandoning module HTTP (98)
[2015.04.23-14.46.47:017][602]LogModuleManager: Shutting down and abandoning module AnalyticsET (97)
[2015.04.23-14.46.47:017][602]LogModuleManager: Shutting down and abandoning module Analytics (96)
[2015.04.23-14.46.47:017][602]LogModuleManager: Shutting down and abandoning module ProfilerService (95)
[2015.04.23-14.46.47:045][602]LogModuleManager: Shutting down and abandoning module TaskGraph (94)
[2015.04.23-14.46.47:045][602]LogModuleManager: Shutting down and abandoning module SlateRemote (93)
[2015.04.23-14.46.47:045][602]LogModuleManager: Shutting down and abandoning module CustomMeshComponent (92)
[2015.04.23-14.46.47:045][602]LogModuleManager: Shutting down and abandoning module CableComponent (91)
[2015.04.23-14.46.47:045][602]LogModuleManager: Shutting down and abandoning module DesktopPlatform (90)
[2015.04.23-14.46.47:045][602]LogModuleManager: Shutting down and abandoning module DirectoryWatcher (89)
[2015.04.23-14.46.47:045][602]LogModuleManager: Shutting down and abandoning module HotReload (88)
[2015.04.23-14.46.47:045][602]LogModuleManager: Shutting down and abandoning module VisualStudioSourceCodeAccess (87)
[2015.04.23-14.46.47:045][602]LogModuleManager: Shutting down and abandoning module UObjectPlugin (86)
[2015.04.23-14.46.47:045][602]LogModuleManager: Shutting down and abandoning module SubversionSourceControl (85)
[2015.04.23-14.46.47:045][602]LogModuleManager: Shutting down and abandoning module GitSourceControl (84)
[2015.04.23-14.46.47:045][602]LogModuleManager: Shutting down and abandoning module SourceControl (83)
[2015.04.23-14.46.47:045][602]LogModuleManager: Shutting down and abandoning module PerforceSourceControl (82)
[2015.04.23-14.46.47:045][602]LogModuleManager: Shutting down and abandoning module BlankPlugin (81)
[2015.04.23-14.46.47:045][602]LogModuleManager: Shutting down and abandoning module ScriptPlugin (80)
[2015.04.23-14.46.47:045][602]LogModuleManager: Shutting down and abandoning module UdpMessaging (79)
[2015.04.23-14.46.47:045][602]LogModuleManager: Shutting down and abandoning module Paper2D (78)
[2015.04.23-14.46.47:045][602]LogModuleManager: Shutting down and abandoning module WindowsMoviePlayer (77)
[2015.04.23-14.46.47:049][602]LogModuleManager: Shutting down and abandoning module Media (76)
[2015.04.23-14.46.47:049][602]LogModuleManager: Shutting down and abandoning module WmfMedia (75)
[2015.04.23-14.46.47:049][602]LogModuleManager: Shutting down and abandoning module OnlineBlueprintSupport (74)
[2015.04.23-14.46.47:049][602]LogModuleManager: Shutting down and abandoning module PropertyEditor (73)
[2015.04.23-14.46.47:049][602]LogModuleManager: Shutting down and abandoning module BehaviorTreeEditor (72)
[2015.04.23-14.46.47:049][602]LogModuleManager: Shutting down and abandoning module FunctionalTesting (71)
[2015.04.23-14.46.47:049][602]LogModuleManager: Shutting down and abandoning module CollisionAnalyzer (70)
[2015.04.23-14.46.47:049][602]LogModuleManager: Shutting down and abandoning module WorkspaceMenuStructure (69)
[2015.04.23-14.46.47:049][602]LogModuleManager: Shutting down and abandoning module MessageLog (68)
[2015.04.23-14.46.47:049][602]LogModuleManager: Shutting down and abandoning module Sequencer (67)
[2015.04.23-14.46.47:049][602]LogModuleManager: Shutting down and abandoning module AssetTools (66)
[2015.04.23-14.46.47:049][602]LogModuleManager: Shutting down and abandoning module UMGEditor (65)
[2015.04.23-14.46.47:049][602]LogModuleManager: Shutting down and abandoning module UMG (64)
[2015.04.23-14.46.47:049][602]LogModuleManager: Shutting down and abandoning module Slate (63)
[2015.04.23-14.46.47:049][602]LogModuleManager: Shutting down and abandoning module EditorStyle (62)
[2015.04.23-14.46.47:065][602]LogModuleManager: Shutting down and abandoning module SessionServices (61)
[2015.04.23-14.46.47:066][602]LogModuleManager: Shutting down and abandoning module SourceCodeAccess (60)
[2015.04.23-14.46.47:066][602]LogModuleManager: Shutting down and abandoning module HeadMountedDisplay (59)
[2015.04.23-14.46.47:066][602]LogModuleManager: Shutting down and abandoning module XAudio2 (58)
[2015.04.23-14.46.47:066][602]LogModuleManager: Shutting down and abandoning module Networking (56)
[2015.04.23-14.46.47:066][602]LogModuleManager: Shutting down and abandoning module Core (55)
[2015.04.23-14.46.47:066][602]LogModuleManager: Shutting down and abandoning module KismetCompiler (54)
[2015.04.23-14.46.47:066][602]LogModuleManager: Shutting down and abandoning module PhysXFormats (53)
[2015.04.23-14.46.47:066][602]LogModuleManager: Shutting down and abandoning module MeshUtilities (52)
[2015.04.23-14.46.47:066][602]LogModuleManager: Shutting down and abandoning module DerivedDataCache (51)
[2015.04.23-14.46.47:154][602]LogDerivedDataCache: Shutdown
[2015.04.23-14.46.47:154][602]LogModuleManager: Shutting down and abandoning module ShaderFormatOpenGL (50)
[2015.04.23-14.46.47:154][602]LogModuleManager: Shutting down and abandoning module ShaderFormatD3D (49)
[2015.04.23-14.46.47:154][602]LogModuleManager: Shutting down and abandoning module MetalShaderFormat (48)
[2015.04.23-14.46.47:154][602]LogModuleManager: Shutting down and abandoning module TextureFormatUncompressed (47)
[2015.04.23-14.46.47:154][602]LogModuleManager: Shutting down and abandoning module TextureFormatPVR (46)
[2015.04.23-14.46.47:154][602]LogModuleManager: Shutting down and abandoning module TextureFormatIntelISPCTexComp (45)
[2015.04.23-14.46.47:154][602]LogModuleManager: Shutting down and abandoning module TextureFormatDXT (44)
[2015.04.23-14.46.47:154][602]LogModuleManager: Shutting down and abandoning module ImageWrapper (43)
[2015.04.23-14.46.47:154][602]LogModuleManager: Shutting down and abandoning module TextureFormatASTC (42)
[2015.04.23-14.46.47:154][602]LogModuleManager: Shutting down and abandoning module TextureFormatAndroid (41)
[2015.04.23-14.46.47:154][602]LogModuleManager: Shutting down and abandoning module AudioFormatOpus (40)
[2015.04.23-14.46.47:154][602]LogModuleManager: Shutting down and abandoning module AudioFormatOgg (39)
[2015.04.23-14.46.47:154][602]LogModuleManager: Shutting down and abandoning module AudioFormatADPCM (38)
[2015.04.23-14.46.47:154][602]LogModuleManager: Shutting down and abandoning module LinuxTargetPlatform (37)
[2015.04.23-14.46.47:154][602]LogModuleManager: Shutting down and abandoning module LinuxServerTargetPlatform (36)
[2015.04.23-14.46.47:154][602]LogModuleManager: Shutting down and abandoning module LinuxNoEditorTargetPlatform (35)
[2015.04.23-14.46.47:154][602]LogModuleManager: Shutting down and abandoning module Messaging (34)
[2015.04.23-14.46.47:154][602]LogModuleManager: Shutting down and abandoning module IOSTargetPlatform (33)
[2015.04.23-14.46.47:154][602]LogModuleManager: Shutting down and abandoning module HTML5TargetPlatform (32)
[2015.04.23-14.46.47:154][602]LogModuleManager: Shutting down and abandoning module Android_PVRTCTargetPlatform (31)
[2015.04.23-14.46.47:154][602]LogModuleManager: Shutting down and abandoning module Android_ETC2TargetPlatform (30)
[2015.04.23-14.46.47:154][602]LogModuleManager: Shutting down and abandoning module Android_ETC1TargetPlatform (29)
[2015.04.23-14.46.47:154][602]LogModuleManager: Shutting down and abandoning module Android_ES31TargetPlatform (28)
[2015.04.23-14.46.47:154][602]LogModuleManager: Shutting down and abandoning module Android_DXTTargetPlatform (27)
[2015.04.23-14.46.47:154][602]LogModuleManager: Shutting down and abandoning module Android_ATCTargetPlatform (26)
[2015.04.23-14.46.47:154][602]LogModuleManager: Shutting down and abandoning module AndroidTargetPlatform (25)
[2015.04.23-14.46.47:154][602]LogModuleManager: Shutting down and abandoning module WindowsTargetPlatform (24)
[2015.04.23-14.46.47:154][602]LogModuleManager: Shutting down and abandoning module WindowsServerTargetPlatform (23)
[2015.04.23-14.46.47:154][602]LogModuleManager: Shutting down and abandoning module WindowsNoEditorTargetPlatform (22)
[2015.04.23-14.46.47:154][602]LogModuleManager: Shutting down and abandoning module WindowsClientTargetPlatform (21)
[2015.04.23-14.46.47:154][602]LogModuleManager: Shutting down and abandoning module TargetPlatform (20)
[2015.04.23-14.46.47:154][602]LogModuleManager: Shutting down and abandoning module InputCore (19)
[2015.04.23-14.46.47:154][602]LogModuleManager: Shutting down and abandoning module Settings (18)
[2015.04.23-14.46.47:154][602]LogModuleManager: Shutting down and abandoning module OnlineSubsystem (16)
[2015.04.23-14.46.47:155][602]LogModuleManager: Shutting down and abandoning module OculusRift (15)
[2015.04.23-14.46.47:155][602]LogModuleManager: Shutting down and abandoning module ExampleDeviceProfileSelector (14)
[2015.04.23-14.46.47:155][602]LogModuleManager: Shutting down and abandoning module TextureCompressor (13)
[2015.04.23-14.46.47:155][602]LogModuleManager: Shutting down and abandoning module ShaderCore (12)
[2015.04.23-14.46.47:155][602]LogModuleManager: Shutting down and abandoning module Landscape (11)
[2015.04.23-14.46.47:155][602]LogModuleManager: Shutting down and abandoning module SlateRHIRenderer (10)
[2015.04.23-14.46.47:155][602]LogModuleManager: Shutting down and abandoning module OpenGLDrv (9)
[2015.04.23-14.46.47:155][602]LogModuleManager: Shutting down and abandoning module D3D11RHI (8)
[2015.04.23-14.46.47:155][602]LogModuleManager: Shutting down and abandoning module Renderer (7)
[2015.04.23-14.46.47:155][602]LogModuleManager: Shutting down and abandoning module Engine (6)
[2015.04.23-14.46.47:155][602]LogModuleManager: Shutting down and abandoning module CoreUObject (5)
[2015.04.23-14.46.47:155][602]LogModuleManager: Shutting down and abandoning module NetworkFile (4)
[2015.04.23-14.46.47:155][602]LogModuleManager: Shutting down and abandoning module StreamingFile (3)
[2015.04.23-14.46.47:155][602]LogModuleManager: Shutting down and abandoning module SandboxFile (2)
[2015.04.23-14.46.47:155][602]LogModuleManager: Shutting down and abandoning module PakFile (1)
[2015.04.23-14.46.47:156][602]LogExit: Exiting.
[2015.04.23-14.46.47:158][602]Log file closed, 04/23/15 16:46:47
