Log file open, 04/23/15 16:43:52
LogInit:Display: Running engine for game: BlindPersonShooter
LogInit: Version: 4.7.6-2513093+++depot+UE4-Releases+4.7
LogInit: API Version: 2455222
LogInit: Compiled (64-bit): Apr 15 2015 12:09:54
LogInit: Compiled with Visual C++: 18.00.21005.01
LogInit: Build Configuration: Development
LogInit: Branch Name: ++depot+UE4-Releases+4.7
LogInit: Command line: 
LogInit: Base directory: C:/Program Files/Epic Games/4.7/Engine/Binaries/Win64/
LogInit: Rocket: 1
[2015.04.23-14.43.52:507][  0]LogTaskGraph: Started task graph with 3 named threads and 6 total threads.
[2015.04.23-14.43.52:601][  0]LogOnline:Warning: No default platform service specified for OnlineSubsystem
[2015.04.23-14.43.52:624][  0]LogInit: Presizing for 0 objects not considered by GC, pre-allocating 0 bytes.
[2015.04.23-14.43.52:632][  0]LogInit: Object subsystem initialized
[2015.04.23-14.43.52:634][  0]LogConsoleResponse:Warning: Skipping Unknown console variable: 'TranslucentSortAxis = (X=0.000000,Y=-1.000000,Z=0.000000)'
[2015.04.23-14.43.52:634][  0]LogConsoleResponse:Warning:   Found in ini file 'C:/Users/Wouter/Documents/Unreal Projects/BlindPersonShooter/Saved/Config/Windows/Engine.ini', in section '[/Script/Engine.RendererSettings]'
[2015.04.23-14.43.52:634][  0]LogConsoleResponse:Warning: Skipping Unknown console variable: 'UIScaleRule = ShortestSide'
[2015.04.23-14.43.52:634][  0]LogConsoleResponse:Warning:   Found in ini file 'C:/Users/Wouter/Documents/Unreal Projects/BlindPersonShooter/Saved/Config/Windows/Engine.ini', in section '[/Script/Engine.RendererSettings]'
[2015.04.23-14.43.52:634][  0]LogConsoleResponse:Warning: Skipping Unknown console variable: 'UIScaleCurve = (EditorCurveData=(Keys=),ExternalCurve=None)'
[2015.04.23-14.43.52:634][  0]LogConsoleResponse:Warning:   Found in ini file 'C:/Users/Wouter/Documents/Unreal Projects/BlindPersonShooter/Saved/Config/Windows/Engine.ini', in section '[/Script/Engine.RendererSettings]'
[2015.04.23-14.43.52:634][  0]LogInit: Selected Device Profile: [Windows]
[2015.04.23-14.43.52:634][  0]LogInit: Applying CVar settings loaded from the selected device profile: [Windows]
[2015.04.23-14.43.52:642][  0]LogInit: Computer: WOUTER-PC
[2015.04.23-14.43.52:642][  0]LogInit: User: Wouter
[2015.04.23-14.43.52:642][  0]LogInit: CPU Page size=4096, Cores=4
[2015.04.23-14.43.52:642][  0]LogInit: High frequency timer resolution =3.222695 MHz
[2015.04.23-14.43.52:642][  0]LogMemory: Memory total: Physical=8.0GB (8GB approx) Virtual=131072.0GB
[2015.04.23-14.43.52:642][  0]LogMemory: Platform Memory Stats for Windows
[2015.04.23-14.43.52:642][  0]LogMemory: Process Physical Memory: 46.43 MB used, 46.43 MB peak
[2015.04.23-14.43.52:642][  0]LogMemory: Process Virtual Memory: 24.71 MB used, 24.71 MB peak
[2015.04.23-14.43.52:642][  0]LogMemory: Physical Memory: 3147.94 MB used, 8167.08 MB total
[2015.04.23-14.43.52:642][  0]LogMemory: Virtual Memory: 297.49 MB used, 134217728.00 MB total
[2015.04.23-14.43.52:674][  0]LogD3D11RHI: Found D3D11 adapter 0: AMD Radeon HD 6900 Series (Feature Level 11_0)
[2015.04.23-14.43.52:674][  0]LogD3D11RHI: Adapter has 2032MB of dedicated video memory, 0MB of dedicated system memory, and 3840MB of shared system memory, 2 output[s]
[2015.04.23-14.43.52:677][  0]LogD3D11RHI: Found D3D11 adapter 1: Microsoft Basic Render Driver (Feature Level 11_0)
[2015.04.23-14.43.52:677][  0]LogD3D11RHI: Adapter has 0MB of dedicated video memory, 0MB of dedicated system memory, and 256MB of shared system memory, 0 output[s]
[2015.04.23-14.43.52:677][  0]LogD3D11RHI: Chosen D3D11 Adapter Id = 0
[2015.04.23-14.43.52:687][  0]LogRHI: Texture pool is 1361 MB (70% of 1945 MB)
[2015.04.23-14.43.52:702][  0]LogD3D11RHI: Async texture creation disabled: no driver support
[2015.04.23-14.43.52:776][  0]LogTextLocalizationManager: The requested culture ('en_US') has no localization data; parent culture's ('en') localization data will be used.
[2015.04.23-14.43.52:822][  0]LogTextLocalizationManager:Warning: Loading localization resources contain conflicting entries for (Namespace:UICommands, Key:Save_ToolTip):
Resource: (C:/Program Files/Epic Games/4.7/Engine/Content/Localization/Editor/en/Editor.locres) Hash: (-29098895) String: (Saves the current level to disk)
Resource: (C:/Program Files/Epic Games/4.7/Engine/Content/Localization/Engine/en/Engine.locres) Hash: (-1280300587) String: (Save selected data to vlog file)
[2015.04.23-14.43.52:822][  0]LogTextLocalizationManager:Warning: Loading localization resources contain conflicting entries for (Namespace:ContentBrowser, Key:ImportAssetToolTip):
Resource: (C:/Program Files/Epic Games/4.7/Engine/Content/Localization/Editor/en/Editor.locres) Hash: (-630476809) String: (Import to {0}...)
Resource: (C:/Program Files/Epic Games/4.7/Engine/Content/Localization/Editor/en/Editor.locres) Hash: (1271782899) String: (Imports an asset from file to this folder.)
[2015.04.23-14.43.52:882][  0]LogContentStreaming: Texture pool size is 0.000000MB
[2015.04.23-14.43.55:037][  0]LogTargetPlatformManager:Display: Building Assets For Windows
[2015.04.23-14.43.55:673][  0]LogTargetPlatformManager:Display: Building Assets For Windows
[2015.04.23-14.43.55:759][  0]LogDerivedDataCache:Display: Max Cache Size: 512 MB
[2015.04.23-14.43.55:790][  0]LogDerivedDataCache: Loaded boot cache 0.03s 39MB C:/Users/Wouter/AppData/Local/UnrealEngine/4.7/DerivedDataCache/Boot.ddc.
[2015.04.23-14.43.55:791][  0]LogDerivedDataCache:Display: Loaded Boot cache: C:/Users/Wouter/AppData/Local/UnrealEngine/4.7/DerivedDataCache/Boot.ddc
[2015.04.23-14.43.55:791][  0]LogDerivedDataCache: FDerivedDataBackendGraph:  Pak pak cache file ../../../../../../Users/Wouter/Documents/Unreal Projects/BlindPersonShooter/DerivedDataCache/DDC.ddp not found, will not use a pak cache.
[2015.04.23-14.43.55:791][  0]LogDerivedDataCache: Unable to find inner node Pak for hierarchical cache Hierarchy.
[2015.04.23-14.43.55:884][  0]LogDerivedDataCache:Display: Pak cache opened for reading ../../../Engine/DerivedDataCache/Compressed.ddp.
[2015.04.23-14.43.55:897][  0]LogDerivedDataCache: Using Local data cache path C:/Users/Wouter/AppData/Local/UnrealEngine/Common/DerivedDataCache: Writable
[2015.04.23-14.43.56:212][  0]LogMeshUtilities: No automatic mesh reduction module available
[2015.04.23-14.43.56:212][  0]LogMeshUtilities: No automatic mesh merging module available
[2015.04.23-14.43.56:618][  0]LogInit: WinSock: version 1.1 (2.2), MaxSocks=32767, MaxUdp=65467
[2015.04.23-14.43.56:752][  0]LogSlate:Warning: Failed to load font data from '../../../Engine/Content/Slate/Fonts/Roboto-Italic.ttf'
[2015.04.23-14.43.57:796][  0]UdpMessaging: Initializing bridge on interface 0.0.0.0:0 to multicast group 230.0.0.1:6666.
[2015.04.23-14.43.58:113][  0]SourceControl: Info Source control is disabled
[2015.04.23-14.43.58:113][  0]SourceControl: Info Source control is disabled
[2015.04.23-14.43.58:113][  0]SourceControl: Info Source control is disabled
[2015.04.23-14.43.58:113][  0]LogSourceControl: RunCommandInternalRaw: 'git version'
[2015.04.23-14.43.58:113][  0]LogSourceControl: RunCommandInternalRaw: ExecProcess ReturnCode=2 OutResults=''
[2015.04.23-14.43.58:129][  0]SourceControl: Info Source control is disabled
[2015.04.23-14.43.58:429][  0]LogObj: 24232 objects as part of root set at end of initial load.
[2015.04.23-14.43.58:429][  0]LogUObjectAllocator: 5137176 out of 0 bytes used by permanent object pool.
[2015.04.23-14.43.58:519][  0]LogEngine: Initializing Engine...
[2015.04.23-14.43.58:521][  0]LogHMD:Warning: HMD Oculus Rift DK2, Monitor , res = 1920 x 1080, windowPos = {0, 0}
[2015.04.23-14.43.58:522][  0]LogHMD: Oculus plugin initialized. Version: 4.7.6-2513093+++depot+UE4-Releases+4.7, LibOVR: 0.4.4, built Apr 15 2015, 12:16:04
[2015.04.23-14.43.58:664][  0]LogInit: XAudio2 using 'Speakers (Realtek High Definition Audio)' : 2 channels at 48 kHz using 32 bits per sample (channel mask 0x3)
[2015.04.23-14.43.58:671][  0]LogInit: FAudioDevice initialized.
[2015.04.23-14.43.58:731][  0]LogAIModule: Creating AISystem for world NewWorld
[2015.04.23-14.43.58:747][  0]LogDerivedDataCache: Saved boot cache 0.02s 39MB C:/Users/Wouter/AppData/Local/UnrealEngine/4.7/DerivedDataCache/Boot.ddc.
[2015.04.23-14.43.58:751][  0]LogInit: Texture streaming: Enabled
[2015.04.23-14.43.58:862][  0]LogAnalytics: Creating configured Analytics provider AnalyticsET
[2015.04.23-14.43.58:862][  0]LogAnalytics: ET APIKey = Rocket.Release. APIServer = http://et2.epicgames.com/ET2/. AppVersion = 4.7.6-2513093+++depot+UE4-Releases+4.7
[2015.04.23-14.43.58:862][  0]LogAnalytics: ET APIKey = Rocket.Release. DataRouterUploadURL = https://datarouter-public-service-gamedev.ol.epicgames.net/datarouter/api/v1/public/data. AppVersion = 4.7.6-2513093+++depot+UE4-Releases+4.7
[2015.04.23-14.43.58:862][  0]LogAnalytics: SetUserId 7b6bbb2b4b1c643f97d6798f1001496e|f307042b1d2f4c46a4ba52bf0d9fc354|b90fe644-cef2-4d5d-81b9-41cf3ecc3bcd
[2015.04.23-14.43.58:862][  0]LogAnalytics: AnalyticsET::StartSession [Rocket.Release]
[2015.04.23-14.43.58:906][  0]LogInit: Transaction tracking system initialized
[2015.04.23-14.43.59:159][  0]BlueprintLog: New page: Editor Load
[2015.04.23-14.43.59:207][  0]LogAssetRegistry: FAssetRegistry took 0.0104 seconds to start up
[2015.04.23-14.43.59:207][  0]LogDirectoryWatcher:Warning: Failed to begin reading directory changes for ../../../Engine/Plugins/Experimental/CharacterAI/Content/. Error: 0
[2015.04.23-14.43.59:844][  0]LogTargetPlatformManager:Display: Building Assets For Windows
[2015.04.23-14.44.00:233][  0]LogTargetPlatformManager:Display: Building Assets For Windows
[2015.04.23-14.44.00:635][  0]LogSlate:Warning: Failed to load font data from '../../../Engine/Content/Editor/Slate/Fonts/Roboto-Regular.ttf'
[2015.04.23-14.44.00:636][  0]LogSlate:Warning: Failed to load font data from '../../../Engine/Content/Editor/Slate/Fonts/Roboto-Bold.ttf'
[2015.04.23-14.44.00:641][  0]LogConsoleResponse:Display: 
[2015.04.23-14.44.00:795][  0]LogCook:Display: Done creating registry. It took  0.00s.
[2015.04.23-14.44.01:012][  0]SourceControl: Info Source control is disabled
[2015.04.23-14.44.01:012][  0]Cmd: MAP LOAD FILE="../../../../../../Users/Wouter/Documents/Unreal Projects/BlindPersonShooter/Content/FirstPersonBP/Maps/FirstPersonExampleMap.umap" TEMPLATE=0 SHOWPROGRESS=1 FEATURELEVEL=3
[2015.04.23-14.44.01:014][  0]LightingResults: New page: Lighting Build
[2015.04.23-14.44.01:033][  0]MapCheck: New page: Map Check
[2015.04.23-14.44.01:033][  0]LightingResults: New page: Lighting Build
[2015.04.23-14.44.01:040][  0]LogParticles: Destroying 0 GPU particle simulations for FXSystem 0x000000ADDF9EE980
[2015.04.23-14.44.01:052][  0]LogLinker:Warning: Asset '../../../Engine/Content/EngineMeshes/Humanoid.uasset' has been saved with empty engine version. The asset will be loaded but may be incompatible.
[2015.04.23-14.44.03:279][  0]LogEditorServer: Finished looking for orphan Actors (0.000 secs)
[2015.04.23-14.44.04:008][  0]LogAIModule: Creating AISystem for world FirstPersonExampleMap
[2015.04.23-14.44.04:009][  0]Cmd: MAP CHECKDEP
[2015.04.23-14.44.04:009][  0]MapCheck: New page: FirstPersonExampleMap - Apr 23, 2015, 6:44:04 PM
[2015.04.23-14.44.04:194][  0]MapCheck: Info Map check complete: 0 Error(s), 0 Warning(s), took 184.714ms to complete.
[2015.04.23-14.44.04:194][  0]LogFileHelpers: Loading map 'FirstPersonExampleMap' took 3.181
[2015.04.23-14.44.04:359][  0]LogCollectionManager: Loaded 0 collections in 0.002160 seconds
[2015.04.23-14.44.04:370][  0]LogContentBrowser: Native class hierarchy populated in 0.0113 seconds. Added 1696 classes and 261 folders.
[2015.04.23-14.44.04:436][  0]LogContentBrowser: Native class hierarchy updated for 'SceneOutliner' in 0.0049 seconds. Added 1 classes and 2 folders.
[2015.04.23-14.44.04:511][  0]LogCrashTracker: Crashtracker disabled due to settings.
[2015.04.23-14.44.04:512][  0]LogSlate:Warning: Failed to load font data from 'Veranda'
[2015.04.23-14.44.04:518][  0]LogUObjectGlobals:Warning: Failed to find object 'Class None.'
[2015.04.23-14.44.04:546][  0]LogLoad: Full Startup: 13.14 seconds (BP compile: 1.05 seconds)
[2015.04.23-14.44.04:582][  0]LogContentBrowser:Verbose: The content browser source was changed by the sources view to '/Game/FirstPersonBP/Materials'
[2015.04.23-14.44.04:712][  0]LogRenderer:Warning: Reallocating scene render targets to support 32x32 (Frame:2).
[2015.04.23-14.44.04:827][  0]LogRenderer:Warning: Reallocating scene render targets to support 1208x496 (Frame:3).
[2015.04.23-14.44.05:110][  3]LogAssetRegistry: Asset discovery search completed in 5.9144 seconds
[2015.04.23-14.44.13:681][580]LogSavePackage: Save=1855.985718ms
[2015.04.23-14.44.13:681][580]LogSavePackage: Moving '../../../../../../Users/Wouter/Documents/Unreal Projects/BlindPersonShooter/Saved/UEDPCFirstPersonExampleMap2C44A07A48606EF8E30AB2A2CF1C3A0B.tmp' to '../../../../../../Users/Wouter/Documents/Unreal Projects/BlindPersonShooter/Saved/Autosaves/Game/FirstPersonBP/Maps/UEDPCFirstPersonExampleMap.umap'
[2015.04.23-14.44.27:584][798]OCULUS: [From Service] [FrameCounterSync] Unable to find time for frame 16624, last was 16623
[2015.04.23-14.44.27:584][798]OCULUS: [From Service] Lost 14 IMU samples: 1999 2 16
[2015.04.23-14.44.27:918][799]OCULUS: [From Service] Lost 2 IMU samples: 3997 2 4
[2015.04.23-14.44.28:585][801]OCULUS: [From Service] Lost 2 IMU samples: 1998 2 4
[2015.04.23-14.45.23:251][965]OCULUS: [From Service] 
Camera Aligned with Gravity: change 1.6 deg, 13 mm, conf 0.751
[2015.04.23-14.45.23:251][965]OCULUS: [From Service]   Camera Position (-50.1, 35.6, 32.6)
[2015.04.23-14.45.23:251][965]OCULUS: [From Service]   Up in Camera Frame (-0.022, 0.998, 0.052)

[2015.04.23-14.45.41:918][ 21]OCULUS: [From Service] 
Camera Aligned with Gravity: change 1.6 deg, 17 mm, conf 0.751
[2015.04.23-14.45.41:918][ 21]OCULUS: [From Service]   Camera Position (-50.1, 52.2, 29.8)
[2015.04.23-14.45.41:919][ 21]OCULUS: [From Service]   Up in Camera Frame (-0.021, 0.997, 0.080)

[2015.04.23-14.45.45:919][ 33]OCULUS: [From Service] [TrackedHMD] TrackPose failed
[2015.04.23-14.45.45:919][ 33]OCULUS: [From Service] [TrackedHMD] TrackPose failed
[2015.04.23-14.45.45:919][ 33]OCULUS: [From Service] [TrackedHMD] TrackPose failed
[2015.04.23-14.45.45:919][ 33]OCULUS: [From Service] [TrackedHMD] GetVisionPrediction failed: Capture time 473.8320
[2015.04.23-14.46.45:919][213]OCULUS: [From Service] Lost 3 IMU samples: 1998 2 5
[2015.04.23-14.46.52:252][232]OCULUS: [From Service] [TrackedHMD] TrackPose failed
[2015.04.23-14.46.52:252][232]OCULUS: [From Service] [TrackedHMD] TrackPose failed
[2015.04.23-14.46.52:252][232]OCULUS: [From Service] [TrackedHMD] TrackPose failed
[2015.04.23-14.46.52:252][232]OCULUS: [From Service] [TrackedHMD] GetVisionPrediction failed: Capture time 540.1624
[2015.04.23-14.56.02:296][792]OCULUS: [From Service] [FrameCounterSync] Unable to find time for frame 58319, last was 58318
[2015.04.23-15.02.08:647][878]LogSavePackage: Save=1859.962524ms
[2015.04.23-15.02.08:647][878]LogSavePackage: Moving '../../../../../../Users/Wouter/Documents/Unreal Projects/BlindPersonShooter/Saved/UEDPCFirstPersonExampleMap816BAD5A463E119AFD378E869CD63433.tmp' to '../../../../../../Users/Wouter/Documents/Unreal Projects/BlindPersonShooter/Saved/Autosaves/Game/FirstPersonBP/Maps/UEDPCFirstPersonExampleMap.umap'
[2015.04.23-15.03.24:762][379]LogSavePackage: Save=1854.402954ms
[2015.04.23-15.03.24:762][379]LogSavePackage: Moving '../../../../../../Users/Wouter/Documents/Unreal Projects/BlindPersonShooter/Saved/UEDPCFirstPersonExampleMapD712BD5C44E74D5235C5E8A38282DE9F.tmp' to '../../../../../../Users/Wouter/Documents/Unreal Projects/BlindPersonShooter/Saved/Autosaves/Game/FirstPersonBP/Maps/UEDPCFirstPersonExampleMap.umap'
[2015.04.23-15.04.09:028][750]LogEditorViewport: Clicking on Actor (LMB): FirstPersonCharacter_C (FirstPersonCharacter)
[2015.04.23-15.04.14:902][166]LogEditorViewport: Clicking on Actor (LMB): StaticMeshActor (Cube01)
[2015.04.23-15.04.24:450][ 79]LogEditorViewport: Clicking on Actor (LMB): StaticMeshActor (Cube01)
[2015.04.23-15.04.37:949][387]BlueprintLog: New page: Pre-PIE auto-recompile
[2015.04.23-15.04.37:949][387]LogPlayLevel: [PIE] Compiling FirstPersonExampleMap before PIE...
[2015.04.23-15.04.38:038][387]LogPlayLevel: PIE:  Blueprint regeneration took 89 ms (1 blueprints)
[2015.04.23-15.04.38:038][387]PIE: New page: PIE session: FirstPersonExampleMap (Apr 23, 2015, 7:04:38 PM)
[2015.04.23-15.04.38:063][387]LogBlueprint:Warning: FMemberReference::ResolveMember (AddComponent) bSelfContext == true, but no scope supplied!
[2015.04.23-15.04.38:067][387]LogPlayLevel: PIE: StaticDuplicateObject took: (0.028541s)
[2015.04.23-15.04.38:068][387]LogPlayLevel: PIE: World Init took: (0.000685s)
[2015.04.23-15.04.38:068][387]LogPlayLevel: PIE: Created PIE world by copying editor world from /Game/FirstPersonBP/Maps/FirstPersonExampleMap.FirstPersonExampleMap to /Game/FirstPersonBP/Maps/UEDPIE_0_FirstPersonExampleMap.FirstPersonExampleMap (0.029398s)
[2015.04.23-15.04.38:217][387]LogWorld: Game class is 'FirstPersonGameMode_C'
[2015.04.23-15.04.38:219][387]LogAIModule: Creating AISystem for world FirstPersonExampleMap
[2015.04.23-15.04.38:231][387]LogWorld: Bringing World /Game/FirstPersonBP/Maps/UEDPIE_0_FirstPersonExampleMap.FirstPersonExampleMap up for play (max tick rate 0) at 2015.04.23-17.04.38
[2015.04.23-15.04.38:232][387]LogWorld: Bringing up level for play took: 0.012637
[2015.04.23-15.04.38:234][387]PIE: Info Play in editor start time for /Game/FirstPersonBP/Maps/UEDPIE_0_FirstPersonExampleMap 0.187
[2015.04.23-15.04.47:711][502]LogParticles: Destroying 0 GPU particle simulations for FXSystem 0x000000ADD989C360
[2015.04.23-15.05.00:653][437]LogSavePackage: Save=1874.652710ms
[2015.04.23-15.05.00:653][437]LogSavePackage: Moving '../../../../../../Users/Wouter/Documents/Unreal Projects/BlindPersonShooter/Saved/FirstPersonExampleMap_Auto1392F5F524FEB02C709278BBC4BF2CC97.tmp' to '../../../../../../Users/Wouter/Documents/Unreal Projects/BlindPersonShooter/Saved/Autosaves/Game/FirstPersonBP/Maps/FirstPersonExampleMap_Auto1.umap'
[2015.04.23-15.05.00:666][437]LogFileHelpers: Editor autosave (incl. sublevels) for '/Game/FirstPersonBP/Maps/FirstPersonExampleMap' took 1.956
[2015.04.23-15.05.00:666][437]LogFileHelpers: Editor autosave (incl. sublevels) for all levels took 1.956
[2015.04.23-15.10.23:091][744]LogEditorViewport: Clicking on Actor (context menu): StaticMeshActor (Floor2)
[2015.04.23-15.10.24:447][856]LogEditorViewport: Clicking on Actor (LMB): FirstPersonCharacter_C (FirstPersonCharacter)
[2015.04.23-15.11.54:355][144]LogMaterial: Missing cached shader map for material ScanPP, compiling. 
[2015.04.23-15.11.54:376][144]LogActorComponent: UnregisterComponent: (/Engine/Transient.SkeletalMeshComponent_0) Not registered. Aborting.
[2015.04.23-15.11.54:431][144]LogActorComponent: UnregisterComponent: (/Engine/Transient.SkeletalMeshComponent_0) Not registered. Aborting.
[2015.04.23-15.11.54:431][144]LogActorComponent: RegisterComponentWithWorld: (/Engine/Transient.MaterialEditorMeshComponent_0) Already registered. Aborting.
[2015.04.23-15.11.54:431][144]LogActorComponent: UnregisterComponent: (/Engine/Transient.SkeletalMeshComponent_0) Not registered. Aborting.
[2015.04.23-15.11.54:431][144]LogActorComponent: RegisterComponentWithWorld: (/Engine/Transient.MaterialEditorMeshComponent_0) Already registered. Aborting.
[2015.04.23-15.11.54:467][144]LogMaterial: Missing cached shader map for material ScanPP, compiling. 
[2015.04.23-15.11.54:469][144]LogMaterial: 0.000075 seconds spent updating 1 materials, 1 interfaces, 0 instances, 0 with static permutations.
[2015.04.23-15.11.54:492][144]LogMaterial: Missing cached shader map for material FMatExpressionPreview MaterialExpressionVectorParameter_5, compiling. 
[2015.04.23-15.11.54:494][144]LogMaterial: Missing cached shader map for material FMatExpressionPreview MaterialExpressionVectorParameter_6, compiling. 
[2015.04.23-15.11.54:497][144]LogMaterial: Missing cached shader map for material FMatExpressionPreview MaterialExpressionVectorParameter_7, compiling. 
[2015.04.23-15.11.55:659][243]MaterialEditorStats: Info Base pass shader without light map: 73 instructions
[2015.04.23-15.11.55:659][243]MaterialEditorStats: Info Vertex shader: 31 instructions
[2015.04.23-15.11.55:659][243]MaterialEditorStats: Info Texture samplers: 4/16
[2015.04.23-15.12.02:299][965]LogMaterial: Missing cached shader map for material ScanPP, compiling. 
[2015.04.23-15.12.02:301][965]LogMaterial: 0.000078 seconds spent updating 1 materials, 1 interfaces, 0 instances, 0 with static permutations.
[2015.04.23-15.12.02:330][965]LogMaterial: Missing cached shader map for material FMatExpressionPreview MaterialExpressionVectorParameter_5, compiling. 
[2015.04.23-15.12.02:576][993]MaterialEditorStats: Info Base pass shader without light map: 73 instructions
[2015.04.23-15.12.02:576][993]MaterialEditorStats: Info Vertex shader: 31 instructions
[2015.04.23-15.12.02:576][993]MaterialEditorStats: Info Texture samplers: 4/16
[2015.04.23-15.12.08:763][536]LogMaterial: Missing cached shader map for material ScanPP, compiling. 
[2015.04.23-15.12.08:765][536]LogMaterial: 0.000056 seconds spent updating 1 materials, 1 interfaces, 0 instances, 0 with static permutations.
[2015.04.23-15.12.08:793][536]LogMaterial: Missing cached shader map for material FMatExpressionPreview MaterialExpressionVectorParameter_5, compiling. 
[2015.04.23-15.12.09:055][557]MaterialEditorStats: Info Base pass shader without light map: 73 instructions
[2015.04.23-15.12.09:055][557]MaterialEditorStats: Info Vertex shader: 31 instructions
[2015.04.23-15.12.09:055][557]MaterialEditorStats: Info Texture samplers: 4/16
[2015.04.23-15.12.14:455][149]LogMaterialEditor: Saving and Compiling material ScanPP
[2015.04.23-15.12.15:674][149]LogMaterial: Missing cached shader map for material ScanPP, compiling. 
[2015.04.23-15.12.15:678][149]LogMaterial: 0.000032 seconds spent updating 1 materials, 1 interfaces, 0 instances, 0 with static permutations.
[2015.04.23-15.12.15:726][149]LogMaterial: Missing cached shader map for material ScanPP, compiling. 
[2015.04.23-15.12.15:735][149]LogMaterial: Missing cached shader map for material ScanPP, compiling. 
[2015.04.23-15.12.15:739][149]LogMaterial: 0.001747 seconds spent updating 1 materials, 1 interfaces, 1 instances, 0 with static permutations.
[2015.04.23-15.12.16:528][149]LogSavePackage: Save=311.469116ms
[2015.04.23-15.12.16:528][149]LogSavePackage: Moving '../../../../../../Users/Wouter/Documents/Unreal Projects/BlindPersonShooter/Saved/ScanPPDD0AC9404ABB8F92CE2792852F987A8E.tmp' to '../../../../../../Users/Wouter/Documents/Unreal Projects/BlindPersonShooter/Content/FirstPersonBP/Materials/ScanPP.uasset'
[2015.04.23-15.12.16:539][149]MaterialEditorStats: Info Base pass shader without light map: 98 instructions
[2015.04.23-15.12.16:539][149]MaterialEditorStats: Info Vertex shader: 31 instructions
[2015.04.23-15.12.16:539][149]MaterialEditorStats: Info Texture samplers: 4/16
[2015.04.23-15.12.23:383][845]BlueprintLog: New page: Pre-PIE auto-recompile
[2015.04.23-15.12.23:383][845]LogPlayLevel: [PIE] Compiling FirstPersonExampleMap before PIE...
[2015.04.23-15.12.23:471][845]LogPlayLevel: PIE:  Blueprint regeneration took 88 ms (1 blueprints)
[2015.04.23-15.12.23:473][845]LogHMD:Warning: HMD Oculus Rift DK2, Monitor , res = 1920 x 1080, windowPos = {0, 0}
[2015.04.23-15.12.23:474][845]PIE: New page: PIE session: FirstPersonExampleMap (Apr 23, 2015, 7:12:23 PM)
[2015.04.23-15.12.23:497][845]LogBlueprint:Warning: FMemberReference::ResolveMember (AddComponent) bSelfContext == true, but no scope supplied!
[2015.04.23-15.12.23:501][845]LogPlayLevel: PIE: StaticDuplicateObject took: (0.026726s)
[2015.04.23-15.12.23:501][845]LogPlayLevel: PIE: World Init took: (0.000657s)
[2015.04.23-15.12.23:501][845]LogPlayLevel: PIE: Created PIE world by copying editor world from /Game/FirstPersonBP/Maps/FirstPersonExampleMap.FirstPersonExampleMap to /Game/FirstPersonBP/Maps/UEDPIE_0_FirstPersonExampleMap.FirstPersonExampleMap (0.027545s)
[2015.04.23-15.12.23:537][845]LogWorld: Game class is 'FirstPersonGameMode_C'
[2015.04.23-15.12.23:539][845]LogAIModule: Creating AISystem for world FirstPersonExampleMap
[2015.04.23-15.12.23:552][845]LogWorld: Bringing World /Game/FirstPersonBP/Maps/UEDPIE_0_FirstPersonExampleMap.FirstPersonExampleMap up for play (max tick rate 0) at 2015.04.23-17.12.23
[2015.04.23-15.12.23:553][845]LogWorld: Bringing up level for play took: 0.012743
[2015.04.23-15.12.23:554][845]PIE: Info Play in editor start time for /Game/FirstPersonBP/Maps/UEDPIE_0_FirstPersonExampleMap -0.492
[2015.04.23-15.12.34:100][ 90]LogParticles: Destroying 0 GPU particle simulations for FXSystem 0x000000ADD8F602C0
[2015.04.23-15.12.39:269][159]LogSavePackage: Save=1831.561157ms
[2015.04.23-15.12.39:269][159]LogSavePackage: Moving '../../../../../../Users/Wouter/Documents/Unreal Projects/BlindPersonShooter/Saved/FirstPersonExampleMap42F60B9E4E04B586D1C11D841770BE6C.tmp' to '../../../../../../Users/Wouter/Documents/Unreal Projects/BlindPersonShooter/Content/FirstPersonBP/Maps/FirstPersonExampleMap.umap'
[2015.04.23-15.12.51:128][509]LogMaterial: Missing cached shader map for material ScanPP, compiling. 
[2015.04.23-15.12.51:130][509]LogMaterial: 0.000067 seconds spent updating 1 materials, 1 interfaces, 0 instances, 0 with static permutations.
[2015.04.23-15.12.52:700][682]LogMaterialEditor: Saving and Compiling material ScanPP
[2015.04.23-15.12.53:910][682]LogMaterial: Missing cached shader map for material ScanPP, compiling. 
[2015.04.23-15.12.53:915][682]LogMaterial: 0.000064 seconds spent updating 1 materials, 1 interfaces, 0 instances, 0 with static permutations.
[2015.04.23-15.12.53:956][682]LogMaterial: Missing cached shader map for material ScanPP, compiling. 
[2015.04.23-15.12.53:961][682]LogMaterial: Missing cached shader map for material ScanPP, compiling. 
[2015.04.23-15.12.53:965][682]LogMaterial: 0.001497 seconds spent updating 1 materials, 1 interfaces, 1 instances, 0 with static permutations.
[2015.04.23-15.12.54:731][682]LogSavePackage: Save=299.217590ms
[2015.04.23-15.12.54:731][682]LogSavePackage: Moving '../../../../../../Users/Wouter/Documents/Unreal Projects/BlindPersonShooter/Saved/ScanPPC18102E44075799E9CDC479327A64F1A.tmp' to '../../../../../../Users/Wouter/Documents/Unreal Projects/BlindPersonShooter/Content/FirstPersonBP/Materials/ScanPP.uasset'
[2015.04.23-15.12.54:745][682]MaterialEditorStats: Info Base pass shader without light map: 98 instructions
[2015.04.23-15.12.54:745][682]MaterialEditorStats: Info Vertex shader: 31 instructions
[2015.04.23-15.12.54:745][682]MaterialEditorStats: Info Texture samplers: 4/16
[2015.04.23-15.12.59:820][241]LogMaterial: Missing cached shader map for material ScanPP, compiling. 
[2015.04.23-15.12.59:822][241]LogMaterial: 0.000045 seconds spent updating 1 materials, 1 interfaces, 0 instances, 0 with static permutations.
[2015.04.23-15.13.00:057][268]MaterialEditorStats: Info Base pass shader without light map: 73 instructions
[2015.04.23-15.13.00:057][268]MaterialEditorStats: Info Vertex shader: 31 instructions
[2015.04.23-15.13.00:057][268]MaterialEditorStats: Info Texture samplers: 4/16
[2015.04.23-15.13.03:352][400]LogSavePackage: Save=1850.235962ms
[2015.04.23-15.13.03:352][400]LogSavePackage: Moving '../../../../../../Users/Wouter/Documents/Unreal Projects/BlindPersonShooter/Saved/FirstPersonExampleMap4ECD57AC4F56E03DB74C7EA09A850BD2.tmp' to '../../../../../../Users/Wouter/Documents/Unreal Projects/BlindPersonShooter/Content/FirstPersonBP/Maps/FirstPersonExampleMap.umap'
[2015.04.23-15.13.03:389][400]LogFileHelpers: Saving map 'FirstPersonExampleMap' took 2.104
[2015.04.23-15.13.04:083][476]LogMaterialEditor: Saving and Compiling material ScanPP
[2015.04.23-15.13.05:288][476]LogMaterial: Missing cached shader map for material ScanPP, compiling. 
[2015.04.23-15.13.05:293][476]LogMaterial: 0.000075 seconds spent updating 1 materials, 1 interfaces, 0 instances, 0 with static permutations.
[2015.04.23-15.13.05:335][476]LogMaterial: Missing cached shader map for material ScanPP, compiling. 
[2015.04.23-15.13.05:340][476]LogMaterial: Missing cached shader map for material ScanPP, compiling. 
[2015.04.23-15.13.05:344][476]LogMaterial: 0.001489 seconds spent updating 1 materials, 1 interfaces, 1 instances, 0 with static permutations.
[2015.04.23-15.13.06:129][476]LogSavePackage: Save=292.699738ms
[2015.04.23-15.13.06:129][476]LogSavePackage: Moving '../../../../../../Users/Wouter/Documents/Unreal Projects/BlindPersonShooter/Saved/ScanPP5ABBDF29417378FE158AFBBB80A5561B.tmp' to '../../../../../../Users/Wouter/Documents/Unreal Projects/BlindPersonShooter/Content/FirstPersonBP/Materials/ScanPP.uasset'
[2015.04.23-15.13.06:140][476]MaterialEditorStats: Info Base pass shader without light map: 98 instructions
[2015.04.23-15.13.06:140][476]MaterialEditorStats: Info Vertex shader: 31 instructions
[2015.04.23-15.13.06:140][476]MaterialEditorStats: Info Texture samplers: 4/16
[2015.04.23-15.13.08:732][754]OCULUS: [From Service] [ExternalCamera] Skipped 1 frames
[2015.04.23-15.13.11:050][977]BlueprintLog: New page: Pre-PIE auto-recompile
[2015.04.23-15.13.11:051][977]LogPlayLevel: [PIE] Compiling FirstPersonExampleMap before PIE...
[2015.04.23-15.13.11:138][977]LogPlayLevel: PIE:  Blueprint regeneration took 87 ms (1 blueprints)
[2015.04.23-15.13.11:139][977]LogHMD:Warning: HMD Oculus Rift DK2, Monitor , res = 1920 x 1080, windowPos = {0, 0}
[2015.04.23-15.13.11:140][977]PIE: New page: PIE session: FirstPersonExampleMap (Apr 23, 2015, 7:13:11 PM)
[2015.04.23-15.13.11:163][977]LogBlueprint:Warning: FMemberReference::ResolveMember (AddComponent) bSelfContext == true, but no scope supplied!
[2015.04.23-15.13.11:166][977]LogPlayLevel: PIE: StaticDuplicateObject took: (0.026356s)
[2015.04.23-15.13.11:167][977]LogPlayLevel: PIE: World Init took: (0.000633s)
[2015.04.23-15.13.11:167][977]LogPlayLevel: PIE: Created PIE world by copying editor world from /Game/FirstPersonBP/Maps/FirstPersonExampleMap.FirstPersonExampleMap to /Game/FirstPersonBP/Maps/UEDPIE_0_FirstPersonExampleMap.FirstPersonExampleMap (0.027149s)
[2015.04.23-15.13.11:201][977]LogWorld: Game class is 'FirstPersonGameMode_C'
[2015.04.23-15.13.11:203][977]LogAIModule: Creating AISystem for world FirstPersonExampleMap
[2015.04.23-15.13.11:215][977]LogWorld: Bringing World /Game/FirstPersonBP/Maps/UEDPIE_0_FirstPersonExampleMap.FirstPersonExampleMap up for play (max tick rate 0) at 2015.04.23-17.13.11
[2015.04.23-15.13.11:216][977]LogWorld: Bringing up level for play took: 0.012277
[2015.04.23-15.13.11:218][977]PIE: Info Play in editor start time for /Game/FirstPersonBP/Maps/UEDPIE_0_FirstPersonExampleMap -0.829
[2015.04.23-15.13.16:835][635]LogParticles: Destroying 0 GPU particle simulations for FXSystem 0x000000ADDB661E40
[2015.04.23-15.15.07:707][600]LogMaterial: Missing cached shader map for material ScanPP, compiling. 
[2015.04.23-15.15.07:708][600]LogMaterial: 0.000086 seconds spent updating 1 materials, 1 interfaces, 0 instances, 0 with static permutations.
[2015.04.23-15.15.07:736][600]LogMaterial: Missing cached shader map for material FMatExpressionPreview MaterialExpressionVectorParameter_5, compiling. 
[2015.04.23-15.15.08:664][691]MaterialEditorStats: Info Base pass shader without light map: 73 instructions
[2015.04.23-15.15.08:664][691]MaterialEditorStats: Info Vertex shader: 31 instructions
[2015.04.23-15.15.08:664][691]MaterialEditorStats: Info Texture samplers: 4/16
[2015.04.23-15.15.09:322][755]LogMaterialEditor: Saving and Compiling material ScanPP
[2015.04.23-15.15.10:524][755]LogMaterial: Missing cached shader map for material ScanPP, compiling. 
[2015.04.23-15.15.10:528][755]LogMaterial: 0.000068 seconds spent updating 1 materials, 1 interfaces, 0 instances, 0 with static permutations.
[2015.04.23-15.15.10:575][755]LogMaterial: Missing cached shader map for material ScanPP, compiling. 
[2015.04.23-15.15.10:581][755]LogMaterial: Missing cached shader map for material ScanPP, compiling. 
[2015.04.23-15.15.10:584][755]LogMaterial: 0.001657 seconds spent updating 1 materials, 1 interfaces, 1 instances, 0 with static permutations.
[2015.04.23-15.15.11:369][755]LogSavePackage: Save=291.890472ms
[2015.04.23-15.15.11:369][755]LogSavePackage: Moving '../../../../../../Users/Wouter/Documents/Unreal Projects/BlindPersonShooter/Saved/ScanPP3180E1A54B3A5DB74654429E5CC9E8FF.tmp' to '../../../../../../Users/Wouter/Documents/Unreal Projects/BlindPersonShooter/Content/FirstPersonBP/Materials/ScanPP.uasset'
[2015.04.23-15.15.11:384][755]MaterialEditorStats: Info Base pass shader without light map: 98 instructions
[2015.04.23-15.15.11:384][755]MaterialEditorStats: Info Vertex shader: 31 instructions
[2015.04.23-15.15.11:384][755]MaterialEditorStats: Info Texture samplers: 4/16
[2015.04.23-15.15.25:251][ 93]BlueprintLog: New page: Pre-PIE auto-recompile
[2015.04.23-15.15.25:251][ 93]LogPlayLevel: [PIE] Compiling FirstPersonExampleMap before PIE...
[2015.04.23-15.15.25:339][ 93]LogPlayLevel: PIE:  Blueprint regeneration took 88 ms (1 blueprints)
[2015.04.23-15.15.25:340][ 93]LogHMD:Warning: HMD Oculus Rift DK2, Monitor , res = 1920 x 1080, windowPos = {0, 0}
[2015.04.23-15.15.25:341][ 93]PIE: New page: PIE session: FirstPersonExampleMap (Apr 23, 2015, 7:15:25 PM)
[2015.04.23-15.15.25:363][ 93]LogBlueprint:Warning: FMemberReference::ResolveMember (AddComponent) bSelfContext == true, but no scope supplied!
[2015.04.23-15.15.25:367][ 93]LogPlayLevel: PIE: StaticDuplicateObject took: (0.026203s)
[2015.04.23-15.15.25:368][ 93]LogPlayLevel: PIE: World Init took: (0.000668s)
[2015.04.23-15.15.25:368][ 93]LogPlayLevel: PIE: Created PIE world by copying editor world from /Game/FirstPersonBP/Maps/FirstPersonExampleMap.FirstPersonExampleMap to /Game/FirstPersonBP/Maps/UEDPIE_0_FirstPersonExampleMap.FirstPersonExampleMap (0.027043s)
[2015.04.23-15.15.25:407][ 93]LogWorld: Game class is 'FirstPersonGameMode_C'
[2015.04.23-15.15.25:409][ 93]LogAIModule: Creating AISystem for world FirstPersonExampleMap
[2015.04.23-15.15.25:421][ 93]LogWorld: Bringing World /Game/FirstPersonBP/Maps/UEDPIE_0_FirstPersonExampleMap.FirstPersonExampleMap up for play (max tick rate 0) at 2015.04.23-17.15.25
[2015.04.23-15.15.25:422][ 93]LogWorld: Bringing up level for play took: 0.012888
[2015.04.23-15.15.25:424][ 93]PIE: Info Play in editor start time for /Game/FirstPersonBP/Maps/UEDPIE_0_FirstPersonExampleMap -0.622
[2015.04.23-15.15.42:978][178]LogParticles: Destroying 0 GPU particle simulations for FXSystem 0x000000ADD956A520
[2015.04.23-15.16.23:672][589]OCULUS: [From Service] Lost 913 IMU samples: 1998 2 915
[2015.04.23-15.16.23:758][599]OCULUS: [From Service] Lost 3 IMU samples: 4997 2 5
[2015.04.23-15.16.24:578][689]OCULUS: [From Service] {ERR-017} [HMD] WARNING: LED state change unverified!
[2015.04.23-15.16.24:578][689]OCULUS: [From Service] {ERR-017} [HMD] WARNING: LED state change unverified!
[2015.04.23-15.16.24:588][690]OCULUS: [From Service] {ERR-017} [HMD] WARNING: LED state change unverified!
[2015.04.23-15.16.24:588][690]OCULUS: [From Service] OVR::SensorDevice - Closed '\\?\hid#vid_2833&pid_0021#8&25071505&0&0000#{4d1e55b2-f16f-11cf-88cb-001111000030}'
[2015.04.23-15.16.24:588][690]OCULUS: 
[2015.04.23-15.16.24:588][690]OCULUS: [From Service] [TrackingManager] Broadcasting new HMD count = 0
[2015.04.23-15.16.25:086][747]OCULUS: 
[2015.04.23-15.16.25:120][751]OCULUS: [From Service] OVR::SensorDevice - Closed '\\?\hid#vid_2833&pid_0021#8&25071505&0&0000#{4d1e55b2-f16f-11cf-88cb-001111000030}'
[2015.04.23-15.16.25:120][751]OCULUS: 
[2015.04.23-15.16.34:938][511]BlueprintLog: New page: Pre-PIE auto-recompile
[2015.04.23-15.16.34:938][511]LogPlayLevel: [PIE] Compiling FirstPersonExampleMap before PIE...
[2015.04.23-15.16.35:028][511]LogPlayLevel: PIE:  Blueprint regeneration took 90 ms (1 blueprints)
[2015.04.23-15.16.37:028][511]PIE: New page: PIE session: FirstPersonExampleMap (Apr 23, 2015, 7:16:37 PM)
[2015.04.23-15.16.37:052][511]LogBlueprint:Warning: FMemberReference::ResolveMember (AddComponent) bSelfContext == true, but no scope supplied!
[2015.04.23-15.16.37:056][511]LogPlayLevel: PIE: StaticDuplicateObject took: (0.027120s)
[2015.04.23-15.16.37:056][511]LogPlayLevel: PIE: World Init took: (0.000586s)
[2015.04.23-15.16.37:056][511]LogPlayLevel: PIE: Created PIE world by copying editor world from /Game/FirstPersonBP/Maps/FirstPersonExampleMap.FirstPersonExampleMap to /Game/FirstPersonBP/Maps/UEDPIE_0_FirstPersonExampleMap.FirstPersonExampleMap (0.027855s)
[2015.04.23-15.16.37:091][511]LogWorld: Game class is 'FirstPersonGameMode_C'
[2015.04.23-15.16.37:093][511]LogAIModule: Creating AISystem for world FirstPersonExampleMap
[2015.04.23-15.16.37:105][511]LogWorld: Bringing World /Game/FirstPersonBP/Maps/UEDPIE_0_FirstPersonExampleMap.FirstPersonExampleMap up for play (max tick rate 0) at 2015.04.23-17.16.37
[2015.04.23-15.16.37:106][511]LogWorld: Bringing up level for play took: 0.012853
[2015.04.23-15.16.37:108][511]PIE: Info Play in editor start time for /Game/FirstPersonBP/Maps/UEDPIE_0_FirstPersonExampleMap 3.061
[2015.04.23-15.16.56:314][794]LogParticles: Destroying 0 GPU particle simulations for FXSystem 0x000000ADDBC14360
[2015.04.23-15.17.09:239][186]LogMaterial: Missing cached shader map for material ScanPP, compiling. 
[2015.04.23-15.17.09:241][186]LogMaterial: 0.000085 seconds spent updating 1 materials, 1 interfaces, 0 instances, 0 with static permutations.
[2015.04.23-15.17.10:073][268]MaterialEditorStats: Info Base pass shader without light map: 73 instructions
[2015.04.23-15.17.10:073][268]MaterialEditorStats: Info Vertex shader: 31 instructions
[2015.04.23-15.17.10:073][268]MaterialEditorStats: Info Texture samplers: 4/16
[2015.04.23-15.17.10:264][287]LogMaterialEditor: Saving and Compiling material ScanPP
[2015.04.23-15.17.11:462][287]LogMaterial: Missing cached shader map for material ScanPP, compiling. 
[2015.04.23-15.17.11:467][287]LogMaterial: 0.000071 seconds spent updating 1 materials, 1 interfaces, 0 instances, 0 with static permutations.
[2015.04.23-15.17.11:506][287]LogMaterial: Missing cached shader map for material ScanPP, compiling. 
[2015.04.23-15.17.11:511][287]LogMaterial: Missing cached shader map for material ScanPP, compiling. 
[2015.04.23-15.17.11:514][287]LogMaterial: 0.001505 seconds spent updating 1 materials, 1 interfaces, 1 instances, 0 with static permutations.
[2015.04.23-15.17.12:315][287]LogSavePackage: Save=291.141418ms
[2015.04.23-15.17.12:315][287]LogSavePackage: Moving '../../../../../../Users/Wouter/Documents/Unreal Projects/BlindPersonShooter/Saved/ScanPPC08E95774E7FF37B7E81BFAB5D838AC2.tmp' to '../../../../../../Users/Wouter/Documents/Unreal Projects/BlindPersonShooter/Content/FirstPersonBP/Materials/ScanPP.uasset'
[2015.04.23-15.17.12:328][287]MaterialEditorStats: Info Base pass shader without light map: 98 instructions
[2015.04.23-15.17.12:328][287]MaterialEditorStats: Info Vertex shader: 31 instructions
[2015.04.23-15.17.12:328][287]MaterialEditorStats: Info Texture samplers: 4/16
[2015.04.23-15.17.15:021][561]BlueprintLog: New page: Pre-PIE auto-recompile
[2015.04.23-15.17.15:021][561]LogPlayLevel: [PIE] Compiling FirstPersonExampleMap before PIE...
[2015.04.23-15.17.15:107][561]LogPlayLevel: PIE:  Blueprint regeneration took 86 ms (1 blueprints)
[2015.04.23-15.17.17:107][561]PIE: New page: PIE session: FirstPersonExampleMap (Apr 23, 2015, 7:17:17 PM)
[2015.04.23-15.17.17:129][561]LogBlueprint:Warning: FMemberReference::ResolveMember (AddComponent) bSelfContext == true, but no scope supplied!
[2015.04.23-15.17.17:133][561]LogPlayLevel: PIE: StaticDuplicateObject took: (0.025478s)
[2015.04.23-15.17.17:134][561]LogPlayLevel: PIE: World Init took: (0.000597s)
[2015.04.23-15.17.17:134][561]LogPlayLevel: PIE: Created PIE world by copying editor world from /Game/FirstPersonBP/Maps/FirstPersonExampleMap.FirstPersonExampleMap to /Game/FirstPersonBP/Maps/UEDPIE_0_FirstPersonExampleMap.FirstPersonExampleMap (0.026228s)
[2015.04.23-15.17.17:171][561]LogWorld: Game class is 'FirstPersonGameMode_C'
[2015.04.23-15.17.17:174][561]LogAIModule: Creating AISystem for world FirstPersonExampleMap
[2015.04.23-15.17.17:186][561]LogWorld: Bringing World /Game/FirstPersonBP/Maps/UEDPIE_0_FirstPersonExampleMap.FirstPersonExampleMap up for play (max tick rate 0) at 2015.04.23-17.17.17
[2015.04.23-15.17.17:187][561]LogWorld: Bringing up level for play took: 0.012741
[2015.04.23-15.17.17:188][561]PIE: Info Play in editor start time for /Game/FirstPersonBP/Maps/UEDPIE_0_FirstPersonExampleMap 3.142
[2015.04.23-15.17.36:361][839]LogParticles: Destroying 0 GPU particle simulations for FXSystem 0x000000ADDB663920
[2015.04.23-15.18.26:065][711]LogMaterial: Missing cached shader map for material MAT_SCAN, compiling. 
[2015.04.23-15.18.26:080][711]LogActorComponent: UnregisterComponent: (/Engine/Transient.SkeletalMeshComponent_1) Not registered. Aborting.
[2015.04.23-15.18.26:126][711]LogActorComponent: UnregisterComponent: (/Engine/Transient.SkeletalMeshComponent_1) Not registered. Aborting.
[2015.04.23-15.18.26:126][711]LogActorComponent: RegisterComponentWithWorld: (/Engine/Transient.MaterialEditorMeshComponent_1) Already registered. Aborting.
[2015.04.23-15.18.26:126][711]LogActorComponent: UnregisterComponent: (/Engine/Transient.SkeletalMeshComponent_1) Not registered. Aborting.
[2015.04.23-15.18.26:126][711]LogActorComponent: RegisterComponentWithWorld: (/Engine/Transient.MaterialEditorMeshComponent_1) Already registered. Aborting.
[2015.04.23-15.18.26:142][711]LogMaterial: Missing cached shader map for material MAT_SCAN, compiling. 
[2015.04.23-15.18.26:143][711]LogMaterial: 0.000045 seconds spent updating 1 materials, 1 interfaces, 0 instances, 0 with static permutations.
[2015.04.23-15.18.26:167][711]LogMaterial: Missing cached shader map for material FMatExpressionPreview MaterialExpressionVectorParameter_0, compiling. 
[2015.04.23-15.18.26:169][711]LogMaterial: Missing cached shader map for material FMatExpressionPreview MaterialExpressionCustom_1, compiling. 
[2015.04.23-15.18.26:170][711]LogMaterial: Missing cached shader map for material FMatExpressionPreview MaterialExpressionCustom_2, compiling. 
[2015.04.23-15.18.26:171][711]LogMaterial: Missing cached shader map for material FMatExpressionPreview MaterialExpressionCustom_3, compiling. 
[2015.04.23-15.18.26:951][792]MaterialEditorStats: Info Base pass shader without light map: 57 instructions
[2015.04.23-15.18.26:951][792]MaterialEditorStats: Info Vertex shader: 31 instructions
[2015.04.23-15.18.26:951][792]MaterialEditorStats: Info Texture samplers: 1/16
[2015.04.23-15.19.01:819][459]LogMaterial: Missing cached shader map for material MAT_SCAN, compiling. 
[2015.04.23-15.19.01:822][459]LogMaterial: 0.000062 seconds spent updating 1 materials, 1 interfaces, 0 instances, 0 with static permutations.
[2015.04.23-15.19.01:845][459]LogMaterial: Missing cached shader map for material FMatExpressionPreview MaterialExpressionVectorParameter_0, compiling. 
[2015.04.23-15.19.03:039][549]MaterialEditorStats: Info Base pass shader without light map: 57 instructions
[2015.04.23-15.19.03:039][549]MaterialEditorStats: Info Vertex shader: 31 instructions
[2015.04.23-15.19.03:039][549]MaterialEditorStats: Info Texture samplers: 1/16
[2015.04.23-15.19.03:412][577]LogMaterialEditor: Saving and Compiling material MAT_SCAN
[2015.04.23-15.19.04:619][577]LogMaterial: Missing cached shader map for material MAT_SCAN, compiling. 
[2015.04.23-15.19.04:623][577]LogMaterial: 0.000067 seconds spent updating 1 materials, 1 interfaces, 0 instances, 0 with static permutations.
[2015.04.23-15.19.04:666][577]LogMaterial: Missing cached shader map for material MAT_SCAN, compiling. 
[2015.04.23-15.19.04:674][577]LogMaterial: Missing cached shader map for material MAT_SCAN, compiling. 
[2015.04.23-15.19.04:678][577]LogMaterial: 0.001698 seconds spent updating 1 materials, 1 interfaces, 1 instances, 0 with static permutations.
[2015.04.23-15.19.05:383][577]LogSavePackage: Save=274.490753ms
[2015.04.23-15.19.05:383][577]LogSavePackage: Moving '../../../../../../Users/Wouter/Documents/Unreal Projects/BlindPersonShooter/Saved/MAT_SCAN089C22A941FFD5D91D554488E1D69B40.tmp' to '../../../../../../Users/Wouter/Documents/Unreal Projects/BlindPersonShooter/Content/FirstPersonBP/Materials/MAT_SCAN.uasset'
[2015.04.23-15.19.05:401][577]MaterialEditorStats: Info Base pass shader without light map: 81 instructions
[2015.04.23-15.19.05:401][577]MaterialEditorStats: Info Vertex shader: 31 instructions
[2015.04.23-15.19.05:401][577]MaterialEditorStats: Info Texture samplers: 2/16
[2015.04.23-15.19.31:523][286]LogMaterial: Missing cached shader map for material MAT_SCAN, compiling. 
[2015.04.23-15.19.31:525][286]LogMaterial: 0.000048 seconds spent updating 1 materials, 1 interfaces, 0 instances, 0 with static permutations.
[2015.04.23-15.19.31:552][286]LogMaterial: Missing cached shader map for material FMatExpressionPreview MaterialExpressionVectorParameter_0, compiling. 
[2015.04.23-15.19.32:347][336]MaterialEditorStats: Info Base pass shader without light map: 57 instructions
[2015.04.23-15.19.32:347][336]MaterialEditorStats: Info Vertex shader: 31 instructions
[2015.04.23-15.19.32:347][336]MaterialEditorStats: Info Texture samplers: 1/16
[2015.04.23-15.19.35:180][517]LogMaterialEditor: Saving and Compiling material MAT_SCAN
[2015.04.23-15.19.36:380][517]LogMaterial: Missing cached shader map for material MAT_SCAN, compiling. 
[2015.04.23-15.19.36:384][517]LogMaterial: 0.000054 seconds spent updating 1 materials, 1 interfaces, 0 instances, 0 with static permutations.
[2015.04.23-15.19.36:427][517]LogMaterial: Missing cached shader map for material MAT_SCAN, compiling. 
[2015.04.23-15.19.36:432][517]LogMaterial: Missing cached shader map for material MAT_SCAN, compiling. 
[2015.04.23-15.19.36:435][517]LogMaterial: 0.001535 seconds spent updating 1 materials, 1 interfaces, 1 instances, 0 with static permutations.
[2015.04.23-15.19.37:099][517]LogSavePackage: Save=275.306549ms
[2015.04.23-15.19.37:099][517]LogSavePackage: Moving '../../../../../../Users/Wouter/Documents/Unreal Projects/BlindPersonShooter/Saved/MAT_SCANE9473728455D2E3FA326B79A4CDB5EB5.tmp' to '../../../../../../Users/Wouter/Documents/Unreal Projects/BlindPersonShooter/Content/FirstPersonBP/Materials/MAT_SCAN.uasset'
[2015.04.23-15.19.37:110][517]MaterialEditorStats: Info Base pass shader without light map: 81 instructions
[2015.04.23-15.19.37:110][517]MaterialEditorStats: Info Vertex shader: 31 instructions
[2015.04.23-15.19.37:110][517]MaterialEditorStats: Info Texture samplers: 2/16
[2015.04.23-15.19.53:390][751]LogMaterial: Missing cached shader map for material MAT_SCAN, compiling. 
[2015.04.23-15.19.53:391][751]LogMaterial: 0.000056 seconds spent updating 1 materials, 1 interfaces, 0 instances, 0 with static permutations.
[2015.04.23-15.19.53:429][751]LogMaterial: Missing cached shader map for material FMatExpressionPreview MaterialExpressionVectorParameter_0, compiling. 
[2015.04.23-15.19.53:753][775]MaterialEditorStats: Info Base pass shader without light map: 57 instructions
[2015.04.23-15.19.53:753][775]MaterialEditorStats: Info Vertex shader: 31 instructions
[2015.04.23-15.19.53:753][775]MaterialEditorStats: Info Texture samplers: 1/16
[2015.04.23-15.19.58:060][ 96]LogMaterial: Missing cached shader map for material MAT_SCAN, compiling. 
[2015.04.23-15.19.58:061][ 96]LogMaterial: 0.000046 seconds spent updating 1 materials, 1 interfaces, 0 instances, 0 with static permutations.
[2015.04.23-15.19.58:086][ 96]LogMaterial: Missing cached shader map for material FMatExpressionPreview MaterialExpressionVectorParameter_0, compiling. 
[2015.04.23-15.19.58:399][119]MaterialEditorStats: Info Base pass shader without light map: 57 instructions
[2015.04.23-15.19.58:399][119]MaterialEditorStats: Info Vertex shader: 31 instructions
[2015.04.23-15.19.58:399][119]MaterialEditorStats: Info Texture samplers: 1/16
[2015.04.23-15.19.59:015][165]LogMaterialEditor: Saving and Compiling material MAT_SCAN
[2015.04.23-15.20.00:210][165]LogMaterial: Missing cached shader map for material MAT_SCAN, compiling. 
[2015.04.23-15.20.00:214][165]LogMaterial: 0.000099 seconds spent updating 1 materials, 1 interfaces, 0 instances, 0 with static permutations.
[2015.04.23-15.20.00:258][165]LogMaterial: Missing cached shader map for material MAT_SCAN, compiling. 
[2015.04.23-15.20.00:263][165]LogMaterial: Missing cached shader map for material MAT_SCAN, compiling. 
[2015.04.23-15.20.00:266][165]LogMaterial: 0.001520 seconds spent updating 1 materials, 1 interfaces, 1 instances, 0 with static permutations.
[2015.04.23-15.20.00:992][165]LogSavePackage: Save=277.562103ms
[2015.04.23-15.20.00:992][165]LogSavePackage: Moving '../../../../../../Users/Wouter/Documents/Unreal Projects/BlindPersonShooter/Saved/MAT_SCAN89C48E35477791985B787DBAC6131C30.tmp' to '../../../../../../Users/Wouter/Documents/Unreal Projects/BlindPersonShooter/Content/FirstPersonBP/Materials/MAT_SCAN.uasset'
[2015.04.23-15.20.01:002][165]MaterialEditorStats: Info Base pass shader without light map: 81 instructions
[2015.04.23-15.20.01:002][165]MaterialEditorStats: Info Vertex shader: 31 instructions
[2015.04.23-15.20.01:002][165]MaterialEditorStats: Info Texture samplers: 2/16
[2015.04.23-15.23.59:084][401]LogSavePackage: Save=1827.634277ms
[2015.04.23-15.23.59:084][401]LogSavePackage: Moving '../../../../../../Users/Wouter/Documents/Unreal Projects/BlindPersonShooter/Saved/UEDPCFirstPersonExampleMap20DAB1EC40A4088A11F46A8B2F686C80.tmp' to '../../../../../../Users/Wouter/Documents/Unreal Projects/BlindPersonShooter/Saved/Autosaves/Game/FirstPersonBP/Maps/UEDPCFirstPersonExampleMap.umap'
[2015.04.23-15.24.12:301][585]LogSavePackage: Save=2486.976074ms
[2015.04.23-15.24.12:301][585]LogSavePackage: Moving '../../../../../../Users/Wouter/Documents/Unreal Projects/BlindPersonShooter/Saved/FirstPersonExampleMap_Auto20B37F64C4625DEF45CFED580D6B1B304.tmp' to '../../../../../../Users/Wouter/Documents/Unreal Projects/BlindPersonShooter/Saved/Autosaves/Game/FirstPersonBP/Maps/FirstPersonExampleMap_Auto2.umap'
[2015.04.23-15.24.12:311][585]LogFileHelpers: Editor autosave (incl. sublevels) for '/Game/FirstPersonBP/Maps/FirstPersonExampleMap' took 2.566
[2015.04.23-15.24.12:311][585]LogFileHelpers: Editor autosave (incl. sublevels) for all levels took 2.566
[2015.04.23-15.25.01:087][777]LogEditorViewport: Clicking on Actor (LMB): StaticMeshActor (SM_Lamp_Wall)
[2015.04.23-15.25.02:094][860]Cmd: DELETE
[2015.04.23-15.25.02:094][860]Cmd: ACTOR DELETE
[2015.04.23-15.25.02:096][860]LogEditorActor: Deleted Actor: StaticMeshActor
[2015.04.23-15.25.02:107][860]LogEditorActor: Deleted 1 Actors (0.013 secs)
[2015.04.23-15.25.02:749][918]LogEditorViewport: Clicking on Actor (LMB): PointLight (PointLight)
[2015.04.23-15.25.05:194][120]Cmd: DELETE
[2015.04.23-15.25.05:194][120]Cmd: ACTOR DELETE
[2015.04.23-15.25.07:428][120]LogEditorActor: Deleted Actor: PointLight
[2015.04.23-15.25.07:439][120]LogEditorActor: Deleted 1 Actors (2.245 secs)
[2015.04.23-15.25.09:464][287]LogEditorViewport: Clicking on Actor (LMB): TriggerVolume (TriggerVolume)
[2015.04.23-15.25.11:634][456]Cmd: DELETE
[2015.04.23-15.25.11:634][456]Cmd: ACTOR DELETE
[2015.04.23-15.25.12:947][456]LogEditorActor: Deleted Actor: TriggerVolume
[2015.04.23-15.25.12:961][456]LogEditorActor: Deleted 1 Actors (1.326 secs)
[2015.04.23-15.25.29:403][809]LogEditorTransaction: Undo Delete current selection
[2015.04.23-15.25.29:445][809]LogMaterial: Missing cached shader map for material ScanPP, compiling. 
[2015.04.23-15.25.29:446][809]LogMaterial: 0.000060 seconds spent updating 1 materials, 1 interfaces, 0 instances, 0 with static permutations.
[2015.04.23-15.25.29:461][809]LogMaterial: Missing cached shader map for material MAT_SCAN, compiling. 
[2015.04.23-15.25.29:463][809]LogMaterial: 0.000066 seconds spent updating 1 materials, 1 interfaces, 0 instances, 0 with static permutations.
[2015.04.23-15.25.29:567][809]LogMaterial: Missing cached shader map for material FMatExpressionPreview MaterialExpressionVectorParameter_5, compiling. 
[2015.04.23-15.25.29:571][809]LogMaterial: Missing cached shader map for material FMatExpressionPreview MaterialExpressionCustom_15, compiling. 
[2015.04.23-15.25.29:573][809]LogMaterial: Missing cached shader map for material FMatExpressionPreview MaterialExpressionCustom_16, compiling. 
[2015.04.23-15.25.29:575][809]LogMaterial: Missing cached shader map for material FMatExpressionPreview MaterialExpressionCustom_17, compiling. 
[2015.04.23-15.25.30:775][889]MaterialEditorStats: Info Base pass shader without light map: 73 instructions
[2015.04.23-15.25.30:775][889]MaterialEditorStats: Info Vertex shader: 31 instructions
[2015.04.23-15.25.30:775][889]MaterialEditorStats: Info Texture samplers: 4/16
[2015.04.23-15.25.30:947][904]MaterialEditorStats: Info Base pass shader without light map: 57 instructions
[2015.04.23-15.25.30:947][904]MaterialEditorStats: Info Vertex shader: 31 instructions
[2015.04.23-15.25.30:947][904]MaterialEditorStats: Info Texture samplers: 1/16
[2015.04.23-15.25.36:976][406]LogActorComponent: UnregisterComponent: (/Engine/Transient.CharMoveComp) Not registered. Aborting.
[2015.04.23-15.25.36:977][406]LogActorComponent: UnregisterComponent: (/Engine/Transient.ProjectileMovementComponent_40__A6522401) Not registered. Aborting.
[2015.04.23-15.25.37:123][406]LogBlueprint:Warning: [compiler] Warning Node  Unknown  is not referencing a valid level actor
[2015.04.23-15.25.37:123][406]LogBlueprint:Error: [compiler] Error Couldn't find object for bound event node  OnActorEndOverlap (None) 
[2015.04.23-15.25.37:123][406]LogBlueprint:Error: [compiler] Error Couldn't find object for bound event node  OnActorBeginOverlap (None) 
[2015.04.23-15.25.37:206][406]LogBlueprint:Warning: [compiler] Warning [2505.80] Compile of FirstPersonExampleMap failed. 2 Fatal Issue(s) 1 Warning(s) [in 139 ms]
[2015.04.23-15.25.37:207][406]LogBlueprint:Warning: [compiler] Warning [2505.80] Compile of FirstPersonExampleMap failed. 2 Fatal Issue(s) 2 Warning(s) [in 0 ms]
[2015.04.23-15.25.37:207][406]LogBlueprint:Warning: [compiler] Warning [2505.80] Compile of FirstPersonExampleMap failed. 2 Fatal Issue(s) 3 Warning(s) [in 0 ms]
[2015.04.23-15.25.37:211][406]LogBlueprint:Warning: [compiler] Warning [2505.80] Compile of FirstPersonExampleMap failed. 2 Fatal Issue(s) 4 Warning(s) [in 3 ms]
[2015.04.23-15.25.37:211][406]LogBlueprint:Warning: [compiler] Warning [2505.80] Compile of FirstPersonExampleMap failed. 2 Fatal Issue(s) 5 Warning(s) [in 0 ms]
[2015.04.23-15.25.37:211][406]LogBlueprint:Warning: [compiler] Warning [2505.80] Compile of FirstPersonExampleMap failed. 2 Fatal Issue(s) 6 Warning(s) [in 0 ms]
[2015.04.23-15.25.38:954][406]LogSavePackage: Save=1890.851929ms
[2015.04.23-15.25.38:954][406]LogSavePackage: Moving '../../../../../../Users/Wouter/Documents/Unreal Projects/BlindPersonShooter/Saved/UEDPCFirstPersonExampleMap4ED0E84344294D7BEC8F2CBD49BC9716.tmp' to '../../../../../../Users/Wouter/Documents/Unreal Projects/BlindPersonShooter/Saved/Autosaves/Game/FirstPersonBP/Maps/UEDPCFirstPersonExampleMap.umap'
[2015.04.23-15.27.35:154][367]LogEditorViewport: Clicking on Actor (LMB): StaticMeshActor (Cube07)
[2015.04.23-15.28.33:315][200]LogContentBrowser:Verbose: The content browser source was changed by the sources view to '/Game/FirstPersonBP/Maps'
[2015.04.23-15.28.33:829][242]LogContentBrowser:Verbose: The content browser source was changed by the sources view to '/Game/FirstPersonBP/Meshes'
[2015.04.23-15.29.01:620][ 95]LogContentBrowser: Native class hierarchy updated for 'DestructibleMeshEditor' in 0.0061 seconds. Added 1 classes and 2 folders.
[2015.04.23-15.29.01:627][ 95]LogDestructible:Warning: MainMesh Tris: 108
[2015.04.23-15.29.01:641][ 95]LogApexDestructibleAssetImport:Warning: Using default materials for material slot
[2015.04.23-15.29.01:641][ 95]LogApexDestructibleAssetImport:Warning: Bones digested - 2  Depth of hierarchy - 2
[2015.04.23-15.29.01:681][ 95]LogSkeletalMesh: Chunk 0: 96 rigid vertices, 0 soft vertices, 1 active bones
[2015.04.23-15.29.01:684][ 95]LogSkeletalMesh: Section 0: Material=0, Chunk=0, 108 triangles
[2015.04.23-15.29.01:770][ 95]LogContentBrowser:Verbose: The content browser source was changed by the sources view to 'None'
[2015.04.23-15.29.01:770][ 95]LogContentBrowser:Verbose: The content browser source was changed by the sources view to '/Game/FirstPersonBP/Meshes'
[2015.04.23-15.29.03:181][198]LogRenderer:Warning: Reallocating scene render targets to support 1208x928 (Frame:77784).
[2015.04.23-15.29.28:810][114]LogDestructible:Warning: MainMesh Tris: 108
[2015.04.23-15.29.28:899][114]LogApexDestructibleAssetImport:Warning: Using default materials for material slot
[2015.04.23-15.29.28:900][114]LogApexDestructibleAssetImport:Warning: Bones digested - 27  Depth of hierarchy - 2
[2015.04.23-15.29.28:945][114]LogSkeletalMesh: Chunk 0: 624 rigid vertices, 0 soft vertices, 21 active bones
[2015.04.23-15.29.28:945][114]LogSkeletalMesh: Chunk 1: 1084 rigid vertices, 0 soft vertices, 25 active bones
[2015.04.23-15.29.28:948][114]LogSkeletalMesh: Section 0: Material=0, Chunk=0, 562 triangles
[2015.04.23-15.29.28:948][114]LogSkeletalMesh: Section 1: Material=1, Chunk=1, 672 triangles
[2015.04.23-15.29.32:625][516]LogSavePackage: Save=240.926926ms
[2015.04.23-15.29.32:625][516]LogSavePackage: Moving '../../../../../../Users/Wouter/Documents/Unreal Projects/BlindPersonShooter/Saved/FirstPersonCube_Rounded_DMFF91FBEF4B010A2D440DF4B0C7B33A95.tmp' to '../../../../../../Users/Wouter/Documents/Unreal Projects/BlindPersonShooter/Content/FirstPersonBP/Meshes/FirstPersonCube_Rounded_DM.uasset'
[2015.04.23-15.34.12:852][921]LogParticles: Destroying 0 GPU particle simulations for FXSystem 0x000000AD9A49D940
[2015.04.23-15.34.12:852][921]LogParticles: Destroying 0 GPU particle simulations for FXSystem 0x000000AD89608540
[2015.04.23-15.34.12:991][921]LogBlueprint:Warning: [compiler] Warning Node  Unknown  is not referencing a valid level actor
[2015.04.23-15.34.12:992][921]LogBlueprint:Error: [compiler] Error Couldn't find object for bound event node  OnActorEndOverlap (None) 
[2015.04.23-15.34.12:992][921]LogBlueprint:Error: [compiler] Error Couldn't find object for bound event node  OnActorBeginOverlap (None) 
[2015.04.23-15.34.13:073][921]LogBlueprint:Warning: [compiler] Warning [3021.66] Compile of FirstPersonExampleMap failed. 2 Fatal Issue(s) 1 Warning(s) [in 139 ms]
[2015.04.23-15.34.13:074][921]LogBlueprint:Warning: [compiler] Warning [3021.67] Compile of FirstPersonExampleMap failed. 2 Fatal Issue(s) 2 Warning(s) [in 0 ms]
[2015.04.23-15.34.13:074][921]LogBlueprint:Warning: [compiler] Warning [3021.67] Compile of FirstPersonExampleMap failed. 2 Fatal Issue(s) 3 Warning(s) [in 0 ms]
[2015.04.23-15.34.13:077][921]LogBlueprint:Warning: [compiler] Warning [3021.67] Compile of FirstPersonExampleMap failed. 2 Fatal Issue(s) 4 Warning(s) [in 2 ms]
[2015.04.23-15.34.13:077][921]LogBlueprint:Warning: [compiler] Warning [3021.67] Compile of FirstPersonExampleMap failed. 2 Fatal Issue(s) 5 Warning(s) [in 0 ms]
[2015.04.23-15.34.13:077][921]LogBlueprint:Warning: [compiler] Warning [3021.67] Compile of FirstPersonExampleMap failed. 2 Fatal Issue(s) 6 Warning(s) [in 0 ms]
[2015.04.23-15.34.14:827][921]LogSavePackage: Save=1895.398682ms
[2015.04.23-15.34.14:827][921]LogSavePackage: Moving '../../../../../../Users/Wouter/Documents/Unreal Projects/BlindPersonShooter/Saved/FirstPersonExampleMap_Auto3660BD689448AF7275FC82BAD5CD29299.tmp' to '../../../../../../Users/Wouter/Documents/Unreal Projects/BlindPersonShooter/Saved/Autosaves/Game/FirstPersonBP/Maps/FirstPersonExampleMap_Auto3.umap'
[2015.04.23-15.34.14:837][921]LogFileHelpers: Editor autosave (incl. sublevels) for '/Game/FirstPersonBP/Maps/FirstPersonExampleMap' took 2.001
[2015.04.23-15.34.14:837][921]LogFileHelpers: Editor autosave (incl. sublevels) for all levels took 2.001
[2015.04.23-15.43.56:802][135]BlueprintLog: New page: Pre-PIE auto-recompile
[2015.04.23-15.43.56:805][135]LogPlayLevel: [PIE] Compiling FirstPersonExampleMap before PIE...
[2015.04.23-15.43.56:863][135]LogBlueprint:Warning: [compiler] Warning Node  Unknown  is not referencing a valid level actor
[2015.04.23-15.43.56:864][135]LogBlueprint:Error: [compiler] Error Couldn't find object for bound event node  OnActorEndOverlap (None) 
[2015.04.23-15.43.56:864][135]LogBlueprint:Error: [compiler] Error Couldn't find object for bound event node  OnActorBeginOverlap (None) 
[2015.04.23-15.43.56:943][135]LogBlueprint:Warning: [compiler] Warning [3605.53] Compile of FirstPersonExampleMap failed. 2 Fatal Issue(s) 1 Warning(s) [in 135 ms]
[2015.04.23-15.43.56:945][135]LogBlueprint:Warning: [compiler] Warning [3605.54] Compile of FirstPersonExampleMap failed. 2 Fatal Issue(s) 2 Warning(s) [in 0 ms]
[2015.04.23-15.43.56:945][135]LogBlueprint:Warning: [compiler] Warning [3605.54] Compile of FirstPersonExampleMap failed. 2 Fatal Issue(s) 3 Warning(s) [in 0 ms]
[2015.04.23-15.43.56:947][135]LogBlueprint:Warning: [compiler] Warning [3605.54] Compile of FirstPersonExampleMap failed. 2 Fatal Issue(s) 4 Warning(s) [in 2 ms]
[2015.04.23-15.43.56:947][135]LogBlueprint:Warning: [compiler] Warning [3605.54] Compile of FirstPersonExampleMap failed. 2 Fatal Issue(s) 5 Warning(s) [in 0 ms]
[2015.04.23-15.43.56:947][135]LogBlueprint:Warning: [compiler] Warning [3605.54] Compile of FirstPersonExampleMap failed. 2 Fatal Issue(s) 6 Warning(s) [in 0 ms]
[2015.04.23-15.43.56:964][135]LogPlayLevel: PIE:  Blueprint regeneration took 162 ms (1 blueprints)
[2015.04.23-15.44.01:573][135]BlueprintLog: Info Blueprint FirstPersonExampleMap failed to compile
[2015.04.23-15.44.11:917][ 37]BlueprintLog: New page: Pre-PIE auto-recompile
[2015.04.23-15.44.11:922][ 37]LogPlayLevel: [PIE] Compiling FirstPersonExampleMap before PIE...
[2015.04.23-15.44.11:984][ 37]LogActorComponent: UnregisterComponent: (/Engine/Transient.CharMoveComp) Not registered. Aborting.
[2015.04.23-15.44.11:985][ 37]LogActorComponent: UnregisterComponent: (/Engine/Transient.ProjectileMovementComponent_40__A6522401) Not registered. Aborting.
[2015.04.23-15.44.12:001][ 37]LogPlayLevel: PIE:  Blueprint regeneration took 83 ms (1 blueprints)
[2015.04.23-15.44.14:001][ 37]PIE: New page: PIE session: FirstPersonExampleMap (Apr 23, 2015, 7:44:14 PM)
[2015.04.23-15.44.14:020][ 37]LogBlueprint:Warning: FMemberReference::ResolveMember (AddComponent) bSelfContext == true, but no scope supplied!
[2015.04.23-15.44.14:023][ 37]LogPlayLevel: PIE: StaticDuplicateObject took: (0.022232s)
[2015.04.23-15.44.14:025][ 37]LogPlayLevel: PIE: World Init took: (0.001305s)
[2015.04.23-15.44.14:025][ 37]LogPlayLevel: PIE: Created PIE world by copying editor world from /Game/FirstPersonBP/Maps/FirstPersonExampleMap.FirstPersonExampleMap to /Game/FirstPersonBP/Maps/UEDPIE_0_FirstPersonExampleMap.FirstPersonExampleMap (0.023770s)
[2015.04.23-15.44.14:060][ 37]LogWorld: Game class is 'FirstPersonGameMode_C'
[2015.04.23-15.44.14:062][ 37]LogAIModule: Creating AISystem for world FirstPersonExampleMap
[2015.04.23-15.44.14:090][ 37]LogWorld: Bringing World /Game/FirstPersonBP/Maps/UEDPIE_0_FirstPersonExampleMap.FirstPersonExampleMap up for play (max tick rate 0) at 2015.04.23-17.44.14
[2015.04.23-15.44.14:091][ 37]LogWorld: Bringing up level for play took: 0.028686
[2015.04.23-15.44.14:093][ 37]PIE: Info Play in editor start time for /Game/FirstPersonBP/Maps/UEDPIE_0_FirstPersonExampleMap 2.046
[2015.04.23-15.44.17:672][446]LogCrashTracker: 


[2015.04.23-15.44.32:070][446]LogCrashTracker: 


[2015.04.23-15.44.32:070][446]LogWindows: === Critical error: ===
Fatal error!

Unhandled Exception: EXCEPTION_ACCESS_VIOLATION reading address 0xffffffff

UE4Editor-Engine.dll!UDestructibleComponent::UpdateDestructibleChunkTM() (0x00007ffc6ccaf188) + 13 bytes [d:\buildfarm\buildmachine_++depot+ue4-releases+4.7\engine\source\runtime\engine\private\destructiblecomponent.cpp:872]
UE4Editor-Engine.dll!FPhysScene::SyncComponentsToBodies() (0x00007ffc6d7ec63e) + 28 bytes [d:\buildfarm\buildmachine_++depot+ue4-releases+4.7\engine\source\runtime\engine\private\physicsengine\physscene.cpp:791]
UE4Editor-Engine.dll!FPhysScene::EndFrame() (0x00007ffc6d7c7fbe) + 0 bytes [d:\buildfarm\buildmachine_++depot+ue4-releases+4.7\engine\source\runtime\engine\private\physicsengine\physscene.cpp:1008]
UE4Editor-Engine.dll!TBaseUObjectMethodDelegateInstance<0,UWorld,void __cdecl(void)>::ExecuteIfSafe() (0x00007ffc6d7c86b0) + 0 bytes [d:\buildfarm\buildmachine_++depot+ue4-releases+4.7\engine\source\runtime\core\public\delegates\delegateinstancesimpl_variadics.inl:772]
UE4Editor-Engine.dll!TGraphTask<FSimpleDelegateGraphTask>::ExecuteTask() (0x00007ffc6caf1bbe) + 0 bytes [d:\buildfarm\buildmachine_++depot+ue4-releases+4.7\engine\source\runtime\core\public\async\taskgraphinterfaces.h:671]
UE4Editor-Core.dll!FTaskThread::ProcessTasks() (0x00007ffc6f314fa5) + 0 bytes [d:\buildfarm\buildmachine_++depot+ue4-releases+4.7\engine\source\runtime\core\private\async\taskgraph.cpp:428]
UE4Editor-Core.dll!FTaskThread::ProcessTasksUntilQuit() (0x00007ffc6f31518d) + 0 bytes [d:\buildfarm\buildmachine_++depot+ue4-releases+4.7\engine\source\runtime\core\private\async\taskgraph.cpp:271]
UE4Editor-Core.dll!FTaskGraphImplementation::WaitUntilTasksComplete() (0x00007ffc6f3364ff) + 0 bytes [d:\buildfarm\buildmachine_++depot+ue4-releases+4.7\engine\source\runtime\core\private\async\taskgraph.cpp:984]
UE4Editor-Engine.dll!FTickTaskSequencer::ReleaseTickGroup() (0x00007ffc6d2d79b5) + 0 bytes [d:\buildfarm\buildmachine_++depot+ue4-releases+4.7\engine\source\runtime\engine\private\ticktaskmanager.cpp:204]
UE4Editor-Engine.dll!FTickTaskManager::RunTickGroup() (0x00007ffc6d2da53e) + 0 bytes [d:\buildfarm\buildmachine_++depot+ue4-releases+4.7\engine\source\runtime\engine\private\ticktaskmanager.cpp:722]
UE4Editor-Engine.dll!UWorld::RunTickGroup() (0x00007ffc6cf34566) + 0 bytes [d:\buildfarm\buildmachine_++depot+ue4-releases+4.7\engine\source\runtime\engine\private\leveltick.cpp:696]
UE4Editor-Engine.dll!UWorld::Tick() (0x00007ffc6cf3b5da) + 0 bytes [d:\buildfarm\buildmachine_++depot+ue4-releases+4.7\engine\source\runtime\engine\private\leveltick.cpp:1121]
UE4Editor-UnrealEd.dll!UEditorEngine::Tick() (0x00007ffc6b12e502) + 0 bytes [d:\buildfarm\buildmachine_++depot+ue4-releases+4.7\engine\source\editor\unrealed\private\editor.cpp:1329]
UE4Editor-UnrealEd.dll!UUnrealEdEngine::Tick() (0x00007ffc6b5e8306) + 0 bytes [d:\buildfarm\buildmachine_++depot+ue4-releases+4.7\engine\source\editor\unrealed\private\unrealedengine.cpp:347]
UE4Editor.exe!FEngineLoop::Tick() (0x00007ff6632c0263) + 0 bytes [d:\buildfarm\buildmachine_++depot+ue4-releases+4.7\engine\source\runtime\launch\private\launchengineloop.cpp:2257]
UE4Editor.exe!GuardedMain() (0x00007ff6632b267c) + 0 bytes [d:\buildfarm\buildmachine_++depot+ue4-releases+4.7\engine\source\runtime\launch\private\launch.cpp:142]
UE4Editor.exe!GuardedMainWrapper() (0x00007ff6632b26ea) + 5 bytes [d:\buildfarm\buildmachine_++depot+ue4-releases+4.7\engine\source\runtime\launch\private\windows\launchwindows.cpp:126]
UE4Editor.exe!WinMain() (0x00007ff6632c2219) + 17 bytes [d:\buildfarm\buildmachine_++depot+ue4-releases+4.7\engine\source\runtime\launch\private\windows\launchwindows.cpp:202]
UE4Editor.exe!__tmainCRTStartup() (0x00007ff6632c3159) + 21 bytes [f:\dd\vctools\crt\crtw32\dllstuff\crtexe.c:618]
KERNEL32.DLL!UnknownFunction (0x00007ffc9dc213d2) + 0 bytes [UnknownFile:0]
ntdll.dll!UnknownFunction (0x00007ffc9f3e5444) + 0 bytes [UnknownFile:0]
ntdll.dll!UnknownFunction (0x00007ffc9f3e5444) + 0 bytes [UnknownFile:0]


[2015.04.23-15.44.32:164][446]LogExit: Executing StaticShutdownAfterError
[2015.04.23-15.44.32:171][446]LogPhysics:Warning: PHYSX:  (1087) 8 : PxScene::lockWrite() detected after a PxScene::lockRead(), lock upgrading is not supported, behaviour will be undefined.
[2015.04.23-15.44.32:171][446]LogPhysics:Warning: PHYSX: ..\..\PhysX\src\NpScene.cpp (2942) 8 : PxScene::unlockWrite() called without matching call to PxScene::lockWrite(), behaviour will be undefined.
[2015.04.23-15.44.32:171][446]LogPhysics:Warning: PHYSX: ..\..\PhysX\src\NpScene.cpp (2920) 8 : PxScene::lockWrite() detected after a PxScene::lockRead(), lock upgrading is not supported, behaviour will be undefined.
[2015.04.23-15.44.32:171][446]LogPhysics:Warning: PHYSX: ..\..\PhysX\src\NpScene.cpp (2942) 8 : PxScene::unlockWrite() called without matching call to PxScene::lockWrite(), behaviour will be undefined.
[2015.04.23-15.44.32:172][446]LogPhysics:Warning: PHYSX: ..\..\PhysX\src\NpScene.cpp (2920) 8 : PxScene::lockWrite() detected after a PxScene::lockRead(), lock upgrading is not supported, behaviour will be undefined.
[2015.04.23-15.44.32:172][446]LogPhysics:Warning: PHYSX: ..\..\PhysX\src\NpScene.cpp (2942) 8 : PxScene::unlockWrite() called without matching call to PxScene::lockWrite(), behaviour will be undefined.
[2015.04.23-15.44.32:179][446]LogWindows: FPlatformMisc::RequestExit(1)
[2015.04.23-15.44.32:179][446]Log file closed, 04/23/15 17:44:32
